#
# There is insufficient memory for the Java Runtime Environment to continue.
# Native memory allocation (malloc) failed to allocate 1080832 bytes for Chunk::new
# Possible reasons:
#   The system is out of physical RAM or swap space
#   The process is running with CompressedOops enabled, and the Java Heap may be blocking the growth of the native heap
# Possible solutions:
#   Reduce memory load on the system
#   Increase physical memory or swap space
#   Check if swap backing store is full
#   Decrease Java heap size (-Xmx/-Xms)
#   Decrease number of Java threads
#   Decrease Java thread stack sizes (-Xss)
#   Set larger code cache with -XX:ReservedCodeCacheSize=
#   JVM is running with Zero Based Compressed Oops mode in which the Java heap is
#     placed in the first 32GB address space. The Java Heap base address is the
#     maximum limit for the native heap growth. Please use -XX:HeapBaseMinAddress
#     to set the Java Heap base and to place the Java Heap above 32GB virtual address.
# This output file may be truncated or incomplete.
#
#  Out of Memory Error (arena.cpp:168), pid=17124, tid=18656
#
# JRE version: Java(TM) SE Runtime Environment (21.0.6+8) (build 21.0.6+8-LTS-188)
# Java VM: Java HotSpot(TM) 64-Bit Server VM (21.0.6+8-LTS-188, mixed mode, sharing, tiered, compressed oops, compressed class ptrs, g1 gc, windows-amd64)
# No core dump will be written. Minidumps are not enabled by default on client versions of Windows
#

---------------  S U M M A R Y ------------

Command Line: -javaagent:C:\Users\pc\AppData\Local\JetBrains\IntelliJ IDEA Community Edition 2024.1.3\lib\idea_rt.jar=60739:C:\Users\pc\AppData\Local\JetBrains\IntelliJ IDEA Community Edition 2024.1.3\bin -Dfile.encoding=UTF-8 com.blogwebsite.blog.ServiceBlogApplication

Host: Intel(R) Core(TM) i7-8650U CPU @ 1.90GHz, 8 cores, 15G,  Windows 11 , 64 bit Build 26100 (10.0.26100.3323)
Time: Wed Mar 26 21:37:51 2025 India Standard Time elapsed time: 6.049209 seconds (0d 0h 0m 6s)

---------------  T H R E A D  ---------------

Current thread (0x0000021db14b7d00):  JavaThread "C2 CompilerThread1" daemon [_thread_in_native, id=18656, stack(0x00000051c7b00000,0x00000051c7c00000) (1024K)]


Current CompileTask:
C2:   6049 1851       4       org.springframework.boot.context.properties.source.ConfigurationPropertyName$ElementsParser::parse (234 bytes)

Stack: [0x00000051c7b00000,0x00000051c7c00000]
Native frames: (J=compiled Java code, j=interpreted, Vv=VM code, C=native code)
V  [jvm.dll+0x6ca6d9]
V  [jvm.dll+0x854f51]
V  [jvm.dll+0x85747e]
V  [jvm.dll+0x857b53]
V  [jvm.dll+0x27dcc6]
V  [jvm.dll+0xc4c2d]
V  [jvm.dll+0xc5163]
V  [jvm.dll+0x3b515c]
V  [jvm.dll+0x381855]
V  [jvm.dll+0x380cca]
V  [jvm.dll+0x246920]
V  [jvm.dll+0x245eff]
V  [jvm.dll+0x1c6d2e]
V  [jvm.dll+0x2554f9]
V  [jvm.dll+0x253a8a]
V  [jvm.dll+0x3ee576]
V  [jvm.dll+0x7ff2fb]
V  [jvm.dll+0x6c8dbd]
C  [ucrtbase.dll+0x37b0]
C  [KERNEL32.DLL+0x2e8d7]
C  [ntdll.dll+0xbbf6c]


---------------  P R O C E S S  ---------------

Threads class SMR info:
_java_thread_list=0x0000021df78b08e0, length=16, elements={
0x0000021d9004e790, 0x0000021db1492370, 0x0000021db1495080, 0x0000021db1499830,
0x0000021db149d5c0, 0x0000021db149a8e0, 0x0000021db149e020, 0x0000021db14ad520,
0x0000021db14b61c0, 0x0000021db16eda10, 0x0000021db19de160, 0x0000021df7173680,
0x0000021df745ce60, 0x0000021df76210e0, 0x0000021db14b7d00, 0x0000021df80220a0
}

Java Threads: ( => current thread )
  0x0000021d9004e790 JavaThread "main"                              [_thread_blocked, id=19064, stack(0x00000051c5f00000,0x00000051c6000000) (1024K)]
  0x0000021db1492370 JavaThread "Reference Handler"          daemon [_thread_blocked, id=17784, stack(0x00000051c6700000,0x00000051c6800000) (1024K)]
  0x0000021db1495080 JavaThread "Finalizer"                  daemon [_thread_blocked, id=16436, stack(0x00000051c6800000,0x00000051c6900000) (1024K)]
  0x0000021db1499830 JavaThread "Signal Dispatcher"          daemon [_thread_blocked, id=16328, stack(0x00000051c6900000,0x00000051c6a00000) (1024K)]
  0x0000021db149d5c0 JavaThread "Attach Listener"            daemon [_thread_blocked, id=17016, stack(0x00000051c6a00000,0x00000051c6b00000) (1024K)]
  0x0000021db149a8e0 JavaThread "Service Thread"             daemon [_thread_blocked, id=1432, stack(0x00000051c6b00000,0x00000051c6c00000) (1024K)]
  0x0000021db149e020 JavaThread "Monitor Deflation Thread"   daemon [_thread_blocked, id=19644, stack(0x00000051c6c00000,0x00000051c6d00000) (1024K)]
  0x0000021db14ad520 JavaThread "C2 CompilerThread0"         daemon [_thread_blocked, id=17684, stack(0x00000051c6d00000,0x00000051c6e00000) (1024K)]
  0x0000021db14b61c0 JavaThread "C1 CompilerThread0"         daemon [_thread_in_vm, id=20960, stack(0x00000051c6e00000,0x00000051c6f00000) (1024K)]
  0x0000021db16eda10 JavaThread "Common-Cleaner"             daemon [_thread_blocked, id=4960, stack(0x00000051c6f00000,0x00000051c7000000) (1024K)]
  0x0000021db19de160 JavaThread "Monitor Ctrl-Break"         daemon [_thread_in_native, id=13672, stack(0x00000051c7100000,0x00000051c7200000) (1024K)]
  0x0000021df7173680 JavaThread "Notification Thread"        daemon [_thread_blocked, id=18012, stack(0x00000051c7200000,0x00000051c7300000) (1024K)]
  0x0000021df745ce60 JavaThread "Thread-0"                          [_thread_blocked, id=19560, stack(0x00000051c7900000,0x00000051c7a00000) (1024K)]
  0x0000021df76210e0 JavaThread "restartedMain"                     [_thread_in_native, id=19120, stack(0x00000051c7a00000,0x00000051c7b00000) (1024K)]
=>0x0000021db14b7d00 JavaThread "C2 CompilerThread1"         daemon [_thread_in_native, id=18656, stack(0x00000051c7b00000,0x00000051c7c00000) (1024K)]
  0x0000021df80220a0 JavaThread "spring.cloud.inetutils"     daemon [_thread_in_native, id=14420, stack(0x00000051c7c00000,0x00000051c7d00000) (1024K)]
Total: 16

Other Threads:
  0x0000021db1473b50 VMThread "VM Thread"                           [id=8916, stack(0x00000051c6600000,0x00000051c6700000) (1024K)]
  0x0000021db145e970 WatcherThread "VM Periodic Task Thread"        [id=21096, stack(0x00000051c6500000,0x00000051c6600000) (1024K)]
  0x0000021d9239aae0 WorkerThread "GC Thread#0"                     [id=18956, stack(0x00000051c6000000,0x00000051c6100000) (1024K)]
  0x0000021df74769b0 WorkerThread "GC Thread#1"                     [id=18484, stack(0x00000051c7300000,0x00000051c7400000) (1024K)]
  0x0000021df7476d50 WorkerThread "GC Thread#2"                     [id=4500, stack(0x00000051c7400000,0x00000051c7500000) (1024K)]
  0x0000021df74a15b0 WorkerThread "GC Thread#3"                     [id=16720, stack(0x00000051c7500000,0x00000051c7600000) (1024K)]
  0x0000021df740f580 WorkerThread "GC Thread#4"                     [id=16396, stack(0x00000051c7600000,0x00000051c7700000) (1024K)]
  0x0000021df732a570 WorkerThread "GC Thread#5"                     [id=14500, stack(0x00000051c7700000,0x00000051c7800000) (1024K)]
  0x0000021df761e890 WorkerThread "GC Thread#6"                     [id=18092, stack(0x00000051c7000000,0x00000051c7100000) (1024K)]
  0x0000021df7cbd670 WorkerThread "GC Thread#7"                     [id=21292, stack(0x00000051c7800000,0x00000051c7900000) (1024K)]
  0x0000021d923ac620 ConcurrentGCThread "G1 Main Marker"            [id=16464, stack(0x00000051c6100000,0x00000051c6200000) (1024K)]
  0x0000021d923adfe0 WorkerThread "G1 Conc#0"                       [id=18476, stack(0x00000051c6200000,0x00000051c6300000) (1024K)]
  0x0000021db132b1f0 ConcurrentGCThread "G1 Refine#0"               [id=17512, stack(0x00000051c6300000,0x00000051c6400000) (1024K)]
  0x0000021db132ba10 ConcurrentGCThread "G1 Service"                [id=11700, stack(0x00000051c6400000,0x00000051c6500000) (1024K)]
Total: 14

Threads with active compile tasks:
C1 CompilerThread0     6120 1989       3       org.springframework.boot.env.SystemEnvironmentPropertySourceEnvironmentPostProcessor$OriginAwareSystemEnvironmentPropertySource::getProperty (6 bytes)
C2 CompilerThread1     6120 1851       4       org.springframework.boot.context.properties.source.ConfigurationPropertyName$ElementsParser::parse (234 bytes)
Total: 2

VM state: not at safepoint (normal execution)

VM Mutex/Monitor currently owned by a thread: None

Heap address: 0x0000000702200000, size: 4062 MB, Compressed Oops mode: Zero based, Oop shift amount: 3

CDS archive(s) mapped at: [0x0000021db2000000-0x0000021db2c90000-0x0000021db2c90000), size 13172736, SharedBaseAddress: 0x0000021db2000000, ArchiveRelocationMode: 1.
Compressed class space mapped at: 0x0000021db3000000-0x0000021df3000000, reserved size: 1073741824
Narrow klass base: 0x0000021db2000000, Narrow klass shift: 0, Narrow klass range: 0x100000000

GC Precious Log:
 CardTable entry size: 512
 Card Set container configuration: InlinePtr #cards 4 size 8 Array Of Cards #cards 16 size 48 Howl #buckets 8 coarsen threshold 3686 Howl Bitmap #cards 512 size 80 coarsen threshold 460 Card regions per heap region 1 cards per card region 4096
 CPUs: 8 total, 8 available
 Memory: 16242M
 Large Page Support: Disabled
 NUMA Support: Disabled
 Compressed Oops: Enabled (Zero based)
 Heap Region Size: 2M
 Heap Min Capacity: 8M
 Heap Initial Capacity: 254M
 Heap Max Capacity: 4062M
 Pre-touch: Disabled
 Parallel Workers: 8
 Concurrent Workers: 2
 Concurrent Refinement Workers: 8
 Periodic GC: Disabled

Heap:
 garbage-first heap   total 260096K, used 34816K [0x0000000702200000, 0x0000000800000000)
  region size 2048K, 13 young (26624K), 2 survivors (4096K)
 Metaspace       used 10990K, committed 11264K, reserved 1114112K
  class space    used 1249K, committed 1344K, reserved 1048576K

Heap Regions: E=young(eden), S=young(survivor), O=old, HS=humongous(starts), HC=humongous(continues), CS=collection set, F=free, TAMS=top-at-mark-start, PB=parsable bottom
|   0|0x0000000702200000, 0x0000000702400000, 0x0000000702400000|100%| O|  |TAMS 0x0000000702200000| PB 0x0000000702200000| Untracked 
|   1|0x0000000702400000, 0x0000000702600000, 0x0000000702600000|100%| O|  |TAMS 0x0000000702400000| PB 0x0000000702400000| Untracked 
|   2|0x0000000702600000, 0x0000000702800000, 0x0000000702800000|100%| O|  |TAMS 0x0000000702600000| PB 0x0000000702600000| Untracked 
|   3|0x0000000702800000, 0x0000000702a00000, 0x0000000702a00000|100%| O|  |TAMS 0x0000000702800000| PB 0x0000000702800000| Untracked 
|   4|0x0000000702a00000, 0x0000000702c00000, 0x0000000702c00000|100%| O|  |TAMS 0x0000000702a00000| PB 0x0000000702a00000| Untracked 
|   5|0x0000000702c00000, 0x0000000702c00000, 0x0000000702e00000|  0%| F|  |TAMS 0x0000000702c00000| PB 0x0000000702c00000| Untracked 
|   6|0x0000000702e00000, 0x0000000702e00000, 0x0000000703000000|  0%| F|  |TAMS 0x0000000702e00000| PB 0x0000000702e00000| Untracked 
|   7|0x0000000703000000, 0x0000000703000000, 0x0000000703200000|  0%| F|  |TAMS 0x0000000703000000| PB 0x0000000703000000| Untracked 
|   8|0x0000000703200000, 0x0000000703200000, 0x0000000703400000|  0%| F|  |TAMS 0x0000000703200000| PB 0x0000000703200000| Untracked 
|   9|0x0000000703400000, 0x0000000703400000, 0x0000000703600000|  0%| F|  |TAMS 0x0000000703400000| PB 0x0000000703400000| Untracked 
|  10|0x0000000703600000, 0x0000000703600000, 0x0000000703800000|  0%| F|  |TAMS 0x0000000703600000| PB 0x0000000703600000| Untracked 
|  11|0x0000000703800000, 0x0000000703800000, 0x0000000703a00000|  0%| F|  |TAMS 0x0000000703800000| PB 0x0000000703800000| Untracked 
|  12|0x0000000703a00000, 0x0000000703a00000, 0x0000000703c00000|  0%| F|  |TAMS 0x0000000703a00000| PB 0x0000000703a00000| Untracked 
|  13|0x0000000703c00000, 0x0000000703c00000, 0x0000000703e00000|  0%| F|  |TAMS 0x0000000703c00000| PB 0x0000000703c00000| Untracked 
|  14|0x0000000703e00000, 0x0000000703e00000, 0x0000000704000000|  0%| F|  |TAMS 0x0000000703e00000| PB 0x0000000703e00000| Untracked 
|  15|0x0000000704000000, 0x0000000704000000, 0x0000000704200000|  0%| F|  |TAMS 0x0000000704000000| PB 0x0000000704000000| Untracked 
|  16|0x0000000704200000, 0x0000000704200000, 0x0000000704400000|  0%| F|  |TAMS 0x0000000704200000| PB 0x0000000704200000| Untracked 
|  17|0x0000000704400000, 0x0000000704400000, 0x0000000704600000|  0%| F|  |TAMS 0x0000000704400000| PB 0x0000000704400000| Untracked 
|  18|0x0000000704600000, 0x0000000704600000, 0x0000000704800000|  0%| F|  |TAMS 0x0000000704600000| PB 0x0000000704600000| Untracked 
|  19|0x0000000704800000, 0x0000000704800000, 0x0000000704a00000|  0%| F|  |TAMS 0x0000000704800000| PB 0x0000000704800000| Untracked 
|  20|0x0000000704a00000, 0x0000000704a00000, 0x0000000704c00000|  0%| F|  |TAMS 0x0000000704a00000| PB 0x0000000704a00000| Untracked 
|  21|0x0000000704c00000, 0x0000000704c00000, 0x0000000704e00000|  0%| F|  |TAMS 0x0000000704c00000| PB 0x0000000704c00000| Untracked 
|  22|0x0000000704e00000, 0x0000000704e00000, 0x0000000705000000|  0%| F|  |TAMS 0x0000000704e00000| PB 0x0000000704e00000| Untracked 
|  23|0x0000000705000000, 0x0000000705000000, 0x0000000705200000|  0%| F|  |TAMS 0x0000000705000000| PB 0x0000000705000000| Untracked 
|  24|0x0000000705200000, 0x0000000705200000, 0x0000000705400000|  0%| F|  |TAMS 0x0000000705200000| PB 0x0000000705200000| Untracked 
|  25|0x0000000705400000, 0x0000000705400000, 0x0000000705600000|  0%| F|  |TAMS 0x0000000705400000| PB 0x0000000705400000| Untracked 
|  26|0x0000000705600000, 0x0000000705600000, 0x0000000705800000|  0%| F|  |TAMS 0x0000000705600000| PB 0x0000000705600000| Untracked 
|  27|0x0000000705800000, 0x0000000705800000, 0x0000000705a00000|  0%| F|  |TAMS 0x0000000705800000| PB 0x0000000705800000| Untracked 
|  28|0x0000000705a00000, 0x0000000705a00000, 0x0000000705c00000|  0%| F|  |TAMS 0x0000000705a00000| PB 0x0000000705a00000| Untracked 
|  29|0x0000000705c00000, 0x0000000705c00000, 0x0000000705e00000|  0%| F|  |TAMS 0x0000000705c00000| PB 0x0000000705c00000| Untracked 
|  30|0x0000000705e00000, 0x0000000705e00000, 0x0000000706000000|  0%| F|  |TAMS 0x0000000705e00000| PB 0x0000000705e00000| Untracked 
|  31|0x0000000706000000, 0x0000000706000000, 0x0000000706200000|  0%| F|  |TAMS 0x0000000706000000| PB 0x0000000706000000| Untracked 
|  32|0x0000000706200000, 0x0000000706200000, 0x0000000706400000|  0%| F|  |TAMS 0x0000000706200000| PB 0x0000000706200000| Untracked 
|  33|0x0000000706400000, 0x0000000706400000, 0x0000000706600000|  0%| F|  |TAMS 0x0000000706400000| PB 0x0000000706400000| Untracked 
|  34|0x0000000706600000, 0x0000000706600000, 0x0000000706800000|  0%| F|  |TAMS 0x0000000706600000| PB 0x0000000706600000| Untracked 
|  35|0x0000000706800000, 0x0000000706800000, 0x0000000706a00000|  0%| F|  |TAMS 0x0000000706800000| PB 0x0000000706800000| Untracked 
|  36|0x0000000706a00000, 0x0000000706a00000, 0x0000000706c00000|  0%| F|  |TAMS 0x0000000706a00000| PB 0x0000000706a00000| Untracked 
|  37|0x0000000706c00000, 0x0000000706c00000, 0x0000000706e00000|  0%| F|  |TAMS 0x0000000706c00000| PB 0x0000000706c00000| Untracked 
|  38|0x0000000706e00000, 0x0000000706e00000, 0x0000000707000000|  0%| F|  |TAMS 0x0000000706e00000| PB 0x0000000706e00000| Untracked 
|  39|0x0000000707000000, 0x0000000707000000, 0x0000000707200000|  0%| F|  |TAMS 0x0000000707000000| PB 0x0000000707000000| Untracked 
|  40|0x0000000707200000, 0x0000000707200000, 0x0000000707400000|  0%| F|  |TAMS 0x0000000707200000| PB 0x0000000707200000| Untracked 
|  41|0x0000000707400000, 0x0000000707400000, 0x0000000707600000|  0%| F|  |TAMS 0x0000000707400000| PB 0x0000000707400000| Untracked 
|  42|0x0000000707600000, 0x0000000707600000, 0x0000000707800000|  0%| F|  |TAMS 0x0000000707600000| PB 0x0000000707600000| Untracked 
|  43|0x0000000707800000, 0x0000000707800000, 0x0000000707a00000|  0%| F|  |TAMS 0x0000000707800000| PB 0x0000000707800000| Untracked 
|  44|0x0000000707a00000, 0x0000000707a00000, 0x0000000707c00000|  0%| F|  |TAMS 0x0000000707a00000| PB 0x0000000707a00000| Untracked 
|  45|0x0000000707c00000, 0x0000000707c00000, 0x0000000707e00000|  0%| F|  |TAMS 0x0000000707c00000| PB 0x0000000707c00000| Untracked 
|  46|0x0000000707e00000, 0x0000000707e00000, 0x0000000708000000|  0%| F|  |TAMS 0x0000000707e00000| PB 0x0000000707e00000| Untracked 
|  47|0x0000000708000000, 0x0000000708000000, 0x0000000708200000|  0%| F|  |TAMS 0x0000000708000000| PB 0x0000000708000000| Untracked 
|  48|0x0000000708200000, 0x0000000708200000, 0x0000000708400000|  0%| F|  |TAMS 0x0000000708200000| PB 0x0000000708200000| Untracked 
|  49|0x0000000708400000, 0x0000000708400000, 0x0000000708600000|  0%| F|  |TAMS 0x0000000708400000| PB 0x0000000708400000| Untracked 
|  50|0x0000000708600000, 0x0000000708600000, 0x0000000708800000|  0%| F|  |TAMS 0x0000000708600000| PB 0x0000000708600000| Untracked 
|  51|0x0000000708800000, 0x0000000708800000, 0x0000000708a00000|  0%| F|  |TAMS 0x0000000708800000| PB 0x0000000708800000| Untracked 
|  52|0x0000000708a00000, 0x0000000708a00000, 0x0000000708c00000|  0%| F|  |TAMS 0x0000000708a00000| PB 0x0000000708a00000| Untracked 
|  53|0x0000000708c00000, 0x0000000708c00000, 0x0000000708e00000|  0%| F|  |TAMS 0x0000000708c00000| PB 0x0000000708c00000| Untracked 
|  54|0x0000000708e00000, 0x0000000708e00000, 0x0000000709000000|  0%| F|  |TAMS 0x0000000708e00000| PB 0x0000000708e00000| Untracked 
|  55|0x0000000709000000, 0x0000000709000000, 0x0000000709200000|  0%| F|  |TAMS 0x0000000709000000| PB 0x0000000709000000| Untracked 
|  56|0x0000000709200000, 0x0000000709200000, 0x0000000709400000|  0%| F|  |TAMS 0x0000000709200000| PB 0x0000000709200000| Untracked 
|  57|0x0000000709400000, 0x0000000709400000, 0x0000000709600000|  0%| F|  |TAMS 0x0000000709400000| PB 0x0000000709400000| Untracked 
|  58|0x0000000709600000, 0x0000000709600000, 0x0000000709800000|  0%| F|  |TAMS 0x0000000709600000| PB 0x0000000709600000| Untracked 
|  59|0x0000000709800000, 0x0000000709800000, 0x0000000709a00000|  0%| F|  |TAMS 0x0000000709800000| PB 0x0000000709800000| Untracked 
|  60|0x0000000709a00000, 0x0000000709a00000, 0x0000000709c00000|  0%| F|  |TAMS 0x0000000709a00000| PB 0x0000000709a00000| Untracked 
|  61|0x0000000709c00000, 0x0000000709c00000, 0x0000000709e00000|  0%| F|  |TAMS 0x0000000709c00000| PB 0x0000000709c00000| Untracked 
|  62|0x0000000709e00000, 0x0000000709e00000, 0x000000070a000000|  0%| F|  |TAMS 0x0000000709e00000| PB 0x0000000709e00000| Untracked 
|  63|0x000000070a000000, 0x000000070a000000, 0x000000070a200000|  0%| F|  |TAMS 0x000000070a000000| PB 0x000000070a000000| Untracked 
|  64|0x000000070a200000, 0x000000070a200000, 0x000000070a400000|  0%| F|  |TAMS 0x000000070a200000| PB 0x000000070a200000| Untracked 
|  65|0x000000070a400000, 0x000000070a400000, 0x000000070a600000|  0%| F|  |TAMS 0x000000070a400000| PB 0x000000070a400000| Untracked 
|  66|0x000000070a600000, 0x000000070a600000, 0x000000070a800000|  0%| F|  |TAMS 0x000000070a600000| PB 0x000000070a600000| Untracked 
|  67|0x000000070a800000, 0x000000070a800000, 0x000000070aa00000|  0%| F|  |TAMS 0x000000070a800000| PB 0x000000070a800000| Untracked 
|  68|0x000000070aa00000, 0x000000070aa00000, 0x000000070ac00000|  0%| F|  |TAMS 0x000000070aa00000| PB 0x000000070aa00000| Untracked 
|  69|0x000000070ac00000, 0x000000070ac00000, 0x000000070ae00000|  0%| F|  |TAMS 0x000000070ac00000| PB 0x000000070ac00000| Untracked 
|  70|0x000000070ae00000, 0x000000070ae00000, 0x000000070b000000|  0%| F|  |TAMS 0x000000070ae00000| PB 0x000000070ae00000| Untracked 
|  71|0x000000070b000000, 0x000000070b000000, 0x000000070b200000|  0%| F|  |TAMS 0x000000070b000000| PB 0x000000070b000000| Untracked 
|  72|0x000000070b200000, 0x000000070b200000, 0x000000070b400000|  0%| F|  |TAMS 0x000000070b200000| PB 0x000000070b200000| Untracked 
|  73|0x000000070b400000, 0x000000070b400000, 0x000000070b600000|  0%| F|  |TAMS 0x000000070b400000| PB 0x000000070b400000| Untracked 
|  74|0x000000070b600000, 0x000000070b600000, 0x000000070b800000|  0%| F|  |TAMS 0x000000070b600000| PB 0x000000070b600000| Untracked 
|  75|0x000000070b800000, 0x000000070b800000, 0x000000070ba00000|  0%| F|  |TAMS 0x000000070b800000| PB 0x000000070b800000| Untracked 
|  76|0x000000070ba00000, 0x000000070ba00000, 0x000000070bc00000|  0%| F|  |TAMS 0x000000070ba00000| PB 0x000000070ba00000| Untracked 
|  77|0x000000070bc00000, 0x000000070bc00000, 0x000000070be00000|  0%| F|  |TAMS 0x000000070bc00000| PB 0x000000070bc00000| Untracked 
|  78|0x000000070be00000, 0x000000070be00000, 0x000000070c000000|  0%| F|  |TAMS 0x000000070be00000| PB 0x000000070be00000| Untracked 
|  79|0x000000070c000000, 0x000000070c000000, 0x000000070c200000|  0%| F|  |TAMS 0x000000070c000000| PB 0x000000070c000000| Untracked 
|  80|0x000000070c200000, 0x000000070c200000, 0x000000070c400000|  0%| F|  |TAMS 0x000000070c200000| PB 0x000000070c200000| Untracked 
|  81|0x000000070c400000, 0x000000070c400000, 0x000000070c600000|  0%| F|  |TAMS 0x000000070c400000| PB 0x000000070c400000| Untracked 
|  82|0x000000070c600000, 0x000000070c600000, 0x000000070c800000|  0%| F|  |TAMS 0x000000070c600000| PB 0x000000070c600000| Untracked 
|  83|0x000000070c800000, 0x000000070c800000, 0x000000070ca00000|  0%| F|  |TAMS 0x000000070c800000| PB 0x000000070c800000| Untracked 
|  84|0x000000070ca00000, 0x000000070ca00000, 0x000000070cc00000|  0%| F|  |TAMS 0x000000070ca00000| PB 0x000000070ca00000| Untracked 
|  85|0x000000070cc00000, 0x000000070cc00000, 0x000000070ce00000|  0%| F|  |TAMS 0x000000070cc00000| PB 0x000000070cc00000| Untracked 
|  86|0x000000070ce00000, 0x000000070ce00000, 0x000000070d000000|  0%| F|  |TAMS 0x000000070ce00000| PB 0x000000070ce00000| Untracked 
|  87|0x000000070d000000, 0x000000070d000000, 0x000000070d200000|  0%| F|  |TAMS 0x000000070d000000| PB 0x000000070d000000| Untracked 
|  88|0x000000070d200000, 0x000000070d200000, 0x000000070d400000|  0%| F|  |TAMS 0x000000070d200000| PB 0x000000070d200000| Untracked 
|  89|0x000000070d400000, 0x000000070d400000, 0x000000070d600000|  0%| F|  |TAMS 0x000000070d400000| PB 0x000000070d400000| Untracked 
|  90|0x000000070d600000, 0x000000070d600000, 0x000000070d800000|  0%| F|  |TAMS 0x000000070d600000| PB 0x000000070d600000| Untracked 
|  91|0x000000070d800000, 0x000000070d800000, 0x000000070da00000|  0%| F|  |TAMS 0x000000070d800000| PB 0x000000070d800000| Untracked 
|  92|0x000000070da00000, 0x000000070da00000, 0x000000070dc00000|  0%| F|  |TAMS 0x000000070da00000| PB 0x000000070da00000| Untracked 
|  93|0x000000070dc00000, 0x000000070dc00000, 0x000000070de00000|  0%| F|  |TAMS 0x000000070dc00000| PB 0x000000070dc00000| Untracked 
|  94|0x000000070de00000, 0x000000070de00000, 0x000000070e000000|  0%| F|  |TAMS 0x000000070de00000| PB 0x000000070de00000| Untracked 
|  95|0x000000070e000000, 0x000000070e000000, 0x000000070e200000|  0%| F|  |TAMS 0x000000070e000000| PB 0x000000070e000000| Untracked 
|  96|0x000000070e200000, 0x000000070e200000, 0x000000070e400000|  0%| F|  |TAMS 0x000000070e200000| PB 0x000000070e200000| Untracked 
|  97|0x000000070e400000, 0x000000070e400000, 0x000000070e600000|  0%| F|  |TAMS 0x000000070e400000| PB 0x000000070e400000| Untracked 
|  98|0x000000070e600000, 0x000000070e600000, 0x000000070e800000|  0%| F|  |TAMS 0x000000070e600000| PB 0x000000070e600000| Untracked 
|  99|0x000000070e800000, 0x000000070e800000, 0x000000070ea00000|  0%| F|  |TAMS 0x000000070e800000| PB 0x000000070e800000| Untracked 
| 100|0x000000070ea00000, 0x000000070ea00000, 0x000000070ec00000|  0%| F|  |TAMS 0x000000070ea00000| PB 0x000000070ea00000| Untracked 
| 101|0x000000070ec00000, 0x000000070ec00000, 0x000000070ee00000|  0%| F|  |TAMS 0x000000070ec00000| PB 0x000000070ec00000| Untracked 
| 102|0x000000070ee00000, 0x000000070ee00000, 0x000000070f000000|  0%| F|  |TAMS 0x000000070ee00000| PB 0x000000070ee00000| Untracked 
| 103|0x000000070f000000, 0x000000070f000000, 0x000000070f200000|  0%| F|  |TAMS 0x000000070f000000| PB 0x000000070f000000| Untracked 
| 104|0x000000070f200000, 0x000000070f200000, 0x000000070f400000|  0%| F|  |TAMS 0x000000070f200000| PB 0x000000070f200000| Untracked 
| 105|0x000000070f400000, 0x000000070f400000, 0x000000070f600000|  0%| F|  |TAMS 0x000000070f400000| PB 0x000000070f400000| Untracked 
| 106|0x000000070f600000, 0x000000070f600000, 0x000000070f800000|  0%| F|  |TAMS 0x000000070f600000| PB 0x000000070f600000| Untracked 
| 107|0x000000070f800000, 0x000000070f800000, 0x000000070fa00000|  0%| F|  |TAMS 0x000000070f800000| PB 0x000000070f800000| Untracked 
| 108|0x000000070fa00000, 0x000000070fa00000, 0x000000070fc00000|  0%| F|  |TAMS 0x000000070fa00000| PB 0x000000070fa00000| Untracked 
| 109|0x000000070fc00000, 0x000000070fc00000, 0x000000070fe00000|  0%| F|  |TAMS 0x000000070fc00000| PB 0x000000070fc00000| Untracked 
| 110|0x000000070fe00000, 0x000000070fe00000, 0x0000000710000000|  0%| F|  |TAMS 0x000000070fe00000| PB 0x000000070fe00000| Untracked 
| 111|0x0000000710000000, 0x0000000710000000, 0x0000000710200000|  0%| F|  |TAMS 0x0000000710000000| PB 0x0000000710000000| Untracked 
| 112|0x0000000710200000, 0x0000000710200000, 0x0000000710400000|  0%| F|  |TAMS 0x0000000710200000| PB 0x0000000710200000| Untracked 
| 113|0x0000000710400000, 0x0000000710600000, 0x0000000710600000|100%| S|CS|TAMS 0x0000000710400000| PB 0x0000000710400000| Complete 
| 114|0x0000000710600000, 0x0000000710600000, 0x0000000710800000|  0%| F|  |TAMS 0x0000000710600000| PB 0x0000000710600000| Untracked 
| 115|0x0000000710800000, 0x00000007108e3730, 0x0000000710a00000| 44%| E|  |TAMS 0x0000000710800000| PB 0x0000000710800000| Complete 
| 116|0x0000000710a00000, 0x0000000710c00000, 0x0000000710c00000|100%| S|CS|TAMS 0x0000000710a00000| PB 0x0000000710a00000| Complete 
| 117|0x0000000710c00000, 0x0000000710e00000, 0x0000000710e00000|100%| E|CS|TAMS 0x0000000710c00000| PB 0x0000000710c00000| Complete 
| 118|0x0000000710e00000, 0x0000000711000000, 0x0000000711000000|100%| E|CS|TAMS 0x0000000710e00000| PB 0x0000000710e00000| Complete 
| 119|0x0000000711000000, 0x0000000711200000, 0x0000000711200000|100%| E|CS|TAMS 0x0000000711000000| PB 0x0000000711000000| Complete 
| 120|0x0000000711200000, 0x0000000711400000, 0x0000000711400000|100%| E|CS|TAMS 0x0000000711200000| PB 0x0000000711200000| Complete 
| 121|0x0000000711400000, 0x0000000711600000, 0x0000000711600000|100%| E|CS|TAMS 0x0000000711400000| PB 0x0000000711400000| Complete 
| 122|0x0000000711600000, 0x0000000711800000, 0x0000000711800000|100%| E|CS|TAMS 0x0000000711600000| PB 0x0000000711600000| Complete 
| 123|0x0000000711800000, 0x0000000711a00000, 0x0000000711a00000|100%| E|CS|TAMS 0x0000000711800000| PB 0x0000000711800000| Complete 
| 124|0x0000000711a00000, 0x0000000711c00000, 0x0000000711c00000|100%| E|CS|TAMS 0x0000000711a00000| PB 0x0000000711a00000| Complete 
| 125|0x0000000711c00000, 0x0000000711e00000, 0x0000000711e00000|100%| E|CS|TAMS 0x0000000711c00000| PB 0x0000000711c00000| Complete 
| 126|0x0000000711e00000, 0x0000000712000000, 0x0000000712000000|100%| E|CS|TAMS 0x0000000711e00000| PB 0x0000000711e00000| Complete 

Card table byte_map: [0x0000021daa2d0000,0x0000021daaac0000] _byte_map_base: 0x0000021da6abf000

Marking Bits: (CMBitMap*) 0x0000021d9239b0f0
 Bits: [0x0000021daaac0000, 0x0000021daea38000)

Polling page: 0x0000021d90260000

Metaspace:

Usage:
  Non-class:      9.53 MB used.
      Class:      1.22 MB used.
       Both:     10.75 MB used.

Virtual space:
  Non-class space:       64.00 MB reserved,       9.69 MB ( 15%) committed,  1 nodes.
      Class space:        1.00 GB reserved,       1.31 MB ( <1%) committed,  1 nodes.
             Both:        1.06 GB reserved,      11.00 MB (  1%) committed. 

Chunk freelists:
   Non-Class:  6.02 MB
       Class:  14.69 MB
        Both:  20.71 MB

MaxMetaspaceSize: unlimited
CompressedClassSpaceSize: 1.00 GB
Initial GC threshold: 21.00 MB
Current GC threshold: 21.00 MB
CDS: on
 - commit_granule_bytes: 65536.
 - commit_granule_words: 8192.
 - virtual_space_node_default_size: 8388608.
 - enlarge_chunks_in_place: 1.
 - use_allocation_guard: 0.


Internal statistics:

num_allocs_failed_limit: 0.
num_arena_births: 272.
num_arena_deaths: 0.
num_vsnodes_births: 2.
num_vsnodes_deaths: 0.
num_space_committed: 176.
num_space_uncommitted: 0.
num_chunks_returned_to_freelist: 0.
num_chunks_taken_from_freelist: 604.
num_chunk_merges: 0.
num_chunk_splits: 346.
num_chunks_enlarged: 185.
num_inconsistent_stats: 0.

CodeHeap 'non-profiled nmethods': size=120000Kb used=876Kb max_used=876Kb free=119123Kb
 bounds [0x0000021da2280000, 0x0000021da24f0000, 0x0000021da97b0000]
CodeHeap 'profiled nmethods': size=120000Kb used=3524Kb max_used=3524Kb free=116475Kb
 bounds [0x0000021d9a7b0000, 0x0000021d9ab30000, 0x0000021da1ce0000]
CodeHeap 'non-nmethods': size=5760Kb used=1405Kb max_used=1432Kb free=4355Kb
 bounds [0x0000021da1ce0000, 0x0000021da1f50000, 0x0000021da2280000]
 total_blobs=2487 nmethods=1989 adapters=402
 compilation: enabled
              stopped_count=0, restarted_count=0
 full_count=0

Compilation events (20 events):
Event: 4.963 Thread 0x0000021db14b61c0 nmethod 1872 0x0000021d9aae8090 code [0x0000021d9aae8240, 0x0000021d9aae8510]
Event: 4.970 Thread 0x0000021db14b61c0 1875       3       java.lang.Module::implIsExportedOrOpen (92 bytes)
Event: 4.971 Thread 0x0000021db14b61c0 nmethod 1875 0x0000021d9aae8610 code [0x0000021d9aae8840, 0x0000021d9aae8f68]
Event: 4.971 Thread 0x0000021db14b61c0 1876       3       java.lang.invoke.BoundMethodHandle::rebind (14 bytes)
Event: 4.972 Thread 0x0000021db14b61c0 nmethod 1876 0x0000021d9aae9110 code [0x0000021d9aae9320, 0x0000021d9aae9898]
Event: 4.972 Thread 0x0000021db14b61c0 1877       3       java.lang.invoke.BoundMethodHandle::tooComplex (27 bytes)
Event: 4.973 Thread 0x0000021db14b61c0 nmethod 1877 0x0000021d9aae9a90 code [0x0000021d9aae9c80, 0x0000021d9aaea108]
Event: 4.984 Thread 0x0000021db14ad520 nmethod 1861 0x0000021da2353710 code [0x0000021da23539c0, 0x0000021da2354a18]
Event: 5.001 Thread 0x0000021db14b61c0 1878       3       java.lang.invoke.MethodHandles$Lookup::getDirectMethodNoSecurityManager (18 bytes)
Event: 5.002 Thread 0x0000021db14b61c0 nmethod 1878 0x0000021d9aaea290 code [0x0000021d9aaea440, 0x0000021d9aaea590]
Event: 5.004 Thread 0x0000021db14b61c0 1879       3       java.util.concurrent.ConcurrentHashMap$Traverser::<init> (36 bytes)
Event: 5.005 Thread 0x0000021db14b61c0 nmethod 1879 0x0000021d9aaea690 code [0x0000021d9aaea840, 0x0000021d9aaeaa50]
Event: 5.005 Thread 0x0000021db14b61c0 1880       3       jdk.internal.org.objectweb.asm.ClassVisitor::<init> (78 bytes)
Event: 5.006 Thread 0x0000021db14b61c0 nmethod 1880 0x0000021d9aaeab10 code [0x0000021d9aaead40, 0x0000021d9aaeb508]
Event: 5.006 Thread 0x0000021db14b61c0 1881       3       jdk.internal.org.objectweb.asm.SymbolTable::<init> (41 bytes)
Event: 5.007 Thread 0x0000021db14b61c0 nmethod 1881 0x0000021d9aaeb790 code [0x0000021d9aaeb960, 0x0000021d9aaebee8]
Event: 6.004 Thread 0x0000021db14ad520 1882       4       java.util.stream.SpinedBuffer::accept (94 bytes)
Event: 6.023 Thread 0x0000021db14b61c0 1883       3       org.springframework.boot.context.properties.source.SpringConfigurationPropertySources$SourcesIterator::hasNext (13 bytes)
Event: 6.025 Thread 0x0000021db14b61c0 nmethod 1883 0x0000021d9aaec010 code [0x0000021d9aaec1c0, 0x0000021d9aaec350]
Event: 6.026 Thread 0x0000021db14b61c0 1884       1       java.lang.Class::getClassLoader0 (5 bytes)

GC Heap History (4 events):
Event: 1.249 GC heap before
{Heap before GC invocations=0 (full 0):
 garbage-first heap   total 260096K, used 20480K [0x0000000702200000, 0x0000000800000000)
  region size 2048K, 11 young (22528K), 0 survivors (0K)
 Metaspace       used 3470K, committed 3712K, reserved 1114112K
  class space    used 338K, committed 448K, reserved 1048576K
}
Event: 1.255 GC heap after
{Heap after GC invocations=1 (full 0):
 garbage-first heap   total 260096K, used 10495K [0x0000000702200000, 0x0000000800000000)
  region size 2048K, 2 young (4096K), 2 survivors (4096K)
 Metaspace       used 3470K, committed 3712K, reserved 1114112K
  class space    used 338K, committed 448K, reserved 1048576K
}
Event: 2.507 GC heap before
{Heap before GC invocations=1 (full 0):
 garbage-first heap   total 260096K, used 28927K [0x0000000702200000, 0x0000000800000000)
  region size 2048K, 12 young (24576K), 2 survivors (4096K)
 Metaspace       used 7158K, committed 7424K, reserved 1114112K
  class space    used 749K, committed 896K, reserved 1048576K
}
Event: 2.512 GC heap after
{Heap after GC invocations=2 (full 0):
 garbage-first heap   total 260096K, used 14336K [0x0000000702200000, 0x0000000800000000)
  region size 2048K, 2 young (4096K), 2 survivors (4096K)
 Metaspace       used 7158K, committed 7424K, reserved 1114112K
  class space    used 749K, committed 896K, reserved 1048576K
}

Dll operation events (12 events):
Event: 0.024 Loaded shared library C:\Program Files\Java\jdk-21\bin\java.dll
Event: 0.075 Loaded shared library C:\Program Files\Java\jdk-21\bin\jsvml.dll
Event: 0.201 Loaded shared library C:\Program Files\Java\jdk-21\bin\zip.dll
Event: 0.205 Loaded shared library C:\Program Files\Java\jdk-21\bin\instrument.dll
Event: 0.210 Loaded shared library C:\Program Files\Java\jdk-21\bin\net.dll
Event: 0.212 Loaded shared library C:\Program Files\Java\jdk-21\bin\nio.dll
Event: 0.222 Loaded shared library C:\Program Files\Java\jdk-21\bin\zip.dll
Event: 0.545 Loaded shared library C:\Users\pc\AppData\Local\JetBrains\IntelliJ IDEA Community Edition 2024.1.3\bin\breakgen64.dll
Event: 0.554 Loaded shared library C:\Program Files\Java\jdk-21\bin\extnet.dll
Event: 0.648 Loaded shared library C:\Program Files\Java\jdk-21\bin\jimage.dll
Event: 2.306 Loaded shared library C:\Program Files\Java\jdk-21\bin\management.dll
Event: 2.323 Loaded shared library C:\Program Files\Java\jdk-21\bin\management_ext.dll

Deoptimization events (20 events):
Event: 4.734 Thread 0x0000021df76210e0 Uncommon trap: trap_request=0xffffff6e fr.pc=0x0000021da22c2ca4 relative=0x0000000000000464
Event: 4.734 Thread 0x0000021df76210e0 Uncommon trap: reason=loop_limit_check action=maybe_recompile pc=0x0000021da22c2ca4 method=java.lang.StringLatin1.indexOf([BI[BII)I @ 37 c2
Event: 4.734 Thread 0x0000021df76210e0 DEOPT PACKING pc=0x0000021da22c2ca4 sp=0x00000051c7afdc50
Event: 4.734 Thread 0x0000021df76210e0 DEOPT UNPACKING pc=0x0000021da1d346a2 sp=0x00000051c7afdbb0 mode 2
Event: 6.004 Thread 0x0000021df76210e0 Uncommon trap: trap_request=0xffffffd6 fr.pc=0x0000021da23547a4 relative=0x0000000000000de4
Event: 6.021 Thread 0x0000021df76210e0 Uncommon trap: reason=array_check action=maybe_recompile pc=0x0000021da23547a4 method=org.springframework.boot.context.properties.source.ConfigurationPropertyName.getElement(ILorg/springframework/boot/context/properties/source/ConfigurationPropertyName$Fo
Event: 6.021 Thread 0x0000021df76210e0 DEOPT PACKING pc=0x0000021da23547a4 sp=0x00000051c7afe1e0
Event: 6.021 Thread 0x0000021df76210e0 DEOPT UNPACKING pc=0x0000021da1d346a2 sp=0x00000051c7afe1a8 mode 2
Event: 6.021 Thread 0x0000021df76210e0 Uncommon trap: trap_request=0xffffffd6 fr.pc=0x0000021da23547a4 relative=0x0000000000000de4
Event: 6.022 Thread 0x0000021df76210e0 Uncommon trap: reason=array_check action=maybe_recompile pc=0x0000021da23547a4 method=org.springframework.boot.context.properties.source.ConfigurationPropertyName.getElement(ILorg/springframework/boot/context/properties/source/ConfigurationPropertyName$Fo
Event: 6.022 Thread 0x0000021df76210e0 DEOPT PACKING pc=0x0000021da23547a4 sp=0x00000051c7afe1e0
Event: 6.022 Thread 0x0000021df76210e0 DEOPT UNPACKING pc=0x0000021da1d346a2 sp=0x00000051c7afe1a8 mode 2
Event: 6.022 Thread 0x0000021df76210e0 Uncommon trap: trap_request=0xffffffd6 fr.pc=0x0000021da23547a4 relative=0x0000000000000de4
Event: 6.022 Thread 0x0000021df76210e0 Uncommon trap: reason=array_check action=maybe_recompile pc=0x0000021da23547a4 method=org.springframework.boot.context.properties.source.ConfigurationPropertyName.getElement(ILorg/springframework/boot/context/properties/source/ConfigurationPropertyName$Fo
Event: 6.022 Thread 0x0000021df76210e0 DEOPT PACKING pc=0x0000021da23547a4 sp=0x00000051c7afe1e0
Event: 6.022 Thread 0x0000021df76210e0 DEOPT UNPACKING pc=0x0000021da1d346a2 sp=0x00000051c7afe1a8 mode 2
Event: 6.022 Thread 0x0000021df76210e0 Uncommon trap: trap_request=0xffffffd6 fr.pc=0x0000021da23547a4 relative=0x0000000000000de4
Event: 6.022 Thread 0x0000021df76210e0 Uncommon trap: reason=array_check action=maybe_recompile pc=0x0000021da23547a4 method=org.springframework.boot.context.properties.source.ConfigurationPropertyName.getElement(ILorg/springframework/boot/context/properties/source/ConfigurationPropertyName$Fo
Event: 6.022 Thread 0x0000021df76210e0 DEOPT PACKING pc=0x0000021da23547a4 sp=0x00000051c7afe1e0
Event: 6.022 Thread 0x0000021df76210e0 DEOPT UNPACKING pc=0x0000021da1d346a2 sp=0x00000051c7afe1a8 mode 2

Classes loaded (20 events):
Event: 4.949 Loading class sun/reflect/generics/scope/MethodScope
Event: 4.949 Loading class sun/reflect/generics/scope/MethodScope done
Event: 4.949 Loading class sun/reflect/generics/repository/MethodRepository
Event: 4.949 Loading class sun/reflect/generics/repository/MethodRepository done
Event: 4.950 Loading class java/util/AbstractList$ListItr
Event: 4.950 Loading class java/util/AbstractList$Itr
Event: 4.950 Loading class java/util/AbstractList$Itr done
Event: 4.950 Loading class java/util/AbstractList$ListItr done
Event: 4.986 Loading class java/net/NetworkInterface$1
Event: 4.986 Loading class java/net/NetworkInterface$1 done
Event: 5.002 Loading class java/util/concurrent/FutureTask
Event: 5.002 Loading class java/util/concurrent/RunnableFuture
Event: 5.002 Loading class java/util/concurrent/RunnableFuture done
Event: 5.002 Loading class java/util/concurrent/FutureTask done
Event: 5.002 Loading class java/util/concurrent/FutureTask$WaitNode
Event: 5.003 Loading class java/util/concurrent/FutureTask$WaitNode done
Event: 5.003 Loading class java/util/concurrent/ThreadPoolExecutor$Worker
Event: 5.003 Loading class java/util/concurrent/ThreadPoolExecutor$Worker done
Event: 5.004 Loading class java/net/spi/InetAddressResolverProvider
Event: 5.004 Loading class java/net/spi/InetAddressResolverProvider done

Classes unloaded (0 events):
No events

Classes redefined (0 events):
No events

Internal exceptions (20 events):
Event: 3.279 Thread 0x0000021df76210e0 Exception <a 'java/lang/NoSuchMethodError'{0x00000007114ba458}: 'java.lang.Object java.lang.invoke.DirectMethodHandle$Holder.invokeStaticInit(java.lang.Object, long, java.lang.Object)'> (0x00000007114ba458) 
thrown [s\open\src\hotspot\share\interpreter\linkResolver.cpp, line 773]
Event: 3.280 Thread 0x0000021df76210e0 Exception <a 'java/lang/NoSuchMethodError'{0x00000007114bfbe0}: 'java.lang.Object java.lang.invoke.DirectMethodHandle$Holder.newInvokeSpecial(java.lang.Object, long)'> (0x00000007114bfbe0) 
thrown [s\open\src\hotspot\share\interpreter\linkResolver.cpp, line 773]
Event: 3.405 Thread 0x0000021df76210e0 Exception <a 'java/lang/NoSuchMethodError'{0x00000007115f8818}: 'int java.lang.invoke.DirectMethodHandle$Holder.invokeStatic(java.lang.Object, java.lang.Object, java.lang.Object, java.lang.Object)'> (0x00000007115f8818) 
thrown [s\open\src\hotspot\share\interpreter\linkResolver.cpp, line 773]
Event: 4.594 Thread 0x0000021df76210e0 Exception <a 'java/lang/NoSuchMethodError'{0x0000000711384798}: 'java.lang.Object java.lang.invoke.DirectMethodHandle$Holder.newInvokeSpecial(java.lang.Object, java.lang.Object, java.lang.Object, java.lang.Object, java.lang.Object, java.lang.Object, java.lang.Object)'> (0x0000000711384798) 
thrown [s\open\src\hotspot\share\interpreter\linkResolver.cpp, line 773]
Event: 4.601 Thread 0x0000021df76210e0 Exception <a 'java/lang/NoSuchMethodError'{0x000000071139cd98}: 'void java.lang.invoke.DirectMethodHandle$Holder.invokeStaticInit(java.lang.Object, java.lang.Object)'> (0x000000071139cd98) 
thrown [s\open\src\hotspot\share\interpreter\linkResolver.cpp, line 773]
Event: 4.650 Thread 0x0000021df76210e0 Exception <a 'java/lang/NoSuchMethodError'{0x000000071103c5b0}: 'java.lang.Object java.lang.invoke.DirectMethodHandle$Holder.invokeSpecial(java.lang.Object, java.lang.Object, java.lang.Object, java.lang.Object, java.lang.Object, java.lang.Object, int)'> (0x000000071103c5b0) 
thrown [s\open\src\hotspot\share\interpreter\linkResolver.cpp, line 773]
Event: 4.651 Thread 0x0000021df76210e0 Exception <a 'java/lang/NoSuchMethodError'{0x0000000711045ad8}: 'java.lang.Object java.lang.invoke.DirectMethodHandle$Holder.newInvokeSpecial(java.lang.Object, java.lang.Object, java.lang.Object, java.lang.Object, java.lang.Object, java.lang.Object, int)'> (0x0000000711045ad8) 
thrown [s\open\src\hotspot\share\interpreter\linkResolver.cpp, line 773]
Event: 4.653 Thread 0x0000021df76210e0 Exception <a 'java/lang/NoSuchMethodError'{0x000000071104a098}: 'java.lang.Object java.lang.invoke.DirectMethodHandle$Holder.invokeSpecial(java.lang.Object, java.lang.Object, java.lang.Object, java.lang.Object, java.lang.Object, java.lang.Object, java.lang.Object, int)'> (0x000000071104a098) 
thrown [s\open\src\hotspot\share\interpreter\linkResolver.cpp, line 773]
Event: 4.749 Thread 0x0000021df76210e0 Exception <a 'java/lang/NoSuchMethodError'{0x000000071116c290}: 'int java.lang.invoke.DirectMethodHandle$Holder.invokeInterface(java.lang.Object, java.lang.Object)'> (0x000000071116c290) 
thrown [s\open\src\hotspot\share\interpreter\linkResolver.cpp, line 773]
Event: 4.756 Thread 0x0000021df76210e0 Exception <a 'java/lang/NoSuchMethodError'{0x000000071118e100}: 'void java.lang.invoke.DirectMethodHandle$Holder.invokeSpecial(java.lang.Object, java.lang.Object, java.lang.Object, java.lang.Object, java.lang.Object)'> (0x000000071118e100) 
thrown [s\open\src\hotspot\share\interpreter\linkResolver.cpp, line 773]
Event: 4.775 Thread 0x0000021df76210e0 Exception <a 'java/lang/NoSuchMethodError'{0x00000007111d42a0}: 'int java.lang.invoke.DirectMethodHandle$Holder.invokeVirtual(java.lang.Object, java.lang.Object)'> (0x00000007111d42a0) 
thrown [s\open\src\hotspot\share\interpreter\linkResolver.cpp, line 773]
Event: 4.815 Thread 0x0000021df76210e0 Exception <a 'java/lang/NoSuchMethodError'{0x0000000710e6a1b8}: 'java.lang.Object java.lang.invoke.DirectMethodHandle$Holder.invokeSpecial(java.lang.Object, java.lang.Object, java.lang.Object, int, java.lang.Object)'> (0x0000000710e6a1b8) 
thrown [s\open\src\hotspot\share\interpreter\linkResolver.cpp, line 773]
Event: 4.816 Thread 0x0000021df76210e0 Exception <a 'java/lang/NoSuchMethodError'{0x0000000710e71ac8}: 'java.lang.Object java.lang.invoke.DirectMethodHandle$Holder.newInvokeSpecial(java.lang.Object, java.lang.Object, java.lang.Object, int, java.lang.Object)'> (0x0000000710e71ac8) 
thrown [s\open\src\hotspot\share\interpreter\linkResolver.cpp, line 773]
Event: 4.817 Thread 0x0000021df76210e0 Exception <a 'java/lang/NoSuchMethodError'{0x0000000710e79200}: 'java.lang.Object java.lang.invoke.Invokers$Holder.linkToTargetMethod(java.lang.Object, java.lang.Object, int, java.lang.Object, java.lang.Object)'> (0x0000000710e79200) 
thrown [s\open\src\hotspot\share\interpreter\linkResolver.cpp, line 773]
Event: 4.819 Thread 0x0000021df76210e0 Exception <a 'java/lang/NoSuchMethodError'{0x0000000710e87198}: 'java.lang.Object java.lang.invoke.DirectMethodHandle$Holder.newInvokeSpecial(java.lang.Object, int, java.lang.Object)'> (0x0000000710e87198) 
thrown [s\open\src\hotspot\share\interpreter\linkResolver.cpp, line 773]
Event: 4.820 Thread 0x0000021df76210e0 Exception <a 'java/lang/NoSuchMethodError'{0x0000000710e8bb58}: 'int java.lang.invoke.DirectMethodHandle$Holder.invokeSpecialIFC(java.lang.Object, java.lang.Object, java.lang.Object, java.lang.Object)'> (0x0000000710e8bb58) 
thrown [s\open\src\hotspot\share\interpreter\linkResolver.cpp, line 773]
Event: 4.881 Thread 0x0000021df76210e0 Exception <a 'java/lang/NoSuchMethodError'{0x0000000710f61568}: 'void java.lang.invoke.DirectMethodHandle$Holder.invokeInterface(java.lang.Object, java.lang.Object, java.lang.Object)'> (0x0000000710f61568) 
thrown [s\open\src\hotspot\share\interpreter\linkResolver.cpp, line 773]
Event: 4.929 Thread 0x0000021df76210e0 Exception <a 'java/lang/NoSuchMethodError'{0x0000000710feb228}: 'java.lang.reflect.Field[] java.lang.Class.getDeclaredFields(java.lang.Class)'> (0x0000000710feb228) 
thrown [s\open\src\hotspot\share\interpreter\linkResolver.cpp, line 773]
Event: 4.931 Thread 0x0000021df76210e0 Exception <a 'java/lang/NoSuchMethodError'{0x0000000710fefb88}: 'java.lang.Object java.lang.invoke.DirectMethodHandle$Holder.invokeStatic(java.lang.Object, java.lang.Object, int)'> (0x0000000710fefb88) 
thrown [s\open\src\hotspot\share\interpreter\linkResolver.cpp, line 773]
Event: 4.932 Thread 0x0000021df76210e0 Exception <a 'java/lang/NoSuchMethodError'{0x0000000710ffad38}: 'void java.lang.invoke.DelegatingMethodHandle$Holder.delegate(java.lang.Object, java.lang.Object, int, java.lang.Object)'> (0x0000000710ffad38) 
thrown [s\open\src\hotspot\share\interpreter\linkResolver.cpp, line 773]

ZGC Phase Switch (0 events):
No events

VM Operations (20 events):
Event: 1.249 Executing VM operation: G1CollectForAllocation (G1 Evacuation Pause)
Event: 1.255 Executing VM operation: G1CollectForAllocation (G1 Evacuation Pause) done
Event: 1.389 Executing VM operation: HandshakeAllThreads (Deoptimize)
Event: 1.389 Executing VM operation: HandshakeAllThreads (Deoptimize) done
Event: 2.167 Executing VM operation: HandshakeAllThreads (Deoptimize)
Event: 2.167 Executing VM operation: HandshakeAllThreads (Deoptimize) done
Event: 2.167 Executing VM operation: HandshakeAllThreads (Deoptimize)
Event: 2.168 Executing VM operation: HandshakeAllThreads (Deoptimize) done
Event: 2.507 Executing VM operation: G1CollectForAllocation (G1 Evacuation Pause)
Event: 2.512 Executing VM operation: G1CollectForAllocation (G1 Evacuation Pause) done
Event: 2.980 Executing VM operation: HandshakeAllThreads (Deoptimize)
Event: 2.980 Executing VM operation: HandshakeAllThreads (Deoptimize) done
Event: 3.981 Executing VM operation: Cleanup
Event: 4.516 Executing VM operation: Cleanup done
Event: 4.772 Executing VM operation: HandshakeAllThreads (Deoptimize)
Event: 4.772 Executing VM operation: HandshakeAllThreads (Deoptimize) done
Event: 4.930 Executing VM operation: HandshakeAllThreads (Deoptimize)
Event: 4.930 Executing VM operation: HandshakeAllThreads (Deoptimize) done
Event: 5.940 Executing VM operation: Cleanup
Event: 5.940 Executing VM operation: Cleanup done

Events (20 events):
Event: 0.071 Thread 0x0000021db1495080 Thread added: 0x0000021db1495080
Event: 0.071 Thread 0x0000021db1499830 Thread added: 0x0000021db1499830
Event: 0.071 Thread 0x0000021db149d5c0 Thread added: 0x0000021db149d5c0
Event: 0.071 Thread 0x0000021db149a8e0 Thread added: 0x0000021db149a8e0
Event: 0.072 Thread 0x0000021db149e020 Thread added: 0x0000021db149e020
Event: 0.072 Thread 0x0000021db14ad520 Thread added: 0x0000021db14ad520
Event: 0.072 Thread 0x0000021db14b61c0 Thread added: 0x0000021db14b61c0
Event: 0.161 Thread 0x0000021db16eda10 Thread added: 0x0000021db16eda10
Event: 0.303 Thread 0x0000021db14b9840 Thread added: 0x0000021db14b9840
Event: 0.545 Thread 0x0000021db19de160 Thread added: 0x0000021db19de160
Event: 0.545 Thread 0x0000021df7173680 Thread added: 0x0000021df7173680
Event: 0.615 Thread 0x0000021db14b9840 Thread exited: 0x0000021db14b9840
Event: 0.814 Thread 0x0000021db14b9840 Thread added: 0x0000021db14b9840
Event: 1.311 Thread 0x0000021db14b6890 Thread added: 0x0000021db14b6890
Event: 2.088 Thread 0x0000021db14b6890 Thread exited: 0x0000021db14b6890
Event: 2.089 Thread 0x0000021db14b9840 Thread exited: 0x0000021db14b9840
Event: 2.595 Thread 0x0000021df745ce60 Thread added: 0x0000021df745ce60
Event: 2.604 Thread 0x0000021df76210e0 Thread added: 0x0000021df76210e0
Event: 4.829 Thread 0x0000021db14b7d00 Thread added: 0x0000021db14b7d00
Event: 5.003 Thread 0x0000021df80220a0 Thread added: 0x0000021df80220a0


Dynamic libraries:
0x00007ff69d270000 - 0x00007ff69d280000 	C:\Program Files\Java\jdk-21\bin\java.exe
0x00007ffb951c0000 - 0x00007ffb95423000 	C:\WINDOWS\SYSTEM32\ntdll.dll
0x00007ffb94230000 - 0x00007ffb942f7000 	C:\WINDOWS\System32\KERNEL32.DLL
0x00007ffb928d0000 - 0x00007ffb92c99000 	C:\WINDOWS\System32\KERNELBASE.dll
0x00007ffb92ca0000 - 0x00007ffb92dec000 	C:\WINDOWS\System32\ucrtbase.dll
0x00007ffb857e0000 - 0x00007ffb857f9000 	C:\Program Files\Java\jdk-21\bin\jli.dll
0x00007ffb87000000 - 0x00007ffb8701b000 	C:\Program Files\Java\jdk-21\bin\VCRUNTIME140.dll
0x00007ffb931b0000 - 0x00007ffb93262000 	C:\WINDOWS\System32\ADVAPI32.dll
0x00007ffb934a0000 - 0x00007ffb93549000 	C:\WINDOWS\System32\msvcrt.dll
0x00007ffb92fe0000 - 0x00007ffb93086000 	C:\WINDOWS\System32\sechost.dll
0x00007ffb94cc0000 - 0x00007ffb94dd6000 	C:\WINDOWS\System32\RPCRT4.dll
0x00007ffb94af0000 - 0x00007ffb94cba000 	C:\WINDOWS\System32\USER32.dll
0x00007ffb928a0000 - 0x00007ffb928c7000 	C:\WINDOWS\System32\win32u.dll
0x00007ffb7b9f0000 - 0x00007ffb7bc80000 	C:\WINDOWS\WinSxS\amd64_microsoft.windows.common-controls_6595b64144ccf1df_6.0.26100.3323_none_3e088096e3344490\COMCTL32.dll
0x00007ffb93560000 - 0x00007ffb9358a000 	C:\WINDOWS\System32\GDI32.dll
0x00007ffb925f0000 - 0x00007ffb92721000 	C:\WINDOWS\System32\gdi32full.dll
0x00007ffb923c0000 - 0x00007ffb92463000 	C:\WINDOWS\System32\msvcp_win.dll
0x00007ffb87330000 - 0x00007ffb8733b000 	C:\WINDOWS\SYSTEM32\VERSION.dll
0x00007ffb932f0000 - 0x00007ffb9331f000 	C:\WINDOWS\System32\IMM32.DLL
0x00007ffb8bca0000 - 0x00007ffb8bcac000 	C:\Program Files\Java\jdk-21\bin\vcruntime140_1.dll
0x00007ffb66390000 - 0x00007ffb6641e000 	C:\Program Files\Java\jdk-21\bin\msvcp140.dll
0x00007ffb139a0000 - 0x00007ffb146ba000 	C:\Program Files\Java\jdk-21\bin\server\jvm.dll
0x00007ffb93270000 - 0x00007ffb932e4000 	C:\WINDOWS\System32\WS2_32.dll
0x00007ffb92270000 - 0x00007ffb922be000 	C:\WINDOWS\SYSTEM32\POWRPROF.dll
0x00007ffb7b720000 - 0x00007ffb7b756000 	C:\WINDOWS\SYSTEM32\WINMM.dll
0x00007ffb92250000 - 0x00007ffb92264000 	C:\WINDOWS\SYSTEM32\UMPDC.dll
0x00007ffb911a0000 - 0x00007ffb911ba000 	C:\WINDOWS\SYSTEM32\kernel.appcore.dll
0x00007ffb86fd0000 - 0x00007ffb86fda000 	C:\Program Files\Java\jdk-21\bin\jimage.dll
0x00007ffb8f7c0000 - 0x00007ffb8fa01000 	C:\WINDOWS\SYSTEM32\DBGHELP.DLL
0x00007ffb94de0000 - 0x00007ffb95162000 	C:\WINDOWS\System32\combase.dll
0x00007ffb93360000 - 0x00007ffb93436000 	C:\WINDOWS\System32\OLEAUT32.dll
0x00007ffb71d60000 - 0x00007ffb71d99000 	C:\WINDOWS\SYSTEM32\dbgcore.DLL
0x00007ffb92eb0000 - 0x00007ffb92f49000 	C:\WINDOWS\System32\bcryptPrimitives.dll
0x00007ffb8ade0000 - 0x00007ffb8adef000 	C:\Program Files\Java\jdk-21\bin\instrument.dll
0x00007ffb7e540000 - 0x00007ffb7e55f000 	C:\Program Files\Java\jdk-21\bin\java.dll
0x00007ffb93590000 - 0x00007ffb93ca5000 	C:\WINDOWS\System32\SHELL32.dll
0x00007ffb92730000 - 0x00007ffb92898000 	C:\WINDOWS\System32\wintypes.dll
0x00007ffb90080000 - 0x00007ffb908c5000 	C:\WINDOWS\SYSTEM32\windows.storage.dll
0x00007ffb94a00000 - 0x00007ffb94aeb000 	C:\WINDOWS\System32\SHCORE.dll
0x00007ffb93ff0000 - 0x00007ffb9404d000 	C:\WINDOWS\System32\shlwapi.dll
0x00007ffb922d0000 - 0x00007ffb922ff000 	C:\WINDOWS\SYSTEM32\profapi.dll
0x00007ffb54980000 - 0x00007ffb54a57000 	C:\Program Files\Java\jdk-21\bin\jsvml.dll
0x00007ffb76a70000 - 0x00007ffb76a88000 	C:\Program Files\Java\jdk-21\bin\zip.dll
0x00007ffb85430000 - 0x00007ffb85440000 	C:\Program Files\Java\jdk-21\bin\net.dll
0x00007ffb85d30000 - 0x00007ffb85e4e000 	C:\WINDOWS\SYSTEM32\WINHTTP.dll
0x00007ffb916a0000 - 0x00007ffb9170a000 	C:\WINDOWS\system32\mswsock.dll
0x00007ffb77bb0000 - 0x00007ffb77bc6000 	C:\Program Files\Java\jdk-21\bin\nio.dll
0x00007ffb5a410000 - 0x00007ffb5a42a000 	C:\Users\pc\AppData\Local\JetBrains\IntelliJ IDEA Community Edition 2024.1.3\bin\breakgen64.dll
0x00007ffb7e530000 - 0x00007ffb7e539000 	C:\Program Files\Java\jdk-21\bin\extnet.dll
0x00007ffb768c0000 - 0x00007ffb768ca000 	C:\Program Files\Java\jdk-21\bin\management.dll
0x00007ffb76650000 - 0x00007ffb7665b000 	C:\Program Files\Java\jdk-21\bin\management_ext.dll
0x00007ffb95170000 - 0x00007ffb95178000 	C:\WINDOWS\System32\PSAPI.DLL
0x00007ffb90bc0000 - 0x00007ffb90bf3000 	C:\WINDOWS\SYSTEM32\IPHLPAPI.DLL
0x00007ffb93f30000 - 0x00007ffb93f3a000 	C:\WINDOWS\System32\NSI.dll
0x00007ffb90c00000 - 0x00007ffb90d25000 	C:\WINDOWS\SYSTEM32\DNSAPI.dll

dbghelp: loaded successfully - version: 4.0.5 - missing functions: none
symbol engine: initialized successfully - sym options: 0x614 - pdb path: .;C:\Program Files\Java\jdk-21\bin;C:\WINDOWS\SYSTEM32;C:\WINDOWS\WinSxS\amd64_microsoft.windows.common-controls_6595b64144ccf1df_6.0.26100.3323_none_3e088096e3344490;C:\Program Files\Java\jdk-21\bin\server;C:\Users\pc\AppData\Local\JetBrains\IntelliJ IDEA Community Edition 2024.1.3\bin

VM Arguments:
jvm_args: -javaagent:C:\Users\pc\AppData\Local\JetBrains\IntelliJ IDEA Community Edition 2024.1.3\lib\idea_rt.jar=60739:C:\Users\pc\AppData\Local\JetBrains\IntelliJ IDEA Community Edition 2024.1.3\bin -Dfile.encoding=UTF-8 
java_command: com.blogwebsite.blog.ServiceBlogApplication
java_class_path (initial): C:\Users\pc\Desktop\Quillist-sem-4\final-quillist\Quillist-\serviceBlog\target\classes;C:\Users\pc\.m2\repository\org\springframework\boot\spring-boot-starter-data-jpa\3.4.3\spring-boot-starter-data-jpa-3.4.3.jar;C:\Users\pc\.m2\repository\org\springframework\boot\spring-boot-starter\3.4.3\spring-boot-starter-3.4.3.jar;C:\Users\pc\.m2\repository\org\springframework\boot\spring-boot-starter-logging\3.4.3\spring-boot-starter-logging-3.4.3.jar;C:\Users\pc\.m2\repository\ch\qos\logback\logback-classic\1.5.16\logback-classic-1.5.16.jar;C:\Users\pc\.m2\repository\ch\qos\logback\logback-core\1.5.16\logback-core-1.5.16.jar;C:\Users\pc\.m2\repository\org\apache\logging\log4j\log4j-to-slf4j\2.24.3\log4j-to-slf4j-2.24.3.jar;C:\Users\pc\.m2\repository\org\apache\logging\log4j\log4j-api\2.24.3\log4j-api-2.24.3.jar;C:\Users\pc\.m2\repository\org\slf4j\jul-to-slf4j\2.0.16\jul-to-slf4j-2.0.16.jar;C:\Users\pc\.m2\repository\jakarta\annotation\jakarta.annotation-api\2.1.1\jakarta.annotation-api-2.1.1.jar;C:\Users\pc\.m2\repository\org\yaml\snakeyaml\2.3\snakeyaml-2.3.jar;C:\Users\pc\.m2\repository\org\springframework\boot\spring-boot-starter-jdbc\3.4.3\spring-boot-starter-jdbc-3.4.3.jar;C:\Users\pc\.m2\repository\com\zaxxer\HikariCP\5.1.0\HikariCP-5.1.0.jar;C:\Users\pc\.m2\repository\org\springframework\spring-jdbc\6.2.3\spring-jdbc-6.2.3.jar;C:\Users\pc\.m2\repository\org\hibernate\orm\hibernate-core\6.6.8.Final\hibernate-core-6.6.8.Final.jar;C:\Users\pc\.m2\repository\jakarta\persistence\jakarta.persistence-api\3.1.0\jakarta.persistence-api-3.1.0.jar;C:\Users\pc\.m2\repository\jakarta\transaction\jakarta.transaction-api\2.0.1\jakarta.transaction-api-2.0.1.jar;C:\Users\pc\.m2\repository\org\jboss\logging\jboss-logging\3.6.1.Final\jboss-logging-3.6.1.Final.jar;C:\Users\pc\.m2\repository\org\hibernate\common\hibernate-commons-annotations\7.0.3.Final\hibernate-commons-annotations-7.0.3.Final.jar;C:\Users\pc\.m2\repository\io\smallrye\jandex\3.2.0\jandex-3.2.0.jar;C:\Users\pc\.m2\repository\com\fasterxml\classmate\1.7.0\classmate-1.7.0.jar;C:\Users\pc\.m2\repository\net\bytebuddy\byte-buddy\1.15.11\byte-buddy-1.15.11.jar;C:\Users\pc\.m2\repository\org\glassfish\jaxb\jaxb-runtime\4.0.5\jaxb-runtime-4.0.5.jar;C:\Users\pc\.m2\repository\org\glassfish\jaxb\jaxb-core\4.0.5\jaxb-core-4.0.5.jar;C:\Users\pc\.m2\repository\org\eclipse\angus\angus-activation\2.0.2\angus-activation-2.0.2.jar;C:\Users\pc\.m2\repository\org\glassfish\jaxb\txw2\4.0.5\txw2-4.0.5.jar;C:\Users\pc\.m2\repository\com\sun\istack\istack-commons-runtime\4.1.2\istack-commons-runtime-4.1.2.jar;C:\Users\pc\.m2\repository\jakarta\inject\jakarta.inject-api\2.0.1\jakarta.inject-api-2.0.1.jar;C:\Users\pc\.m2\repository\org\antlr\antlr4-runtime\4.13.0\antlr4-runtime-4.13.0.jar;C:\Users\pc\.m2\repository\org\springframework\data\spring-data-jpa\3.4.3\spring-data-jpa-3.4.3.jar;C:\Users\pc\.m2\repository\org\springframework\data\spring-data-commons\3.4.3\spring-data-commons-3.4.3.jar;C:\Users\pc\.m2\repository\org\springframework\spring-orm\6.2.3\spring-orm-6.2.3.jar;C:\Users\pc\.m2\repository\org\springframework\spring-context\6.2.3\spring-context-6.2.3.jar;C:\Users\pc\.m2\repository\org\springframework\spring-aop\6.2.3\spring-aop-6.2.3.jar;C:\Users\pc\.m2\repository\org\springframework\spring-tx\6.2.3\spring-tx-6.2.3.jar;C:\Users\pc\.m2\repository\org\springframework\spring-beans\6.2.3\spring-beans-6.2.3.jar;C:\Users\pc\.m2\repository\org\slf4j\slf4j-api\2.0.16\slf4j-api-2.0.16.jar;C:\Users\pc\.m2\repository\org\springframework\spring-aspects\6.2.3\spring-aspects-6.2.3.jar;C:\Users\pc\.m2\repository\org\aspectj\aspectjweaver\1.9.22.1\aspectjweaver-1.9.22.1.jar;C:\Users\pc\.m2\repository\org\springframework\boot\spring-boot-starter-web\3.4.3\spring-boot-starter-web-3.4.3.jar;C:\Users\pc\.m2\repository\org\springframework\boot\spring-boot-starter-json\3.4.3\spring-boot-starter-json-3.4.3.jar;C:\Users\pc\.m2\repository\com\fasterxml\jackson\core\jackson-databind\2.18.2\jackson-databind-2.18.2.jar;C:\Users\pc\.m2\repository\com\fasterxml\jackson\core\jackson-annotations\2.18.2\jackson-annotations-2.18.2.jar;C:\Users\pc\.m2\repository\com\fasterxml\jackson\core\jackson-core\2.18.2\jackson-core-2.18.2.jar;C:\Users\pc\.m2\repository\com\fasterxml\jackson\datatype\jackson-datatype-jdk8\2.18.2\jackson-datatype-jdk8-2.18.2.jar;C:\Users\pc\.m2\repository\com\fasterxml\jackson\datatype\jackson-datatype-jsr310\2.18.2\jackson-datatype-jsr310-2.18.2.jar;C:\Users\pc\.m2\repository\com\fasterxml\jackson\module\jackson-module-parameter-names\2.18.2\jackson-module-parameter-names-2.18.2.jar;C:\Users\pc\.m2\repository\org\springframework\boot\spring-boot-starter-tomcat\3.4.3\spring-boot-starter-tomcat-3.4.3.jar;C:\Users\pc\.m2\repository\org\apache\tomcat\embed\tomcat-embed-core\10.1.36\tomcat-embed-core-10.1.36.jar;C:\Users\pc\.m2\repository\org\apache\tomcat\embed\tomcat-embed-el\10.1.36\tomcat-embed-el-10.1.36.jar;C:\Users\pc\.m2\repository\org\apache\tomcat\embed\tomcat-embed-websocket\10.1.36\tomcat-embed-websocket-10.1.36.jar;C:\Users\pc\.m2\repository\org\springframework\spring-web\6.2.3\spring-web-6.2.3.jar;C:\Users\pc\.m2\repository\io\micrometer\micrometer-observation\1.14.4\micrometer-observation-1.14.4.jar;C:\Users\pc\.m2\repository\io\micrometer\micrometer-commons\1.14.4\micrometer-commons-1.14.4.jar;C:\Users\pc\.m2\repository\org\springframework\spring-webmvc\6.2.3\spring-webmvc-6.2.3.jar;C:\Users\pc\.m2\repository\org\springframework\spring-expression\6.2.3\spring-expression-6.2.3.jar;C:\Users\pc\.m2\repository\org\springframework\boot\spring-boot-devtools\3.4.3\spring-boot-devtools-3.4.3.jar;C:\Users\pc\.m2\repository\org\springframework\boot\spring-boot\3.4.3\spring-boot-3.4.3.jar;C:\Users\pc\.m2\repository\org\springframework\boot\spring-boot-autoconfigure\3.4.3\spring-boot-autoconfigure-3.4.3.jar;C:\Users\pc\.m2\repository\com\mysql\mysql-connector-j\9.1.0\mysql-connector-j-9.1.0.jar;C:\Users\pc\.m2\repository\jakarta\xml\bind\jakarta.xml.bind-api\4.0.2\jakarta.xml.bind-api-4.0.2.jar;C:\Users\pc\.m2\repository\jakarta\activation\jakarta.activation-api\2.1.3\jakarta.activation-api-2.1.3.jar;C:\Users\pc\.m2\repository\org\springframework\spring-core\6.2.3\spring-core-6.2.3.jar;C:\Users\pc\.m2\repository\org\springframework\spring-jcl\6.2.3\spring-jcl-6.2.3.jar;C:\Users\pc\.m2\repository\org\springframework\cloud\spring-cloud-starter-openfeign\4.2.0\spring-cloud-starter-openfeign-4.2.0.jar;C:\Users\pc\.m2\repository\org\springframework\cloud\spring-cloud-starter\4.2.0\spring-cloud-starter-4.2.0.jar;C:\Users\pc\.m2\repository\org\springframework\cloud\spring-cloud-context\4.2.0\spring-cloud-context-4.2.0.jar;C:\Users\pc\.m2\repository\org\bouncycastle\bcprov-jdk18on\1.78.1\bcprov-jdk18on-1.78.1.jar;C:\Users\pc\.m2\repository\org\springframework\cloud\spring-cloud-openfeign-core\4.2.0\spring-cloud-openfeign-core-4.2.0.jar;C:\Users\pc\.m2\repository\io\github\openfeign\feign-form-spring\13.5\feign-form-spring-13.5.jar;C:\Users\pc\.m2\repository\io\github\openfeign\feign-form\13.5\feign-form-13.5.jar;C:\Users\pc\.m2\repository\commons-fileupload\commons-fileupload\1.5\commons-fileupload-1.5.jar;C:\Users\pc\.m2\repository\commons-io\commons-io\2.11.0\commons-io-2.11.0.jar;C:\Users\pc\.m2\repository\org\springframework\cloud\spring-cloud-commons\4.2.0\spring-cloud-commons-4.2.0.jar;C:\Users\pc\.m2\repository\org\springframework\security\spring-security-crypto\6.4.3\spring-security-crypto-6.4.3.jar;C:\Users\pc\.m2\repository\io\github\openfeign\feign-core\13.5\feign-core-13.5.jar;C:\Users\pc\.m2\repository\io\github\openfeign\feign-slf4j\13.5\feign-slf4j-13.5.jar
Launcher Type: SUN_STANDARD

[Global flags]
     intx CICompilerCount                          = 4                                         {product} {ergonomic}
     uint ConcGCThreads                            = 2                                         {product} {ergonomic}
     uint G1ConcRefinementThreads                  = 8                                         {product} {ergonomic}
   size_t G1HeapRegionSize                         = 2097152                                   {product} {ergonomic}
    uintx GCDrainStackTargetSize                   = 64                                        {product} {ergonomic}
   size_t InitialHeapSize                          = 266338304                                 {product} {ergonomic}
   size_t MarkStackSize                            = 4194304                                   {product} {ergonomic}
   size_t MaxHeapSize                              = 4259315712                                {product} {ergonomic}
   size_t MaxNewSize                               = 2554331136                                {product} {ergonomic}
   size_t MinHeapDeltaBytes                        = 2097152                                   {product} {ergonomic}
   size_t MinHeapSize                              = 8388608                                   {product} {ergonomic}
    uintx NonNMethodCodeHeapSize                   = 5839372                                {pd product} {ergonomic}
    uintx NonProfiledCodeHeapSize                  = 122909434                              {pd product} {ergonomic}
    uintx ProfiledCodeHeapSize                     = 122909434                              {pd product} {ergonomic}
    uintx ReservedCodeCacheSize                    = 251658240                              {pd product} {ergonomic}
     bool SegmentedCodeCache                       = true                                      {product} {ergonomic}
   size_t SoftMaxHeapSize                          = 4259315712                             {manageable} {ergonomic}
     bool UseCompressedOops                        = true                           {product lp64_product} {ergonomic}
     bool UseG1GC                                  = true                                      {product} {ergonomic}
     bool UseLargePagesIndividualAllocation        = false                                  {pd product} {ergonomic}

Logging:
Log output configuration:
 #0: stdout all=warning uptime,level,tags foldmultilines=false
 #1: stderr all=off uptime,level,tags foldmultilines=false

Environment Variables:
CLASSPATH=C:\Program Files\Java\jdk-17\bin
PATH=C:\Program Files\Common Files\Oracle\Java\javapath;C:\Program Files (x86)\Common Files\Oracle\Java\javapath;C:\Program Files (x86)\VMware\VMware Player\bin\;C:\oraclexe\app\oracle\product\11.2.0\server\bin;C:\WINDOWS\system32;C:\WINDOWS;C:\WINDOWS\System32\Wbem;C:\WINDOWS\System32\WindowsPowerShell\v1.0\;C:\WINDOWS\System32\OpenSSH\;C:\Program Files\dotnet\;C:\Program Files (x86)\Intel\Intel(R) Management Engine Components\DAL;C:\Program Files\Intel\Intel(R) Management Engine Components\DAL;C:\Program Files\Git\cmd;C:\Program Files\nodejs;C:\MinGW\bin;C:\Program Files\Java\jdk1.8.0_202\bin\;D:\software\Nodejs\;C:\Program Files\Microsoft SQL Server\130\Tools\Binn\;E:\XAMPP\mysql\bin;D:\Intelije\IntelliJ IDEA Community Edition 2024.1.3\bin;C:\Program Files\MongoDB\mongosh-2.3.2-win32-x64\bin;C:\Program Files (x86)\Microsoft SQL Server\100\Tools\Binn\;C:\Program Files\Microsoft SQL Server\100\Tools\Binn\;C:\Program Files\Microsoft SQL Server\100\DTS\Binn\;C:\Program Files\Java\jdk-21\bin;C:\Program Files\MySQL\MySQL Shell 8.0\bin\;C:\Users\pc\AppData\Local\Programs\Python\Python312\Scripts\;C:\Users\pc\AppData\Local\Programs\Python\Python312\;C:\Users\pc\AppData\Local\Programs\Python\Launcher\;C:\Users\pc\AppData\Local\Microsoft\WindowsApps;C:\Users\pc\AppData\Local\Programs\Microsoft VS Code\bin;C:\MinGW\bin;C:\Users\pc\AppData\Roaming\npm;C:\Users\pc\AppData\Local\GitHubDesktop\bin;C:\Users\pc\AppData\Local\JetBrains\IntelliJ IDEA Community Edition 2024.1.3\bin;;D:\Nmap;C:\Program Files\Java\jdk-17\bin;D:\Intelije\IntelliJ IDEA Community Edition 2024.1.3\bin;
USERNAME=pc
OS=Windows_NT
PROCESSOR_IDENTIFIER=Intel64 Family 6 Model 142 Stepping 10, GenuineIntel
TMP=C:\Users\pc\AppData\Local\Temp
TEMP=C:\Users\pc\AppData\Local\Temp




Periodic native trim disabled

---------------  S Y S T E M  ---------------

OS:
 Windows 11 , 64 bit Build 26100 (10.0.26100.3323)
OS uptime: 0 days 0:45 hours
Hyper-V role detected

CPU: total 8 (initial active 8) (4 cores per cpu, 2 threads per core) family 6 model 142 stepping 10 microcode 0xf0, cx8, cmov, fxsr, ht, mmx, 3dnowpref, sse, sse2, sse3, ssse3, sse4.1, sse4.2, popcnt, lzcnt, tsc, tscinvbit, avx, avx2, aes, erms, clmul, bmi1, bmi2, rtm, adx, fma, vzeroupper, clflush, clflushopt, hv, rdtscp, f16c
Processor Information for processor 0
  Max Mhz: 2112, Current Mhz: 1910, Mhz Limit: 1900
Processor Information for processor 1
  Max Mhz: 2112, Current Mhz: 1508, Mhz Limit: 1900
Processor Information for processor 2
  Max Mhz: 2112, Current Mhz: 1508, Mhz Limit: 1900
Processor Information for processor 3
  Max Mhz: 2112, Current Mhz: 1508, Mhz Limit: 1900
Processor Information for processor 4
  Max Mhz: 2112, Current Mhz: 1910, Mhz Limit: 1900
Processor Information for processor 5
  Max Mhz: 2112, Current Mhz: 1508, Mhz Limit: 1900
Processor Information for processor 6
  Max Mhz: 2112, Current Mhz: 1910, Mhz Limit: 1900
Processor Information for processor 7
  Max Mhz: 2112, Current Mhz: 1910, Mhz Limit: 1900

Memory: 4k page, system-wide physical 16242M (4092M free)
TotalPageFile size 16242M (AvailPageFile size 46M)
current process WorkingSet (physical memory assigned to process): 109M, peak: 109M
current process commit charge ("private bytes"): 368M, peak: 370M

vm_info: Java HotSpot(TM) 64-Bit Server VM (21.0.6+8-LTS-188) for windows-amd64 JRE (21.0.6+8-LTS-188), built on 2024-12-03T10:50:54Z by "mach5one" with MS VC++ 17.6 (VS2022)

END.
