#
# There is insufficient memory for the Java Runtime Environment to continue.
# Native memory allocation (malloc) failed to allocate 114896 bytes for Chunk::new
# Possible reasons:
#   The system is out of physical RAM or swap space
#   The process is running with CompressedOops enabled, and the Java Heap may be blocking the growth of the native heap
# Possible solutions:
#   Reduce memory load on the system
#   Increase physical memory or swap space
#   Check if swap backing store is full
#   Decrease Java heap size (-Xmx/-Xms)
#   Decrease number of Java threads
#   Decrease Java thread stack sizes (-Xss)
#   Set larger code cache with -XX:ReservedCodeCacheSize=
#   JVM is running with Zero Based Compressed Oops mode in which the Java heap is
#     placed in the first 32GB address space. The Java Heap base address is the
#     maximum limit for the native heap growth. Please use -XX:HeapBaseMinAddress
#     to set the Java Heap base and to place the Java Heap above 32GB virtual address.
# This output file may be truncated or incomplete.
#
#  Out of Memory Error (arena.cpp:168), pid=2268, tid=20696
#
# JRE version: Java(TM) SE Runtime Environment (21.0.6+8) (build 21.0.6+8-LTS-188)
# Java VM: Java HotSpot(TM) 64-Bit Server VM (21.0.6+8-LTS-188, mixed mode, sharing, tiered, compressed oops, compressed class ptrs, g1 gc, windows-amd64)
# No core dump will be written. Minidumps are not enabled by default on client versions of Windows
#

---------------  S U M M A R Y ------------

Command Line: -javaagent:C:\Users\pc\AppData\Local\JetBrains\IntelliJ IDEA Community Edition 2024.1.3\lib\idea_rt.jar=22777:C:\Users\pc\AppData\Local\JetBrains\IntelliJ IDEA Community Edition 2024.1.3\bin -Dfile.encoding=UTF-8 com.blogwebsite.blog.ServiceBlogApplication

Host: Intel(R) Core(TM) i7-8650U CPU @ 1.90GHz, 8 cores, 15G,  Windows 11 , 64 bit Build 26100 (10.0.26100.3323)
Time: Tue Mar 25 00:35:52 2025 India Standard Time elapsed time: 3.217510 seconds (0d 0h 0m 3s)

---------------  T H R E A D  ---------------

Current thread (0x000002256a01f870):  JavaThread "C2 CompilerThread1" daemon [_thread_in_native, id=20696, stack(0x0000009e24e00000,0x0000009e24f00000) (1024K)]


Current CompileTask:
C2:   3217 1043       4       java.util.HashMap::putVal (300 bytes)

Stack: [0x0000009e24e00000,0x0000009e24f00000]
Native frames: (J=compiled Java code, j=interpreted, Vv=VM code, C=native code)
V  [jvm.dll+0x6ca6d9]
V  [jvm.dll+0x854f51]
V  [jvm.dll+0x85747e]
V  [jvm.dll+0x857b53]
V  [jvm.dll+0x27dcc6]
V  [jvm.dll+0xc4c2d]
V  [jvm.dll+0xc5163]
V  [jvm.dll+0x13ebef]
V  [jvm.dll+0x65b855]
V  [jvm.dll+0x659d6d]
V  [jvm.dll+0x2467a5]
V  [jvm.dll+0x245eff]
V  [jvm.dll+0x1c6d2e]
V  [jvm.dll+0x2554f9]
V  [jvm.dll+0x253a8a]
V  [jvm.dll+0x3ee576]
V  [jvm.dll+0x7ff2fb]
V  [jvm.dll+0x6c8dbd]
C  [ucrtbase.dll+0x37b0]
C  [KERNEL32.DLL+0x2e8d7]
C  [ntdll.dll+0xbbf6c]


---------------  P R O C E S S  ---------------

Threads class SMR info:
_java_thread_list=0x000002256a6f90d0, length=14, elements={
0x0000022544aad2b0, 0x000002256569cc30, 0x000002256569e2f0, 0x000002256a0057b0,
0x000002256a006200, 0x000002256a007a20, 0x000002256a00b480, 0x000002256a018980,
0x000002256a01f1a0, 0x000002256a11c180, 0x000002256a560980, 0x000002256a563330,
0x000002256a01f870, 0x000002256a01cf90
}

Java Threads: ( => current thread )
  0x0000022544aad2b0 JavaThread "main"                              [_thread_in_Java, id=21312, stack(0x0000009e23d00000,0x0000009e23e00000) (1024K)]
  0x000002256569cc30 JavaThread "Reference Handler"          daemon [_thread_blocked, id=3864, stack(0x0000009e24500000,0x0000009e24600000) (1024K)]
  0x000002256569e2f0 JavaThread "Finalizer"                  daemon [_thread_blocked, id=20976, stack(0x0000009e24600000,0x0000009e24700000) (1024K)]
  0x000002256a0057b0 JavaThread "Signal Dispatcher"          daemon [_thread_blocked, id=13872, stack(0x0000009e24700000,0x0000009e24800000) (1024K)]
  0x000002256a006200 JavaThread "Attach Listener"            daemon [_thread_blocked, id=18984, stack(0x0000009e24800000,0x0000009e24900000) (1024K)]
  0x000002256a007a20 JavaThread "Service Thread"             daemon [_thread_blocked, id=19676, stack(0x0000009e24900000,0x0000009e24a00000) (1024K)]
  0x000002256a00b480 JavaThread "Monitor Deflation Thread"   daemon [_thread_blocked, id=14316, stack(0x0000009e24a00000,0x0000009e24b00000) (1024K)]
  0x000002256a018980 JavaThread "C2 CompilerThread0"         daemon [_thread_in_native, id=19580, stack(0x0000009e24b00000,0x0000009e24c00000) (1024K)]
  0x000002256a01f1a0 JavaThread "C1 CompilerThread0"         daemon [_thread_in_native, id=5380, stack(0x0000009e24c00000,0x0000009e24d00000) (1024K)]
  0x000002256a11c180 JavaThread "Common-Cleaner"             daemon [_thread_blocked, id=20752, stack(0x0000009e24d00000,0x0000009e24e00000) (1024K)]
  0x000002256a560980 JavaThread "Monitor Ctrl-Break"         daemon [_thread_in_native, id=3052, stack(0x0000009e24f00000,0x0000009e25000000) (1024K)]
  0x000002256a563330 JavaThread "Notification Thread"        daemon [_thread_blocked, id=9940, stack(0x0000009e25000000,0x0000009e25100000) (1024K)]
=>0x000002256a01f870 JavaThread "C2 CompilerThread1"         daemon [_thread_in_native, id=20696, stack(0x0000009e24e00000,0x0000009e24f00000) (1024K)]
  0x000002256a01cf90 JavaThread "C2 CompilerThread2"         daemon [_thread_in_native, id=13364, stack(0x0000009e25600000,0x0000009e25700000) (1024K)]
Total: 14

Other Threads:
  0x000002256567c250 VMThread "VM Thread"                           [id=6956, stack(0x0000009e24400000,0x0000009e24500000) (1024K)]
  0x0000022565669450 WatcherThread "VM Periodic Task Thread"        [id=16096, stack(0x0000009e24300000,0x0000009e24400000) (1024K)]
  0x0000022546cd8bc0 WorkerThread "GC Thread#0"                     [id=17608, stack(0x0000009e23e00000,0x0000009e23f00000) (1024K)]
  0x000002256abfe510 WorkerThread "GC Thread#1"                     [id=17572, stack(0x0000009e25100000,0x0000009e25200000) (1024K)]
  0x000002256abfe8b0 WorkerThread "GC Thread#2"                     [id=17684, stack(0x0000009e25200000,0x0000009e25300000) (1024K)]
  0x000002256a7986c0 WorkerThread "GC Thread#3"                     [id=16376, stack(0x0000009e25300000,0x0000009e25400000) (1024K)]
  0x000002256af0e390 WorkerThread "GC Thread#4"                     [id=19604, stack(0x0000009e25400000,0x0000009e25500000) (1024K)]
  0x000002256af0ebb0 WorkerThread "GC Thread#5"                     [id=10492, stack(0x0000009e25500000,0x0000009e25600000) (1024K)]
  0x0000022546d28010 ConcurrentGCThread "G1 Main Marker"            [id=19856, stack(0x0000009e23f00000,0x0000009e24000000) (1024K)]
  0x0000022546d29ac0 WorkerThread "G1 Conc#0"                       [id=19776, stack(0x0000009e24000000,0x0000009e24100000) (1024K)]
  0x0000022565536de0 ConcurrentGCThread "G1 Refine#0"               [id=19188, stack(0x0000009e24100000,0x0000009e24200000) (1024K)]
  0x0000022565538800 ConcurrentGCThread "G1 Service"                [id=21288, stack(0x0000009e24200000,0x0000009e24300000) (1024K)]
Total: 12

Threads with active compile tasks:
C2 CompilerThread0     6296 1041       4       java.util.jar.Attributes::putValue (13 bytes)
C2 CompilerThread1     6296 1043       4       java.util.HashMap::putVal (300 bytes)
C2 CompilerThread2     6297 1036   !   4       java.util.jar.Attributes::read (494 bytes)
Total: 3

VM state: not at safepoint (normal execution)

VM Mutex/Monitor currently owned by a thread: None

Heap address: 0x0000000702200000, size: 4062 MB, Compressed Oops mode: Zero based, Oop shift amount: 3

CDS archive(s) mapped at: [0x0000022500000000-0x0000022500c90000-0x0000022500c90000), size 13172736, SharedBaseAddress: 0x0000022500000000, ArchiveRelocationMode: 1.
Compressed class space mapped at: 0x0000022501000000-0x0000022541000000, reserved size: 1073741824
Narrow klass base: 0x0000022500000000, Narrow klass shift: 0, Narrow klass range: 0x100000000

GC Precious Log:
 CardTable entry size: 512
 Card Set container configuration: InlinePtr #cards 4 size 8 Array Of Cards #cards 16 size 48 Howl #buckets 8 coarsen threshold 3686 Howl Bitmap #cards 512 size 80 coarsen threshold 460 Card regions per heap region 1 cards per card region 4096
 CPUs: 8 total, 8 available
 Memory: 16242M
 Large Page Support: Disabled
 NUMA Support: Disabled
 Compressed Oops: Enabled (Zero based)
 Heap Region Size: 2M
 Heap Min Capacity: 8M
 Heap Initial Capacity: 254M
 Heap Max Capacity: 4062M
 Pre-touch: Disabled
 Parallel Workers: 8
 Concurrent Workers: 2
 Concurrent Refinement Workers: 8
 Periodic GC: Disabled

Heap:
 garbage-first heap   total 260096K, used 20522K [0x0000000702200000, 0x0000000800000000)
  region size 2048K, 9 young (18432K), 2 survivors (4096K)
 Metaspace       used 5477K, committed 5696K, reserved 1114112K
  class space    used 523K, committed 640K, reserved 1048576K

Heap Regions: E=young(eden), S=young(survivor), O=old, HS=humongous(starts), HC=humongous(continues), CS=collection set, F=free, TAMS=top-at-mark-start, PB=parsable bottom
|   0|0x0000000702200000, 0x0000000702400000, 0x0000000702400000|100%| O|  |TAMS 0x0000000702200000| PB 0x0000000702200000| Untracked 
|   1|0x0000000702400000, 0x0000000702600000, 0x0000000702600000|100%| O|  |TAMS 0x0000000702400000| PB 0x0000000702400000| Untracked 
|   2|0x0000000702600000, 0x0000000702800000, 0x0000000702800000|100%| O|  |TAMS 0x0000000702600000| PB 0x0000000702600000| Untracked 
|   3|0x0000000702800000, 0x000000070280aaa0, 0x0000000702a00000|  2%| O|  |TAMS 0x0000000702800000| PB 0x0000000702800000| Untracked 
|   4|0x0000000702a00000, 0x0000000702a00000, 0x0000000702c00000|  0%| F|  |TAMS 0x0000000702a00000| PB 0x0000000702a00000| Untracked 
|   5|0x0000000702c00000, 0x0000000702c00000, 0x0000000702e00000|  0%| F|  |TAMS 0x0000000702c00000| PB 0x0000000702c00000| Untracked 
|   6|0x0000000702e00000, 0x0000000702e00000, 0x0000000703000000|  0%| F|  |TAMS 0x0000000702e00000| PB 0x0000000702e00000| Untracked 
|   7|0x0000000703000000, 0x0000000703000000, 0x0000000703200000|  0%| F|  |TAMS 0x0000000703000000| PB 0x0000000703000000| Untracked 
|   8|0x0000000703200000, 0x0000000703200000, 0x0000000703400000|  0%| F|  |TAMS 0x0000000703200000| PB 0x0000000703200000| Untracked 
|   9|0x0000000703400000, 0x0000000703400000, 0x0000000703600000|  0%| F|  |TAMS 0x0000000703400000| PB 0x0000000703400000| Untracked 
|  10|0x0000000703600000, 0x0000000703600000, 0x0000000703800000|  0%| F|  |TAMS 0x0000000703600000| PB 0x0000000703600000| Untracked 
|  11|0x0000000703800000, 0x0000000703800000, 0x0000000703a00000|  0%| F|  |TAMS 0x0000000703800000| PB 0x0000000703800000| Untracked 
|  12|0x0000000703a00000, 0x0000000703a00000, 0x0000000703c00000|  0%| F|  |TAMS 0x0000000703a00000| PB 0x0000000703a00000| Untracked 
|  13|0x0000000703c00000, 0x0000000703c00000, 0x0000000703e00000|  0%| F|  |TAMS 0x0000000703c00000| PB 0x0000000703c00000| Untracked 
|  14|0x0000000703e00000, 0x0000000703e00000, 0x0000000704000000|  0%| F|  |TAMS 0x0000000703e00000| PB 0x0000000703e00000| Untracked 
|  15|0x0000000704000000, 0x0000000704000000, 0x0000000704200000|  0%| F|  |TAMS 0x0000000704000000| PB 0x0000000704000000| Untracked 
|  16|0x0000000704200000, 0x0000000704200000, 0x0000000704400000|  0%| F|  |TAMS 0x0000000704200000| PB 0x0000000704200000| Untracked 
|  17|0x0000000704400000, 0x0000000704400000, 0x0000000704600000|  0%| F|  |TAMS 0x0000000704400000| PB 0x0000000704400000| Untracked 
|  18|0x0000000704600000, 0x0000000704600000, 0x0000000704800000|  0%| F|  |TAMS 0x0000000704600000| PB 0x0000000704600000| Untracked 
|  19|0x0000000704800000, 0x0000000704800000, 0x0000000704a00000|  0%| F|  |TAMS 0x0000000704800000| PB 0x0000000704800000| Untracked 
|  20|0x0000000704a00000, 0x0000000704a00000, 0x0000000704c00000|  0%| F|  |TAMS 0x0000000704a00000| PB 0x0000000704a00000| Untracked 
|  21|0x0000000704c00000, 0x0000000704c00000, 0x0000000704e00000|  0%| F|  |TAMS 0x0000000704c00000| PB 0x0000000704c00000| Untracked 
|  22|0x0000000704e00000, 0x0000000704e00000, 0x0000000705000000|  0%| F|  |TAMS 0x0000000704e00000| PB 0x0000000704e00000| Untracked 
|  23|0x0000000705000000, 0x0000000705000000, 0x0000000705200000|  0%| F|  |TAMS 0x0000000705000000| PB 0x0000000705000000| Untracked 
|  24|0x0000000705200000, 0x0000000705200000, 0x0000000705400000|  0%| F|  |TAMS 0x0000000705200000| PB 0x0000000705200000| Untracked 
|  25|0x0000000705400000, 0x0000000705400000, 0x0000000705600000|  0%| F|  |TAMS 0x0000000705400000| PB 0x0000000705400000| Untracked 
|  26|0x0000000705600000, 0x0000000705600000, 0x0000000705800000|  0%| F|  |TAMS 0x0000000705600000| PB 0x0000000705600000| Untracked 
|  27|0x0000000705800000, 0x0000000705800000, 0x0000000705a00000|  0%| F|  |TAMS 0x0000000705800000| PB 0x0000000705800000| Untracked 
|  28|0x0000000705a00000, 0x0000000705a00000, 0x0000000705c00000|  0%| F|  |TAMS 0x0000000705a00000| PB 0x0000000705a00000| Untracked 
|  29|0x0000000705c00000, 0x0000000705c00000, 0x0000000705e00000|  0%| F|  |TAMS 0x0000000705c00000| PB 0x0000000705c00000| Untracked 
|  30|0x0000000705e00000, 0x0000000705e00000, 0x0000000706000000|  0%| F|  |TAMS 0x0000000705e00000| PB 0x0000000705e00000| Untracked 
|  31|0x0000000706000000, 0x0000000706000000, 0x0000000706200000|  0%| F|  |TAMS 0x0000000706000000| PB 0x0000000706000000| Untracked 
|  32|0x0000000706200000, 0x0000000706200000, 0x0000000706400000|  0%| F|  |TAMS 0x0000000706200000| PB 0x0000000706200000| Untracked 
|  33|0x0000000706400000, 0x0000000706400000, 0x0000000706600000|  0%| F|  |TAMS 0x0000000706400000| PB 0x0000000706400000| Untracked 
|  34|0x0000000706600000, 0x0000000706600000, 0x0000000706800000|  0%| F|  |TAMS 0x0000000706600000| PB 0x0000000706600000| Untracked 
|  35|0x0000000706800000, 0x0000000706800000, 0x0000000706a00000|  0%| F|  |TAMS 0x0000000706800000| PB 0x0000000706800000| Untracked 
|  36|0x0000000706a00000, 0x0000000706a00000, 0x0000000706c00000|  0%| F|  |TAMS 0x0000000706a00000| PB 0x0000000706a00000| Untracked 
|  37|0x0000000706c00000, 0x0000000706c00000, 0x0000000706e00000|  0%| F|  |TAMS 0x0000000706c00000| PB 0x0000000706c00000| Untracked 
|  38|0x0000000706e00000, 0x0000000706e00000, 0x0000000707000000|  0%| F|  |TAMS 0x0000000706e00000| PB 0x0000000706e00000| Untracked 
|  39|0x0000000707000000, 0x0000000707000000, 0x0000000707200000|  0%| F|  |TAMS 0x0000000707000000| PB 0x0000000707000000| Untracked 
|  40|0x0000000707200000, 0x0000000707200000, 0x0000000707400000|  0%| F|  |TAMS 0x0000000707200000| PB 0x0000000707200000| Untracked 
|  41|0x0000000707400000, 0x0000000707400000, 0x0000000707600000|  0%| F|  |TAMS 0x0000000707400000| PB 0x0000000707400000| Untracked 
|  42|0x0000000707600000, 0x0000000707600000, 0x0000000707800000|  0%| F|  |TAMS 0x0000000707600000| PB 0x0000000707600000| Untracked 
|  43|0x0000000707800000, 0x0000000707800000, 0x0000000707a00000|  0%| F|  |TAMS 0x0000000707800000| PB 0x0000000707800000| Untracked 
|  44|0x0000000707a00000, 0x0000000707a00000, 0x0000000707c00000|  0%| F|  |TAMS 0x0000000707a00000| PB 0x0000000707a00000| Untracked 
|  45|0x0000000707c00000, 0x0000000707c00000, 0x0000000707e00000|  0%| F|  |TAMS 0x0000000707c00000| PB 0x0000000707c00000| Untracked 
|  46|0x0000000707e00000, 0x0000000707e00000, 0x0000000708000000|  0%| F|  |TAMS 0x0000000707e00000| PB 0x0000000707e00000| Untracked 
|  47|0x0000000708000000, 0x0000000708000000, 0x0000000708200000|  0%| F|  |TAMS 0x0000000708000000| PB 0x0000000708000000| Untracked 
|  48|0x0000000708200000, 0x0000000708200000, 0x0000000708400000|  0%| F|  |TAMS 0x0000000708200000| PB 0x0000000708200000| Untracked 
|  49|0x0000000708400000, 0x0000000708400000, 0x0000000708600000|  0%| F|  |TAMS 0x0000000708400000| PB 0x0000000708400000| Untracked 
|  50|0x0000000708600000, 0x0000000708600000, 0x0000000708800000|  0%| F|  |TAMS 0x0000000708600000| PB 0x0000000708600000| Untracked 
|  51|0x0000000708800000, 0x0000000708800000, 0x0000000708a00000|  0%| F|  |TAMS 0x0000000708800000| PB 0x0000000708800000| Untracked 
|  52|0x0000000708a00000, 0x0000000708a00000, 0x0000000708c00000|  0%| F|  |TAMS 0x0000000708a00000| PB 0x0000000708a00000| Untracked 
|  53|0x0000000708c00000, 0x0000000708c00000, 0x0000000708e00000|  0%| F|  |TAMS 0x0000000708c00000| PB 0x0000000708c00000| Untracked 
|  54|0x0000000708e00000, 0x0000000708e00000, 0x0000000709000000|  0%| F|  |TAMS 0x0000000708e00000| PB 0x0000000708e00000| Untracked 
|  55|0x0000000709000000, 0x0000000709000000, 0x0000000709200000|  0%| F|  |TAMS 0x0000000709000000| PB 0x0000000709000000| Untracked 
|  56|0x0000000709200000, 0x0000000709200000, 0x0000000709400000|  0%| F|  |TAMS 0x0000000709200000| PB 0x0000000709200000| Untracked 
|  57|0x0000000709400000, 0x0000000709400000, 0x0000000709600000|  0%| F|  |TAMS 0x0000000709400000| PB 0x0000000709400000| Untracked 
|  58|0x0000000709600000, 0x0000000709600000, 0x0000000709800000|  0%| F|  |TAMS 0x0000000709600000| PB 0x0000000709600000| Untracked 
|  59|0x0000000709800000, 0x0000000709800000, 0x0000000709a00000|  0%| F|  |TAMS 0x0000000709800000| PB 0x0000000709800000| Untracked 
|  60|0x0000000709a00000, 0x0000000709a00000, 0x0000000709c00000|  0%| F|  |TAMS 0x0000000709a00000| PB 0x0000000709a00000| Untracked 
|  61|0x0000000709c00000, 0x0000000709c00000, 0x0000000709e00000|  0%| F|  |TAMS 0x0000000709c00000| PB 0x0000000709c00000| Untracked 
|  62|0x0000000709e00000, 0x0000000709e00000, 0x000000070a000000|  0%| F|  |TAMS 0x0000000709e00000| PB 0x0000000709e00000| Untracked 
|  63|0x000000070a000000, 0x000000070a000000, 0x000000070a200000|  0%| F|  |TAMS 0x000000070a000000| PB 0x000000070a000000| Untracked 
|  64|0x000000070a200000, 0x000000070a200000, 0x000000070a400000|  0%| F|  |TAMS 0x000000070a200000| PB 0x000000070a200000| Untracked 
|  65|0x000000070a400000, 0x000000070a400000, 0x000000070a600000|  0%| F|  |TAMS 0x000000070a400000| PB 0x000000070a400000| Untracked 
|  66|0x000000070a600000, 0x000000070a600000, 0x000000070a800000|  0%| F|  |TAMS 0x000000070a600000| PB 0x000000070a600000| Untracked 
|  67|0x000000070a800000, 0x000000070a800000, 0x000000070aa00000|  0%| F|  |TAMS 0x000000070a800000| PB 0x000000070a800000| Untracked 
|  68|0x000000070aa00000, 0x000000070aa00000, 0x000000070ac00000|  0%| F|  |TAMS 0x000000070aa00000| PB 0x000000070aa00000| Untracked 
|  69|0x000000070ac00000, 0x000000070ac00000, 0x000000070ae00000|  0%| F|  |TAMS 0x000000070ac00000| PB 0x000000070ac00000| Untracked 
|  70|0x000000070ae00000, 0x000000070ae00000, 0x000000070b000000|  0%| F|  |TAMS 0x000000070ae00000| PB 0x000000070ae00000| Untracked 
|  71|0x000000070b000000, 0x000000070b000000, 0x000000070b200000|  0%| F|  |TAMS 0x000000070b000000| PB 0x000000070b000000| Untracked 
|  72|0x000000070b200000, 0x000000070b200000, 0x000000070b400000|  0%| F|  |TAMS 0x000000070b200000| PB 0x000000070b200000| Untracked 
|  73|0x000000070b400000, 0x000000070b400000, 0x000000070b600000|  0%| F|  |TAMS 0x000000070b400000| PB 0x000000070b400000| Untracked 
|  74|0x000000070b600000, 0x000000070b600000, 0x000000070b800000|  0%| F|  |TAMS 0x000000070b600000| PB 0x000000070b600000| Untracked 
|  75|0x000000070b800000, 0x000000070b800000, 0x000000070ba00000|  0%| F|  |TAMS 0x000000070b800000| PB 0x000000070b800000| Untracked 
|  76|0x000000070ba00000, 0x000000070ba00000, 0x000000070bc00000|  0%| F|  |TAMS 0x000000070ba00000| PB 0x000000070ba00000| Untracked 
|  77|0x000000070bc00000, 0x000000070bc00000, 0x000000070be00000|  0%| F|  |TAMS 0x000000070bc00000| PB 0x000000070bc00000| Untracked 
|  78|0x000000070be00000, 0x000000070be00000, 0x000000070c000000|  0%| F|  |TAMS 0x000000070be00000| PB 0x000000070be00000| Untracked 
|  79|0x000000070c000000, 0x000000070c000000, 0x000000070c200000|  0%| F|  |TAMS 0x000000070c000000| PB 0x000000070c000000| Untracked 
|  80|0x000000070c200000, 0x000000070c200000, 0x000000070c400000|  0%| F|  |TAMS 0x000000070c200000| PB 0x000000070c200000| Untracked 
|  81|0x000000070c400000, 0x000000070c400000, 0x000000070c600000|  0%| F|  |TAMS 0x000000070c400000| PB 0x000000070c400000| Untracked 
|  82|0x000000070c600000, 0x000000070c600000, 0x000000070c800000|  0%| F|  |TAMS 0x000000070c600000| PB 0x000000070c600000| Untracked 
|  83|0x000000070c800000, 0x000000070c800000, 0x000000070ca00000|  0%| F|  |TAMS 0x000000070c800000| PB 0x000000070c800000| Untracked 
|  84|0x000000070ca00000, 0x000000070ca00000, 0x000000070cc00000|  0%| F|  |TAMS 0x000000070ca00000| PB 0x000000070ca00000| Untracked 
|  85|0x000000070cc00000, 0x000000070cc00000, 0x000000070ce00000|  0%| F|  |TAMS 0x000000070cc00000| PB 0x000000070cc00000| Untracked 
|  86|0x000000070ce00000, 0x000000070ce00000, 0x000000070d000000|  0%| F|  |TAMS 0x000000070ce00000| PB 0x000000070ce00000| Untracked 
|  87|0x000000070d000000, 0x000000070d000000, 0x000000070d200000|  0%| F|  |TAMS 0x000000070d000000| PB 0x000000070d000000| Untracked 
|  88|0x000000070d200000, 0x000000070d200000, 0x000000070d400000|  0%| F|  |TAMS 0x000000070d200000| PB 0x000000070d200000| Untracked 
|  89|0x000000070d400000, 0x000000070d400000, 0x000000070d600000|  0%| F|  |TAMS 0x000000070d400000| PB 0x000000070d400000| Untracked 
|  90|0x000000070d600000, 0x000000070d600000, 0x000000070d800000|  0%| F|  |TAMS 0x000000070d600000| PB 0x000000070d600000| Untracked 
|  91|0x000000070d800000, 0x000000070d800000, 0x000000070da00000|  0%| F|  |TAMS 0x000000070d800000| PB 0x000000070d800000| Untracked 
|  92|0x000000070da00000, 0x000000070da00000, 0x000000070dc00000|  0%| F|  |TAMS 0x000000070da00000| PB 0x000000070da00000| Untracked 
|  93|0x000000070dc00000, 0x000000070dc00000, 0x000000070de00000|  0%| F|  |TAMS 0x000000070dc00000| PB 0x000000070dc00000| Untracked 
|  94|0x000000070de00000, 0x000000070de00000, 0x000000070e000000|  0%| F|  |TAMS 0x000000070de00000| PB 0x000000070de00000| Untracked 
|  95|0x000000070e000000, 0x000000070e000000, 0x000000070e200000|  0%| F|  |TAMS 0x000000070e000000| PB 0x000000070e000000| Untracked 
|  96|0x000000070e200000, 0x000000070e200000, 0x000000070e400000|  0%| F|  |TAMS 0x000000070e200000| PB 0x000000070e200000| Untracked 
|  97|0x000000070e400000, 0x000000070e400000, 0x000000070e600000|  0%| F|  |TAMS 0x000000070e400000| PB 0x000000070e400000| Untracked 
|  98|0x000000070e600000, 0x000000070e600000, 0x000000070e800000|  0%| F|  |TAMS 0x000000070e600000| PB 0x000000070e600000| Untracked 
|  99|0x000000070e800000, 0x000000070e800000, 0x000000070ea00000|  0%| F|  |TAMS 0x000000070e800000| PB 0x000000070e800000| Untracked 
| 100|0x000000070ea00000, 0x000000070ea00000, 0x000000070ec00000|  0%| F|  |TAMS 0x000000070ea00000| PB 0x000000070ea00000| Untracked 
| 101|0x000000070ec00000, 0x000000070ec00000, 0x000000070ee00000|  0%| F|  |TAMS 0x000000070ec00000| PB 0x000000070ec00000| Untracked 
| 102|0x000000070ee00000, 0x000000070ee00000, 0x000000070f000000|  0%| F|  |TAMS 0x000000070ee00000| PB 0x000000070ee00000| Untracked 
| 103|0x000000070f000000, 0x000000070f000000, 0x000000070f200000|  0%| F|  |TAMS 0x000000070f000000| PB 0x000000070f000000| Untracked 
| 104|0x000000070f200000, 0x000000070f200000, 0x000000070f400000|  0%| F|  |TAMS 0x000000070f200000| PB 0x000000070f200000| Untracked 
| 105|0x000000070f400000, 0x000000070f400000, 0x000000070f600000|  0%| F|  |TAMS 0x000000070f400000| PB 0x000000070f400000| Untracked 
| 106|0x000000070f600000, 0x000000070f600000, 0x000000070f800000|  0%| F|  |TAMS 0x000000070f600000| PB 0x000000070f600000| Untracked 
| 107|0x000000070f800000, 0x000000070f800000, 0x000000070fa00000|  0%| F|  |TAMS 0x000000070f800000| PB 0x000000070f800000| Untracked 
| 108|0x000000070fa00000, 0x000000070fa00000, 0x000000070fc00000|  0%| F|  |TAMS 0x000000070fa00000| PB 0x000000070fa00000| Untracked 
| 109|0x000000070fc00000, 0x000000070fc00000, 0x000000070fe00000|  0%| F|  |TAMS 0x000000070fc00000| PB 0x000000070fc00000| Untracked 
| 110|0x000000070fe00000, 0x000000070fe00000, 0x0000000710000000|  0%| F|  |TAMS 0x000000070fe00000| PB 0x000000070fe00000| Untracked 
| 111|0x0000000710000000, 0x0000000710000000, 0x0000000710200000|  0%| F|  |TAMS 0x0000000710000000| PB 0x0000000710000000| Untracked 
| 112|0x0000000710200000, 0x0000000710200000, 0x0000000710400000|  0%| F|  |TAMS 0x0000000710200000| PB 0x0000000710200000| Untracked 
| 113|0x0000000710400000, 0x0000000710400000, 0x0000000710600000|  0%| F|  |TAMS 0x0000000710400000| PB 0x0000000710400000| Untracked 
| 114|0x0000000710600000, 0x0000000710800000, 0x0000000710800000|100%| S|CS|TAMS 0x0000000710600000| PB 0x0000000710600000| Complete 
| 115|0x0000000710800000, 0x0000000710a00000, 0x0000000710a00000|100%| S|CS|TAMS 0x0000000710800000| PB 0x0000000710800000| Complete 
| 116|0x0000000710a00000, 0x0000000710a00000, 0x0000000710c00000|  0%| F|  |TAMS 0x0000000710a00000| PB 0x0000000710a00000| Untracked 
| 117|0x0000000710c00000, 0x0000000710c00000, 0x0000000710e00000|  0%| F|  |TAMS 0x0000000710c00000| PB 0x0000000710c00000| Untracked 
| 118|0x0000000710e00000, 0x0000000710e00000, 0x0000000711000000|  0%| F|  |TAMS 0x0000000710e00000| PB 0x0000000710e00000| Untracked 
| 119|0x0000000711000000, 0x0000000711000000, 0x0000000711200000|  0%| F|  |TAMS 0x0000000711000000| PB 0x0000000711000000| Untracked 
| 120|0x0000000711200000, 0x0000000711257ef8, 0x0000000711400000| 17%| E|  |TAMS 0x0000000711200000| PB 0x0000000711200000| Complete 
| 121|0x0000000711400000, 0x0000000711600000, 0x0000000711600000|100%| E|CS|TAMS 0x0000000711400000| PB 0x0000000711400000| Complete 
| 122|0x0000000711600000, 0x0000000711800000, 0x0000000711800000|100%| E|CS|TAMS 0x0000000711600000| PB 0x0000000711600000| Complete 
| 123|0x0000000711800000, 0x0000000711a00000, 0x0000000711a00000|100%| E|CS|TAMS 0x0000000711800000| PB 0x0000000711800000| Complete 
| 124|0x0000000711a00000, 0x0000000711c00000, 0x0000000711c00000|100%| E|CS|TAMS 0x0000000711a00000| PB 0x0000000711a00000| Complete 
| 125|0x0000000711c00000, 0x0000000711e00000, 0x0000000711e00000|100%| E|  |TAMS 0x0000000711c00000| PB 0x0000000711c00000| Complete 
| 126|0x0000000711e00000, 0x0000000712000000, 0x0000000712000000|100%| E|CS|TAMS 0x0000000711e00000| PB 0x0000000711e00000| Complete 

Card table byte_map: [0x000002255ec20000,0x000002255f410000] _byte_map_base: 0x000002255b40f000

Marking Bits: (CMBitMap*) 0x0000022546cd92c0
 Bits: [0x000002255f410000, 0x0000022563388000)

Polling page: 0x0000022546430000

Metaspace:

Usage:
  Non-class:      4.84 MB used.
      Class:    523.13 KB used.
       Both:      5.35 MB used.

Virtual space:
  Non-class space:       64.00 MB reserved,       4.94 MB (  8%) committed,  1 nodes.
      Class space:        1.00 GB reserved,     640.00 KB ( <1%) committed,  1 nodes.
             Both:        1.06 GB reserved,       5.56 MB ( <1%) committed. 

Chunk freelists:
   Non-Class:  10.72 MB
       Class:  15.25 MB
        Both:  25.97 MB

MaxMetaspaceSize: unlimited
CompressedClassSpaceSize: 1.00 GB
Initial GC threshold: 21.00 MB
Current GC threshold: 21.00 MB
CDS: on
 - commit_granule_bytes: 65536.
 - commit_granule_words: 8192.
 - virtual_space_node_default_size: 8388608.
 - enlarge_chunks_in_place: 1.
 - use_allocation_guard: 0.


Internal statistics:

num_allocs_failed_limit: 0.
num_arena_births: 114.
num_arena_deaths: 0.
num_vsnodes_births: 2.
num_vsnodes_deaths: 0.
num_space_committed: 89.
num_space_uncommitted: 0.
num_chunks_returned_to_freelist: 0.
num_chunks_taken_from_freelist: 218.
num_chunk_merges: 0.
num_chunk_splits: 131.
num_chunks_enlarged: 60.
num_inconsistent_stats: 0.

CodeHeap 'non-profiled nmethods': size=120000Kb used=451Kb max_used=451Kb free=119548Kb
 bounds [0x0000022556bc0000, 0x0000022556e30000, 0x000002255e0f0000]
CodeHeap 'profiled nmethods': size=120000Kb used=1948Kb max_used=1948Kb free=118051Kb
 bounds [0x000002254f0f0000, 0x000002254f360000, 0x0000022556620000]
CodeHeap 'non-nmethods': size=5760Kb used=1373Kb max_used=1398Kb free=4386Kb
 bounds [0x0000022556620000, 0x0000022556890000, 0x0000022556bc0000]
 total_blobs=1573 nmethods=1097 adapters=381
 compilation: enabled
              stopped_count=0, restarted_count=0
 full_count=0

Compilation events (20 events):
Event: 1.165 Thread 0x000002256a018980 nmethod 1027 0x0000022556c2eb90 code [0x0000022556c2ed20, 0x0000022556c2f1d0]
Event: 1.165 Thread 0x000002256a018980 1040       4       java.util.ImmutableCollections$MapN::get (35 bytes)
Event: 1.172 Thread 0x000002256a01f870 nmethod 1039 0x0000022556c2f290 code [0x0000022556c2f460, 0x0000022556c2fa10]
Event: 1.172 Thread 0x000002256a01f870 1043       4       java.util.HashMap::putVal (300 bytes)
Event: 1.174 Thread 0x000002256a018980 nmethod 1040 0x0000022556c2fc90 code [0x0000022556c2fe60, 0x0000022556c304c0]
Event: 1.174 Thread 0x000002256a018980 1032       4       java.lang.Integer::numberOfLeadingZeros (79 bytes)
Event: 1.175 Thread 0x000002256a018980 nmethod 1032 0x0000022556c30790 code [0x0000022556c30900, 0x0000022556c309e0]
Event: 1.175 Thread 0x000002256a018980 1041       4       java.util.jar.Attributes::putValue (13 bytes)
Event: 1.180 Thread 0x000002256a01f1a0 1049  s    3       java.io.ByteArrayOutputStream::write (32 bytes)
Event: 1.180 Thread 0x000002256a01f1a0 nmethod 1049 0x000002254f2b0190 code [0x000002254f2b0340, 0x000002254f2b0590]
Event: 1.180 Thread 0x000002256a01f1a0 1050       3       sun.security.util.DerValue::<init> (445 bytes)
Event: 1.182 Thread 0x000002256a01f1a0 nmethod 1050 0x000002254f2b0690 code [0x000002254f2b0a80, 0x000002254f2b23d0]
Event: 1.182 Thread 0x000002256a01f1a0 1051       3       sun.security.util.DerInputStream::getDerValue (76 bytes)
Event: 1.182 Thread 0x000002256a01f1a0 nmethod 1051 0x000002254f2b2c90 code [0x000002254f2b2e40, 0x000002254f2b30a8]
Event: 1.183 Thread 0x000002256a01f1a0 1052       3       java.lang.ref.Reference::<init> (7 bytes)
Event: 1.183 Thread 0x000002256a01f1a0 nmethod 1052 0x000002254f2b3210 code [0x000002254f2b33c0, 0x000002254f2b3680]
Event: 1.185 Thread 0x000002256a01f1a0 1053       3       java.net.URI::match (56 bytes)
Event: 1.185 Thread 0x000002256a01f1a0 nmethod 1053 0x000002254f2b3790 code [0x000002254f2b3940, 0x000002254f2b3c30]
Event: 1.186 Thread 0x000002256a01f1a0 1054       3       sun.security.util.DerInputStream::available (10 bytes)
Event: 1.186 Thread 0x000002256a01f1a0 nmethod 1054 0x000002254f2b3d10 code [0x000002254f2b3ea0, 0x000002254f2b3fb0]

GC Heap History (2 events):
Event: 1.013 GC heap before
{Heap before GC invocations=0 (full 0):
 garbage-first heap   total 260096K, used 20480K [0x0000000702200000, 0x0000000800000000)
  region size 2048K, 11 young (22528K), 0 survivors (0K)
 Metaspace       used 3497K, committed 3712K, reserved 1114112K
  class space    used 338K, committed 448K, reserved 1048576K
}
Event: 1.018 GC heap after
{Heap after GC invocations=1 (full 0):
 garbage-first heap   total 260096K, used 10282K [0x0000000702200000, 0x0000000800000000)
  region size 2048K, 2 young (4096K), 2 survivors (4096K)
 Metaspace       used 3497K, committed 3712K, reserved 1114112K
  class space    used 338K, committed 448K, reserved 1048576K
}

Dll operation events (10 events):
Event: 0.013 Loaded shared library C:\Program Files\Java\jdk-21\bin\java.dll
Event: 0.051 Loaded shared library C:\Program Files\Java\jdk-21\bin\jsvml.dll
Event: 0.165 Loaded shared library C:\Program Files\Java\jdk-21\bin\zip.dll
Event: 0.168 Loaded shared library C:\Program Files\Java\jdk-21\bin\instrument.dll
Event: 0.176 Loaded shared library C:\Program Files\Java\jdk-21\bin\net.dll
Event: 0.179 Loaded shared library C:\Program Files\Java\jdk-21\bin\nio.dll
Event: 0.188 Loaded shared library C:\Program Files\Java\jdk-21\bin\zip.dll
Event: 0.463 Loaded shared library C:\Users\pc\AppData\Local\JetBrains\IntelliJ IDEA Community Edition 2024.1.3\bin\breakgen64.dll
Event: 0.474 Loaded shared library C:\Program Files\Java\jdk-21\bin\extnet.dll
Event: 0.598 Loaded shared library C:\Program Files\Java\jdk-21\bin\jimage.dll

Deoptimization events (20 events):
Event: 1.148 Thread 0x0000022544aad2b0 DEOPT PACKING pc=0x0000022556c29ee4 sp=0x0000009e23dfb9e0
Event: 1.148 Thread 0x0000022544aad2b0 DEOPT UNPACKING pc=0x00000225566746a2 sp=0x0000009e23dfb998 mode 2
Event: 1.152 Thread 0x0000022544aad2b0 Uncommon trap: trap_request=0xffffff45 fr.pc=0x0000022556c24954 relative=0x0000000000001d54
Event: 1.152 Thread 0x0000022544aad2b0 Uncommon trap: reason=unstable_if action=reinterpret pc=0x0000022556c24954 method=java.util.jar.Attributes.read(Ljava/util/jar/Manifest$FastInputStream;[BLjava/lang/String;I)I @ 343 c2
Event: 1.153 Thread 0x0000022544aad2b0 DEOPT PACKING pc=0x0000022556c24954 sp=0x0000009e23dfd110
Event: 1.153 Thread 0x0000022544aad2b0 DEOPT UNPACKING pc=0x00000225566746a2 sp=0x0000009e23dfd0f8 mode 2
Event: 1.155 Thread 0x000002256a006200 Uncommon trap: trap_request=0xffffff45 fr.pc=0x0000022556bf2040 relative=0x00000000000001a0
Event: 1.155 Thread 0x000002256a006200 Uncommon trap: reason=unstable_if action=reinterpret pc=0x0000022556bf2040 method=java.util.concurrent.locks.ReentrantLock$NonfairSync.initialTryLock()Z @ 10 c2
Event: 1.155 Thread 0x000002256a006200 DEOPT PACKING pc=0x0000022556bf2040 sp=0x0000009e248ff060
Event: 1.155 Thread 0x000002256a006200 DEOPT UNPACKING pc=0x00000225566746a2 sp=0x0000009e248feef0 mode 2
Event: 1.155 Thread 0x000002256a006200 Uncommon trap: trap_request=0xffffff45 fr.pc=0x0000022556bf2718 relative=0x00000000000000f8
Event: 1.155 Thread 0x000002256a006200 Uncommon trap: reason=unstable_if action=reinterpret pc=0x0000022556bf2718 method=java.util.concurrent.locks.ReentrantLock$Sync.tryRelease(I)Z @ 26 c2
Event: 1.155 Thread 0x000002256a006200 DEOPT PACKING pc=0x0000022556bf2718 sp=0x0000009e248ff060
Event: 1.155 Thread 0x000002256a006200 DEOPT UNPACKING pc=0x00000225566746a2 sp=0x0000009e248feee0 mode 2
Event: 1.158 Thread 0x000002256a006200 DEOPT PACKING pc=0x000002254f131ec9 sp=0x0000009e248fef10
Event: 1.158 Thread 0x000002256a006200 DEOPT UNPACKING pc=0x0000022556674e42 sp=0x0000009e248fe388 mode 0
Event: 1.159 Thread 0x000002256a006200 Uncommon trap: trap_request=0xffffff45 fr.pc=0x0000022556bf17f8 relative=0x00000000000000d8
Event: 1.159 Thread 0x000002256a006200 Uncommon trap: reason=unstable_if action=reinterpret pc=0x0000022556bf17f8 method=java.util.concurrent.locks.ReentrantLock$Sync.tryRelease(I)Z @ 26 c2
Event: 1.159 Thread 0x000002256a006200 DEOPT PACKING pc=0x0000022556bf17f8 sp=0x0000009e248fef00
Event: 1.159 Thread 0x000002256a006200 DEOPT UNPACKING pc=0x00000225566746a2 sp=0x0000009e248feea0 mode 2

Classes loaded (20 events):
Event: 1.183 Loading class sun/security/x509/CertificatePoliciesExtension done
Event: 1.183 Loading class sun/security/x509/PolicyInformation
Event: 1.183 Loading class sun/security/x509/PolicyInformation done
Event: 1.183 Loading class sun/security/x509/CertificatePolicyId
Event: 1.183 Loading class sun/security/x509/CertificatePolicyId done
Event: 1.184 Loading class sun/security/x509/CRLDistributionPointsExtension
Event: 1.184 Loading class sun/security/x509/CRLDistributionPointsExtension done
Event: 1.184 Loading class sun/security/x509/DistributionPoint
Event: 1.184 Loading class sun/security/x509/DistributionPoint done
Event: 1.185 Loading class sun/security/x509/GeneralName
Event: 1.185 Loading class sun/security/x509/GeneralName done
Event: 1.185 Loading class sun/security/x509/URIName
Event: 1.185 Loading class sun/security/x509/URIName done
Event: 1.185 Loading class sun/security/x509/DNSName
Event: 1.186 Loading class sun/security/x509/DNSName done
Event: 1.186 Loading class sun/security/x509/AuthorityInfoAccessExtension
Event: 1.186 Loading class sun/security/x509/AuthorityInfoAccessExtension done
Event: 1.186 Loading class sun/security/x509/AccessDescription
Event: 1.187 Loading class sun/security/x509/AccessDescription done
Event: 1.189 Loading class sun/security/pkcs/SigningCertificateInfo

Classes unloaded (0 events):
No events

Classes redefined (0 events):
No events

Internal exceptions (11 events):
Event: 0.449 Thread 0x0000022544aad2b0 Exception <a 'java/lang/NoSuchMethodError'{0x00000007114cbd68}: 'void java.lang.invoke.DirectMethodHandle$Holder.invokeStatic(java.lang.Object, java.lang.Object, java.lang.Object)'> (0x00000007114cbd68) 
thrown [s\open\src\hotspot\share\interpreter\linkResolver.cpp, line 773]
Event: 0.452 Thread 0x0000022544aad2b0 Exception <a 'java/lang/NoSuchMethodError'{0x00000007114e32f0}: 'java.lang.Object java.lang.invoke.Invokers$Holder.invokeExact_MT(java.lang.Object, java.lang.Object, java.lang.Object, java.lang.Object, java.lang.Object)'> (0x00000007114e32f0) 
thrown [s\open\src\hotspot\share\interpreter\linkResolver.cpp, line 773]
Event: 0.477 Thread 0x000002256a560980 Exception <a 'java/lang/NoSuchMethodError'{0x00000007115351d0}: 'void java.lang.invoke.DirectMethodHandle$Holder.invokeStatic(java.lang.Object, java.lang.Object)'> (0x00000007115351d0) 
thrown [s\open\src\hotspot\share\interpreter\linkResolver.cpp, line 773]
Event: 0.708 Thread 0x0000022544aad2b0 Exception <a 'java/lang/ClassNotFoundException'{0x000000071138e2f0}: javax/smartcardio/CardPermission> (0x000000071138e2f0) 
thrown [s\open\src\hotspot\share\classfile\systemDictionary.cpp, line 312]
Event: 0.718 Thread 0x0000022544aad2b0 Exception <a 'java/io/FileNotFoundException'{0x000000071139ca98}> (0x000000071139ca98) 
thrown [s\open\src\hotspot\share\prims\jni.cpp, line 520]
Event: 0.753 Thread 0x0000022544aad2b0 Exception <a 'java/lang/NoSuchMethodError'{0x0000000711027cc8}: 'java.lang.Object java.lang.invoke.DirectMethodHandle$Holder.invokeSpecial(java.lang.Object, java.lang.Object, java.lang.Object, long, java.lang.Object)'> (0x0000000711027cc8) 
thrown [s\open\src\hotspot\share\interpreter\linkResolver.cpp, line 773]
Event: 0.753 Thread 0x0000022544aad2b0 Exception <a 'java/lang/NoSuchMethodError'{0x000000071102b628}: 'java.lang.Object java.lang.invoke.Invokers$Holder.linkToTargetMethod(java.lang.Object, long, java.lang.Object, java.lang.Object)'> (0x000000071102b628) 
thrown [s\open\src\hotspot\share\interpreter\linkResolver.cpp, line 773]
Event: 0.914 Thread 0x0000022544aad2b0 Exception <a 'java/lang/NoSuchMethodError'{0x0000000710e3dc90}: 'void java.lang.invoke.DirectMethodHandle$Holder.invokeStatic(java.lang.Object, java.lang.Object, java.lang.Object, java.lang.Object)'> (0x0000000710e3dc90) 
thrown [s\open\src\hotspot\share\interpreter\linkResolver.cpp, line 773]
Event: 0.979 Thread 0x0000022544aad2b0 Exception <a 'java/lang/NoSuchMethodError'{0x0000000710f51840}: 'int java.lang.invoke.DirectMethodHandle$Holder.invokeStaticInit(java.lang.Object, java.lang.Object)'> (0x0000000710f51840) 
thrown [s\open\src\hotspot\share\interpreter\linkResolver.cpp, line 773]
Event: 1.118 Thread 0x0000022544aad2b0 Exception <a 'java/lang/NoSuchMethodError'{0x0000000711947ac8}: 'void java.lang.invoke.DirectMethodHandle$Holder.invokeVirtual(java.lang.Object, java.lang.Object)'> (0x0000000711947ac8) 
thrown [s\open\src\hotspot\share\interpreter\linkResolver.cpp, line 773]
Event: 1.154 Thread 0x000002256a006200 Exception <a 'java/lang/NoSuchMethodError'{0x000000071167c040}: 'java.lang.Object java.lang.invoke.Invokers$Holder.invokeExact_MT(java.lang.Object, java.lang.Object, java.lang.Object, java.lang.Object, java.lang.Object, java.lang.Object)'> (0x000000071167c040) 
thrown [s\open\src\hotspot\share\interpreter\linkResolver.cpp, line 773]

ZGC Phase Switch (0 events):
No events

VM Operations (13 events):
Event: 0.147 Executing VM operation: HandshakeAllThreads (Deoptimize)
Event: 0.147 Executing VM operation: HandshakeAllThreads (Deoptimize) done
Event: 0.467 Executing VM operation: HandshakeAllThreads (Deoptimize)
Event: 0.467 Executing VM operation: HandshakeAllThreads (Deoptimize) done
Event: 0.552 Executing VM operation: HandshakeAllThreads (Deoptimize)
Event: 0.552 Executing VM operation: HandshakeAllThreads (Deoptimize) done
Event: 0.602 Executing VM operation: HandshakeAllThreads (Deoptimize)
Event: 0.602 Executing VM operation: HandshakeAllThreads (Deoptimize) done
Event: 1.013 Executing VM operation: G1CollectForAllocation (G1 Evacuation Pause)
Event: 1.018 Executing VM operation: G1CollectForAllocation (G1 Evacuation Pause) done
Event: 1.103 Executing VM operation: HandshakeAllThreads (Deoptimize)
Event: 1.103 Executing VM operation: HandshakeAllThreads (Deoptimize) done
Event: 2.118 Executing VM operation: Cleanup

Events (16 events):
Event: 0.031 Thread 0x0000022544aad2b0 Thread added: 0x0000022544aad2b0
Event: 0.047 Thread 0x000002256569cc30 Thread added: 0x000002256569cc30
Event: 0.048 Thread 0x000002256569e2f0 Thread added: 0x000002256569e2f0
Event: 0.048 Thread 0x000002256a0057b0 Thread added: 0x000002256a0057b0
Event: 0.048 Thread 0x000002256a006200 Thread added: 0x000002256a006200
Event: 0.048 Thread 0x000002256a007a20 Thread added: 0x000002256a007a20
Event: 0.048 Thread 0x000002256a00b480 Thread added: 0x000002256a00b480
Event: 0.048 Thread 0x000002256a018980 Thread added: 0x000002256a018980
Event: 0.048 Thread 0x000002256a01f1a0 Thread added: 0x000002256a01f1a0
Event: 0.138 Thread 0x000002256a11c180 Thread added: 0x000002256a11c180
Event: 0.242 Thread 0x000002256a01ead0 Thread added: 0x000002256a01ead0
Event: 0.463 Thread 0x000002256a560980 Thread added: 0x000002256a560980
Event: 0.464 Thread 0x000002256a563330 Thread added: 0x000002256a563330
Event: 0.536 Thread 0x000002256a01ead0 Thread exited: 0x000002256a01ead0
Event: 0.700 Thread 0x000002256a01f870 Thread added: 0x000002256a01f870
Event: 1.058 Thread 0x000002256a01cf90 Thread added: 0x000002256a01cf90


Dynamic libraries:
0x00007ff78a300000 - 0x00007ff78a310000 	C:\Program Files\Java\jdk-21\bin\java.exe
0x00007ffbb78a0000 - 0x00007ffbb7b03000 	C:\WINDOWS\SYSTEM32\ntdll.dll
0x00007ffbb6b40000 - 0x00007ffbb6c07000 	C:\WINDOWS\System32\KERNEL32.DLL
0x00007ffbb4e90000 - 0x00007ffbb5259000 	C:\WINDOWS\System32\KERNELBASE.dll
0x00007ffbb4ca0000 - 0x00007ffbb4dec000 	C:\WINDOWS\System32\ucrtbase.dll
0x00007ffba2a00000 - 0x00007ffba2a1b000 	C:\Program Files\Java\jdk-21\bin\VCRUNTIME140.dll
0x00007ffb6ea80000 - 0x00007ffb6ea99000 	C:\Program Files\Java\jdk-21\bin\jli.dll
0x00007ffbb5d90000 - 0x00007ffbb5e42000 	C:\WINDOWS\System32\ADVAPI32.dll
0x00007ffbb6570000 - 0x00007ffbb6619000 	C:\WINDOWS\System32\msvcrt.dll
0x00007ffbb6c90000 - 0x00007ffbb6d36000 	C:\WINDOWS\System32\sechost.dll
0x00007ffbb5c70000 - 0x00007ffbb5d86000 	C:\WINDOWS\System32\RPCRT4.dll
0x00007ffbb7660000 - 0x00007ffbb782a000 	C:\WINDOWS\System32\USER32.dll
0x00007ffb9e040000 - 0x00007ffb9e2d0000 	C:\WINDOWS\WinSxS\amd64_microsoft.windows.common-controls_6595b64144ccf1df_6.0.26100.3323_none_3e088096e3344490\COMCTL32.dll
0x00007ffbb5260000 - 0x00007ffbb5287000 	C:\WINDOWS\System32\win32u.dll
0x00007ffbb7630000 - 0x00007ffbb765a000 	C:\WINDOWS\System32\GDI32.dll
0x00007ffbb5350000 - 0x00007ffbb5481000 	C:\WINDOWS\System32\gdi32full.dll
0x00007ffbb5610000 - 0x00007ffbb56b3000 	C:\WINDOWS\System32\msvcp_win.dll
0x00007ffba9f90000 - 0x00007ffba9f9b000 	C:\WINDOWS\SYSTEM32\VERSION.dll
0x00007ffbb6d40000 - 0x00007ffbb6d6f000 	C:\WINDOWS\System32\IMM32.DLL
0x00007ffba29f0000 - 0x00007ffba29fc000 	C:\Program Files\Java\jdk-21\bin\vcruntime140_1.dll
0x00007ffb64300000 - 0x00007ffb6438e000 	C:\Program Files\Java\jdk-21\bin\msvcp140.dll
0x00007ffb063a0000 - 0x00007ffb070ba000 	C:\Program Files\Java\jdk-21\bin\server\jvm.dll
0x00007ffbb6c10000 - 0x00007ffbb6c84000 	C:\WINDOWS\System32\WS2_32.dll
0x00007ffbb4950000 - 0x00007ffbb499e000 	C:\WINDOWS\SYSTEM32\POWRPROF.dll
0x00007ffb9ddb0000 - 0x00007ffb9dde6000 	C:\WINDOWS\SYSTEM32\WINMM.dll
0x00007ffbb4930000 - 0x00007ffbb4944000 	C:\WINDOWS\SYSTEM32\UMPDC.dll
0x00007ffbb3880000 - 0x00007ffbb389a000 	C:\WINDOWS\SYSTEM32\kernel.appcore.dll
0x00007ffb826d0000 - 0x00007ffb826da000 	C:\Program Files\Java\jdk-21\bin\jimage.dll
0x00007ffbb1ea0000 - 0x00007ffbb20e1000 	C:\WINDOWS\SYSTEM32\DBGHELP.DLL
0x00007ffbb5830000 - 0x00007ffbb5bb2000 	C:\WINDOWS\System32\combase.dll
0x00007ffbb6a00000 - 0x00007ffbb6ad6000 	C:\WINDOWS\System32\OLEAUT32.dll
0x00007ffb96bb0000 - 0x00007ffb96be9000 	C:\WINDOWS\SYSTEM32\dbgcore.DLL
0x00007ffbb4df0000 - 0x00007ffbb4e89000 	C:\WINDOWS\System32\bcryptPrimitives.dll
0x00007ffb82750000 - 0x00007ffb8275f000 	C:\Program Files\Java\jdk-21\bin\instrument.dll
0x00007ffb6ea60000 - 0x00007ffb6ea7f000 	C:\Program Files\Java\jdk-21\bin\java.dll
0x00007ffbb5e50000 - 0x00007ffbb6565000 	C:\WINDOWS\System32\SHELL32.dll
0x00007ffbb4aa0000 - 0x00007ffbb4c08000 	C:\WINDOWS\System32\wintypes.dll
0x00007ffbb2760000 - 0x00007ffbb2fa5000 	C:\WINDOWS\SYSTEM32\windows.storage.dll
0x00007ffbb5740000 - 0x00007ffbb582b000 	C:\WINDOWS\System32\SHCORE.dll
0x00007ffbb7030000 - 0x00007ffbb708d000 	C:\WINDOWS\System32\shlwapi.dll
0x00007ffbb49b0000 - 0x00007ffbb49df000 	C:\WINDOWS\SYSTEM32\profapi.dll
0x00007ffb64220000 - 0x00007ffb642f7000 	C:\Program Files\Java\jdk-21\bin\jsvml.dll
0x00007ffb639a0000 - 0x00007ffb639b8000 	C:\Program Files\Java\jdk-21\bin\zip.dll
0x00007ffb82430000 - 0x00007ffb82440000 	C:\Program Files\Java\jdk-21\bin\net.dll
0x00007ffba8320000 - 0x00007ffba843e000 	C:\WINDOWS\SYSTEM32\WINHTTP.dll
0x00007ffbb3d80000 - 0x00007ffbb3dea000 	C:\WINDOWS\system32\mswsock.dll
0x00007ffb64200000 - 0x00007ffb64216000 	C:\Program Files\Java\jdk-21\bin\nio.dll
0x00007ffb6f120000 - 0x00007ffb6f13a000 	C:\Users\pc\AppData\Local\JetBrains\IntelliJ IDEA Community Edition 2024.1.3\bin\breakgen64.dll
0x00007ffb81de0000 - 0x00007ffb81de9000 	C:\Program Files\Java\jdk-21\bin\extnet.dll

dbghelp: loaded successfully - version: 4.0.5 - missing functions: none
symbol engine: initialized successfully - sym options: 0x614 - pdb path: .;C:\Program Files\Java\jdk-21\bin;C:\WINDOWS\SYSTEM32;C:\WINDOWS\WinSxS\amd64_microsoft.windows.common-controls_6595b64144ccf1df_6.0.26100.3323_none_3e088096e3344490;C:\Program Files\Java\jdk-21\bin\server;C:\Users\pc\AppData\Local\JetBrains\IntelliJ IDEA Community Edition 2024.1.3\bin

VM Arguments:
jvm_args: -javaagent:C:\Users\pc\AppData\Local\JetBrains\IntelliJ IDEA Community Edition 2024.1.3\lib\idea_rt.jar=22777:C:\Users\pc\AppData\Local\JetBrains\IntelliJ IDEA Community Edition 2024.1.3\bin -Dfile.encoding=UTF-8 
java_command: com.blogwebsite.blog.ServiceBlogApplication
java_class_path (initial): C:\Users\pc\Desktop\Quillist-sem-4\serviceBlog\target\classes;C:\Users\pc\.m2\repository\org\springframework\boot\spring-boot-starter-data-jpa\3.4.3\spring-boot-starter-data-jpa-3.4.3.jar;C:\Users\pc\.m2\repository\org\springframework\boot\spring-boot-starter\3.4.3\spring-boot-starter-3.4.3.jar;C:\Users\pc\.m2\repository\org\springframework\boot\spring-boot-starter-logging\3.4.3\spring-boot-starter-logging-3.4.3.jar;C:\Users\pc\.m2\repository\ch\qos\logback\logback-classic\1.5.16\logback-classic-1.5.16.jar;C:\Users\pc\.m2\repository\ch\qos\logback\logback-core\1.5.16\logback-core-1.5.16.jar;C:\Users\pc\.m2\repository\org\apache\logging\log4j\log4j-to-slf4j\2.24.3\log4j-to-slf4j-2.24.3.jar;C:\Users\pc\.m2\repository\org\apache\logging\log4j\log4j-api\2.24.3\log4j-api-2.24.3.jar;C:\Users\pc\.m2\repository\org\slf4j\jul-to-slf4j\2.0.16\jul-to-slf4j-2.0.16.jar;C:\Users\pc\.m2\repository\jakarta\annotation\jakarta.annotation-api\2.1.1\jakarta.annotation-api-2.1.1.jar;C:\Users\pc\.m2\repository\org\yaml\snakeyaml\2.3\snakeyaml-2.3.jar;C:\Users\pc\.m2\repository\org\springframework\boot\spring-boot-starter-jdbc\3.4.3\spring-boot-starter-jdbc-3.4.3.jar;C:\Users\pc\.m2\repository\com\zaxxer\HikariCP\5.1.0\HikariCP-5.1.0.jar;C:\Users\pc\.m2\repository\org\springframework\spring-jdbc\6.2.3\spring-jdbc-6.2.3.jar;C:\Users\pc\.m2\repository\org\hibernate\orm\hibernate-core\6.6.8.Final\hibernate-core-6.6.8.Final.jar;C:\Users\pc\.m2\repository\jakarta\persistence\jakarta.persistence-api\3.1.0\jakarta.persistence-api-3.1.0.jar;C:\Users\pc\.m2\repository\jakarta\transaction\jakarta.transaction-api\2.0.1\jakarta.transaction-api-2.0.1.jar;C:\Users\pc\.m2\repository\org\jboss\logging\jboss-logging\3.6.1.Final\jboss-logging-3.6.1.Final.jar;C:\Users\pc\.m2\repository\org\hibernate\common\hibernate-commons-annotations\7.0.3.Final\hibernate-commons-annotations-7.0.3.Final.jar;C:\Users\pc\.m2\repository\io\smallrye\jandex\3.2.0\jandex-3.2.0.jar;C:\Users\pc\.m2\repository\com\fasterxml\classmate\1.7.0\classmate-1.7.0.jar;C:\Users\pc\.m2\repository\net\bytebuddy\byte-buddy\1.15.11\byte-buddy-1.15.11.jar;C:\Users\pc\.m2\repository\org\glassfish\jaxb\jaxb-runtime\4.0.5\jaxb-runtime-4.0.5.jar;C:\Users\pc\.m2\repository\org\glassfish\jaxb\jaxb-core\4.0.5\jaxb-core-4.0.5.jar;C:\Users\pc\.m2\repository\org\eclipse\angus\angus-activation\2.0.2\angus-activation-2.0.2.jar;C:\Users\pc\.m2\repository\org\glassfish\jaxb\txw2\4.0.5\txw2-4.0.5.jar;C:\Users\pc\.m2\repository\com\sun\istack\istack-commons-runtime\4.1.2\istack-commons-runtime-4.1.2.jar;C:\Users\pc\.m2\repository\jakarta\inject\jakarta.inject-api\2.0.1\jakarta.inject-api-2.0.1.jar;C:\Users\pc\.m2\repository\org\antlr\antlr4-runtime\4.13.0\antlr4-runtime-4.13.0.jar;C:\Users\pc\.m2\repository\org\springframework\data\spring-data-jpa\3.4.3\spring-data-jpa-3.4.3.jar;C:\Users\pc\.m2\repository\org\springframework\data\spring-data-commons\3.4.3\spring-data-commons-3.4.3.jar;C:\Users\pc\.m2\repository\org\springframework\spring-orm\6.2.3\spring-orm-6.2.3.jar;C:\Users\pc\.m2\repository\org\springframework\spring-context\6.2.3\spring-context-6.2.3.jar;C:\Users\pc\.m2\repository\org\springframework\spring-aop\6.2.3\spring-aop-6.2.3.jar;C:\Users\pc\.m2\repository\org\springframework\spring-tx\6.2.3\spring-tx-6.2.3.jar;C:\Users\pc\.m2\repository\org\springframework\spring-beans\6.2.3\spring-beans-6.2.3.jar;C:\Users\pc\.m2\repository\org\slf4j\slf4j-api\2.0.16\slf4j-api-2.0.16.jar;C:\Users\pc\.m2\repository\org\springframework\spring-aspects\6.2.3\spring-aspects-6.2.3.jar;C:\Users\pc\.m2\repository\org\aspectj\aspectjweaver\1.9.22.1\aspectjweaver-1.9.22.1.jar;C:\Users\pc\.m2\repository\org\springframework\boot\spring-boot-starter-web\3.4.3\spring-boot-starter-web-3.4.3.jar;C:\Users\pc\.m2\repository\org\springframework\boot\spring-boot-starter-json\3.4.3\spring-boot-starter-json-3.4.3.jar;C:\Users\pc\.m2\repository\com\fasterxml\jackson\core\jackson-databind\2.18.2\jackson-databind-2.18.2.jar;C:\Users\pc\.m2\repository\com\fasterxml\jackson\core\jackson-annotations\2.18.2\jackson-annotations-2.18.2.jar;C:\Users\pc\.m2\repository\com\fasterxml\jackson\core\jackson-core\2.18.2\jackson-core-2.18.2.jar;C:\Users\pc\.m2\repository\com\fasterxml\jackson\datatype\jackson-datatype-jdk8\2.18.2\jackson-datatype-jdk8-2.18.2.jar;C:\Users\pc\.m2\repository\com\fasterxml\jackson\datatype\jackson-datatype-jsr310\2.18.2\jackson-datatype-jsr310-2.18.2.jar;C:\Users\pc\.m2\repository\com\fasterxml\jackson\module\jackson-module-parameter-names\2.18.2\jackson-module-parameter-names-2.18.2.jar;C:\Users\pc\.m2\repository\org\springframework\boot\spring-boot-starter-tomcat\3.4.3\spring-boot-starter-tomcat-3.4.3.jar;C:\Users\pc\.m2\repository\org\apache\tomcat\embed\tomcat-embed-core\10.1.36\tomcat-embed-core-10.1.36.jar;C:\Users\pc\.m2\repository\org\apache\tomcat\embed\tomcat-embed-el\10.1.36\tomcat-embed-el-10.1.36.jar;C:\Users\pc\.m2\repository\org\apache\tomcat\embed\tomcat-embed-websocket\10.1.36\tomcat-embed-websocket-10.1.36.jar;C:\Users\pc\.m2\repository\org\springframework\spring-web\6.2.3\spring-web-6.2.3.jar;C:\Users\pc\.m2\repository\io\micrometer\micrometer-observation\1.14.4\micrometer-observation-1.14.4.jar;C:\Users\pc\.m2\repository\io\micrometer\micrometer-commons\1.14.4\micrometer-commons-1.14.4.jar;C:\Users\pc\.m2\repository\org\springframework\spring-webmvc\6.2.3\spring-webmvc-6.2.3.jar;C:\Users\pc\.m2\repository\org\springframework\spring-expression\6.2.3\spring-expression-6.2.3.jar;C:\Users\pc\.m2\repository\org\springframework\boot\spring-boot-devtools\3.4.3\spring-boot-devtools-3.4.3.jar;C:\Users\pc\.m2\repository\org\springframework\boot\spring-boot\3.4.3\spring-boot-3.4.3.jar;C:\Users\pc\.m2\repository\org\springframework\boot\spring-boot-autoconfigure\3.4.3\spring-boot-autoconfigure-3.4.3.jar;C:\Users\pc\.m2\repository\com\mysql\mysql-connector-j\9.1.0\mysql-connector-j-9.1.0.jar;C:\Users\pc\.m2\repository\jakarta\xml\bind\jakarta.xml.bind-api\4.0.2\jakarta.xml.bind-api-4.0.2.jar;C:\Users\pc\.m2\repository\jakarta\activation\jakarta.activation-api\2.1.3\jakarta.activation-api-2.1.3.jar;C:\Users\pc\.m2\repository\org\springframework\spring-core\6.2.3\spring-core-6.2.3.jar;C:\Users\pc\.m2\repository\org\springframework\spring-jcl\6.2.3\spring-jcl-6.2.3.jar;C:\Users\pc\.m2\repository\org\springframework\cloud\spring-cloud-starter-openfeign\4.2.0\spring-cloud-starter-openfeign-4.2.0.jar;C:\Users\pc\.m2\repository\org\springframework\cloud\spring-cloud-starter\4.2.0\spring-cloud-starter-4.2.0.jar;C:\Users\pc\.m2\repository\org\springframework\cloud\spring-cloud-context\4.2.0\spring-cloud-context-4.2.0.jar;C:\Users\pc\.m2\repository\org\bouncycastle\bcprov-jdk18on\1.78.1\bcprov-jdk18on-1.78.1.jar;C:\Users\pc\.m2\repository\org\springframework\cloud\spring-cloud-openfeign-core\4.2.0\spring-cloud-openfeign-core-4.2.0.jar;C:\Users\pc\.m2\repository\io\github\openfeign\feign-form-spring\13.5\feign-form-spring-13.5.jar;C:\Users\pc\.m2\repository\io\github\openfeign\feign-form\13.5\feign-form-13.5.jar;C:\Users\pc\.m2\repository\commons-fileupload\commons-fileupload\1.5\commons-fileupload-1.5.jar;C:\Users\pc\.m2\repository\commons-io\commons-io\2.11.0\commons-io-2.11.0.jar;C:\Users\pc\.m2\repository\org\springframework\cloud\spring-cloud-commons\4.2.0\spring-cloud-commons-4.2.0.jar;C:\Users\pc\.m2\repository\org\springframework\security\spring-security-crypto\6.4.3\spring-security-crypto-6.4.3.jar;C:\Users\pc\.m2\repository\io\github\openfeign\feign-core\13.5\feign-core-13.5.jar;C:\Users\pc\.m2\repository\io\github\openfeign\feign-slf4j\13.5\feign-slf4j-13.5.jar
Launcher Type: SUN_STANDARD

[Global flags]
     intx CICompilerCount                          = 4                                         {product} {ergonomic}
     uint ConcGCThreads                            = 2                                         {product} {ergonomic}
     uint G1ConcRefinementThreads                  = 8                                         {product} {ergonomic}
   size_t G1HeapRegionSize                         = 2097152                                   {product} {ergonomic}
    uintx GCDrainStackTargetSize                   = 64                                        {product} {ergonomic}
   size_t InitialHeapSize                          = 266338304                                 {product} {ergonomic}
   size_t MarkStackSize                            = 4194304                                   {product} {ergonomic}
   size_t MaxHeapSize                              = 4259315712                                {product} {ergonomic}
   size_t MaxNewSize                               = 2554331136                                {product} {ergonomic}
   size_t MinHeapDeltaBytes                        = 2097152                                   {product} {ergonomic}
   size_t MinHeapSize                              = 8388608                                   {product} {ergonomic}
    uintx NonNMethodCodeHeapSize                   = 5839372                                {pd product} {ergonomic}
    uintx NonProfiledCodeHeapSize                  = 122909434                              {pd product} {ergonomic}
    uintx ProfiledCodeHeapSize                     = 122909434                              {pd product} {ergonomic}
    uintx ReservedCodeCacheSize                    = 251658240                              {pd product} {ergonomic}
     bool SegmentedCodeCache                       = true                                      {product} {ergonomic}
   size_t SoftMaxHeapSize                          = 4259315712                             {manageable} {ergonomic}
     bool UseCompressedOops                        = true                           {product lp64_product} {ergonomic}
     bool UseG1GC                                  = true                                      {product} {ergonomic}
     bool UseLargePagesIndividualAllocation        = false                                  {pd product} {ergonomic}

Logging:
Log output configuration:
 #0: stdout all=warning uptime,level,tags foldmultilines=false
 #1: stderr all=off uptime,level,tags foldmultilines=false

Environment Variables:
CLASSPATH=C:\Program Files\Java\jdk-17\bin
PATH=C:\Program Files\Common Files\Oracle\Java\javapath;C:\Program Files (x86)\Common Files\Oracle\Java\javapath;C:\Program Files (x86)\VMware\VMware Player\bin\;C:\oraclexe\app\oracle\product\11.2.0\server\bin;C:\WINDOWS\system32;C:\WINDOWS;C:\WINDOWS\System32\Wbem;C:\WINDOWS\System32\WindowsPowerShell\v1.0\;C:\WINDOWS\System32\OpenSSH\;C:\Program Files\dotnet\;C:\Program Files (x86)\Intel\Intel(R) Management Engine Components\DAL;C:\Program Files\Intel\Intel(R) Management Engine Components\DAL;C:\Program Files\Git\cmd;C:\Program Files\nodejs;C:\MinGW\bin;C:\Program Files\Java\jdk1.8.0_202\bin\;D:\software\Nodejs\;C:\Program Files\Microsoft SQL Server\130\Tools\Binn\;E:\XAMPP\mysql\bin;D:\Intelije\IntelliJ IDEA Community Edition 2024.1.3\bin;C:\Program Files\MongoDB\mongosh-2.3.2-win32-x64\bin;C:\Program Files (x86)\Microsoft SQL Server\100\Tools\Binn\;C:\Program Files\Microsoft SQL Server\100\Tools\Binn\;C:\Program Files\Microsoft SQL Server\100\DTS\Binn\;C:\Program Files\Java\jdk-21\bin;C:\Program Files\MySQL\MySQL Shell 8.0\bin\;C:\Users\pc\AppData\Local\Programs\Python\Python312\Scripts\;C:\Users\pc\AppData\Local\Programs\Python\Python312\;C:\Users\pc\AppData\Local\Programs\Python\Launcher\;C:\Users\pc\AppData\Local\Microsoft\WindowsApps;C:\Users\pc\AppData\Local\Programs\Microsoft VS Code\bin;C:\MinGW\bin;C:\Users\pc\AppData\Roaming\npm;C:\Users\pc\AppData\Local\GitHubDesktop\bin;C:\Users\pc\AppData\Local\JetBrains\IntelliJ IDEA Community Edition 2024.1.3\bin;;D:\Nmap;C:\Program Files\Java\jdk-17\bin;D:\Intelije\IntelliJ IDEA Community Edition 2024.1.3\bin;
USERNAME=pc
OS=Windows_NT
PROCESSOR_IDENTIFIER=Intel64 Family 6 Model 142 Stepping 10, GenuineIntel
TMP=C:\Users\pc\AppData\Local\Temp
TEMP=C:\Users\pc\AppData\Local\Temp




Periodic native trim disabled

---------------  S Y S T E M  ---------------

OS:
 Windows 11 , 64 bit Build 26100 (10.0.26100.3323)
OS uptime: 0 days 4:43 hours
Hyper-V role detected

CPU: total 8 (initial active 8) (4 cores per cpu, 2 threads per core) family 6 model 142 stepping 10 microcode 0xf0, cx8, cmov, fxsr, ht, mmx, 3dnowpref, sse, sse2, sse3, ssse3, sse4.1, sse4.2, popcnt, lzcnt, tsc, tscinvbit, avx, avx2, aes, erms, clmul, bmi1, bmi2, rtm, adx, fma, vzeroupper, clflush, clflushopt, hv, rdtscp, f16c
Processor Information for all 8 processors :
  Max Mhz: 2112, Current Mhz: 1910, Mhz Limit: 1900

Memory: 4k page, system-wide physical 16242M (4863M free)
TotalPageFile size 16242M (AvailPageFile size 11M)
current process WorkingSet (physical memory assigned to process): 98M, peak: 98M
current process commit charge ("private bytes"): 365M, peak: 365M

vm_info: Java HotSpot(TM) 64-Bit Server VM (21.0.6+8-LTS-188) for windows-amd64 JRE (21.0.6+8-LTS-188), built on 2024-12-03T10:50:54Z by "mach5one" with MS VC++ 17.6 (VS2022)

END.
