#
# There is insufficient memory for the Java Runtime Environment to continue.
# Native memory allocation (malloc) failed to allocate 142096 bytes for Chunk::new
# Possible reasons:
#   The system is out of physical RAM or swap space
#   The process is running with CompressedOops enabled, and the Java Heap may be blocking the growth of the native heap
# Possible solutions:
#   Reduce memory load on the system
#   Increase physical memory or swap space
#   Check if swap backing store is full
#   Decrease Java heap size (-Xmx/-Xms)
#   Decrease number of Java threads
#   Decrease Java thread stack sizes (-Xss)
#   Set larger code cache with -XX:ReservedCodeCacheSize=
#   JVM is running with Zero Based Compressed Oops mode in which the Java heap is
#     placed in the first 32GB address space. The Java Heap base address is the
#     maximum limit for the native heap growth. Please use -XX:HeapBaseMinAddress
#     to set the Java Heap base and to place the Java Heap above 32GB virtual address.
# This output file may be truncated or incomplete.
#
#  Out of Memory Error (arena.cpp:168), pid=1924, tid=4256
#
# JRE version: Java(TM) SE Runtime Environment (21.0.6+8) (build 21.0.6+8-LTS-188)
# Java VM: Java HotSpot(TM) 64-Bit Server VM (21.0.6+8-LTS-188, mixed mode, sharing, tiered, compressed oops, compressed class ptrs, g1 gc, windows-amd64)
# No core dump will be written. Minidumps are not enabled by default on client versions of Windows
#

---------------  S U M M A R Y ------------

Command Line: -javaagent:C:\Users\pc\AppData\Local\JetBrains\IntelliJ IDEA Community Edition 2024.1.3\lib\idea_rt.jar=51642:C:\Users\pc\AppData\Local\JetBrains\IntelliJ IDEA Community Edition 2024.1.3\bin -Dfile.encoding=UTF-8 com.service_registry.ServiceRegistryApplication

Host: Intel(R) Core(TM) i7-8650U CPU @ 1.90GHz, 8 cores, 15G,  Windows 11 , 64 bit Build 26100 (10.0.26100.3323)
Time: Sat Mar 15 17:05:31 2025 India Standard Time elapsed time: 17.041479 seconds (0d 0h 0m 17s)

---------------  T H R E A D  ---------------

Current thread (0x000001c019528ef0):  JavaThread "C2 CompilerThread1" daemon [_thread_in_native, id=4256, stack(0x0000001adf600000,0x0000001adf700000) (1024K)]


Current CompileTask:
C2:  17041 2347 %     4       java.util.Properties$LineReader::readLine @ 53 (584 bytes)

Stack: [0x0000001adf600000,0x0000001adf700000]
Native frames: (J=compiled Java code, j=interpreted, Vv=VM code, C=native code)
V  [jvm.dll+0x6ca6d9]
V  [jvm.dll+0x854f51]
V  [jvm.dll+0x85747e]
V  [jvm.dll+0x857b53]
V  [jvm.dll+0x27dcc6]
V  [jvm.dll+0xc4c2d]
V  [jvm.dll+0xc5163]
V  [jvm.dll+0x2f0fbd]
V  [jvm.dll+0x5f546a]
V  [jvm.dll+0x24f8a2]
V  [jvm.dll+0x248456]
V  [jvm.dll+0x245df4]
V  [jvm.dll+0x1c6d2e]
V  [jvm.dll+0x2554f9]
V  [jvm.dll+0x253a8a]
V  [jvm.dll+0x3ee576]
V  [jvm.dll+0x7ff2fb]
V  [jvm.dll+0x6c8dbd]
C  [ucrtbase.dll+0x37b0]
C  [KERNEL32.DLL+0x2e8d7]
C  [ntdll.dll+0xbbf6c]


---------------  P R O C E S S  ---------------

Threads class SMR info:
_java_thread_list=0x000001c05fea70a0, length=15, elements={
0x000001c079501f30, 0x000001c07f248400, 0x000001c07f248c60, 0x000001c07f24d8d0,
0x000001c07f24e3c0, 0x000001c0194e0080, 0x000001c0194e46f0, 0x000001c0194e8250,
0x000001c0195273b0, 0x000001c0195de430, 0x000001c019865090, 0x000001c05f264240,
0x000001c01972e5f0, 0x000001c019528ef0, 0x000001c019528150
}

Java Threads: ( => current thread )
  0x000001c079501f30 JavaThread "main"                              [_thread_in_vm, id=17208, stack(0x0000001adda00000,0x0000001addb00000) (1024K)]
  0x000001c07f248400 JavaThread "Reference Handler"          daemon [_thread_blocked, id=6504, stack(0x0000001ade200000,0x0000001ade300000) (1024K)]
  0x000001c07f248c60 JavaThread "Finalizer"                  daemon [_thread_blocked, id=21012, stack(0x0000001ade300000,0x0000001ade400000) (1024K)]
  0x000001c07f24d8d0 JavaThread "Signal Dispatcher"          daemon [_thread_blocked, id=20412, stack(0x0000001ade400000,0x0000001ade500000) (1024K)]
  0x000001c07f24e3c0 JavaThread "Attach Listener"            daemon [_thread_blocked, id=7852, stack(0x0000001ade500000,0x0000001ade600000) (1024K)]
  0x000001c0194e0080 JavaThread "Service Thread"             daemon [_thread_blocked, id=11476, stack(0x0000001ade600000,0x0000001ade700000) (1024K)]
  0x000001c0194e46f0 JavaThread "Monitor Deflation Thread"   daemon [_thread_blocked, id=17136, stack(0x0000001ade700000,0x0000001ade800000) (1024K)]
  0x000001c0194e8250 JavaThread "C2 CompilerThread0"         daemon [_thread_in_native, id=6336, stack(0x0000001ade800000,0x0000001ade900000) (1024K)]
  0x000001c0195273b0 JavaThread "C1 CompilerThread0"         daemon [_thread_in_native, id=17816, stack(0x0000001ade900000,0x0000001adea00000) (1024K)]
  0x000001c0195de430 JavaThread "Common-Cleaner"             daemon [_thread_blocked, id=16220, stack(0x0000001adea00000,0x0000001adeb00000) (1024K)]
  0x000001c019865090 JavaThread "Monitor Ctrl-Break"         daemon [_thread_in_native, id=12368, stack(0x0000001adeb00000,0x0000001adec00000) (1024K)]
  0x000001c05f264240 JavaThread "Notification Thread"        daemon [_thread_blocked, id=18656, stack(0x0000001adec00000,0x0000001aded00000) (1024K)]
  0x000001c01972e5f0 JavaThread "background-preinit"                [_thread_in_vm, id=3948, stack(0x0000001adf400000,0x0000001adf500000) (1024K)]
=>0x000001c019528ef0 JavaThread "C2 CompilerThread1"         daemon [_thread_in_native, id=4256, stack(0x0000001adf600000,0x0000001adf700000) (1024K)]
  0x000001c019528150 JavaThread "C2 CompilerThread2"         daemon [_thread_in_native, id=20292, stack(0x0000001adf700000,0x0000001adf800000) (1024K)]
Total: 15

Other Threads:
  0x000001c07f2297d0 VMThread "VM Thread"                           [id=18224, stack(0x0000001ade100000,0x0000001ade200000) (1024K)]
  0x000001c07f217ab0 WatcherThread "VM Periodic Task Thread"        [id=20060, stack(0x0000001ade000000,0x0000001ade100000) (1024K)]
  0x000001c079569220 WorkerThread "GC Thread#0"                     [id=16500, stack(0x0000001addb00000,0x0000001addc00000) (1024K)]
  0x000001c05f830050 WorkerThread "GC Thread#1"                     [id=20092, stack(0x0000001adee00000,0x0000001adef00000) (1024K)]
  0x000001c05f8303f0 WorkerThread "GC Thread#2"                     [id=16424, stack(0x0000001adef00000,0x0000001adf000000) (1024K)]
  0x000001c05f9b8140 WorkerThread "GC Thread#3"                     [id=19908, stack(0x0000001adf000000,0x0000001adf100000) (1024K)]
  0x000001c05f9b84e0 WorkerThread "GC Thread#4"                     [id=15204, stack(0x0000001adf100000,0x0000001adf200000) (1024K)]
  0x000001c05f9b8880 WorkerThread "GC Thread#5"                     [id=4824, stack(0x0000001adf200000,0x0000001adf300000) (1024K)]
  0x000001c05ffbbd10 WorkerThread "GC Thread#6"                     [id=15340, stack(0x0000001aded00000,0x0000001adee00000) (1024K)]
  0x000001c05fdd4c80 WorkerThread "GC Thread#7"                     [id=2856, stack(0x0000001adf300000,0x0000001adf400000) (1024K)]
  0x000001c07f092010 ConcurrentGCThread "G1 Main Marker"            [id=19744, stack(0x0000001addc00000,0x0000001addd00000) (1024K)]
  0x000001c079576fd0 WorkerThread "G1 Conc#0"                       [id=17660, stack(0x0000001addd00000,0x0000001adde00000) (1024K)]
  0x000001c07f0e34b0 ConcurrentGCThread "G1 Refine#0"               [id=9860, stack(0x0000001adde00000,0x0000001addf00000) (1024K)]
  0x000001c07f0e6a00 ConcurrentGCThread "G1 Service"                [id=18336, stack(0x0000001addf00000,0x0000001ade000000) (1024K)]
Total: 14

Threads with active compile tasks:
C2 CompilerThread0    19224 2288       4       java.lang.invoke.MethodType::makeImpl (109 bytes)
C1 CompilerThread0    19225 2372       2       org.springframework.boot.context.properties.source.ConfigurationPropertyName$ElementsParser::updateType (109 bytes)
C2 CompilerThread1    19225 2347 %     4       java.util.Properties$LineReader::readLine @ 53 (584 bytes)
C2 CompilerThread2    19225 2348 %     4       java.util.Properties::loadConvert @ 8 (540 bytes)
Total: 4

VM state: not at safepoint (normal execution)

VM Mutex/Monitor currently owned by a thread: None

Heap address: 0x0000000702200000, size: 4062 MB, Compressed Oops mode: Zero based, Oop shift amount: 3

CDS archive(s) mapped at: [0x000001c01a000000-0x000001c01ac90000-0x000001c01ac90000), size 13172736, SharedBaseAddress: 0x000001c01a000000, ArchiveRelocationMode: 1.
Compressed class space mapped at: 0x000001c01b000000-0x000001c05b000000, reserved size: 1073741824
Narrow klass base: 0x000001c01a000000, Narrow klass shift: 0, Narrow klass range: 0x100000000

GC Precious Log:
 CardTable entry size: 512
 Card Set container configuration: InlinePtr #cards 4 size 8 Array Of Cards #cards 16 size 48 Howl #buckets 8 coarsen threshold 3686 Howl Bitmap #cards 512 size 80 coarsen threshold 460 Card regions per heap region 1 cards per card region 4096
 CPUs: 8 total, 8 available
 Memory: 16242M
 Large Page Support: Disabled
 NUMA Support: Disabled
 Compressed Oops: Enabled (Zero based)
 Heap Region Size: 2M
 Heap Min Capacity: 8M
 Heap Initial Capacity: 254M
 Heap Max Capacity: 4062M
 Pre-touch: Disabled
 Parallel Workers: 8
 Concurrent Workers: 2
 Concurrent Refinement Workers: 8
 Periodic GC: Disabled

Heap:
 garbage-first heap   total 260096K, used 25008K [0x0000000702200000, 0x0000000800000000)
  region size 2048K, 7 young (14336K), 2 survivors (4096K)
 Metaspace       used 18314K, committed 18624K, reserved 1114112K
  class space    used 2194K, committed 2368K, reserved 1048576K

Heap Regions: E=young(eden), S=young(survivor), O=old, HS=humongous(starts), HC=humongous(continues), CS=collection set, F=free, TAMS=top-at-mark-start, PB=parsable bottom
|   0|0x0000000702200000, 0x0000000702400000, 0x0000000702400000|100%| O|  |TAMS 0x0000000702200000| PB 0x0000000702200000| Untracked 
|   1|0x0000000702400000, 0x0000000702600000, 0x0000000702600000|100%| O|  |TAMS 0x0000000702400000| PB 0x0000000702400000| Untracked 
|   2|0x0000000702600000, 0x0000000702800000, 0x0000000702800000|100%| O|  |TAMS 0x0000000702600000| PB 0x0000000702600000| Untracked 
|   3|0x0000000702800000, 0x0000000702a00000, 0x0000000702a00000|100%| O|  |TAMS 0x0000000702800000| PB 0x0000000702800000| Untracked 
|   4|0x0000000702a00000, 0x0000000702c00000, 0x0000000702c00000|100%| O|  |TAMS 0x0000000702a00000| PB 0x0000000702a00000| Untracked 
|   5|0x0000000702c00000, 0x0000000702e00000, 0x0000000702e00000|100%| O|  |TAMS 0x0000000702c00000| PB 0x0000000702c00000| Untracked 
|   6|0x0000000702e00000, 0x0000000702fa5a08, 0x0000000703000000| 82%| O|  |TAMS 0x0000000702e00000| PB 0x0000000702e00000| Untracked 
|   7|0x0000000703000000, 0x0000000703000000, 0x0000000703200000|  0%| F|  |TAMS 0x0000000703000000| PB 0x0000000703000000| Untracked 
|   8|0x0000000703200000, 0x0000000703200000, 0x0000000703400000|  0%| F|  |TAMS 0x0000000703200000| PB 0x0000000703200000| Untracked 
|   9|0x0000000703400000, 0x0000000703400000, 0x0000000703600000|  0%| F|  |TAMS 0x0000000703400000| PB 0x0000000703400000| Untracked 
|  10|0x0000000703600000, 0x0000000703600000, 0x0000000703800000|  0%| F|  |TAMS 0x0000000703600000| PB 0x0000000703600000| Untracked 
|  11|0x0000000703800000, 0x0000000703800000, 0x0000000703a00000|  0%| F|  |TAMS 0x0000000703800000| PB 0x0000000703800000| Untracked 
|  12|0x0000000703a00000, 0x0000000703a00000, 0x0000000703c00000|  0%| F|  |TAMS 0x0000000703a00000| PB 0x0000000703a00000| Untracked 
|  13|0x0000000703c00000, 0x0000000703c00000, 0x0000000703e00000|  0%| F|  |TAMS 0x0000000703c00000| PB 0x0000000703c00000| Untracked 
|  14|0x0000000703e00000, 0x0000000703e00000, 0x0000000704000000|  0%| F|  |TAMS 0x0000000703e00000| PB 0x0000000703e00000| Untracked 
|  15|0x0000000704000000, 0x0000000704000000, 0x0000000704200000|  0%| F|  |TAMS 0x0000000704000000| PB 0x0000000704000000| Untracked 
|  16|0x0000000704200000, 0x0000000704200000, 0x0000000704400000|  0%| F|  |TAMS 0x0000000704200000| PB 0x0000000704200000| Untracked 
|  17|0x0000000704400000, 0x0000000704400000, 0x0000000704600000|  0%| F|  |TAMS 0x0000000704400000| PB 0x0000000704400000| Untracked 
|  18|0x0000000704600000, 0x0000000704600000, 0x0000000704800000|  0%| F|  |TAMS 0x0000000704600000| PB 0x0000000704600000| Untracked 
|  19|0x0000000704800000, 0x0000000704800000, 0x0000000704a00000|  0%| F|  |TAMS 0x0000000704800000| PB 0x0000000704800000| Untracked 
|  20|0x0000000704a00000, 0x0000000704a00000, 0x0000000704c00000|  0%| F|  |TAMS 0x0000000704a00000| PB 0x0000000704a00000| Untracked 
|  21|0x0000000704c00000, 0x0000000704c00000, 0x0000000704e00000|  0%| F|  |TAMS 0x0000000704c00000| PB 0x0000000704c00000| Untracked 
|  22|0x0000000704e00000, 0x0000000704e00000, 0x0000000705000000|  0%| F|  |TAMS 0x0000000704e00000| PB 0x0000000704e00000| Untracked 
|  23|0x0000000705000000, 0x0000000705000000, 0x0000000705200000|  0%| F|  |TAMS 0x0000000705000000| PB 0x0000000705000000| Untracked 
|  24|0x0000000705200000, 0x0000000705200000, 0x0000000705400000|  0%| F|  |TAMS 0x0000000705200000| PB 0x0000000705200000| Untracked 
|  25|0x0000000705400000, 0x0000000705400000, 0x0000000705600000|  0%| F|  |TAMS 0x0000000705400000| PB 0x0000000705400000| Untracked 
|  26|0x0000000705600000, 0x0000000705600000, 0x0000000705800000|  0%| F|  |TAMS 0x0000000705600000| PB 0x0000000705600000| Untracked 
|  27|0x0000000705800000, 0x0000000705800000, 0x0000000705a00000|  0%| F|  |TAMS 0x0000000705800000| PB 0x0000000705800000| Untracked 
|  28|0x0000000705a00000, 0x0000000705a00000, 0x0000000705c00000|  0%| F|  |TAMS 0x0000000705a00000| PB 0x0000000705a00000| Untracked 
|  29|0x0000000705c00000, 0x0000000705c00000, 0x0000000705e00000|  0%| F|  |TAMS 0x0000000705c00000| PB 0x0000000705c00000| Untracked 
|  30|0x0000000705e00000, 0x0000000705e00000, 0x0000000706000000|  0%| F|  |TAMS 0x0000000705e00000| PB 0x0000000705e00000| Untracked 
|  31|0x0000000706000000, 0x0000000706000000, 0x0000000706200000|  0%| F|  |TAMS 0x0000000706000000| PB 0x0000000706000000| Untracked 
|  32|0x0000000706200000, 0x0000000706200000, 0x0000000706400000|  0%| F|  |TAMS 0x0000000706200000| PB 0x0000000706200000| Untracked 
|  33|0x0000000706400000, 0x0000000706400000, 0x0000000706600000|  0%| F|  |TAMS 0x0000000706400000| PB 0x0000000706400000| Untracked 
|  34|0x0000000706600000, 0x0000000706600000, 0x0000000706800000|  0%| F|  |TAMS 0x0000000706600000| PB 0x0000000706600000| Untracked 
|  35|0x0000000706800000, 0x0000000706800000, 0x0000000706a00000|  0%| F|  |TAMS 0x0000000706800000| PB 0x0000000706800000| Untracked 
|  36|0x0000000706a00000, 0x0000000706a00000, 0x0000000706c00000|  0%| F|  |TAMS 0x0000000706a00000| PB 0x0000000706a00000| Untracked 
|  37|0x0000000706c00000, 0x0000000706c00000, 0x0000000706e00000|  0%| F|  |TAMS 0x0000000706c00000| PB 0x0000000706c00000| Untracked 
|  38|0x0000000706e00000, 0x0000000706e00000, 0x0000000707000000|  0%| F|  |TAMS 0x0000000706e00000| PB 0x0000000706e00000| Untracked 
|  39|0x0000000707000000, 0x0000000707000000, 0x0000000707200000|  0%| F|  |TAMS 0x0000000707000000| PB 0x0000000707000000| Untracked 
|  40|0x0000000707200000, 0x0000000707200000, 0x0000000707400000|  0%| F|  |TAMS 0x0000000707200000| PB 0x0000000707200000| Untracked 
|  41|0x0000000707400000, 0x0000000707400000, 0x0000000707600000|  0%| F|  |TAMS 0x0000000707400000| PB 0x0000000707400000| Untracked 
|  42|0x0000000707600000, 0x0000000707600000, 0x0000000707800000|  0%| F|  |TAMS 0x0000000707600000| PB 0x0000000707600000| Untracked 
|  43|0x0000000707800000, 0x0000000707800000, 0x0000000707a00000|  0%| F|  |TAMS 0x0000000707800000| PB 0x0000000707800000| Untracked 
|  44|0x0000000707a00000, 0x0000000707a00000, 0x0000000707c00000|  0%| F|  |TAMS 0x0000000707a00000| PB 0x0000000707a00000| Untracked 
|  45|0x0000000707c00000, 0x0000000707c00000, 0x0000000707e00000|  0%| F|  |TAMS 0x0000000707c00000| PB 0x0000000707c00000| Untracked 
|  46|0x0000000707e00000, 0x0000000707e00000, 0x0000000708000000|  0%| F|  |TAMS 0x0000000707e00000| PB 0x0000000707e00000| Untracked 
|  47|0x0000000708000000, 0x0000000708000000, 0x0000000708200000|  0%| F|  |TAMS 0x0000000708000000| PB 0x0000000708000000| Untracked 
|  48|0x0000000708200000, 0x0000000708200000, 0x0000000708400000|  0%| F|  |TAMS 0x0000000708200000| PB 0x0000000708200000| Untracked 
|  49|0x0000000708400000, 0x0000000708400000, 0x0000000708600000|  0%| F|  |TAMS 0x0000000708400000| PB 0x0000000708400000| Untracked 
|  50|0x0000000708600000, 0x0000000708600000, 0x0000000708800000|  0%| F|  |TAMS 0x0000000708600000| PB 0x0000000708600000| Untracked 
|  51|0x0000000708800000, 0x0000000708800000, 0x0000000708a00000|  0%| F|  |TAMS 0x0000000708800000| PB 0x0000000708800000| Untracked 
|  52|0x0000000708a00000, 0x0000000708a00000, 0x0000000708c00000|  0%| F|  |TAMS 0x0000000708a00000| PB 0x0000000708a00000| Untracked 
|  53|0x0000000708c00000, 0x0000000708c00000, 0x0000000708e00000|  0%| F|  |TAMS 0x0000000708c00000| PB 0x0000000708c00000| Untracked 
|  54|0x0000000708e00000, 0x0000000708e00000, 0x0000000709000000|  0%| F|  |TAMS 0x0000000708e00000| PB 0x0000000708e00000| Untracked 
|  55|0x0000000709000000, 0x0000000709000000, 0x0000000709200000|  0%| F|  |TAMS 0x0000000709000000| PB 0x0000000709000000| Untracked 
|  56|0x0000000709200000, 0x0000000709200000, 0x0000000709400000|  0%| F|  |TAMS 0x0000000709200000| PB 0x0000000709200000| Untracked 
|  57|0x0000000709400000, 0x0000000709400000, 0x0000000709600000|  0%| F|  |TAMS 0x0000000709400000| PB 0x0000000709400000| Untracked 
|  58|0x0000000709600000, 0x0000000709600000, 0x0000000709800000|  0%| F|  |TAMS 0x0000000709600000| PB 0x0000000709600000| Untracked 
|  59|0x0000000709800000, 0x0000000709800000, 0x0000000709a00000|  0%| F|  |TAMS 0x0000000709800000| PB 0x0000000709800000| Untracked 
|  60|0x0000000709a00000, 0x0000000709a00000, 0x0000000709c00000|  0%| F|  |TAMS 0x0000000709a00000| PB 0x0000000709a00000| Untracked 
|  61|0x0000000709c00000, 0x0000000709c00000, 0x0000000709e00000|  0%| F|  |TAMS 0x0000000709c00000| PB 0x0000000709c00000| Untracked 
|  62|0x0000000709e00000, 0x0000000709e00000, 0x000000070a000000|  0%| F|  |TAMS 0x0000000709e00000| PB 0x0000000709e00000| Untracked 
|  63|0x000000070a000000, 0x000000070a000000, 0x000000070a200000|  0%| F|  |TAMS 0x000000070a000000| PB 0x000000070a000000| Untracked 
|  64|0x000000070a200000, 0x000000070a200000, 0x000000070a400000|  0%| F|  |TAMS 0x000000070a200000| PB 0x000000070a200000| Untracked 
|  65|0x000000070a400000, 0x000000070a400000, 0x000000070a600000|  0%| F|  |TAMS 0x000000070a400000| PB 0x000000070a400000| Untracked 
|  66|0x000000070a600000, 0x000000070a600000, 0x000000070a800000|  0%| F|  |TAMS 0x000000070a600000| PB 0x000000070a600000| Untracked 
|  67|0x000000070a800000, 0x000000070a800000, 0x000000070aa00000|  0%| F|  |TAMS 0x000000070a800000| PB 0x000000070a800000| Untracked 
|  68|0x000000070aa00000, 0x000000070aa00000, 0x000000070ac00000|  0%| F|  |TAMS 0x000000070aa00000| PB 0x000000070aa00000| Untracked 
|  69|0x000000070ac00000, 0x000000070ac00000, 0x000000070ae00000|  0%| F|  |TAMS 0x000000070ac00000| PB 0x000000070ac00000| Untracked 
|  70|0x000000070ae00000, 0x000000070ae00000, 0x000000070b000000|  0%| F|  |TAMS 0x000000070ae00000| PB 0x000000070ae00000| Untracked 
|  71|0x000000070b000000, 0x000000070b000000, 0x000000070b200000|  0%| F|  |TAMS 0x000000070b000000| PB 0x000000070b000000| Untracked 
|  72|0x000000070b200000, 0x000000070b200000, 0x000000070b400000|  0%| F|  |TAMS 0x000000070b200000| PB 0x000000070b200000| Untracked 
|  73|0x000000070b400000, 0x000000070b400000, 0x000000070b600000|  0%| F|  |TAMS 0x000000070b400000| PB 0x000000070b400000| Untracked 
|  74|0x000000070b600000, 0x000000070b600000, 0x000000070b800000|  0%| F|  |TAMS 0x000000070b600000| PB 0x000000070b600000| Untracked 
|  75|0x000000070b800000, 0x000000070b800000, 0x000000070ba00000|  0%| F|  |TAMS 0x000000070b800000| PB 0x000000070b800000| Untracked 
|  76|0x000000070ba00000, 0x000000070ba00000, 0x000000070bc00000|  0%| F|  |TAMS 0x000000070ba00000| PB 0x000000070ba00000| Untracked 
|  77|0x000000070bc00000, 0x000000070bc00000, 0x000000070be00000|  0%| F|  |TAMS 0x000000070bc00000| PB 0x000000070bc00000| Untracked 
|  78|0x000000070be00000, 0x000000070be00000, 0x000000070c000000|  0%| F|  |TAMS 0x000000070be00000| PB 0x000000070be00000| Untracked 
|  79|0x000000070c000000, 0x000000070c000000, 0x000000070c200000|  0%| F|  |TAMS 0x000000070c000000| PB 0x000000070c000000| Untracked 
|  80|0x000000070c200000, 0x000000070c200000, 0x000000070c400000|  0%| F|  |TAMS 0x000000070c200000| PB 0x000000070c200000| Untracked 
|  81|0x000000070c400000, 0x000000070c400000, 0x000000070c600000|  0%| F|  |TAMS 0x000000070c400000| PB 0x000000070c400000| Untracked 
|  82|0x000000070c600000, 0x000000070c600000, 0x000000070c800000|  0%| F|  |TAMS 0x000000070c600000| PB 0x000000070c600000| Untracked 
|  83|0x000000070c800000, 0x000000070c800000, 0x000000070ca00000|  0%| F|  |TAMS 0x000000070c800000| PB 0x000000070c800000| Untracked 
|  84|0x000000070ca00000, 0x000000070ca00000, 0x000000070cc00000|  0%| F|  |TAMS 0x000000070ca00000| PB 0x000000070ca00000| Untracked 
|  85|0x000000070cc00000, 0x000000070cc00000, 0x000000070ce00000|  0%| F|  |TAMS 0x000000070cc00000| PB 0x000000070cc00000| Untracked 
|  86|0x000000070ce00000, 0x000000070ce00000, 0x000000070d000000|  0%| F|  |TAMS 0x000000070ce00000| PB 0x000000070ce00000| Untracked 
|  87|0x000000070d000000, 0x000000070d000000, 0x000000070d200000|  0%| F|  |TAMS 0x000000070d000000| PB 0x000000070d000000| Untracked 
|  88|0x000000070d200000, 0x000000070d200000, 0x000000070d400000|  0%| F|  |TAMS 0x000000070d200000| PB 0x000000070d200000| Untracked 
|  89|0x000000070d400000, 0x000000070d400000, 0x000000070d600000|  0%| F|  |TAMS 0x000000070d400000| PB 0x000000070d400000| Untracked 
|  90|0x000000070d600000, 0x000000070d600000, 0x000000070d800000|  0%| F|  |TAMS 0x000000070d600000| PB 0x000000070d600000| Untracked 
|  91|0x000000070d800000, 0x000000070d800000, 0x000000070da00000|  0%| F|  |TAMS 0x000000070d800000| PB 0x000000070d800000| Untracked 
|  92|0x000000070da00000, 0x000000070da00000, 0x000000070dc00000|  0%| F|  |TAMS 0x000000070da00000| PB 0x000000070da00000| Untracked 
|  93|0x000000070dc00000, 0x000000070dc00000, 0x000000070de00000|  0%| F|  |TAMS 0x000000070dc00000| PB 0x000000070dc00000| Untracked 
|  94|0x000000070de00000, 0x000000070de00000, 0x000000070e000000|  0%| F|  |TAMS 0x000000070de00000| PB 0x000000070de00000| Untracked 
|  95|0x000000070e000000, 0x000000070e000000, 0x000000070e200000|  0%| F|  |TAMS 0x000000070e000000| PB 0x000000070e000000| Untracked 
|  96|0x000000070e200000, 0x000000070e200000, 0x000000070e400000|  0%| F|  |TAMS 0x000000070e200000| PB 0x000000070e200000| Untracked 
|  97|0x000000070e400000, 0x000000070e400000, 0x000000070e600000|  0%| F|  |TAMS 0x000000070e400000| PB 0x000000070e400000| Untracked 
|  98|0x000000070e600000, 0x000000070e600000, 0x000000070e800000|  0%| F|  |TAMS 0x000000070e600000| PB 0x000000070e600000| Untracked 
|  99|0x000000070e800000, 0x000000070e800000, 0x000000070ea00000|  0%| F|  |TAMS 0x000000070e800000| PB 0x000000070e800000| Untracked 
| 100|0x000000070ea00000, 0x000000070ea00000, 0x000000070ec00000|  0%| F|  |TAMS 0x000000070ea00000| PB 0x000000070ea00000| Untracked 
| 101|0x000000070ec00000, 0x000000070ec00000, 0x000000070ee00000|  0%| F|  |TAMS 0x000000070ec00000| PB 0x000000070ec00000| Untracked 
| 102|0x000000070ee00000, 0x000000070ee00000, 0x000000070f000000|  0%| F|  |TAMS 0x000000070ee00000| PB 0x000000070ee00000| Untracked 
| 103|0x000000070f000000, 0x000000070f000000, 0x000000070f200000|  0%| F|  |TAMS 0x000000070f000000| PB 0x000000070f000000| Untracked 
| 104|0x000000070f200000, 0x000000070f200000, 0x000000070f400000|  0%| F|  |TAMS 0x000000070f200000| PB 0x000000070f200000| Untracked 
| 105|0x000000070f400000, 0x000000070f400000, 0x000000070f600000|  0%| F|  |TAMS 0x000000070f400000| PB 0x000000070f400000| Untracked 
| 106|0x000000070f600000, 0x000000070f6c6840, 0x000000070f800000| 38%| S|CS|TAMS 0x000000070f600000| PB 0x000000070f600000| Complete 
| 107|0x000000070f800000, 0x000000070fa00000, 0x000000070fa00000|100%| S|CS|TAMS 0x000000070f800000| PB 0x000000070f800000| Complete 
| 108|0x000000070fa00000, 0x000000070fa00000, 0x000000070fc00000|  0%| F|  |TAMS 0x000000070fa00000| PB 0x000000070fa00000| Untracked 
| 109|0x000000070fc00000, 0x000000070fc00000, 0x000000070fe00000|  0%| F|  |TAMS 0x000000070fc00000| PB 0x000000070fc00000| Untracked 
| 110|0x000000070fe00000, 0x000000070fe00000, 0x0000000710000000|  0%| F|  |TAMS 0x000000070fe00000| PB 0x000000070fe00000| Untracked 
| 111|0x0000000710000000, 0x0000000710000000, 0x0000000710200000|  0%| F|  |TAMS 0x0000000710000000| PB 0x0000000710000000| Untracked 
| 112|0x0000000710200000, 0x0000000710200000, 0x0000000710400000|  0%| F|  |TAMS 0x0000000710200000| PB 0x0000000710200000| Untracked 
| 113|0x0000000710400000, 0x0000000710400000, 0x0000000710600000|  0%| F|  |TAMS 0x0000000710400000| PB 0x0000000710400000| Untracked 
| 114|0x0000000710600000, 0x0000000710600000, 0x0000000710800000|  0%| F|  |TAMS 0x0000000710600000| PB 0x0000000710600000| Untracked 
| 115|0x0000000710800000, 0x0000000710800000, 0x0000000710a00000|  0%| F|  |TAMS 0x0000000710800000| PB 0x0000000710800000| Untracked 
| 116|0x0000000710a00000, 0x0000000710a00000, 0x0000000710c00000|  0%| F|  |TAMS 0x0000000710a00000| PB 0x0000000710a00000| Untracked 
| 117|0x0000000710c00000, 0x0000000710c00000, 0x0000000710e00000|  0%| F|  |TAMS 0x0000000710c00000| PB 0x0000000710c00000| Untracked 
| 118|0x0000000710e00000, 0x0000000710e00000, 0x0000000711000000|  0%| F|  |TAMS 0x0000000710e00000| PB 0x0000000710e00000| Untracked 
| 119|0x0000000711000000, 0x0000000711000000, 0x0000000711200000|  0%| F|  |TAMS 0x0000000711000000| PB 0x0000000711000000| Untracked 
| 120|0x0000000711200000, 0x0000000711200000, 0x0000000711400000|  0%| F|  |TAMS 0x0000000711200000| PB 0x0000000711200000| Untracked 
| 121|0x0000000711400000, 0x0000000711400000, 0x0000000711600000|  0%| F|  |TAMS 0x0000000711400000| PB 0x0000000711400000| Untracked 
| 122|0x0000000711600000, 0x00000007116c37f8, 0x0000000711800000| 38%| E|  |TAMS 0x0000000711600000| PB 0x0000000711600000| Complete 
| 123|0x0000000711800000, 0x0000000711a00000, 0x0000000711a00000|100%| E|CS|TAMS 0x0000000711800000| PB 0x0000000711800000| Complete 
| 124|0x0000000711a00000, 0x0000000711c00000, 0x0000000711c00000|100%| E|CS|TAMS 0x0000000711a00000| PB 0x0000000711a00000| Complete 
| 125|0x0000000711c00000, 0x0000000711e00000, 0x0000000711e00000|100%| E|CS|TAMS 0x0000000711c00000| PB 0x0000000711c00000| Complete 
| 126|0x0000000711e00000, 0x0000000712000000, 0x0000000712000000|100%| E|CS|TAMS 0x0000000711e00000| PB 0x0000000711e00000| Complete 

Card table byte_map: [0x000001c07a850000,0x000001c07b040000] _byte_map_base: 0x000001c07703f000

Marking Bits: (CMBitMap*) 0x000001c079569920
 Bits: [0x000001c07b040000, 0x000001c07efb8000)

Polling page: 0x000001c0795b0000

Metaspace:

Usage:
  Non-class:     15.76 MB used.
      Class:      2.14 MB used.
       Both:     17.90 MB used.

Virtual space:
  Non-class space:       64.00 MB reserved,      15.94 MB ( 25%) committed,  1 nodes.
      Class space:        1.00 GB reserved,       2.31 MB ( <1%) committed,  1 nodes.
             Both:        1.06 GB reserved,      18.25 MB (  2%) committed. 

Chunk freelists:
   Non-Class:  15.48 MB
       Class:  13.55 MB
        Both:  29.03 MB

MaxMetaspaceSize: unlimited
CompressedClassSpaceSize: 1.00 GB
Initial GC threshold: 21.00 MB
Current GC threshold: 21.00 MB
CDS: on
 - commit_granule_bytes: 65536.
 - commit_granule_words: 8192.
 - virtual_space_node_default_size: 8388608.
 - enlarge_chunks_in_place: 1.
 - use_allocation_guard: 0.


Internal statistics:

num_allocs_failed_limit: 0.
num_arena_births: 302.
num_arena_deaths: 0.
num_vsnodes_births: 2.
num_vsnodes_deaths: 0.
num_space_committed: 292.
num_space_uncommitted: 0.
num_chunks_returned_to_freelist: 0.
num_chunks_taken_from_freelist: 894.
num_chunk_merges: 0.
num_chunk_splits: 574.
num_chunks_enlarged: 388.
num_inconsistent_stats: 0.

CodeHeap 'non-profiled nmethods': size=120000Kb used=1093Kb max_used=1093Kb free=118906Kb
 bounds [0x000001c00fe90000, 0x000001c010100000, 0x000001c0173c0000]
CodeHeap 'profiled nmethods': size=120000Kb used=4427Kb max_used=4427Kb free=115572Kb
 bounds [0x000001c0083c0000, 0x000001c008820000, 0x000001c00f8f0000]
CodeHeap 'non-nmethods': size=5760Kb used=1442Kb max_used=1469Kb free=4317Kb
 bounds [0x000001c00f8f0000, 0x000001c00fb60000, 0x000001c00fe90000]
 total_blobs=2884 nmethods=2356 adapters=432
 compilation: enabled
              stopped_count=0, restarted_count=0
 full_count=0

Compilation events (20 events):
Event: 9.900 Thread 0x000001c0195273b0 2344       3       org.apache.commons.logging.impl.WeakHashtable$Referenced::getValue (8 bytes)
Event: 9.901 Thread 0x000001c0195273b0 nmethod 2344 0x000001c0087fda90 code [0x000001c0087fdc40, 0x000001c0087fde18]
Event: 10.946 Thread 0x000001c019528150 nmethod 2330 0x000001c00ff9a610 code [0x000001c00ff9a9a0, 0x000001c00ff9c048]
Event: 10.947 Thread 0x000001c019528150 2327   !   4       java.util.zip.ZipFile::getEntry (59 bytes)
Event: 10.949 Thread 0x000001c0195273b0 2345       3       java.util.ArrayDeque::addFirst (51 bytes)
Event: 10.951 Thread 0x000001c0195273b0 nmethod 2345 0x000001c0087fdf10 code [0x000001c0087fe100, 0x000001c0087fe5d0]
Event: 10.966 Thread 0x000001c0195273b0 2346   !   3       java.util.concurrent.ConcurrentHashMap::transfer (849 bytes)
Event: 11.961 Thread 0x000001c019528ef0 nmethod 2331 0x000001c00ff9d090 code [0x000001c00ff9d3c0, 0x000001c00ff9e6d8]
Event: 11.965 Thread 0x000001c019528ef0 2347 %     4       java.util.Properties$LineReader::readLine @ 53 (584 bytes)
Event: 13.993 Thread 0x000001c0195273b0 nmethod 2346 0x000001c0087fe790 code [0x000001c0087fec00, 0x000001c0088013a8]
Event: 13.996 Thread 0x000001c0195273b0 2349 %     3       java.util.Properties::load0 @ 29 (249 bytes)
Event: 14.003 Thread 0x000001c0195273b0 nmethod 2349% 0x000001c008802b90 code [0x000001c008802de0, 0x000001c008803968]
Event: 14.004 Thread 0x000001c0195273b0 2350       3       java.util.concurrent.ConcurrentHashMap$EntryIterator::next (5 bytes)
Event: 14.006 Thread 0x000001c0195273b0 nmethod 2350 0x000001c008803d10 code [0x000001c008803ec0, 0x000001c008803ff8]
Event: 14.007 Thread 0x000001c0195273b0 2351       3       java.util.concurrent.ConcurrentHashMap$EntryIterator::next (51 bytes)
Event: 14.011 Thread 0x000001c0195273b0 nmethod 2351 0x000001c008804090 code [0x000001c008804280, 0x000001c0088047c8]
Event: 14.012 Thread 0x000001c0195273b0 2352       3       java.util.concurrent.ConcurrentHashMap$MapEntry::<init> (20 bytes)
Event: 14.012 Thread 0x000001c0195273b0 nmethod 2352 0x000001c008804990 code [0x000001c008804b40, 0x000001c008804dd8]
Event: 14.012 Thread 0x000001c0195273b0 2353       1       java.lang.reflect.Constructor::getConstructorAccessor (5 bytes)
Event: 14.013 Thread 0x000001c0195273b0 nmethod 2353 0x000001c00ff9f810 code [0x000001c00ff9f9a0, 0x000001c00ff9fa70]

GC Heap History (6 events):
Event: 1.582 GC heap before
{Heap before GC invocations=0 (full 0):
 garbage-first heap   total 260096K, used 20480K [0x0000000702200000, 0x0000000800000000)
  region size 2048K, 11 young (22528K), 0 survivors (0K)
 Metaspace       used 3516K, committed 3712K, reserved 1114112K
  class space    used 343K, committed 448K, reserved 1048576K
}
Event: 1.588 GC heap after
{Heap after GC invocations=1 (full 0):
 garbage-first heap   total 260096K, used 8789K [0x0000000702200000, 0x0000000800000000)
  region size 2048K, 2 young (4096K), 2 survivors (4096K)
 Metaspace       used 3516K, committed 3712K, reserved 1114112K
  class space    used 343K, committed 448K, reserved 1048576K
}
Event: 4.760 GC heap before
{Heap before GC invocations=1 (full 0):
 garbage-first heap   total 260096K, used 29269K [0x0000000702200000, 0x0000000800000000)
  region size 2048K, 13 young (26624K), 2 survivors (4096K)
 Metaspace       used 8279K, committed 8576K, reserved 1114112K
  class space    used 893K, committed 1024K, reserved 1048576K
}
Event: 4.781 GC heap after
{Heap after GC invocations=2 (full 0):
 garbage-first heap   total 260096K, used 13199K [0x0000000702200000, 0x0000000800000000)
  region size 2048K, 2 young (4096K), 2 survivors (4096K)
 Metaspace       used 8279K, committed 8576K, reserved 1114112K
  class space    used 893K, committed 1024K, reserved 1048576K
}
Event: 9.501 GC heap before
{Heap before GC invocations=2 (full 0):
 garbage-first heap   total 260096K, used 45967K [0x0000000702200000, 0x0000000800000000)
  region size 2048K, 19 young (38912K), 2 survivors (4096K)
 Metaspace       used 16722K, committed 17024K, reserved 1114112K
  class space    used 1972K, committed 2112K, reserved 1048576K
}
Event: 9.520 GC heap after
{Heap after GC invocations=3 (full 0):
 garbage-first heap   total 260096K, used 16816K [0x0000000702200000, 0x0000000800000000)
  region size 2048K, 2 young (4096K), 2 survivors (4096K)
 Metaspace       used 16722K, committed 17024K, reserved 1114112K
  class space    used 1972K, committed 2112K, reserved 1048576K
}

Dll operation events (10 events):
Event: 0.027 Loaded shared library C:\Program Files\Java\jdk-21\bin\java.dll
Event: 0.093 Loaded shared library C:\Program Files\Java\jdk-21\bin\jsvml.dll
Event: 0.280 Loaded shared library C:\Program Files\Java\jdk-21\bin\zip.dll
Event: 0.288 Loaded shared library C:\Program Files\Java\jdk-21\bin\instrument.dll
Event: 0.297 Loaded shared library C:\Program Files\Java\jdk-21\bin\net.dll
Event: 0.300 Loaded shared library C:\Program Files\Java\jdk-21\bin\nio.dll
Event: 0.311 Loaded shared library C:\Program Files\Java\jdk-21\bin\zip.dll
Event: 0.825 Loaded shared library C:\Users\pc\AppData\Local\JetBrains\IntelliJ IDEA Community Edition 2024.1.3\bin\breakgen64.dll
Event: 0.858 Loaded shared library C:\Program Files\Java\jdk-21\bin\extnet.dll
Event: 1.062 Loaded shared library C:\Program Files\Java\jdk-21\bin\jimage.dll

Deoptimization events (20 events):
Event: 9.573 Thread 0x000001c079501f30 Uncommon trap: trap_request=0xffffff45 fr.pc=0x000001c00feb04f4 relative=0x0000000000000054
Event: 9.574 Thread 0x000001c079501f30 Uncommon trap: reason=unstable_if action=reinterpret pc=0x000001c00feb04f4 method=sun.nio.fs.WindowsPathParser.isSlash(C)Z @ 9 c2
Event: 9.575 Thread 0x000001c079501f30 DEOPT PACKING pc=0x000001c00feb04f4 sp=0x0000001addafe320
Event: 9.575 Thread 0x000001c079501f30 DEOPT UNPACKING pc=0x000001c00f9446a2 sp=0x0000001addafe2a8 mode 2
Event: 9.630 Thread 0x000001c079501f30 Uncommon trap: trap_request=0xffffffde fr.pc=0x000001c00ff842b0 relative=0x0000000000000970
Event: 9.630 Thread 0x000001c079501f30 Uncommon trap: reason=class_check action=maybe_recompile pc=0x000001c00ff842b0 method=java.util.regex.Matcher.search(I)Z @ 121 c2
Event: 9.630 Thread 0x000001c079501f30 DEOPT PACKING pc=0x000001c00ff842b0 sp=0x0000001addafdd80
Event: 9.630 Thread 0x000001c079501f30 DEOPT UNPACKING pc=0x000001c00f9446a2 sp=0x0000001addafdd40 mode 2
Event: 9.630 Thread 0x000001c079501f30 Uncommon trap: trap_request=0xffffffde fr.pc=0x000001c00ff842b0 relative=0x0000000000000970
Event: 9.630 Thread 0x000001c079501f30 Uncommon trap: reason=class_check action=maybe_recompile pc=0x000001c00ff842b0 method=java.util.regex.Matcher.search(I)Z @ 121 c2
Event: 9.630 Thread 0x000001c079501f30 DEOPT PACKING pc=0x000001c00ff842b0 sp=0x0000001addafdd80
Event: 9.631 Thread 0x000001c079501f30 DEOPT UNPACKING pc=0x000001c00f9446a2 sp=0x0000001addafdd40 mode 2
Event: 9.631 Thread 0x000001c079501f30 Uncommon trap: trap_request=0xffffffde fr.pc=0x000001c00ff842b0 relative=0x0000000000000970
Event: 9.631 Thread 0x000001c079501f30 Uncommon trap: reason=class_check action=maybe_recompile pc=0x000001c00ff842b0 method=java.util.regex.Matcher.search(I)Z @ 121 c2
Event: 9.631 Thread 0x000001c079501f30 DEOPT PACKING pc=0x000001c00ff842b0 sp=0x0000001addafdd80
Event: 9.631 Thread 0x000001c079501f30 DEOPT UNPACKING pc=0x000001c00f9446a2 sp=0x0000001addafdd40 mode 2
Event: 9.631 Thread 0x000001c079501f30 Uncommon trap: trap_request=0xffffffde fr.pc=0x000001c00ff842b0 relative=0x0000000000000970
Event: 9.631 Thread 0x000001c079501f30 Uncommon trap: reason=class_check action=maybe_recompile pc=0x000001c00ff842b0 method=java.util.regex.Matcher.search(I)Z @ 121 c2
Event: 9.631 Thread 0x000001c079501f30 DEOPT PACKING pc=0x000001c00ff842b0 sp=0x0000001addafdd80
Event: 9.631 Thread 0x000001c079501f30 DEOPT UNPACKING pc=0x000001c00f9446a2 sp=0x0000001addafdd40 mode 2

Classes loaded (20 events):
Event: 9.677 Loading class java/lang/AssertionError
Event: 9.677 Loading class java/lang/AssertionError done
Event: 11.028 Loading class java/util/concurrent/ConcurrentSkipListMap$KeySet
Event: 11.963 Loading class java/util/concurrent/ConcurrentSkipListMap$KeySet done
Event: 11.964 Loading class java/util/concurrent/ConcurrentSkipListMap$KeyIterator
Event: 11.964 Loading class java/util/concurrent/ConcurrentSkipListMap$Iter
Event: 11.965 Loading class java/util/concurrent/ConcurrentSkipListMap$Iter done
Event: 11.965 Loading class java/util/concurrent/ConcurrentSkipListMap$KeyIterator done
Event: 11.966 Loading class java/net/InetAddress$NameServiceAddresses
Event: 11.966 Loading class java/net/InetAddress$Addresses
Event: 11.966 Loading class java/net/InetAddress$Addresses done
Event: 11.966 Loading class java/net/InetAddress$NameServiceAddresses done
Event: 14.003 Loading class sun/net/InetAddressCachePolicy
Event: 14.004 Loading class sun/net/InetAddressCachePolicy done
Event: 14.005 Loading class sun/net/InetAddressCachePolicy$1
Event: 14.006 Loading class sun/net/InetAddressCachePolicy$1 done
Event: 14.008 Loading class java/net/InetAddress$CachedLookup
Event: 14.008 Loading class java/net/InetAddress$CachedLookup done
Event: 14.011 Loading class java/util/concurrent/atomic/Striped64$1
Event: 14.012 Loading class java/util/concurrent/atomic/Striped64$1 done

Classes unloaded (0 events):
No events

Classes redefined (0 events):
No events

Internal exceptions (20 events):
Event: 5.520 Thread 0x000001c079501f30 Exception <a 'java/lang/NoSuchMethodError'{0x0000000711b34aa0}: 'int java.lang.invoke.DirectMethodHandle$Holder.invokeInterface(java.lang.Object, java.lang.Object)'> (0x0000000711b34aa0) 
thrown [s\open\src\hotspot\share\interpreter\linkResolver.cpp, line 773]
Event: 5.533 Thread 0x000001c079501f30 Exception <a 'java/lang/NoSuchMethodError'{0x0000000711b56cf0}: 'void java.lang.invoke.DirectMethodHandle$Holder.invokeSpecial(java.lang.Object, java.lang.Object, java.lang.Object, java.lang.Object, java.lang.Object)'> (0x0000000711b56cf0) 
thrown [s\open\src\hotspot\share\interpreter\linkResolver.cpp, line 773]
Event: 5.647 Thread 0x000001c079501f30 Exception <a 'java/lang/NoSuchMethodError'{0x0000000711832d70}: 'java.lang.Object java.lang.invoke.DirectMethodHandle$Holder.invokeSpecial(java.lang.Object, java.lang.Object, java.lang.Object, int, java.lang.Object)'> (0x0000000711832d70) 
thrown [s\open\src\hotspot\share\interpreter\linkResolver.cpp, line 773]
Event: 5.648 Thread 0x000001c079501f30 Exception <a 'java/lang/NoSuchMethodError'{0x000000071183a680}: 'java.lang.Object java.lang.invoke.DirectMethodHandle$Holder.newInvokeSpecial(java.lang.Object, java.lang.Object, java.lang.Object, int, java.lang.Object)'> (0x000000071183a680) 
thrown [s\open\src\hotspot\share\interpreter\linkResolver.cpp, line 773]
Event: 5.650 Thread 0x000001c079501f30 Exception <a 'java/lang/NoSuchMethodError'{0x0000000711841b58}: 'java.lang.Object java.lang.invoke.Invokers$Holder.linkToTargetMethod(java.lang.Object, java.lang.Object, int, java.lang.Object, java.lang.Object)'> (0x0000000711841b58) 
thrown [s\open\src\hotspot\share\interpreter\linkResolver.cpp, line 773]
Event: 5.654 Thread 0x000001c079501f30 Exception <a 'java/lang/NoSuchMethodError'{0x000000071184ffe0}: 'java.lang.Object java.lang.invoke.DirectMethodHandle$Holder.newInvokeSpecial(java.lang.Object, int, java.lang.Object)'> (0x000000071184ffe0) 
thrown [s\open\src\hotspot\share\interpreter\linkResolver.cpp, line 773]
Event: 5.656 Thread 0x000001c079501f30 Exception <a 'java/lang/NoSuchMethodError'{0x00000007118549a0}: 'int java.lang.invoke.DirectMethodHandle$Holder.invokeSpecialIFC(java.lang.Object, java.lang.Object, java.lang.Object, java.lang.Object)'> (0x00000007118549a0) 
thrown [s\open\src\hotspot\share\interpreter\linkResolver.cpp, line 773]
Event: 5.752 Thread 0x000001c079501f30 Exception <a 'java/lang/NoSuchMethodError'{0x0000000711927988}: 'void java.lang.invoke.DirectMethodHandle$Holder.invokeInterface(java.lang.Object, java.lang.Object, java.lang.Object)'> (0x0000000711927988) 
thrown [s\open\src\hotspot\share\interpreter\linkResolver.cpp, line 773]
Event: 5.854 Thread 0x000001c079501f30 Exception <a 'java/lang/NoSuchMethodError'{0x00000007119afde8}: 'java.lang.reflect.Field[] java.lang.Class.getDeclaredFields(java.lang.Class)'> (0x00000007119afde8) 
thrown [s\open\src\hotspot\share\interpreter\linkResolver.cpp, line 773]
Event: 5.858 Thread 0x000001c079501f30 Exception <a 'java/lang/NoSuchMethodError'{0x00000007119b4748}: 'java.lang.Object java.lang.invoke.DirectMethodHandle$Holder.invokeStatic(java.lang.Object, java.lang.Object, int)'> (0x00000007119b4748) 
thrown [s\open\src\hotspot\share\interpreter\linkResolver.cpp, line 773]
Event: 5.863 Thread 0x000001c079501f30 Exception <a 'java/lang/NoSuchMethodError'{0x00000007119bf8f8}: 'void java.lang.invoke.DelegatingMethodHandle$Holder.delegate(java.lang.Object, java.lang.Object, int, java.lang.Object)'> (0x00000007119bf8f8) 
thrown [s\open\src\hotspot\share\interpreter\linkResolver.cpp, line 773]
Event: 7.070 Thread 0x000001c079501f30 Exception <a 'java/lang/NoSuchMethodError'{0x00000007116d4648}: 'void java.lang.invoke.DirectMethodHandle$Holder.invokeStaticInit(java.lang.Object, java.lang.Object, java.lang.Object)'> (0x00000007116d4648) 
thrown [s\open\src\hotspot\share\interpreter\linkResolver.cpp, line 773]
Event: 7.088 Thread 0x000001c079501f30 Exception <a 'java/lang/NoSuchMethodError'{0x00000007116f1550}: 'java.lang.Object java.lang.invoke.DirectMethodHandle$Holder.invokeVirtual(java.lang.Object, java.lang.Object, java.lang.Object)'> (0x00000007116f1550) 
thrown [s\open\src\hotspot\share\interpreter\linkResolver.cpp, line 773]
Event: 7.179 Thread 0x000001c079501f30 Exception <a 'java/lang/NoSuchMethodError'{0x000000071177fbc8}: 'void java.lang.invoke.DirectMethodHandle$Holder.invokeVirtual(java.lang.Object, java.lang.Object, java.lang.Object, java.lang.Object)'> (0x000000071177fbc8) 
thrown [s\open\src\hotspot\share\interpreter\linkResolver.cpp, line 773]
Event: 7.603 Thread 0x000001c079501f30 Exception <a 'java/lang/NoSuchMethodError'{0x00000007115f41f8}: 'void java.lang.invoke.DirectMethodHandle$Holder.invokeSpecial(java.lang.Object, java.lang.Object, java.lang.Object)'> (0x00000007115f41f8) 
thrown [s\open\src\hotspot\share\interpreter\linkResolver.cpp, line 773]
Event: 7.659 Thread 0x000001c079501f30 Exception <a 'java/lang/IncompatibleClassChangeError'{0x000000071129a5d0}: Found class java.lang.Object, but interface was expected> (0x000000071129a5d0) 
thrown [s\open\src\hotspot\share\interpreter\linkResolver.cpp, line 840]
Event: 7.702 Thread 0x000001c079501f30 Exception <a 'java/lang/NoSuchMethodError'{0x00000007112b2880}: 'java.lang.Object java.lang.invoke.DirectMethodHandle$Holder.invokeStaticInit(java.lang.Object, int)'> (0x00000007112b2880) 
thrown [s\open\src\hotspot\share\interpreter\linkResolver.cpp, line 773]
Event: 7.710 Thread 0x000001c079501f30 Exception <a 'java/lang/NoSuchMethodError'{0x00000007112bc980}: 'java.lang.Object java.lang.invoke.DirectMethodHandle$Holder.invokeStatic(java.lang.Object, int, java.lang.Object)'> (0x00000007112bc980) 
thrown [s\open\src\hotspot\share\interpreter\linkResolver.cpp, line 773]
Event: 7.710 Thread 0x000001c079501f30 Exception <a 'java/lang/NoSuchMethodError'{0x00000007112bffe0}: 'java.lang.Object java.lang.invoke.DirectMethodHandle$Holder.invokeStaticInit(java.lang.Object, int, java.lang.Object)'> (0x00000007112bffe0) 
thrown [s\open\src\hotspot\share\interpreter\linkResolver.cpp, line 773]
Event: 9.579 Thread 0x000001c079501f30 Exception <a 'java/lang/NoSuchMethodError'{0x0000000711e2fdf0}: 'int java.lang.invoke.DirectMethodHandle$Holder.invokeSpecial(java.lang.Object, java.lang.Object, java.lang.Object, java.lang.Object, java.lang.Object)'> (0x0000000711e2fdf0) 
thrown [s\open\src\hotspot\share\interpreter\linkResolver.cpp, line 773]

ZGC Phase Switch (0 events):
No events

VM Operations (20 events):
Event: 6.865 Executing VM operation: Cleanup
Event: 6.865 Executing VM operation: Cleanup done
Event: 7.578 Executing VM operation: HandshakeAllThreads (Deoptimize)
Event: 7.579 Executing VM operation: HandshakeAllThreads (Deoptimize) done
Event: 7.592 Executing VM operation: HandshakeAllThreads (Deoptimize)
Event: 7.592 Executing VM operation: HandshakeAllThreads (Deoptimize) done
Event: 7.593 Executing VM operation: HandshakeAllThreads (Deoptimize)
Event: 7.593 Executing VM operation: HandshakeAllThreads (Deoptimize) done
Event: 8.599 Executing VM operation: Cleanup
Event: 8.599 Executing VM operation: Cleanup done
Event: 8.717 Executing VM operation: HandshakeAllThreads (Deoptimize)
Event: 8.724 Executing VM operation: HandshakeAllThreads (Deoptimize) done
Event: 9.181 Executing VM operation: HandshakeAllThreads (Deoptimize)
Event: 9.181 Executing VM operation: HandshakeAllThreads (Deoptimize) done
Event: 9.425 Executing VM operation: HandshakeAllThreads (Deoptimize)
Event: 9.429 Executing VM operation: HandshakeAllThreads (Deoptimize) done
Event: 9.500 Executing VM operation: G1CollectForAllocation (G1 Evacuation Pause)
Event: 9.521 Executing VM operation: G1CollectForAllocation (G1 Evacuation Pause) done
Event: 10.532 Executing VM operation: Cleanup
Event: 10.532 Executing VM operation: Cleanup done

Events (20 events):
Event: 0.090 Thread 0x000001c0194e8250 Thread added: 0x000001c0194e8250
Event: 0.090 Thread 0x000001c0195273b0 Thread added: 0x000001c0195273b0
Event: 0.232 Thread 0x000001c0195de430 Thread added: 0x000001c0195de430
Event: 0.415 Thread 0x000001c019528ef0 Thread added: 0x000001c019528ef0
Event: 0.724 Thread 0x000001c019528ef0 Thread exited: 0x000001c019528ef0
Event: 0.827 Thread 0x000001c019865090 Thread added: 0x000001c019865090
Event: 0.827 Thread 0x000001c05f264240 Thread added: 0x000001c05f264240
Event: 1.164 Thread 0x000001c019528ef0 Thread added: 0x000001c019528ef0
Event: 1.638 Thread 0x000001c0195295c0 Thread added: 0x000001c0195295c0
Event: 2.129 Thread 0x000001c0195295c0 Thread exited: 0x000001c0195295c0
Event: 2.129 Thread 0x000001c019528ef0 Thread exited: 0x000001c019528ef0
Event: 5.672 Thread 0x000001c019528820 Thread added: 0x000001c019528820
Event: 5.992 Thread 0x000001c05fdb5860 Thread added: 0x000001c05fdb5860
Event: 7.006 Thread 0x000001c019528820 Thread exited: 0x000001c019528820
Event: 7.628 Thread 0x000001c01972e5f0 Thread added: 0x000001c01972e5f0
Event: 8.600 Thread 0x000001c019529c90 Thread added: 0x000001c019529c90
Event: 9.139 Thread 0x000001c019529c90 Thread exited: 0x000001c019529c90
Event: 9.755 Thread 0x000001c019528ef0 Thread added: 0x000001c019528ef0
Event: 9.772 Thread 0x000001c019528150 Thread added: 0x000001c019528150
Event: 14.014 Thread 0x000001c05fdb5860 Thread exited: 0x000001c05fdb5860


Dynamic libraries:
0x00007ff7bc210000 - 0x00007ff7bc220000 	C:\Program Files\Java\jdk-21\bin\java.exe
0x00007ff8d9ce0000 - 0x00007ff8d9f43000 	C:\WINDOWS\SYSTEM32\ntdll.dll
0x00007ff8d9600000 - 0x00007ff8d96c7000 	C:\WINDOWS\System32\KERNEL32.DLL
0x00007ff8d75d0000 - 0x00007ff8d7999000 	C:\WINDOWS\System32\KERNELBASE.dll
0x00007ff8d7310000 - 0x00007ff8d745c000 	C:\WINDOWS\System32\ucrtbase.dll
0x00007ff8cea70000 - 0x00007ff8cea89000 	C:\Program Files\Java\jdk-21\bin\jli.dll
0x00007ff8cccd0000 - 0x00007ff8ccceb000 	C:\Program Files\Java\jdk-21\bin\VCRUNTIME140.dll
0x00007ff8d9990000 - 0x00007ff8d9a42000 	C:\WINDOWS\System32\ADVAPI32.dll
0x00007ff8d8320000 - 0x00007ff8d83c9000 	C:\WINDOWS\System32\msvcrt.dll
0x00007ff8d9550000 - 0x00007ff8d95f6000 	C:\WINDOWS\System32\sechost.dll
0x00007ff8d80e0000 - 0x00007ff8d81f6000 	C:\WINDOWS\System32\RPCRT4.dll
0x00007ff8d9ad0000 - 0x00007ff8d9c9a000 	C:\WINDOWS\System32\USER32.dll
0x00007ff8c11a0000 - 0x00007ff8c1430000 	C:\WINDOWS\WinSxS\amd64_microsoft.windows.common-controls_6595b64144ccf1df_6.0.26100.3323_none_3e088096e3344490\COMCTL32.dll
0x00007ff8d7460000 - 0x00007ff8d7487000 	C:\WINDOWS\System32\win32u.dll
0x00007ff8d8210000 - 0x00007ff8d823a000 	C:\WINDOWS\System32\GDI32.dll
0x00007ff8d7490000 - 0x00007ff8d75c1000 	C:\WINDOWS\System32\gdi32full.dll
0x00007ff8cc120000 - 0x00007ff8cc12b000 	C:\WINDOWS\SYSTEM32\VERSION.dll
0x00007ff8d71d0000 - 0x00007ff8d7273000 	C:\WINDOWS\System32\msvcp_win.dll
0x00007ff8d7b00000 - 0x00007ff8d7b2f000 	C:\WINDOWS\System32\IMM32.DLL
0x00007ff8ccca0000 - 0x00007ff8cccac000 	C:\Program Files\Java\jdk-21\bin\vcruntime140_1.dll
0x00007ff8a0510000 - 0x00007ff8a059e000 	C:\Program Files\Java\jdk-21\bin\msvcp140.dll
0x00007ff81fc30000 - 0x00007ff82094a000 	C:\Program Files\Java\jdk-21\bin\server\jvm.dll
0x00007ff8d7fd0000 - 0x00007ff8d8044000 	C:\WINDOWS\System32\WS2_32.dll
0x00007ff8d6d90000 - 0x00007ff8d6dde000 	C:\WINDOWS\SYSTEM32\POWRPROF.dll
0x00007ff8c0f10000 - 0x00007ff8c0f46000 	C:\WINDOWS\SYSTEM32\WINMM.dll
0x00007ff8d6d70000 - 0x00007ff8d6d84000 	C:\WINDOWS\SYSTEM32\UMPDC.dll
0x00007ff8d5cc0000 - 0x00007ff8d5cda000 	C:\WINDOWS\SYSTEM32\kernel.appcore.dll
0x00007ff8bf3f0000 - 0x00007ff8bf3fa000 	C:\Program Files\Java\jdk-21\bin\jimage.dll
0x00007ff8d4320000 - 0x00007ff8d4561000 	C:\WINDOWS\SYSTEM32\DBGHELP.DLL
0x00007ff8d90c0000 - 0x00007ff8d9442000 	C:\WINDOWS\System32\combase.dll
0x00007ff8d8240000 - 0x00007ff8d8316000 	C:\WINDOWS\System32\OLEAUT32.dll
0x00007ff8b7b70000 - 0x00007ff8b7ba9000 	C:\WINDOWS\SYSTEM32\dbgcore.DLL
0x00007ff8d79a0000 - 0x00007ff8d7a39000 	C:\WINDOWS\System32\bcryptPrimitives.dll
0x00007ff8ab3f0000 - 0x00007ff8ab3ff000 	C:\Program Files\Java\jdk-21\bin\instrument.dll
0x00007ff8b9170000 - 0x00007ff8b918f000 	C:\Program Files\Java\jdk-21\bin\java.dll
0x00007ff8d8980000 - 0x00007ff8d9095000 	C:\WINDOWS\System32\SHELL32.dll
0x00007ff8d6ee0000 - 0x00007ff8d7048000 	C:\WINDOWS\System32\wintypes.dll
0x00007ff8d4ba0000 - 0x00007ff8d53e5000 	C:\WINDOWS\SYSTEM32\windows.storage.dll
0x00007ff8d9450000 - 0x00007ff8d953b000 	C:\WINDOWS\System32\SHCORE.dll
0x00007ff8d96f0000 - 0x00007ff8d974d000 	C:\WINDOWS\System32\shlwapi.dll
0x00007ff8d6df0000 - 0x00007ff8d6e1f000 	C:\WINDOWS\SYSTEM32\profapi.dll
0x00007ff8a0270000 - 0x00007ff8a0347000 	C:\Program Files\Java\jdk-21\bin\jsvml.dll
0x00007ff8b7dc0000 - 0x00007ff8b7dd8000 	C:\Program Files\Java\jdk-21\bin\zip.dll
0x00007ff8bf3e0000 - 0x00007ff8bf3f0000 	C:\Program Files\Java\jdk-21\bin\net.dll
0x00007ff8caf00000 - 0x00007ff8cb01e000 	C:\WINDOWS\SYSTEM32\WINHTTP.dll
0x00007ff8d61c0000 - 0x00007ff8d622a000 	C:\WINDOWS\system32\mswsock.dll
0x00007ff8b7de0000 - 0x00007ff8b7df6000 	C:\Program Files\Java\jdk-21\bin\nio.dll
0x00007ff8ab540000 - 0x00007ff8ab55a000 	C:\Users\pc\AppData\Local\JetBrains\IntelliJ IDEA Community Edition 2024.1.3\bin\breakgen64.dll
0x00007ff8ab560000 - 0x00007ff8ab569000 	C:\Program Files\Java\jdk-21\bin\extnet.dll
0x00007ff8d56e0000 - 0x00007ff8d5713000 	C:\WINDOWS\SYSTEM32\IPHLPAPI.DLL
0x00007ff8d9540000 - 0x00007ff8d954a000 	C:\WINDOWS\System32\NSI.dll
0x00007ff8d5720000 - 0x00007ff8d5845000 	C:\WINDOWS\SYSTEM32\DNSAPI.dll
0x00007ff8c5720000 - 0x00007ff8c572b000 	C:\Windows\System32\rasadhlp.dll
0x00007ff8c5550000 - 0x00007ff8c55d5000 	C:\WINDOWS\System32\fwpuclnt.dll

dbghelp: loaded successfully - version: 4.0.5 - missing functions: none
symbol engine: initialized successfully - sym options: 0x614 - pdb path: .;C:\Program Files\Java\jdk-21\bin;C:\WINDOWS\SYSTEM32;C:\WINDOWS\WinSxS\amd64_microsoft.windows.common-controls_6595b64144ccf1df_6.0.26100.3323_none_3e088096e3344490;C:\Program Files\Java\jdk-21\bin\server;C:\Users\pc\AppData\Local\JetBrains\IntelliJ IDEA Community Edition 2024.1.3\bin

VM Arguments:
jvm_args: -javaagent:C:\Users\pc\AppData\Local\JetBrains\IntelliJ IDEA Community Edition 2024.1.3\lib\idea_rt.jar=51642:C:\Users\pc\AppData\Local\JetBrains\IntelliJ IDEA Community Edition 2024.1.3\bin -Dfile.encoding=UTF-8 
java_command: com.service_registry.ServiceRegistryApplication
java_class_path (initial): C:\Users\pc\Desktop\Quillist-sem-4\service-registry\target\classes;C:\Users\pc\.m2\repository\org\springframework\cloud\spring-cloud-starter-netflix-eureka-server\4.2.0\spring-cloud-starter-netflix-eureka-server-4.2.0.jar;C:\Users\pc\.m2\repository\org\springframework\cloud\spring-cloud-starter\4.2.0\spring-cloud-starter-4.2.0.jar;C:\Users\pc\.m2\repository\org\springframework\cloud\spring-cloud-context\4.2.0\spring-cloud-context-4.2.0.jar;C:\Users\pc\.m2\repository\org\springframework\security\spring-security-crypto\6.4.3\spring-security-crypto-6.4.3.jar;C:\Users\pc\.m2\repository\org\springframework\cloud\spring-cloud-commons\4.2.0\spring-cloud-commons-4.2.0.jar;C:\Users\pc\.m2\repository\org\bouncycastle\bcprov-jdk18on\1.78.1\bcprov-jdk18on-1.78.1.jar;C:\Users\pc\.m2\repository\org\springframework\cloud\spring-cloud-netflix-eureka-server\4.2.0\spring-cloud-netflix-eureka-server-4.2.0.jar;C:\Users\pc\.m2\repository\org\springframework\boot\spring-boot-starter-web\3.4.3\spring-boot-starter-web-3.4.3.jar;C:\Users\pc\.m2\repository\org\springframework\boot\spring-boot-starter-json\3.4.3\spring-boot-starter-json-3.4.3.jar;C:\Users\pc\.m2\repository\com\fasterxml\jackson\datatype\jackson-datatype-jdk8\2.18.2\jackson-datatype-jdk8-2.18.2.jar;C:\Users\pc\.m2\repository\com\fasterxml\jackson\datatype\jackson-datatype-jsr310\2.18.2\jackson-datatype-jsr310-2.18.2.jar;C:\Users\pc\.m2\repository\com\fasterxml\jackson\module\jackson-module-parameter-names\2.18.2\jackson-module-parameter-names-2.18.2.jar;C:\Users\pc\.m2\repository\org\springframework\boot\spring-boot-starter-tomcat\3.4.3\spring-boot-starter-tomcat-3.4.3.jar;C:\Users\pc\.m2\repository\org\apache\tomcat\embed\tomcat-embed-core\10.1.36\tomcat-embed-core-10.1.36.jar;C:\Users\pc\.m2\repository\org\apache\tomcat\embed\tomcat-embed-el\10.1.36\tomcat-embed-el-10.1.36.jar;C:\Users\pc\.m2\repository\org\apache\tomcat\embed\tomcat-embed-websocket\10.1.36\tomcat-embed-websocket-10.1.36.jar;C:\Users\pc\.m2\repository\org\springframework\spring-web\6.2.3\spring-web-6.2.3.jar;C:\Users\pc\.m2\repository\org\springframework\spring-beans\6.2.3\spring-beans-6.2.3.jar;C:\Users\pc\.m2\repository\org\springframework\spring-webmvc\6.2.3\spring-webmvc-6.2.3.jar;C:\Users\pc\.m2\repository\org\springframework\spring-aop\6.2.3\spring-aop-6.2.3.jar;C:\Users\pc\.m2\repository\org\springframework\spring-expression\6.2.3\spring-expression-6.2.3.jar;C:\Users\pc\.m2\repository\org\springframework\boot\spring-boot-starter-actuator\3.4.3\spring-boot-starter-actuator-3.4.3.jar;C:\Users\pc\.m2\repository\org\springframework\boot\spring-boot-actuator-autoconfigure\3.4.3\spring-boot-actuator-autoconfigure-3.4.3.jar;C:\Users\pc\.m2\repository\org\springframework\boot\spring-boot-actuator\3.4.3\spring-boot-actuator-3.4.3.jar;C:\Users\pc\.m2\repository\io\micrometer\micrometer-observation\1.14.4\micrometer-observation-1.14.4.jar;C:\Users\pc\.m2\repository\io\micrometer\micrometer-commons\1.14.4\micrometer-commons-1.14.4.jar;C:\Users\pc\.m2\repository\io\micrometer\micrometer-jakarta9\1.14.4\micrometer-jakarta9-1.14.4.jar;C:\Users\pc\.m2\repository\io\micrometer\micrometer-core\1.14.4\micrometer-core-1.14.4.jar;C:\Users\pc\.m2\repository\org\hdrhistogram\HdrHistogram\2.2.2\HdrHistogram-2.2.2.jar;C:\Users\pc\.m2\repository\org\latencyutils\LatencyUtils\2.0.3\LatencyUtils-2.0.3.jar;C:\Users\pc\.m2\repository\org\springframework\boot\spring-boot-starter-freemarker\3.4.3\spring-boot-starter-freemarker-3.4.3.jar;C:\Users\pc\.m2\repository\org\freemarker\freemarker\2.3.34\freemarker-2.3.34.jar;C:\Users\pc\.m2\repository\org\springframework\spring-context-support\6.2.3\spring-context-support-6.2.3.jar;C:\Users\pc\.m2\repository\org\springframework\cloud\spring-cloud-netflix-eureka-client\4.2.0\spring-cloud-netflix-eureka-client-4.2.0.jar;C:\Users\pc\.m2\repository\com\netflix\eureka\eureka-client\2.0.4\eureka-client-2.0.4.jar;C:\Users\pc\.m2\repository\com\thoughtworks\xstream\xstream\1.4.20\xstream-1.4.20.jar;C:\Users\pc\.m2\repository\io\github\x-stream\mxparser\1.2.2\mxparser-1.2.2.jar;C:\Users\pc\.m2\repository\xmlpull\xmlpull\1.1.3.1\xmlpull-1.1.3.1.jar;C:\Users\pc\.m2\repository\com\netflix\spectator\spectator-api\1.7.3\spectator-api-1.7.3.jar;C:\Users\pc\.m2\repository\org\apache\httpcomponents\httpclient\4.5.3\httpclient-4.5.3.jar;C:\Users\pc\.m2\repository\org\apache\httpcomponents\httpcore\4.4.16\httpcore-4.4.16.jar;C:\Users\pc\.m2\repository\commons-configuration\commons-configuration\1.10\commons-configuration-1.10.jar;C:\Users\pc\.m2\repository\commons-lang\commons-lang\2.6\commons-lang-2.6.jar;C:\Users\pc\.m2\repository\com\netflix\netflix-commons\netflix-eventbus\0.3.0\netflix-eventbus-0.3.0.jar;C:\Users\pc\.m2\repository\com\netflix\netflix-commons\netflix-infix\0.3.0\netflix-infix-0.3.0.jar;C:\Users\pc\.m2\repository\commons-jxpath\commons-jxpath\1.3\commons-jxpath-1.3.jar;C:\Users\pc\.m2\repository\joda-time\joda-time\2.3\joda-time-2.3.jar;C:\Users\pc\.m2\repository\org\antlr\antlr-runtime\3.4\antlr-runtime-3.4.jar;C:\Users\pc\.m2\repository\org\antlr\stringtemplate\3.2.1\stringtemplate-3.2.1.jar;C:\Users\pc\.m2\repository\antlr\antlr\2.7.7\antlr-2.7.7.jar;C:\Users\pc\.m2\repository\com\google\code\gson\gson\2.11.0\gson-2.11.0.jar;C:\Users\pc\.m2\repository\com\netflix\servo\servo-core\0.5.3\servo-core-0.5.3.jar;C:\Users\pc\.m2\repository\org\apache\commons\commons-math\2.2\commons-math-2.2.jar;C:\Users\pc\.m2\repository\javax\annotation\javax.annotation-api\1.2\javax.annotation-api-1.2.jar;C:\Users\pc\.m2\repository\org\codehaus\jettison\jettison\1.5.4\jettison-1.5.4.jar;C:\Users\pc\.m2\repository\org\apache\httpcomponents\client5\httpclient5\5.4.2\httpclient5-5.4.2.jar;C:\Users\pc\.m2\repository\org\apache\httpcomponents\core5\httpcore5\5.3.3\httpcore5-5.3.3.jar;C:\Users\pc\.m2\repository\org\apache\httpcomponents\core5\httpcore5-h2\5.3.3\httpcore5-h2-5.3.3.jar;C:\Users\pc\.m2\repository\com\netflix\eureka\eureka-client-jersey3\2.0.4\eureka-client-jersey3-2.0.4.jar;C:\Users\pc\.m2\repository\org\glassfish\jersey\connectors\jersey-apache-connector\3.1.10\jersey-apache-connector-3.1.10.jar;C:\Users\pc\.m2\repository\commons-codec\commons-codec\1.17.2\commons-codec-1.17.2.jar;C:\Users\pc\.m2\repository\commons-logging\commons-logging\1.3.4\commons-logging-1.3.4.jar;C:\Users\pc\.m2\repository\com\netflix\eureka\eureka-core-jersey3\2.0.4\eureka-core-jersey3-2.0.4.jar;C:\Users\pc\.m2\repository\com\netflix\eureka\eureka-core\2.0.4\eureka-core-2.0.4.jar;C:\Users\pc\.m2\repository\com\google\guava\guava\33.0.0-jre\guava-33.0.0-jre.jar;C:\Users\pc\.m2\repository\com\google\guava\failureaccess\1.0.2\failureaccess-1.0.2.jar;C:\Users\pc\.m2\repository\com\google\guava\listenablefuture\9999.0-empty-to-avoid-conflict-with-guava\listenablefuture-9999.0-empty-to-avoid-conflict-with-guava.jar;C:\Users\pc\.m2\repository\org\checkerframework\checker-qual\3.41.0\checker-qual-3.41.0.jar;C:\Users\pc\.m2\repository\com\google\errorprone\error_prone_annotations\2.23.0\error_prone_annotations-2.23.0.jar;C:\Users\pc\.m2\repository\com\google\j2objc\j2objc-annotations\2.8\j2objc-annotations-2.8.jar;C:\Users\pc\.m2\repository\org\glassfish\jersey\containers\jersey-container-servlet\3.1.10\jersey-container-servlet-3.1.10.jar;C:\Users\pc\.m2\repository\org\glassfish\jersey\containers\jersey-container-servlet-core\3.1.10\jersey-container-servlet-core-3.1.10.jar;C:\Users\pc\.m2\repository\org\glassfish\jersey\core\jersey-common\3.1.10\jersey-common-3.1.10.jar;C:\Users\pc\.m2\repository\org\glassfish\hk2\osgi-resource-locator\1.0.3\osgi-resource-locator-1.0.3.jar;C:\Users\pc\.m2\repository\jakarta\ws\rs\jakarta.ws.rs-api\3.1.0\jakarta.ws.rs-api-3.1.0.jar;C:\Users\pc\.m2\repository\org\glassfish\jersey\core\jersey-server\3.1.10\jersey-server-3.1.10.jar;C:\Users\pc\.m2\repository\jakarta\inject\jakarta.inject-api\2.0.1\jakarta.inject-api-2.0.1.jar;C:\Users\pc\.m2\repository\jakarta\validation\jakarta.validation-api\3.0.2\jakarta.validation-api-3.0.2.jar;C:\Users\pc\.m2\repository\org\glassfish\jersey\core\jersey-client\3.1.10\jersey-client-3.1.10.jar;C:\Users\pc\.m2\repository\org\glassfish\jersey\inject\jersey-hk2\3.1.10\jersey-hk2-3.1.10.jar;C:\Users\pc\.m2\repository\org\glassfish\hk2\hk2-locator\3.0.6\hk2-locator-3.0.6.jar;C:\Users\pc\.m2\repository\org\glassfish\hk2\external\aopalliance-repackaged\3.0.6\aopalliance-repackaged-3.0.6.jar;C:\Users\pc\.m2\repository\org\glassfish\hk2\hk2-utils\3.0.6\hk2-utils-3.0.6.jar;C:\Users\pc\.m2\repository\org\javassist\javassist\3.30.2-GA\javassist-3.30.2-GA.jar;C:\Users\pc\.m2\repository\org\glassfish\hk2\spring-bridge\3.1.1\spring-bridge-3.1.1.jar;C:\Users\pc\.m2\repository\org\glassfish\hk2\hk2-api\3.1.1\hk2-api-3.1.1.jar;C:\Users\pc\.m2\repository\org\springframework\spring-context\6.2.3\spring-context-6.2.3.jar;C:\Users\pc\.m2\repository\com\fasterxml\jackson\dataformat\jackson-dataformat-xml\2.18.2\jackson-dataformat-xml-2.18.2.jar;C:\Users\pc\.m2\repository\com\fasterxml\jackson\core\jackson-core\2.18.2\jackson-core-2.18.2.jar;C:\Users\pc\.m2\repository\com\fasterxml\jackson\core\jackson-annotations\2.18.2\jackson-annotations-2.18.2.jar;C:\Users\pc\.m2\repository\com\fasterxml\jackson\core\jackson-databind\2.18.2\jackson-databind-2.18.2.jar;C:\Users\pc\.m2\repository\org\codehaus\woodstox\stax2-api\4.2.2\stax2-api-4.2.2.jar;C:\Users\pc\.m2\repository\com\fasterxml\woodstox\woodstox-core\7.0.0\woodstox-core-7.0.0.jar;C:\Users\pc\.m2\repository\org\springframework\cloud\spring-cloud-starter-loadbalancer\4.2.0\spring-cloud-starter-loadbalancer-4.2.0.jar;C:\Users\pc\.m2\repository\org\springframework\cloud\spring-cloud-loadbalancer\4.2.0\spring-cloud-loadbalancer-4.2.0.jar;C:\Users\pc\.m2\repository\io\projectreactor\reactor-core\3.7.3\reactor-core-3.7.3.jar;C:\Users\pc\.m2\repository\org\reactivestreams\reactive-streams\1.0.4\reactive-streams-1.0.4.jar;C:\Users\pc\.m2\repository\io\projectreactor\addons\reactor-extra\3.5.2\reactor-extra-3.5.2.jar;C:\Users\pc\.m2\repository\org\springframework\boot\spring-boot-starter-cache\3.4.3\spring-boot-starter-cache-3.4.3.jar;C:\Users\pc\.m2\repository\com\stoyanr\evictor\1.0.0\evictor-1.0.0.jar;C:\Users\pc\.m2\repository\org\glassfish\jaxb\jaxb-runtime\4.0.5\jaxb-runtime-4.0.5.jar;C:\Users\pc\.m2\repository\org\glassfish\jaxb\jaxb-core\4.0.5\jaxb-core-4.0.5.jar;C:\Users\pc\.m2\repository\org\eclipse\angus\angus-activation\2.0.2\angus-activation-2.0.2.jar;C:\Users\pc\.m2\repository\org\glassfish\jaxb\txw2\4.0.5\txw2-4.0.5.jar;C:\Users\pc\.m2\repository\com\sun\istack\istack-commons-runtime\4.1.2\istack-commons-runtime-4.1.2.jar;C:\Users\pc\.m2\repository\org\springframework\boot\spring-boot-starter\3.4.3\spring-boot-starter-3.4.3.jar;C:\Users\pc\.m2\repository\org\springframework\boot\spring-boot\3.4.3\spring-boot-3.4.3.jar;C:\Users\pc\.m2\repository\org\springframework\boot\spring-boot-autoconfigure\3.4.3\spring-boot-autoconfigure-3.4.3.jar;C:\Users\pc\.m2\repository\org\springframework\boot\spring-boot-starter-logging\3.4.3\spring-boot-starter-logging-3.4.3.jar;C:\Users\pc\.m2\repository\ch\qos\logback\logback-classic\1.5.16\logback-classic-1.5.16.jar;C:\Users\pc\.m2\repository\ch\qos\logback\logback-core\1.5.16\logback-core-1.5.16.jar;C:\Users\pc\.m2\repository\org\apache\logging\log4j\log4j-to-slf4j\2.24.3\log4j-to-slf4j-2.24.3.jar;C:\Users\pc\.m2\repository\org\apache\logging\log4j\log4j-api\2.24.3\log4j-api-2.24.3.jar;C:\Users\pc\.m2\repository\org\slf4j\jul-to-slf4j\2.0.16\jul-to-slf4j-2.0.16.jar;C:\Users\pc\.m2\repository\jakarta\annotation\jakarta.annotation-api\2.1.1\jakarta.annotation-api-2.1.1.jar;C:\Users\pc\.m2\repository\org\yaml\snakeyaml\2.3\snakeyaml-2.3.jar;C:\Users\pc\.m2\repository\org\slf4j\slf4j-api\2.0.16\slf4j-api-2.0.16.jar;C:\Users\pc\.m2\repository\jakarta\xml\bind\jakarta.xml.bind-api\4.0.2\jakarta.xml.bind-api-4.0.2.jar;C:\Users\pc\.m2\repository\jakarta\activation\jakarta.activation-api\2.1.3\jakarta.activation-api-2.1.3.jar;C:\Users\pc\.m2\repository\org\springframework\spring-core\6.2.3\spring-core-6.2.3.jar;C:\Users\pc\.m2\repository\org\springframework\spring-jcl\6.2.3\spring-jcl-6.2.3.jar
Launcher Type: SUN_STANDARD

[Global flags]
     intx CICompilerCount                          = 4                                         {product} {ergonomic}
     uint ConcGCThreads                            = 2                                         {product} {ergonomic}
     uint G1ConcRefinementThreads                  = 8                                         {product} {ergonomic}
   size_t G1HeapRegionSize                         = 2097152                                   {product} {ergonomic}
    uintx GCDrainStackTargetSize                   = 64                                        {product} {ergonomic}
   size_t InitialHeapSize                          = 266338304                                 {product} {ergonomic}
   size_t MarkStackSize                            = 4194304                                   {product} {ergonomic}
   size_t MaxHeapSize                              = 4259315712                                {product} {ergonomic}
   size_t MaxNewSize                               = 2554331136                                {product} {ergonomic}
   size_t MinHeapDeltaBytes                        = 2097152                                   {product} {ergonomic}
   size_t MinHeapSize                              = 8388608                                   {product} {ergonomic}
    uintx NonNMethodCodeHeapSize                   = 5839372                                {pd product} {ergonomic}
    uintx NonProfiledCodeHeapSize                  = 122909434                              {pd product} {ergonomic}
    uintx ProfiledCodeHeapSize                     = 122909434                              {pd product} {ergonomic}
    uintx ReservedCodeCacheSize                    = 251658240                              {pd product} {ergonomic}
     bool SegmentedCodeCache                       = true                                      {product} {ergonomic}
   size_t SoftMaxHeapSize                          = 4259315712                             {manageable} {ergonomic}
     bool UseCompressedOops                        = true                           {product lp64_product} {ergonomic}
     bool UseG1GC                                  = true                                      {product} {ergonomic}
     bool UseLargePagesIndividualAllocation        = false                                  {pd product} {ergonomic}

Logging:
Log output configuration:
 #0: stdout all=warning uptime,level,tags foldmultilines=false
 #1: stderr all=off uptime,level,tags foldmultilines=false

Environment Variables:
CLASSPATH=C:\Program Files\Java\jdk-17\bin
PATH=C:\Program Files\Common Files\Oracle\Java\javapath;C:\Program Files (x86)\Common Files\Oracle\Java\javapath;C:\Program Files (x86)\VMware\VMware Player\bin\;C:\oraclexe\app\oracle\product\11.2.0\server\bin;C:\WINDOWS\system32;C:\WINDOWS;C:\WINDOWS\System32\Wbem;C:\WINDOWS\System32\WindowsPowerShell\v1.0\;C:\WINDOWS\System32\OpenSSH\;C:\Program Files\dotnet\;C:\Program Files (x86)\Intel\Intel(R) Management Engine Components\DAL;C:\Program Files\Intel\Intel(R) Management Engine Components\DAL;C:\Program Files\Git\cmd;C:\Program Files\nodejs;C:\MinGW\bin;C:\Program Files\Java\jdk1.8.0_202\bin\;D:\software\Nodejs\;C:\Program Files\Microsoft SQL Server\130\Tools\Binn\;E:\XAMPP\mysql\bin;D:\Intelije\IntelliJ IDEA Community Edition 2024.1.3\bin;C:\Program Files\MongoDB\mongosh-2.3.2-win32-x64\bin;C:\Program Files (x86)\Microsoft SQL Server\100\Tools\Binn\;C:\Program Files\Microsoft SQL Server\100\Tools\Binn\;C:\Program Files\Microsoft SQL Server\100\DTS\Binn\;C:\Program Files\Java\jdk-21\bin;C:\Program Files\MySQL\MySQL Shell 8.0\bin\;C:\Users\pc\AppData\Local\Programs\Python\Python312\Scripts\;C:\Users\pc\AppData\Local\Programs\Python\Python312\;C:\Users\pc\AppData\Local\Programs\Python\Launcher\;C:\Users\pc\AppData\Local\Microsoft\WindowsApps;C:\Users\pc\AppData\Local\Programs\Microsoft VS Code\bin;C:\MinGW\bin;C:\Users\pc\AppData\Roaming\npm;C:\Users\pc\AppData\Local\GitHubDesktop\bin;C:\Users\pc\AppData\Local\JetBrains\IntelliJ IDEA Community Edition 2024.1.3\bin;;D:\Nmap;C:\Program Files\Java\jdk-17\bin;D:\Intelije\IntelliJ IDEA Community Edition 2024.1.3\bin;
USERNAME=pc
OS=Windows_NT
PROCESSOR_IDENTIFIER=Intel64 Family 6 Model 142 Stepping 10, GenuineIntel
TMP=C:\Users\pc\AppData\Local\Temp
TEMP=C:\Users\pc\AppData\Local\Temp




Periodic native trim disabled

---------------  S Y S T E M  ---------------

OS:
 Windows 11 , 64 bit Build 26100 (10.0.26100.3323)
OS uptime: 0 days 4:44 hours
Hyper-V role detected

CPU: total 8 (initial active 8) (4 cores per cpu, 2 threads per core) family 6 model 142 stepping 10 microcode 0xf0, cx8, cmov, fxsr, ht, mmx, 3dnowpref, sse, sse2, sse3, ssse3, sse4.1, sse4.2, popcnt, lzcnt, tsc, tscinvbit, avx, avx2, aes, erms, clmul, bmi1, bmi2, rtm, adx, fma, vzeroupper, clflush, clflushopt, hv, rdtscp, f16c
Processor Information for processor 0
  Max Mhz: 2112, Current Mhz: 1508, Mhz Limit: 1900
Processor Information for processor 1
  Max Mhz: 2112, Current Mhz: 1508, Mhz Limit: 1900
Processor Information for processor 2
  Max Mhz: 2112, Current Mhz: 1910, Mhz Limit: 1900
Processor Information for processor 3
  Max Mhz: 2112, Current Mhz: 1508, Mhz Limit: 1900
Processor Information for processor 4
  Max Mhz: 2112, Current Mhz: 1508, Mhz Limit: 1900
Processor Information for processor 5
  Max Mhz: 2112, Current Mhz: 1508, Mhz Limit: 1900
Processor Information for processor 6
  Max Mhz: 2112, Current Mhz: 1508, Mhz Limit: 1900
Processor Information for processor 7
  Max Mhz: 2112, Current Mhz: 1508, Mhz Limit: 1900

Memory: 4k page, system-wide physical 16242M (5184M free)
TotalPageFile size 16242M (AvailPageFile size 5M)
current process WorkingSet (physical memory assigned to process): 144M, peak: 144M
current process commit charge ("private bytes"): 387M, peak: 387M

vm_info: Java HotSpot(TM) 64-Bit Server VM (21.0.6+8-LTS-188) for windows-amd64 JRE (21.0.6+8-LTS-188), built on 2024-12-03T10:50:54Z by "mach5one" with MS VC++ 17.6 (VS2022)

END.
