#
# There is insufficient memory for the Java Runtime Environment to continue.
# Native memory allocation (malloc) failed to allocate 423648 bytes for Chunk::new
# Possible reasons:
#   The system is out of physical RAM or swap space
#   The process is running with CompressedOops enabled, and the Java Heap may be blocking the growth of the native heap
# Possible solutions:
#   Reduce memory load on the system
#   Increase physical memory or swap space
#   Check if swap backing store is full
#   Decrease Java heap size (-Xmx/-Xms)
#   Decrease number of Java threads
#   Decrease Java thread stack sizes (-Xss)
#   Set larger code cache with -XX:ReservedCodeCacheSize=
#   JVM is running with Zero Based Compressed Oops mode in which the Java heap is
#     placed in the first 32GB address space. The Java Heap base address is the
#     maximum limit for the native heap growth. Please use -XX:HeapBaseMinAddress
#     to set the Java Heap base and to place the Java Heap above 32GB virtual address.
# This output file may be truncated or incomplete.
#
#  Out of Memory Error (arena.cpp:168), pid=5908, tid=8760
#
# JRE version: Java(TM) SE Runtime Environment (21.0.6+8) (build 21.0.6+8-LTS-188)
# Java VM: Java HotSpot(TM) 64-Bit Server VM (21.0.6+8-LTS-188, mixed mode, sharing, tiered, compressed oops, compressed class ptrs, g1 gc, windows-amd64)
# No core dump will be written. Minidumps are not enabled by default on client versions of Windows
#

---------------  S U M M A R Y ------------

Command Line: -javaagent:C:\Users\pc\AppData\Local\JetBrains\IntelliJ IDEA Community Edition 2024.1.3\lib\idea_rt.jar=44843:C:\Users\pc\AppData\Local\JetBrains\IntelliJ IDEA Community Edition 2024.1.3\bin -Dfile.encoding=UTF-8 com.service_registry.ServiceRegistryApplication

Host: Intel(R) Core(TM) i7-8650U CPU @ 1.90GHz, 8 cores, 15G,  Windows 11 , 64 bit Build 26100 (10.0.26100.3323)
Time: Sun Mar 16 14:46:44 2025 India Standard Time elapsed time: 56.840210 seconds (0d 0h 0m 56s)

---------------  T H R E A D  ---------------

Current thread (0x000002447fa6c490):  JavaThread "C2 CompilerThread0" daemon [_thread_in_native, id=8760, stack(0x0000005c94600000,0x0000005c94700000) (1024K)]


Current CompileTask:
C2:  56840 6629       4       jdk.internal.org.objectweb.asm.MethodWriter::<init> (232 bytes)

Stack: [0x0000005c94600000,0x0000005c94700000]
Native frames: (J=compiled Java code, j=interpreted, Vv=VM code, C=native code)
V  [jvm.dll+0x6ca6d9]
V  [jvm.dll+0x854f51]
V  [jvm.dll+0x85747e]
V  [jvm.dll+0x857b53]
V  [jvm.dll+0x27dcc6]
V  [jvm.dll+0xc4c2d]
V  [jvm.dll+0xc5163]
V  [jvm.dll+0x3b515c]
V  [jvm.dll+0x381855]
V  [jvm.dll+0x380cca]
V  [jvm.dll+0x246920]
V  [jvm.dll+0x245eff]
V  [jvm.dll+0x1c6d2e]
V  [jvm.dll+0x2554f9]
V  [jvm.dll+0x253a8a]
V  [jvm.dll+0x3ee576]
V  [jvm.dll+0x7ff2fb]
V  [jvm.dll+0x6c8dbd]
C  [ucrtbase.dll+0x37b0]
C  [KERNEL32.DLL+0x2e8d7]
C  [ntdll.dll+0xbbf6c]


---------------  P R O C E S S  ---------------

Threads class SMR info:
_java_thread_list=0x000002447fb70ce0, length=45, elements={
0x000002447fa654c0, 0x000002447f61b520, 0x000002447f61e180, 0x000002447fa65e20,
0x000002447fa67090, 0x000002447fa6bb00, 0x000002447fa6c490, 0x000002447fa6cc60,
0x000002447fb44b00, 0x0000024456287a60, 0x000002447fd878e0, 0x00000244570cbc50,
0x0000024459bc8770, 0x0000024459bc9b20, 0x0000024459bc80e0, 0x0000024459bc8e00,
0x0000024459bca1b0, 0x0000024459bc9490, 0x0000024459bca840, 0x0000024459bcaed0,
0x0000024459bc7a50, 0x00000244570cb5c0, 0x00000244590bc900, 0x00000244590bc270,
0x00000244590baec0, 0x00000244590bcf90, 0x00000244590bd620, 0x00000244590bdcb0,
0x00000244590bbbe0, 0x00000244590be340, 0x00000244590be9d0, 0x00000244590bb550,
0x00000244590c24e0, 0x00000244590bf060, 0x00000244590bf6f0, 0x00000244590bfd80,
0x00000244590c1e50, 0x00000244590c0410, 0x00000244590c1130, 0x00000244590c0aa0,
0x00000244590c17c0, 0x000002445a0847f0, 0x000002445a081370, 0x000002445a084e80,
0x000002445a082090
}

Java Threads: ( => current thread )
  0x000002447fa654c0 JavaThread "Reference Handler"          daemon [_thread_blocked, id=19792, stack(0x0000005c94000000,0x0000005c94100000) (1024K)]
  0x000002447f61b520 JavaThread "Finalizer"                  daemon [_thread_blocked, id=9760, stack(0x0000005c94100000,0x0000005c94200000) (1024K)]
  0x000002447f61e180 JavaThread "Signal Dispatcher"          daemon [_thread_blocked, id=20620, stack(0x0000005c94200000,0x0000005c94300000) (1024K)]
  0x000002447fa65e20 JavaThread "Attach Listener"            daemon [_thread_blocked, id=11780, stack(0x0000005c94300000,0x0000005c94400000) (1024K)]
  0x000002447fa67090 JavaThread "Service Thread"             daemon [_thread_blocked, id=20044, stack(0x0000005c94400000,0x0000005c94500000) (1024K)]
  0x000002447fa6bb00 JavaThread "Monitor Deflation Thread"   daemon [_thread_blocked, id=19592, stack(0x0000005c94500000,0x0000005c94600000) (1024K)]
=>0x000002447fa6c490 JavaThread "C2 CompilerThread0"         daemon [_thread_in_native, id=8760, stack(0x0000005c94600000,0x0000005c94700000) (1024K)]
  0x000002447fa6cc60 JavaThread "C1 CompilerThread0"         daemon [_thread_blocked, id=11028, stack(0x0000005c94700000,0x0000005c94800000) (1024K)]
  0x000002447fb44b00 JavaThread "Common-Cleaner"             daemon [_thread_blocked, id=14284, stack(0x0000005c94800000,0x0000005c94900000) (1024K)]
  0x0000024456287a60 JavaThread "Monitor Ctrl-Break"         daemon [_thread_in_native, id=17756, stack(0x0000005c94a00000,0x0000005c94b00000) (1024K)]
  0x000002447fd878e0 JavaThread "Notification Thread"        daemon [_thread_blocked, id=20896, stack(0x0000005c94b00000,0x0000005c94c00000) (1024K)]
  0x00000244570cbc50 JavaThread "Catalina-utility-1"                [_thread_blocked, id=20752, stack(0x0000005c95400000,0x0000005c95500000) (1024K)]
  0x0000024459bc8770 JavaThread "Catalina-utility-2"                [_thread_blocked, id=10268, stack(0x0000005c95500000,0x0000005c95600000) (1024K)]
  0x0000024459bc9b20 JavaThread "container-0"                       [_thread_blocked, id=4256, stack(0x0000005c95600000,0x0000005c95700000) (1024K)]
  0x0000024459bc80e0 JavaThread "spring.cloud.inetutils"     daemon [_thread_blocked, id=16668, stack(0x0000005c95700000,0x0000005c95800000) (1024K)]
  0x0000024459bc8e00 JavaThread "spring.cloud.inetutils"     daemon [_thread_blocked, id=368, stack(0x0000005c95900000,0x0000005c95a00000) (1024K)]
  0x0000024459bca1b0 JavaThread "spectator-gauge-polling-0"  daemon [_thread_blocked, id=15792, stack(0x0000005c95800000,0x0000005c95900000) (1024K)]
  0x0000024459bc9490 JavaThread "AsyncResolver-bootstrap-%d" daemon [_thread_blocked, id=13620, stack(0x0000005c95a00000,0x0000005c95b00000) (1024K)]
  0x0000024459bca840 JavaThread "DiscoveryClient-%d"         daemon [_thread_blocked, id=10720, stack(0x0000005c95d00000,0x0000005c95e00000) (1024K)]
  0x0000024459bcaed0 JavaThread "DiscoveryClient-%d"         daemon [_thread_blocked, id=16316, stack(0x0000005c95e00000,0x0000005c95f00000) (1024K)]
  0x0000024459bc7a50 JavaThread "DiscoveryClient-InstanceInfoReplicator-%d" daemon [_thread_blocked, id=11892, stack(0x0000005c95f00000,0x0000005c96000000) (1024K)]
  0x00000244570cb5c0 JavaThread "Eureka-DeltaRetentionTimer" daemon [_thread_blocked, id=2376, stack(0x0000005c96000000,0x0000005c96100000) (1024K)]
  0x00000244590bc900 JavaThread "Eureka-EvictionTimer"       daemon [_thread_blocked, id=22464, stack(0x0000005c96100000,0x0000005c96200000) (1024K)]
  0x00000244590bc270 JavaThread "Eureka-MeasureRateTimer"    daemon [_thread_blocked, id=16112, stack(0x0000005c96200000,0x0000005c96300000) (1024K)]
  0x00000244590baec0 JavaThread "ReplicaAwareInstanceRegistry - RenewalThresholdUpdater" daemon [_thread_blocked, id=19108, stack(0x0000005c96300000,0x0000005c96400000) (1024K)]
  0x00000244590bcf90 JavaThread "Eureka-MeasureRateTimer"    daemon [_thread_blocked, id=21336, stack(0x0000005c96400000,0x0000005c96500000) (1024K)]
  0x00000244590bd620 JavaThread "Eureka-PeerNodesUpdater"    daemon [_thread_blocked, id=8108, stack(0x0000005c96500000,0x0000005c96600000) (1024K)]
  0x00000244590bdcb0 JavaThread "Eureka-CacheFillTimer"      daemon [_thread_blocked, id=10716, stack(0x0000005c96600000,0x0000005c96700000) (1024K)]
  0x00000244590bbbe0 JavaThread "Thread-10"                         [_thread_blocked, id=7520, stack(0x0000005c96700000,0x0000005c96800000) (1024K)]
  0x00000244590be340 JavaThread "http-nio-999-exec-1"        daemon [_thread_blocked, id=7940, stack(0x0000005c96800000,0x0000005c96900000) (1024K)]
  0x00000244590be9d0 JavaThread "http-nio-999-exec-2"        daemon [_thread_blocked, id=3884, stack(0x0000005c96900000,0x0000005c96a00000) (1024K)]
  0x00000244590bb550 JavaThread "http-nio-999-exec-3"        daemon [_thread_in_native, id=14388, stack(0x0000005c96a00000,0x0000005c96b00000) (1024K)]
  0x00000244590c24e0 JavaThread "http-nio-999-exec-4"        daemon [_thread_blocked, id=19028, stack(0x0000005c96b00000,0x0000005c96c00000) (1024K)]
  0x00000244590bf060 JavaThread "http-nio-999-exec-5"        daemon [_thread_blocked, id=22200, stack(0x0000005c96c00000,0x0000005c96d00000) (1024K)]
  0x00000244590bf6f0 JavaThread "http-nio-999-exec-6"        daemon [_thread_blocked, id=21324, stack(0x0000005c96d00000,0x0000005c96e00000) (1024K)]
  0x00000244590bfd80 JavaThread "http-nio-999-exec-7"        daemon [_thread_blocked, id=10864, stack(0x0000005c96e00000,0x0000005c96f00000) (1024K)]
  0x00000244590c1e50 JavaThread "http-nio-999-exec-8"        daemon [_thread_blocked, id=16460, stack(0x0000005c96f00000,0x0000005c97000000) (1024K)]
  0x00000244590c0410 JavaThread "http-nio-999-exec-9"        daemon [_thread_blocked, id=5492, stack(0x0000005c97000000,0x0000005c97100000) (1024K)]
  0x00000244590c1130 JavaThread "http-nio-999-exec-10"       daemon [_thread_blocked, id=2612, stack(0x0000005c97100000,0x0000005c97200000) (1024K)]
  0x00000244590c0aa0 JavaThread "http-nio-999-Poller"        daemon [_thread_in_native, id=13088, stack(0x0000005c97200000,0x0000005c97300000) (1024K)]
  0x00000244590c17c0 JavaThread "http-nio-999-Acceptor"      daemon [_thread_in_native, id=20492, stack(0x0000005c97300000,0x0000005c97400000) (1024K)]
  0x000002445a0847f0 JavaThread "spring.cloud.inetutils"     daemon [_thread_blocked, id=20684, stack(0x0000005c97400000,0x0000005c97500000) (1024K)]
  0x000002445a081370 JavaThread "DestroyJavaVM"                     [_thread_blocked, id=14664, stack(0x0000005c93800000,0x0000005c93900000) (1024K)]
  0x000002445a084e80 JavaThread "DiscoveryClient-CacheRefreshExecutor-%d" daemon [_thread_blocked, id=5520, stack(0x0000005c97500000,0x0000005c97600000) (1024K)]
  0x000002445a082090 JavaThread "DiscoveryClient-HeartbeatExecutor-%d" daemon [_thread_blocked, id=22348, stack(0x0000005c97600000,0x0000005c97700000) (1024K)]
Total: 45

Other Threads:
  0x000002447f5fdbf0 VMThread "VM Thread"                           [id=4588, stack(0x0000005c93f00000,0x0000005c94000000) (1024K)]
  0x000002447f5ec230 WatcherThread "VM Periodic Task Thread"        [id=10976, stack(0x0000005c93e00000,0x0000005c93f00000) (1024K)]
  0x00000244710108b0 WorkerThread "GC Thread#0"                     [id=19968, stack(0x0000005c93900000,0x0000005c93a00000) (1024K)]
  0x00000244565dad00 WorkerThread "GC Thread#1"                     [id=2760, stack(0x0000005c94d00000,0x0000005c94e00000) (1024K)]
  0x00000244565db0a0 WorkerThread "GC Thread#2"                     [id=12608, stack(0x0000005c94e00000,0x0000005c94f00000) (1024K)]
  0x00000244567b9e30 WorkerThread "GC Thread#3"                     [id=13068, stack(0x0000005c94f00000,0x0000005c95000000) (1024K)]
  0x000002445689f380 WorkerThread "GC Thread#4"                     [id=20868, stack(0x0000005c95000000,0x0000005c95100000) (1024K)]
  0x000002445689ffb0 WorkerThread "GC Thread#5"                     [id=21860, stack(0x0000005c95100000,0x0000005c95200000) (1024K)]
  0x00000244569a5f80 WorkerThread "GC Thread#6"                     [id=21776, stack(0x0000005c95200000,0x0000005c95300000) (1024K)]
  0x000002445739cf30 WorkerThread "GC Thread#7"                     [id=15000, stack(0x0000005c95300000,0x0000005c95400000) (1024K)]
  0x00000244710224e0 ConcurrentGCThread "G1 Main Marker"            [id=6156, stack(0x0000005c93a00000,0x0000005c93b00000) (1024K)]
  0x0000024471024e40 WorkerThread "G1 Conc#0"                       [id=1848, stack(0x0000005c93b00000,0x0000005c93c00000) (1024K)]
  0x0000024457721dd0 WorkerThread "G1 Conc#1"                       [id=2748, stack(0x0000005c94900000,0x0000005c94a00000) (1024K)]
  0x000002447105e7f0 ConcurrentGCThread "G1 Refine#0"               [id=8092, stack(0x0000005c93c00000,0x0000005c93d00000) (1024K)]
  0x000002447f4bc0d0 ConcurrentGCThread "G1 Service"                [id=684, stack(0x0000005c93d00000,0x0000005c93e00000) (1024K)]
Total: 15

Threads with active compile tasks:
C2 CompilerThread0    56940 6629       4       jdk.internal.org.objectweb.asm.MethodWriter::<init> (232 bytes)
Total: 1

VM state: not at safepoint (normal execution)

VM Mutex/Monitor currently owned by a thread: None

Heap address: 0x0000000702200000, size: 4062 MB, Compressed Oops mode: Zero based, Oop shift amount: 3

CDS archive(s) mapped at: [0x0000024411000000-0x0000024411c90000-0x0000024411c90000), size 13172736, SharedBaseAddress: 0x0000024411000000, ArchiveRelocationMode: 1.
Compressed class space mapped at: 0x0000024412000000-0x0000024452000000, reserved size: 1073741824
Narrow klass base: 0x0000024411000000, Narrow klass shift: 0, Narrow klass range: 0x100000000

GC Precious Log:
 CardTable entry size: 512
 Card Set container configuration: InlinePtr #cards 4 size 8 Array Of Cards #cards 16 size 48 Howl #buckets 8 coarsen threshold 3686 Howl Bitmap #cards 512 size 80 coarsen threshold 460 Card regions per heap region 1 cards per card region 4096
 CPUs: 8 total, 8 available
 Memory: 16242M
 Large Page Support: Disabled
 NUMA Support: Disabled
 Compressed Oops: Enabled (Zero based)
 Heap Region Size: 2M
 Heap Min Capacity: 8M
 Heap Initial Capacity: 254M
 Heap Max Capacity: 4062M
 Pre-touch: Disabled
 Parallel Workers: 8
 Concurrent Workers: 2
 Concurrent Refinement Workers: 8
 Periodic GC: Disabled

Heap:
 garbage-first heap   total 92160K, used 47500K [0x0000000702200000, 0x0000000800000000)
  region size 2048K, 7 young (14336K), 2 survivors (4096K)
 Metaspace       used 58151K, committed 58944K, reserved 1114112K
  class space    used 7578K, committed 7936K, reserved 1048576K

Heap Regions: E=young(eden), S=young(survivor), O=old, HS=humongous(starts), HC=humongous(continues), CS=collection set, F=free, TAMS=top-at-mark-start, PB=parsable bottom
|   0|0x0000000702200000, 0x0000000702400000, 0x0000000702400000|100%| O|  |TAMS 0x0000000702200000| PB 0x0000000702200000| Untracked 
|   1|0x0000000702400000, 0x0000000702600000, 0x0000000702600000|100%| O|  |TAMS 0x0000000702400000| PB 0x0000000702400000| Untracked 
|   2|0x0000000702600000, 0x0000000702800000, 0x0000000702800000|100%| O|  |TAMS 0x0000000702600000| PB 0x0000000702600000| Untracked 
|   3|0x0000000702800000, 0x0000000702a00000, 0x0000000702a00000|100%| O|  |TAMS 0x0000000702800000| PB 0x0000000702800000| Untracked 
|   4|0x0000000702a00000, 0x0000000702c00000, 0x0000000702c00000|100%| O|  |TAMS 0x0000000702a00000| PB 0x0000000702a00000| Untracked 
|   5|0x0000000702c00000, 0x0000000702e00000, 0x0000000702e00000|100%| O|  |TAMS 0x0000000702c00000| PB 0x0000000702c00000| Untracked 
|   6|0x0000000702e00000, 0x0000000703000000, 0x0000000703000000|100%| O|  |TAMS 0x0000000702e00000| PB 0x0000000702e00000| Untracked 
|   7|0x0000000703000000, 0x0000000703200000, 0x0000000703200000|100%| O|  |TAMS 0x0000000703000000| PB 0x0000000703000000| Untracked 
|   8|0x0000000703200000, 0x0000000703400000, 0x0000000703400000|100%| O|  |TAMS 0x0000000703200000| PB 0x0000000703200000| Untracked 
|   9|0x0000000703400000, 0x0000000703600000, 0x0000000703600000|100%| O|  |TAMS 0x0000000703400000| PB 0x0000000703400000| Untracked 
|  10|0x0000000703600000, 0x0000000703800000, 0x0000000703800000|100%| O|  |TAMS 0x0000000703600000| PB 0x0000000703600000| Untracked 
|  11|0x0000000703800000, 0x0000000703a00000, 0x0000000703a00000|100%| O|  |TAMS 0x0000000703800000| PB 0x0000000703800000| Untracked 
|  12|0x0000000703a00000, 0x0000000703c00000, 0x0000000703c00000|100%| O|  |TAMS 0x0000000703a00000| PB 0x0000000703a00000| Untracked 
|  13|0x0000000703c00000, 0x0000000703e00000, 0x0000000703e00000|100%| O|  |TAMS 0x0000000703c00000| PB 0x0000000703c00000| Untracked 
|  14|0x0000000703e00000, 0x0000000704000000, 0x0000000704000000|100%| O|  |TAMS 0x0000000703e00000| PB 0x0000000703e00000| Untracked 
|  15|0x0000000704000000, 0x0000000704200000, 0x0000000704200000|100%| O|  |TAMS 0x0000000704000000| PB 0x0000000704000000| Untracked 
|  16|0x0000000704200000, 0x00000007042adca0, 0x0000000704400000| 33%| O|  |TAMS 0x0000000704200000| PB 0x0000000704200000| Untracked 
|  17|0x0000000704400000, 0x0000000704400000, 0x0000000704600000|  0%| F|  |TAMS 0x0000000704400000| PB 0x0000000704400000| Untracked 
|  18|0x0000000704600000, 0x0000000704800000, 0x0000000704800000|100%| O|  |TAMS 0x0000000704600000| PB 0x0000000704600000| Untracked 
|  19|0x0000000704800000, 0x0000000704800000, 0x0000000704a00000|  0%| F|  |TAMS 0x0000000704800000| PB 0x0000000704800000| Untracked 
|  20|0x0000000704a00000, 0x0000000704a00000, 0x0000000704c00000|  0%| F|  |TAMS 0x0000000704a00000| PB 0x0000000704a00000| Untracked 
|  21|0x0000000704c00000, 0x0000000704c00000, 0x0000000704e00000|  0%| F|  |TAMS 0x0000000704c00000| PB 0x0000000704c00000| Untracked 
|  22|0x0000000704e00000, 0x0000000704e00000, 0x0000000705000000|  0%| F|  |TAMS 0x0000000704e00000| PB 0x0000000704e00000| Untracked 
|  23|0x0000000705000000, 0x0000000705000000, 0x0000000705200000|  0%| F|  |TAMS 0x0000000705000000| PB 0x0000000705000000| Untracked 
|  24|0x0000000705200000, 0x00000007053b5418, 0x0000000705400000| 85%| S|CS|TAMS 0x0000000705200000| PB 0x0000000705200000| Complete 
|  25|0x0000000705400000, 0x0000000705600000, 0x0000000705600000|100%| S|CS|TAMS 0x0000000705400000| PB 0x0000000705400000| Complete 
|  26|0x0000000705600000, 0x0000000705600000, 0x0000000705800000|  0%| F|  |TAMS 0x0000000705600000| PB 0x0000000705600000| Untracked 
|  27|0x0000000705800000, 0x0000000705800000, 0x0000000705a00000|  0%| F|  |TAMS 0x0000000705800000| PB 0x0000000705800000| Untracked 
|  28|0x0000000705a00000, 0x0000000705a00000, 0x0000000705c00000|  0%| F|  |TAMS 0x0000000705a00000| PB 0x0000000705a00000| Untracked 
|  29|0x0000000705c00000, 0x0000000705c00000, 0x0000000705e00000|  0%| F|  |TAMS 0x0000000705c00000| PB 0x0000000705c00000| Untracked 
|  30|0x0000000705e00000, 0x0000000705e00000, 0x0000000706000000|  0%| F|  |TAMS 0x0000000705e00000| PB 0x0000000705e00000| Untracked 
|  31|0x0000000706000000, 0x0000000706000000, 0x0000000706200000|  0%| F|  |TAMS 0x0000000706000000| PB 0x0000000706000000| Untracked 
|  32|0x0000000706200000, 0x0000000706200000, 0x0000000706400000|  0%| F|  |TAMS 0x0000000706200000| PB 0x0000000706200000| Untracked 
|  33|0x0000000706400000, 0x0000000706400000, 0x0000000706600000|  0%| F|  |TAMS 0x0000000706400000| PB 0x0000000706400000| Untracked 
|  34|0x0000000706600000, 0x0000000706600000, 0x0000000706800000|  0%| F|  |TAMS 0x0000000706600000| PB 0x0000000706600000| Untracked 
|  35|0x0000000706800000, 0x0000000706800000, 0x0000000706a00000|  0%| F|  |TAMS 0x0000000706800000| PB 0x0000000706800000| Untracked 
|  36|0x0000000706a00000, 0x0000000706a00000, 0x0000000706c00000|  0%| F|  |TAMS 0x0000000706a00000| PB 0x0000000706a00000| Untracked 
|  37|0x0000000706c00000, 0x0000000706c00000, 0x0000000706e00000|  0%| F|  |TAMS 0x0000000706c00000| PB 0x0000000706c00000| Untracked 
|  38|0x0000000706e00000, 0x0000000706e00000, 0x0000000707000000|  0%| F|  |TAMS 0x0000000706e00000| PB 0x0000000706e00000| Untracked 
|  39|0x0000000707000000, 0x0000000707000000, 0x0000000707200000|  0%| F|  |TAMS 0x0000000707000000| PB 0x0000000707000000| Untracked 
|  40|0x0000000707200000, 0x000000070721ab40, 0x0000000707400000|  5%| E|  |TAMS 0x0000000707200000| PB 0x0000000707200000| Complete 
| 109|0x000000070fc00000, 0x000000070fe00000, 0x000000070fe00000|100%| E|CS|TAMS 0x000000070fc00000| PB 0x000000070fc00000| Complete 
| 110|0x000000070fe00000, 0x0000000710000000, 0x0000000710000000|100%| E|CS|TAMS 0x000000070fe00000| PB 0x000000070fe00000| Complete 
| 111|0x0000000710000000, 0x0000000710200000, 0x0000000710200000|100%| E|CS|TAMS 0x0000000710000000| PB 0x0000000710000000| Complete 
| 126|0x0000000711e00000, 0x0000000712000000, 0x0000000712000000|100%| E|CS|TAMS 0x0000000711e00000| PB 0x0000000711e00000| Complete 

Card table byte_map: [0x000002447a6d0000,0x000002447aec0000] _byte_map_base: 0x0000024476ebf000

Marking Bits: (CMBitMap*) 0x0000024471010fb0
 Bits: [0x000002447aec0000, 0x000002447ee38000)

Polling page: 0x0000024471060000

Metaspace:

Usage:
  Non-class:     49.39 MB used.
      Class:      7.40 MB used.
       Both:     56.80 MB used.

Virtual space:
  Non-class space:       64.00 MB reserved,      49.81 MB ( 78%) committed,  1 nodes.
      Class space:        1.00 GB reserved,       7.75 MB ( <1%) committed,  1 nodes.
             Both:        1.06 GB reserved,      57.56 MB (  5%) committed. 

Chunk freelists:
   Non-Class:  13.73 MB
       Class:  8.17 MB
        Both:  21.91 MB

MaxMetaspaceSize: unlimited
CompressedClassSpaceSize: 1.00 GB
Initial GC threshold: 21.00 MB
Current GC threshold: 58.69 MB
CDS: on
 - commit_granule_bytes: 65536.
 - commit_granule_words: 8192.
 - virtual_space_node_default_size: 8388608.
 - enlarge_chunks_in_place: 1.
 - use_allocation_guard: 0.


Internal statistics:

num_allocs_failed_limit: 6.
num_arena_births: 1106.
num_arena_deaths: 0.
num_vsnodes_births: 2.
num_vsnodes_deaths: 0.
num_space_committed: 921.
num_space_uncommitted: 0.
num_chunks_returned_to_freelist: 6.
num_chunks_taken_from_freelist: 3238.
num_chunk_merges: 6.
num_chunk_splits: 2173.
num_chunks_enlarged: 1555.
num_inconsistent_stats: 0.

CodeHeap 'non-profiled nmethods': size=120000Kb used=4707Kb max_used=4707Kb free=115292Kb
 bounds [0x0000024407ad0000, 0x0000024407f70000, 0x000002440f000000]
CodeHeap 'profiled nmethods': size=120000Kb used=13091Kb max_used=13091Kb free=106909Kb
 bounds [0x0000024400000000, 0x0000024400cd0000, 0x0000024407530000]
CodeHeap 'non-nmethods': size=5760Kb used=1616Kb max_used=1642Kb free=4144Kb
 bounds [0x0000024407530000, 0x00000244077a0000, 0x0000024407ad0000]
 total_blobs=6854 nmethods=6183 adapters=574
 compilation: enabled
              stopped_count=0, restarted_count=0
 full_count=0

Compilation events (20 events):
Event: 53.699 Thread 0x000002447fa6cc60 nmethod 6626 0x0000024407f68290 code [0x0000024407f68420, 0x0000024407f684f0]
Event: 53.699 Thread 0x000002447fa6cc60 6627       1       org.springframework.util.MimeType::getSubtype (5 bytes)
Event: 53.699 Thread 0x000002447fa6cc60 nmethod 6627 0x0000024407f68590 code [0x0000024407f68720, 0x0000024407f687f0]
Event: 53.700 Thread 0x000002447fa6c490 nmethod 6624 0x0000024407f68890 code [0x0000024407f68a40, 0x0000024407f68bf8]
Event: 53.756 Thread 0x000002447fa6cc60 6628   !   3       java.net.URL::set (114 bytes)
Event: 53.757 Thread 0x000002447fa6cc60 nmethod 6628 0x0000024400cc3310 code [0x0000024400cc3560, 0x0000024400cc3fe0]
Event: 53.758 Thread 0x000002447fa6c490 6629       4       jdk.internal.org.objectweb.asm.MethodWriter::<init> (232 bytes)
Event: 53.778 Thread 0x000002447fa6cc60 6632       3       org.apache.tomcat.util.http.MimeHeaders::getName (26 bytes)
Event: 53.778 Thread 0x000002447fa6cc60 nmethod 6632 0x0000024400cc4390 code [0x0000024400cc4540, 0x0000024400cc4768]
Event: 53.778 Thread 0x000002447fa6cc60 6631       3       org.apache.catalina.connector.RequestFacade::checkFacade (25 bytes)
Event: 53.779 Thread 0x000002447fa6cc60 nmethod 6631 0x0000024400cc4890 code [0x0000024400cc4a60, 0x0000024400cc4cd8]
Event: 53.779 Thread 0x000002447fa6cc60 6633       3       org.springframework.util.MimeType::isWildcardType (10 bytes)
Event: 53.779 Thread 0x000002447fa6cc60 nmethod 6633 0x0000024400cc4e10 code [0x0000024400cc4fc0, 0x0000024400cc51a0]
Event: 53.789 Thread 0x000002447fa6cc60 6634       3       java.lang.invoke.LambdaFormEditor::foldArgumentsForm (95 bytes)
Event: 53.790 Thread 0x000002447fa6cc60 nmethod 6634 0x0000024400cc5290 code [0x0000024400cc5480, 0x0000024400cc5798]
Event: 54.891 Thread 0x000002447fa6cc60 6635       3       java.util.concurrent.locks.AbstractQueuedSynchronizer$Node::getAndUnsetStatus (14 bytes)
Event: 54.892 Thread 0x000002447fa6cc60 nmethod 6635 0x0000024400cc5910 code [0x0000024400cc5ae0, 0x0000024400cc5d90]
Event: 54.892 Thread 0x000002447fa6cc60 6636       3       jdk.internal.misc.Unsafe::getAndBitwiseAndInt (27 bytes)
Event: 54.892 Thread 0x000002447fa6cc60 nmethod 6636 0x0000024400cc5e90 code [0x0000024400cc6040, 0x0000024400cc6270]
Event: 56.168 Thread 0x000002447fa6cc60 6637       3       java.util.concurrent.ScheduledThreadPoolExecutor$ScheduledFutureTask::isPeriodic (15 bytes)

GC Heap History (20 events):
Event: 1.545 GC heap before
{Heap before GC invocations=1 (full 0):
 garbage-first heap   total 260096K, used 27178K [0x0000000702200000, 0x0000000800000000)
  region size 2048K, 12 young (24576K), 2 survivors (4096K)
 Metaspace       used 7452K, committed 7680K, reserved 1114112K
  class space    used 790K, committed 896K, reserved 1048576K
}
Event: 1.551 GC heap after
{Heap after GC invocations=2 (full 0):
 garbage-first heap   total 260096K, used 13155K [0x0000000702200000, 0x0000000800000000)
  region size 2048K, 2 young (4096K), 2 survivors (4096K)
 Metaspace       used 7452K, committed 7680K, reserved 1114112K
  class space    used 790K, committed 896K, reserved 1048576K
}
Event: 3.691 GC heap before
{Heap before GC invocations=2 (full 0):
 garbage-first heap   total 260096K, used 50019K [0x0000000702200000, 0x0000000800000000)
  region size 2048K, 20 young (40960K), 2 survivors (4096K)
 Metaspace       used 16491K, committed 16768K, reserved 1114112K
  class space    used 1941K, committed 2048K, reserved 1048576K
}
Event: 3.696 GC heap after
{Heap after GC invocations=3 (full 0):
 garbage-first heap   total 260096K, used 16054K [0x0000000702200000, 0x0000000800000000)
  region size 2048K, 2 young (4096K), 2 survivors (4096K)
 Metaspace       used 16491K, committed 16768K, reserved 1114112K
  class space    used 1941K, committed 2048K, reserved 1048576K
}
Event: 4.642 GC heap before
{Heap before GC invocations=3 (full 0):
 garbage-first heap   total 260096K, used 44726K [0x0000000702200000, 0x0000000800000000)
  region size 2048K, 17 young (34816K), 2 survivors (4096K)
 Metaspace       used 21217K, committed 21504K, reserved 1114112K
  class space    used 2495K, committed 2624K, reserved 1048576K
}
Event: 4.646 GC heap after
{Heap after GC invocations=4 (full 0):
 garbage-first heap   total 260096K, used 18914K [0x0000000702200000, 0x0000000800000000)
  region size 2048K, 3 young (6144K), 3 survivors (6144K)
 Metaspace       used 21217K, committed 21504K, reserved 1114112K
  class space    used 2495K, committed 2624K, reserved 1048576K
}
Event: 6.547 GC heap before
{Heap before GC invocations=5 (full 0):
 garbage-first heap   total 75776K, used 57826K [0x0000000702200000, 0x0000000800000000)
  region size 2048K, 22 young (45056K), 3 survivors (6144K)
 Metaspace       used 24583K, committed 24960K, reserved 1114112K
  class space    used 2930K, committed 3072K, reserved 1048576K
}
Event: 6.558 GC heap after
{Heap after GC invocations=6 (full 0):
 garbage-first heap   total 75776K, used 21195K [0x0000000702200000, 0x0000000800000000)
  region size 2048K, 3 young (6144K), 3 survivors (6144K)
 Metaspace       used 24583K, committed 24960K, reserved 1114112K
  class space    used 2930K, committed 3072K, reserved 1048576K
}
Event: 8.128 GC heap before
{Heap before GC invocations=6 (full 0):
 garbage-first heap   total 75776K, used 56011K [0x0000000702200000, 0x0000000800000000)
  region size 2048K, 20 young (40960K), 3 survivors (6144K)
 Metaspace       used 31196K, committed 31744K, reserved 1114112K
  class space    used 3823K, committed 4096K, reserved 1048576K
}
Event: 8.137 GC heap after
{Heap after GC invocations=7 (full 0):
 garbage-first heap   total 75776K, used 24402K [0x0000000702200000, 0x0000000800000000)
  region size 2048K, 2 young (4096K), 2 survivors (4096K)
 Metaspace       used 31196K, committed 31744K, reserved 1114112K
  class space    used 3823K, committed 4096K, reserved 1048576K
}
Event: 9.598 GC heap before
{Heap before GC invocations=7 (full 0):
 garbage-first heap   total 75776K, used 59218K [0x0000000702200000, 0x0000000800000000)
  region size 2048K, 19 young (38912K), 2 survivors (4096K)
 Metaspace       used 35011K, committed 35584K, reserved 1114112K
  class space    used 4328K, committed 4608K, reserved 1048576K
}
Event: 9.624 GC heap after
{Heap after GC invocations=8 (full 0):
 garbage-first heap   total 75776K, used 25903K [0x0000000702200000, 0x0000000800000000)
  region size 2048K, 3 young (6144K), 3 survivors (6144K)
 Metaspace       used 35011K, committed 35584K, reserved 1114112K
  class space    used 4328K, committed 4608K, reserved 1048576K
}
Event: 9.961 GC heap before
{Heap before GC invocations=8 (full 0):
 garbage-first heap   total 75776K, used 27951K [0x0000000702200000, 0x0000000800000000)
  region size 2048K, 5 young (10240K), 3 survivors (6144K)
 Metaspace       used 35418K, committed 35968K, reserved 1114112K
  class space    used 4401K, committed 4672K, reserved 1048576K
}
Event: 9.979 GC heap after
{Heap after GC invocations=9 (full 0):
 garbage-first heap   total 75776K, used 26431K [0x0000000702200000, 0x0000000800000000)
  region size 2048K, 2 young (4096K), 2 survivors (4096K)
 Metaspace       used 35418K, committed 35968K, reserved 1114112K
  class space    used 4401K, committed 4672K, reserved 1048576K
}
Event: 11.694 GC heap before
{Heap before GC invocations=10 (full 0):
 garbage-first heap   total 75776K, used 61247K [0x0000000702200000, 0x0000000800000000)
  region size 2048K, 19 young (38912K), 2 survivors (4096K)
 Metaspace       used 40109K, committed 40768K, reserved 1114112K
  class space    used 5063K, committed 5376K, reserved 1048576K
}
Event: 11.722 GC heap after
{Heap after GC invocations=11 (full 0):
 garbage-first heap   total 92160K, used 30967K [0x0000000702200000, 0x0000000800000000)
  region size 2048K, 3 young (6144K), 3 survivors (6144K)
 Metaspace       used 40109K, committed 40768K, reserved 1114112K
  class space    used 5063K, committed 5376K, reserved 1048576K
}
Event: 14.799 GC heap before
{Heap before GC invocations=11 (full 0):
 garbage-first heap   total 92160K, used 76023K [0x0000000702200000, 0x0000000800000000)
  region size 2048K, 25 young (51200K), 3 survivors (6144K)
 Metaspace       used 47937K, committed 48576K, reserved 1114112K
  class space    used 6269K, committed 6528K, reserved 1048576K
}
Event: 14.809 GC heap after
{Heap after GC invocations=12 (full 0):
 garbage-first heap   total 92160K, used 35736K [0x0000000702200000, 0x0000000800000000)
  region size 2048K, 3 young (6144K), 3 survivors (6144K)
 Metaspace       used 47937K, committed 48576K, reserved 1114112K
  class space    used 6269K, committed 6528K, reserved 1048576K
}
Event: 43.560 GC heap before
{Heap before GC invocations=12 (full 0):
 garbage-first heap   total 92160K, used 74648K [0x0000000702200000, 0x0000000800000000)
  region size 2048K, 22 young (45056K), 3 survivors (6144K)
 Metaspace       used 56345K, committed 57088K, reserved 1114112K
  class space    used 7335K, committed 7680K, reserved 1048576K
}
Event: 43.570 GC heap after
{Heap after GC invocations=13 (full 0):
 garbage-first heap   total 92160K, used 39308K [0x0000000702200000, 0x0000000800000000)
  region size 2048K, 2 young (4096K), 2 survivors (4096K)
 Metaspace       used 56345K, committed 57088K, reserved 1114112K
  class space    used 7335K, committed 7680K, reserved 1048576K
}

Dll operation events (14 events):
Event: 0.013 Loaded shared library C:\Program Files\Java\jdk-21\bin\java.dll
Event: 0.060 Loaded shared library C:\Program Files\Java\jdk-21\bin\jsvml.dll
Event: 0.174 Loaded shared library C:\Program Files\Java\jdk-21\bin\zip.dll
Event: 0.178 Loaded shared library C:\Program Files\Java\jdk-21\bin\instrument.dll
Event: 0.184 Loaded shared library C:\Program Files\Java\jdk-21\bin\net.dll
Event: 0.187 Loaded shared library C:\Program Files\Java\jdk-21\bin\nio.dll
Event: 0.190 Loaded shared library C:\Program Files\Java\jdk-21\bin\zip.dll
Event: 0.365 Loaded shared library C:\Users\pc\AppData\Local\JetBrains\IntelliJ IDEA Community Edition 2024.1.3\bin\breakgen64.dll
Event: 0.382 Loaded shared library C:\Program Files\Java\jdk-21\bin\extnet.dll
Event: 0.416 Loaded shared library C:\Program Files\Java\jdk-21\bin\jimage.dll
Event: 4.119 Loaded shared library C:\Program Files\Java\jdk-21\bin\sunmscapi.dll
Event: 7.711 Loaded shared library C:\Program Files\Java\jdk-21\bin\management.dll
Event: 7.715 Loaded shared library C:\Program Files\Java\jdk-21\bin\management_ext.dll
Event: 8.193 Loaded shared library C:\Program Files\Java\jdk-21\bin\verify.dll

Deoptimization events (20 events):
Event: 43.570 Thread 0x000002447fd878e0 Uncommon trap: trap_request=0xffffffcc fr.pc=0x0000024407f5e254 relative=0x0000000000000394
Event: 43.570 Thread 0x000002447fd878e0 Uncommon trap: reason=intrinsic_or_type_checked_inlining action=make_not_entrant pc=0x0000024407f5e254 method=java.util.ArrayList.toArray([Ljava/lang/Object;)[Ljava/lang/Object; @ 36 c2
Event: 43.570 Thread 0x000002447fd878e0 DEOPT PACKING pc=0x0000024407f5e254 sp=0x0000005c94bff2c0
Event: 43.570 Thread 0x000002447fd878e0 DEOPT UNPACKING pc=0x00000244075846a2 sp=0x0000005c94bff290 mode 2
Event: 43.571 Thread 0x00000244590be9d0 Uncommon trap: trap_request=0xffffffc6 fr.pc=0x0000024407c7f1cc relative=0x0000000000000bec
Event: 43.571 Thread 0x00000244590be9d0 Uncommon trap: reason=bimorphic_or_optimized_type_check action=maybe_recompile pc=0x0000024407c7f1cc method=java.util.HashMap.computeIfAbsent(Ljava/lang/Object;Ljava/util/function/Function;)Ljava/lang/Object; @ 286 c2
Event: 43.571 Thread 0x00000244590be9d0 DEOPT PACKING pc=0x0000024407c7f1cc sp=0x0000005c969fc5f0
Event: 43.571 Thread 0x00000244590be9d0 DEOPT UNPACKING pc=0x00000244075846a2 sp=0x0000005c969fc5a0 mode 2
Event: 43.571 Thread 0x00000244590be9d0 Uncommon trap: trap_request=0xffffffc6 fr.pc=0x0000024407c7f1cc relative=0x0000000000000bec
Event: 43.572 Thread 0x00000244590be9d0 Uncommon trap: reason=bimorphic_or_optimized_type_check action=maybe_recompile pc=0x0000024407c7f1cc method=java.util.HashMap.computeIfAbsent(Ljava/lang/Object;Ljava/util/function/Function;)Ljava/lang/Object; @ 286 c2
Event: 43.572 Thread 0x00000244590be9d0 DEOPT PACKING pc=0x0000024407c7f1cc sp=0x0000005c969fc5f0
Event: 43.572 Thread 0x00000244590be9d0 DEOPT UNPACKING pc=0x00000244075846a2 sp=0x0000005c969fc5a0 mode 2
Event: 43.572 Thread 0x00000244590be9d0 Uncommon trap: trap_request=0xffffffc6 fr.pc=0x0000024407c7f1cc relative=0x0000000000000bec
Event: 43.572 Thread 0x00000244590be9d0 Uncommon trap: reason=bimorphic_or_optimized_type_check action=maybe_recompile pc=0x0000024407c7f1cc method=java.util.HashMap.computeIfAbsent(Ljava/lang/Object;Ljava/util/function/Function;)Ljava/lang/Object; @ 286 c2
Event: 43.572 Thread 0x00000244590be9d0 DEOPT PACKING pc=0x0000024407c7f1cc sp=0x0000005c969fc5f0
Event: 43.572 Thread 0x00000244590be9d0 DEOPT UNPACKING pc=0x00000244075846a2 sp=0x0000005c969fc5a0 mode 2
Event: 46.519 Thread 0x000002445a082090 Uncommon trap: trap_request=0xffffff45 fr.pc=0x0000024407ca9a9c relative=0x00000000000008dc
Event: 46.519 Thread 0x000002445a082090 Uncommon trap: reason=unstable_if action=reinterpret pc=0x0000024407ca9a9c method=java.net.URL.set(Ljava/lang/String;Ljava/lang/String;ILjava/lang/String;Ljava/lang/String;Ljava/lang/String;Ljava/lang/String;Ljava/lang/String;)V @ 23 c2
Event: 46.519 Thread 0x000002445a082090 DEOPT PACKING pc=0x0000024407ca9a9c sp=0x0000005c976fdcd0
Event: 46.519 Thread 0x000002445a082090 DEOPT UNPACKING pc=0x00000244075846a2 sp=0x0000005c976fdc50 mode 2

Classes loaded (20 events):
Event: 43.190 Loading class java/util/concurrent/CompletableFuture$AsynchronousCompletionTask done
Event: 43.190 Loading class java/util/concurrent/CompletableFuture$Completion done
Event: 43.194 Loading class java/io/PushbackInputStream
Event: 43.194 Loading class java/io/PushbackInputStream done
Event: 43.242 Loading class java/util/concurrent/CancellationException
Event: 43.242 Loading class java/util/concurrent/CancellationException done
Event: 43.258 Loading class java/util/zip/Deflater
Event: 43.264 Loading class java/util/zip/Deflater done
Event: 43.265 Loading class java/util/zip/Deflater$DeflaterZStreamRef
Event: 43.265 Loading class java/util/zip/Deflater$DeflaterZStreamRef done
Event: 43.278 Loading class java/util/ArrayDeque$DescendingIterator
Event: 43.278 Loading class java/util/ArrayDeque$DescendingIterator done
Event: 43.285 Loading class java/util/function/DoubleSupplier
Event: 43.291 Loading class java/util/function/DoubleSupplier done
Event: 43.560 Loading class java/util/PrimitiveIterator$OfInt
Event: 43.560 Loading class java/util/PrimitiveIterator
Event: 43.560 Loading class java/util/PrimitiveIterator done
Event: 43.560 Loading class java/util/PrimitiveIterator$OfInt done
Event: 43.579 Loading class org/w3c/dom/Document
Event: 43.579 Loading class org/w3c/dom/Document done

Classes unloaded (0 events):
No events

Classes redefined (0 events):
No events

Internal exceptions (20 events):
Event: 14.878 Thread 0x000002447fd878e0 Exception <a 'java/lang/NoSuchMethodError'{0x0000000711f1c080}: 'long java.lang.invoke.DirectMethodHandle$Holder.invokeStatic(java.lang.Object, java.lang.Object, java.lang.Object)'> (0x0000000711f1c080) 
thrown [s\open\src\hotspot\share\interpreter\linkResolver.cpp, line 773]
Event: 16.111 Thread 0x0000024470fa8510 Exception <a 'java/lang/NoSuchMethodError'{0x000000070fdd8ea0}: 'java.lang.Object java.lang.invoke.DirectMethodHandle$Holder.invokeVirtual(java.lang.Object, java.lang.Object, java.lang.Object, java.lang.Object, java.lang.Object, java.lang.Object, java.lang.Object)'> (0x000000070fdd8ea0) 
thrown [s\open\src\hotspot\share\interpreter\linkResolver.cpp, line 773]
Event: 16.131 Thread 0x0000024470fa8510 Exception <a 'java/lang/NoSuchMethodError'{0x00000007072e8698}: 'double java.lang.invoke.DirectMethodHandle$Holder.invokeVirtual(java.lang.Object, java.lang.Object)'> (0x00000007072e8698) 
thrown [s\open\src\hotspot\share\interpreter\linkResolver.cpp, line 773]
Event: 16.474 Thread 0x0000024470fa8510 Exception <a 'java/net/ConnectException'{0x0000000706ccc908}: Connection refused: getsockopt> (0x0000000706ccc908) 
thrown [s\open\src\hotspot\share\prims\jni.cpp, line 539]
Event: 16.717 Thread 0x0000024470fa8510 Exception <a 'java/lang/NoSuchMethodError'{0x00000007066dd250}: 'void java.lang.invoke.DirectMethodHandle$Holder.invokeStatic(java.lang.Object, java.lang.Object, double)'> (0x00000007066dd250) 
thrown [s\open\src\hotspot\share\interpreter\linkResolver.cpp, line 773]
Event: 16.761 Thread 0x0000024470fa8510 Exception <a 'java/lang/NoSuchMethodError'{0x0000000706730cf0}: 'double java.lang.invoke.DirectMethodHandle$Holder.invokeStatic(java.lang.Object, java.lang.Object, java.lang.Object)'> (0x0000000706730cf0) 
thrown [s\open\src\hotspot\share\interpreter\linkResolver.cpp, line 773]
Event: 16.793 Thread 0x0000024470fa8510 Exception <a 'java/lang/NoSuchMethodError'{0x000000070679a6e8}: 'java.lang.Object java.lang.invoke.DirectMethodHandle$Holder.newInvokeSpecial(java.lang.Object, java.lang.Object, int, java.lang.Object, java.lang.Object)'> (0x000000070679a6e8) 
thrown [s\open\src\hotspot\share\interpreter\linkResolver.cpp, line 773]
Event: 16.911 Thread 0x0000024459bc7a50 Exception <a 'java/net/ConnectException'{0x00000007060973a8}: Connection refused: getsockopt> (0x00000007060973a8) 
thrown [s\open\src\hotspot\share\prims\jni.cpp, line 539]
Event: 16.911 Thread 0x0000024459bc7a50 Exception <a 'java/net/ConnectException'{0x00000007060982e8}: Connection refused: getsockopt> (0x00000007060982e8) 
thrown [s\open\src\hotspot\share\prims\jni.cpp, line 539]
Event: 17.978 Thread 0x0000024470fa8510 Exception <a 'java/lang/IncompatibleClassChangeError'{0x000000070652d360}: Found class java.lang.Object, but interface was expected> (0x000000070652d360) 
thrown [s\open\src\hotspot\share\interpreter\linkResolver.cpp, line 840]
Event: 18.087 Thread 0x0000024470fa8510 Implicit null exception at 0x0000024407c81501 to 0x0000024407c817f0
Event: 42.999 Thread 0x00000244590be340 Exception <a 'java/lang/NoSuchMethodError'{0x0000000705af6f40}: 'java.lang.Object java.lang.invoke.DirectMethodHandle$Holder.invokeSpecial(java.lang.Object, java.lang.Object, java.lang.Object, java.lang.Object, java.lang.Object, long)'> (0x0000000705af6f40) 
thrown [s\open\src\hotspot\share\interpreter\linkResolver.cpp, line 773]
Event: 42.999 Thread 0x00000244590be340 Exception <a 'java/lang/NoSuchMethodError'{0x0000000705afa6c8}: 'java.lang.Object java.lang.invoke.Invokers$Holder.linkToTargetMethod(java.lang.Object, java.lang.Object, java.lang.Object, long, java.lang.Object)'> (0x0000000705afa6c8) 
thrown [s\open\src\hotspot\share\interpreter\linkResolver.cpp, line 773]
Event: 43.225 Thread 0x00000244590be340 Implicit null exception at 0x0000024407db6400 to 0x0000024407db64bc
Event: 43.227 Thread 0x00000244590be340 Exception <a 'java/lang/NoSuchMethodError'{0x00000007059e9d98}: 'java.lang.Object java.lang.invoke.DirectMethodHandle$Holder.invokeVirtual(java.lang.Object, java.lang.Object, java.lang.Object, java.lang.Object, java.lang.Object, java.lang.Object, java.lang.Object, java.lang.Object)'> (0x00000007059e9d98) 
thrown [s\open\src\hotspot\share\interpreter\linkResolver.cpp, line 773]
Event: 46.527 Thread 0x000002445a084e80 Exception <a 'java/net/ConnectException'{0x000000070fe596f0}: Connection refused: getsockopt> (0x000000070fe596f0) 
thrown [s\open\src\hotspot\share\prims\jni.cpp, line 539]
Event: 46.543 Thread 0x000002445a082090 Exception <a 'java/net/ConnectException'{0x000000070fe6ea10}: Connection refused: getsockopt> (0x000000070fe6ea10) 
thrown [s\open\src\hotspot\share\prims\jni.cpp, line 539]
Event: 46.544 Thread 0x000002445a082090 Exception <a 'java/net/ConnectException'{0x000000070fe6fad8}: Connection refused: getsockopt> (0x000000070fe6fad8) 
thrown [s\open\src\hotspot\share\prims\jni.cpp, line 539]
Event: 46.939 Thread 0x0000024459bc7a50 Exception <a 'java/net/ConnectException'{0x000000070ff1d048}: Connection refused: getsockopt> (0x000000070ff1d048) 
thrown [s\open\src\hotspot\share\prims\jni.cpp, line 539]
Event: 46.951 Thread 0x0000024459bc7a50 Exception <a 'java/net/ConnectException'{0x000000070ff1df88}: Connection refused: getsockopt> (0x000000070ff1df88) 
thrown [s\open\src\hotspot\share\prims\jni.cpp, line 539]

ZGC Phase Switch (0 events):
No events

VM Operations (20 events):
Event: 43.093 Executing VM operation: Cleanup
Event: 43.093 Executing VM operation: Cleanup done
Event: 43.105 Executing VM operation: HandshakeAllThreads (Deoptimize)
Event: 43.105 Executing VM operation: HandshakeAllThreads (Deoptimize) done
Event: 43.560 Executing VM operation: G1CollectForAllocation (G1 Evacuation Pause)
Event: 43.570 Executing VM operation: G1CollectForAllocation (G1 Evacuation Pause) done
Event: 44.584 Executing VM operation: Cleanup
Event: 44.584 Executing VM operation: Cleanup done
Event: 46.590 Executing VM operation: Cleanup
Event: 46.590 Executing VM operation: Cleanup done
Event: 47.591 Executing VM operation: Cleanup
Event: 47.591 Executing VM operation: Cleanup done
Event: 53.656 Executing VM operation: Cleanup
Event: 53.671 Executing VM operation: Cleanup done
Event: 53.732 Executing VM operation: HandshakeAllThreads (Deoptimize)
Event: 53.732 Executing VM operation: HandshakeAllThreads (Deoptimize) done
Event: 53.751 Executing VM operation: HandshakeAllThreads (Deoptimize)
Event: 53.751 Executing VM operation: HandshakeAllThreads (Deoptimize) done
Event: 54.763 Executing VM operation: Cleanup
Event: 54.763 Executing VM operation: Cleanup done

Events (20 events):
Event: 16.855 Thread 0x00000244590be9d0 Thread added: 0x00000244590be9d0
Event: 16.855 Thread 0x00000244590bb550 Thread added: 0x00000244590bb550
Event: 16.855 Thread 0x00000244590c24e0 Thread added: 0x00000244590c24e0
Event: 16.855 Thread 0x00000244590bf060 Thread added: 0x00000244590bf060
Event: 16.856 Thread 0x00000244590bf6f0 Thread added: 0x00000244590bf6f0
Event: 16.856 Thread 0x00000244590bfd80 Thread added: 0x00000244590bfd80
Event: 16.856 Thread 0x00000244590c1e50 Thread added: 0x00000244590c1e50
Event: 16.857 Thread 0x00000244590c0410 Thread added: 0x00000244590c0410
Event: 16.857 Thread 0x00000244590c1130 Thread added: 0x00000244590c1130
Event: 16.878 Thread 0x00000244590c0aa0 Thread added: 0x00000244590c0aa0
Event: 16.880 Thread 0x00000244590c17c0 Thread added: 0x00000244590c17c0
Event: 16.895 Thread 0x000002445a0847f0 Thread added: 0x000002445a0847f0
Event: 17.899 Thread 0x000002445865af40 Thread exited: 0x000002445865af40
Event: 17.899 Thread 0x0000024458658d30 Thread exited: 0x0000024458658d30
Event: 18.204 Thread 0x000002445865af40 Thread added: 0x000002445865af40
Event: 18.254 Thread 0x0000024470fa8510 Thread exited: 0x0000024470fa8510
Event: 18.254 Thread 0x000002445a081370 Thread added: 0x000002445a081370
Event: 23.285 Thread 0x000002445865af40 Thread exited: 0x000002445865af40
Event: 46.497 Thread 0x000002445a084e80 Thread added: 0x000002445a084e80
Event: 46.513 Thread 0x000002445a082090 Thread added: 0x000002445a082090


Dynamic libraries:
0x00007ff6e7ea0000 - 0x00007ff6e7eb0000 	C:\Program Files\Java\jdk-21\bin\java.exe
0x00007ffae1c00000 - 0x00007ffae1e63000 	C:\WINDOWS\SYSTEM32\ntdll.dll
0x00007ffae14a0000 - 0x00007ffae1567000 	C:\WINDOWS\System32\KERNEL32.DLL
0x00007ffadf190000 - 0x00007ffadf559000 	C:\WINDOWS\System32\KERNELBASE.dll
0x00007ffadf620000 - 0x00007ffadf76c000 	C:\WINDOWS\System32\ucrtbase.dll
0x00007ffad6d30000 - 0x00007ffad6d49000 	C:\Program Files\Java\jdk-21\bin\jli.dll
0x00007ffad6d10000 - 0x00007ffad6d2b000 	C:\Program Files\Java\jdk-21\bin\VCRUNTIME140.dll
0x00007ffae1750000 - 0x00007ffae1802000 	C:\WINDOWS\System32\ADVAPI32.dll
0x00007ffae1920000 - 0x00007ffae19c9000 	C:\WINDOWS\System32\msvcrt.dll
0x00007ffadfb00000 - 0x00007ffadfba6000 	C:\WINDOWS\System32\sechost.dll
0x00007ffae0260000 - 0x00007ffae0376000 	C:\WINDOWS\System32\RPCRT4.dll
0x00007ffae0070000 - 0x00007ffae023a000 	C:\WINDOWS\System32\USER32.dll
0x00007ffacfce0000 - 0x00007ffacff70000 	C:\WINDOWS\WinSxS\amd64_microsoft.windows.common-controls_6595b64144ccf1df_6.0.26100.3323_none_3e088096e3344490\COMCTL32.dll
0x00007ffadf5f0000 - 0x00007ffadf617000 	C:\WINDOWS\System32\win32u.dll
0x00007ffae0040000 - 0x00007ffae006a000 	C:\WINDOWS\System32\GDI32.dll
0x00007ffadf8e0000 - 0x00007ffadfa11000 	C:\WINDOWS\System32\gdi32full.dll
0x00007ffadf040000 - 0x00007ffadf0e3000 	C:\WINDOWS\System32\msvcp_win.dll
0x00007ffad3ff0000 - 0x00007ffad3ffb000 	C:\WINDOWS\SYSTEM32\VERSION.dll
0x00007ffae0530000 - 0x00007ffae055f000 	C:\WINDOWS\System32\IMM32.DLL
0x00007ffad6d00000 - 0x00007ffad6d0c000 	C:\Program Files\Java\jdk-21\bin\vcruntime140_1.dll
0x00007ffad6c70000 - 0x00007ffad6cfe000 	C:\Program Files\Java\jdk-21\bin\msvcp140.dll
0x00007ffa82a20000 - 0x00007ffa8373a000 	C:\Program Files\Java\jdk-21\bin\server\jvm.dll
0x00007ffae19e0000 - 0x00007ffae1a54000 	C:\WINDOWS\System32\WS2_32.dll
0x00007ffadec90000 - 0x00007ffadecde000 	C:\WINDOWS\SYSTEM32\POWRPROF.dll
0x00007ffacfc10000 - 0x00007ffacfc46000 	C:\WINDOWS\SYSTEM32\WINMM.dll
0x00007ffadec70000 - 0x00007ffadec84000 	C:\WINDOWS\SYSTEM32\UMPDC.dll
0x00007ffaddbe0000 - 0x00007ffaddbfa000 	C:\WINDOWS\SYSTEM32\kernel.appcore.dll
0x00007ffad6c60000 - 0x00007ffad6c6a000 	C:\Program Files\Java\jdk-21\bin\jimage.dll
0x00007ffadc490000 - 0x00007ffadc6d1000 	C:\WINDOWS\SYSTEM32\DBGHELP.DLL
0x00007ffadfcb0000 - 0x00007ffae0032000 	C:\WINDOWS\System32\combase.dll
0x00007ffadfa20000 - 0x00007ffadfaf6000 	C:\WINDOWS\System32\OLEAUT32.dll
0x00007ffacbc10000 - 0x00007ffacbc49000 	C:\WINDOWS\SYSTEM32\dbgcore.DLL
0x00007ffadf0f0000 - 0x00007ffadf189000 	C:\WINDOWS\System32\bcryptPrimitives.dll
0x00007ffad6c20000 - 0x00007ffad6c2f000 	C:\Program Files\Java\jdk-21\bin\instrument.dll
0x00007ffad6c40000 - 0x00007ffad6c5f000 	C:\Program Files\Java\jdk-21\bin\java.dll
0x00007ffae0d80000 - 0x00007ffae1495000 	C:\WINDOWS\System32\SHELL32.dll
0x00007ffadf770000 - 0x00007ffadf8d8000 	C:\WINDOWS\System32\wintypes.dll
0x00007ffadcac0000 - 0x00007ffadd305000 	C:\WINDOWS\SYSTEM32\windows.storage.dll
0x00007ffae0bf0000 - 0x00007ffae0cdb000 	C:\WINDOWS\System32\SHCORE.dll
0x00007ffae0d20000 - 0x00007ffae0d7d000 	C:\WINDOWS\System32\shlwapi.dll
0x00007ffaded10000 - 0x00007ffaded3f000 	C:\WINDOWS\SYSTEM32\profapi.dll
0x00007ffa9b4c0000 - 0x00007ffa9b597000 	C:\Program Files\Java\jdk-21\bin\jsvml.dll
0x00007ffab4c60000 - 0x00007ffab4c78000 	C:\Program Files\Java\jdk-21\bin\zip.dll
0x00007ffad6c30000 - 0x00007ffad6c40000 	C:\Program Files\Java\jdk-21\bin\net.dll
0x00007ffad3c70000 - 0x00007ffad3d8e000 	C:\WINDOWS\SYSTEM32\WINHTTP.dll
0x00007ffade0e0000 - 0x00007ffade14a000 	C:\WINDOWS\system32\mswsock.dll
0x00007ffacfa80000 - 0x00007ffacfa96000 	C:\Program Files\Java\jdk-21\bin\nio.dll
0x00007ffad3a20000 - 0x00007ffad3a3a000 	C:\Users\pc\AppData\Local\JetBrains\IntelliJ IDEA Community Edition 2024.1.3\bin\breakgen64.dll
0x00007ffaa6310000 - 0x00007ffaa6319000 	C:\Program Files\Java\jdk-21\bin\extnet.dll
0x00007ffadd600000 - 0x00007ffadd633000 	C:\WINDOWS\SYSTEM32\IPHLPAPI.DLL
0x00007ffae0520000 - 0x00007ffae052a000 	C:\WINDOWS\System32\NSI.dll
0x00007ffadd640000 - 0x00007ffadd765000 	C:\WINDOWS\SYSTEM32\DNSAPI.dll
0x00007ffad68b0000 - 0x00007ffad68be000 	C:\Program Files\Java\jdk-21\bin\sunmscapi.dll
0x00007ffadeec0000 - 0x00007ffadf037000 	C:\WINDOWS\System32\CRYPT32.dll
0x00007ffade5e0000 - 0x00007ffade610000 	C:\WINDOWS\SYSTEM32\ncrypt.dll
0x00007ffade590000 - 0x00007ffade5cf000 	C:\WINDOWS\SYSTEM32\NTASN1.dll
0x00007ffad1c20000 - 0x00007ffad1c2b000 	C:\Windows\System32\rasadhlp.dll
0x00007ffad2590000 - 0x00007ffad2615000 	C:\WINDOWS\System32\fwpuclnt.dll
0x00007ffade490000 - 0x00007ffade4ac000 	C:\WINDOWS\SYSTEM32\CRYPTSP.dll
0x00007ffaddb40000 - 0x00007ffaddb7a000 	C:\WINDOWS\system32\rsaenh.dll
0x00007ffade180000 - 0x00007ffade1ab000 	C:\WINDOWS\SYSTEM32\USERENV.dll
0x00007ffade620000 - 0x00007ffade646000 	C:\WINDOWS\SYSTEM32\bcrypt.dll
0x00007ffade310000 - 0x00007ffade31c000 	C:\WINDOWS\SYSTEM32\CRYPTBASE.dll
0x00007ffad68d0000 - 0x00007ffad68da000 	C:\Program Files\Java\jdk-21\bin\management.dll
0x00007ffad68c0000 - 0x00007ffad68cb000 	C:\Program Files\Java\jdk-21\bin\management_ext.dll
0x00007ffae19d0000 - 0x00007ffae19d8000 	C:\WINDOWS\System32\PSAPI.DLL
0x00007ffaa61c0000 - 0x00007ffaa61d0000 	C:\Program Files\Java\jdk-21\bin\verify.dll
0x00007ffabf1d0000 - 0x00007ffabf1d8000 	C:\WINDOWS\system32\wshunix.dll

dbghelp: loaded successfully - version: 4.0.5 - missing functions: none
symbol engine: initialized successfully - sym options: 0x614 - pdb path: .;C:\Program Files\Java\jdk-21\bin;C:\WINDOWS\SYSTEM32;C:\WINDOWS\WinSxS\amd64_microsoft.windows.common-controls_6595b64144ccf1df_6.0.26100.3323_none_3e088096e3344490;C:\Program Files\Java\jdk-21\bin\server;C:\Users\pc\AppData\Local\JetBrains\IntelliJ IDEA Community Edition 2024.1.3\bin

VM Arguments:
jvm_args: -javaagent:C:\Users\pc\AppData\Local\JetBrains\IntelliJ IDEA Community Edition 2024.1.3\lib\idea_rt.jar=44843:C:\Users\pc\AppData\Local\JetBrains\IntelliJ IDEA Community Edition 2024.1.3\bin -Dfile.encoding=UTF-8 
java_command: com.service_registry.ServiceRegistryApplication
java_class_path (initial): C:\Users\pc\Desktop\Quillist-sem-4\service-registry\target\classes;C:\Users\pc\.m2\repository\org\springframework\cloud\spring-cloud-starter-netflix-eureka-server\4.2.0\spring-cloud-starter-netflix-eureka-server-4.2.0.jar;C:\Users\pc\.m2\repository\org\springframework\cloud\spring-cloud-starter\4.2.0\spring-cloud-starter-4.2.0.jar;C:\Users\pc\.m2\repository\org\springframework\cloud\spring-cloud-context\4.2.0\spring-cloud-context-4.2.0.jar;C:\Users\pc\.m2\repository\org\springframework\security\spring-security-crypto\6.4.3\spring-security-crypto-6.4.3.jar;C:\Users\pc\.m2\repository\org\springframework\cloud\spring-cloud-commons\4.2.0\spring-cloud-commons-4.2.0.jar;C:\Users\pc\.m2\repository\org\bouncycastle\bcprov-jdk18on\1.78.1\bcprov-jdk18on-1.78.1.jar;C:\Users\pc\.m2\repository\org\springframework\cloud\spring-cloud-netflix-eureka-server\4.2.0\spring-cloud-netflix-eureka-server-4.2.0.jar;C:\Users\pc\.m2\repository\org\springframework\boot\spring-boot-starter-web\3.4.3\spring-boot-starter-web-3.4.3.jar;C:\Users\pc\.m2\repository\org\springframework\boot\spring-boot-starter-json\3.4.3\spring-boot-starter-json-3.4.3.jar;C:\Users\pc\.m2\repository\com\fasterxml\jackson\datatype\jackson-datatype-jdk8\2.18.2\jackson-datatype-jdk8-2.18.2.jar;C:\Users\pc\.m2\repository\com\fasterxml\jackson\datatype\jackson-datatype-jsr310\2.18.2\jackson-datatype-jsr310-2.18.2.jar;C:\Users\pc\.m2\repository\com\fasterxml\jackson\module\jackson-module-parameter-names\2.18.2\jackson-module-parameter-names-2.18.2.jar;C:\Users\pc\.m2\repository\org\springframework\boot\spring-boot-starter-tomcat\3.4.3\spring-boot-starter-tomcat-3.4.3.jar;C:\Users\pc\.m2\repository\org\apache\tomcat\embed\tomcat-embed-core\10.1.36\tomcat-embed-core-10.1.36.jar;C:\Users\pc\.m2\repository\org\apache\tomcat\embed\tomcat-embed-el\10.1.36\tomcat-embed-el-10.1.36.jar;C:\Users\pc\.m2\repository\org\apache\tomcat\embed\tomcat-embed-websocket\10.1.36\tomcat-embed-websocket-10.1.36.jar;C:\Users\pc\.m2\repository\org\springframework\spring-web\6.2.3\spring-web-6.2.3.jar;C:\Users\pc\.m2\repository\org\springframework\spring-beans\6.2.3\spring-beans-6.2.3.jar;C:\Users\pc\.m2\repository\org\springframework\spring-webmvc\6.2.3\spring-webmvc-6.2.3.jar;C:\Users\pc\.m2\repository\org\springframework\spring-aop\6.2.3\spring-aop-6.2.3.jar;C:\Users\pc\.m2\repository\org\springframework\spring-expression\6.2.3\spring-expression-6.2.3.jar;C:\Users\pc\.m2\repository\org\springframework\boot\spring-boot-starter-actuator\3.4.3\spring-boot-starter-actuator-3.4.3.jar;C:\Users\pc\.m2\repository\org\springframework\boot\spring-boot-actuator-autoconfigure\3.4.3\spring-boot-actuator-autoconfigure-3.4.3.jar;C:\Users\pc\.m2\repository\org\springframework\boot\spring-boot-actuator\3.4.3\spring-boot-actuator-3.4.3.jar;C:\Users\pc\.m2\repository\io\micrometer\micrometer-observation\1.14.4\micrometer-observation-1.14.4.jar;C:\Users\pc\.m2\repository\io\micrometer\micrometer-commons\1.14.4\micrometer-commons-1.14.4.jar;C:\Users\pc\.m2\repository\io\micrometer\micrometer-jakarta9\1.14.4\micrometer-jakarta9-1.14.4.jar;C:\Users\pc\.m2\repository\io\micrometer\micrometer-core\1.14.4\micrometer-core-1.14.4.jar;C:\Users\pc\.m2\repository\org\hdrhistogram\HdrHistogram\2.2.2\HdrHistogram-2.2.2.jar;C:\Users\pc\.m2\repository\org\latencyutils\LatencyUtils\2.0.3\LatencyUtils-2.0.3.jar;C:\Users\pc\.m2\repository\org\springframework\boot\spring-boot-starter-freemarker\3.4.3\spring-boot-starter-freemarker-3.4.3.jar;C:\Users\pc\.m2\repository\org\freemarker\freemarker\2.3.34\freemarker-2.3.34.jar;C:\Users\pc\.m2\repository\org\springframework\spring-context-support\6.2.3\spring-context-support-6.2.3.jar;C:\Users\pc\.m2\repository\org\springframework\cloud\spring-cloud-netflix-eureka-client\4.2.0\spring-cloud-netflix-eureka-client-4.2.0.jar;C:\Users\pc\.m2\repository\com\netflix\eureka\eureka-client\2.0.4\eureka-client-2.0.4.jar;C:\Users\pc\.m2\repository\com\thoughtworks\xstream\xstream\1.4.20\xstream-1.4.20.jar;C:\Users\pc\.m2\repository\io\github\x-stream\mxparser\1.2.2\mxparser-1.2.2.jar;C:\Users\pc\.m2\repository\xmlpull\xmlpull\1.1.3.1\xmlpull-1.1.3.1.jar;C:\Users\pc\.m2\repository\com\netflix\spectator\spectator-api\1.7.3\spectator-api-1.7.3.jar;C:\Users\pc\.m2\repository\org\apache\httpcomponents\httpclient\4.5.3\httpclient-4.5.3.jar;C:\Users\pc\.m2\repository\org\apache\httpcomponents\httpcore\4.4.16\httpcore-4.4.16.jar;C:\Users\pc\.m2\repository\commons-configuration\commons-configuration\1.10\commons-configuration-1.10.jar;C:\Users\pc\.m2\repository\commons-lang\commons-lang\2.6\commons-lang-2.6.jar;C:\Users\pc\.m2\repository\com\netflix\netflix-commons\netflix-eventbus\0.3.0\netflix-eventbus-0.3.0.jar;C:\Users\pc\.m2\repository\com\netflix\netflix-commons\netflix-infix\0.3.0\netflix-infix-0.3.0.jar;C:\Users\pc\.m2\repository\commons-jxpath\commons-jxpath\1.3\commons-jxpath-1.3.jar;C:\Users\pc\.m2\repository\joda-time\joda-time\2.3\joda-time-2.3.jar;C:\Users\pc\.m2\repository\org\antlr\antlr-runtime\3.4\antlr-runtime-3.4.jar;C:\Users\pc\.m2\repository\org\antlr\stringtemplate\3.2.1\stringtemplate-3.2.1.jar;C:\Users\pc\.m2\repository\antlr\antlr\2.7.7\antlr-2.7.7.jar;C:\Users\pc\.m2\repository\com\google\code\gson\gson\2.11.0\gson-2.11.0.jar;C:\Users\pc\.m2\repository\com\netflix\servo\servo-core\0.5.3\servo-core-0.5.3.jar;C:\Users\pc\.m2\repository\org\apache\commons\commons-math\2.2\commons-math-2.2.jar;C:\Users\pc\.m2\repository\javax\annotation\javax.annotation-api\1.2\javax.annotation-api-1.2.jar;C:\Users\pc\.m2\repository\org\codehaus\jettison\jettison\1.5.4\jettison-1.5.4.jar;C:\Users\pc\.m2\repository\org\apache\httpcomponents\client5\httpclient5\5.4.2\httpclient5-5.4.2.jar;C:\Users\pc\.m2\repository\org\apache\httpcomponents\core5\httpcore5\5.3.3\httpcore5-5.3.3.jar;C:\Users\pc\.m2\repository\org\apache\httpcomponents\core5\httpcore5-h2\5.3.3\httpcore5-h2-5.3.3.jar;C:\Users\pc\.m2\repository\com\netflix\eureka\eureka-client-jersey3\2.0.4\eureka-client-jersey3-2.0.4.jar;C:\Users\pc\.m2\repository\org\glassfish\jersey\connectors\jersey-apache-connector\3.1.10\jersey-apache-connector-3.1.10.jar;C:\Users\pc\.m2\repository\commons-codec\commons-codec\1.17.2\commons-codec-1.17.2.jar;C:\Users\pc\.m2\repository\commons-logging\commons-logging\1.3.4\commons-logging-1.3.4.jar;C:\Users\pc\.m2\repository\com\netflix\eureka\eureka-core-jersey3\2.0.4\eureka-core-jersey3-2.0.4.jar;C:\Users\pc\.m2\repository\com\netflix\eureka\eureka-core\2.0.4\eureka-core-2.0.4.jar;C:\Users\pc\.m2\repository\com\google\guava\guava\33.0.0-jre\guava-33.0.0-jre.jar;C:\Users\pc\.m2\repository\com\google\guava\failureaccess\1.0.2\failureaccess-1.0.2.jar;C:\Users\pc\.m2\repository\com\google\guava\listenablefuture\9999.0-empty-to-avoid-conflict-with-guava\listenablefuture-9999.0-empty-to-avoid-conflict-with-guava.jar;C:\Users\pc\.m2\repository\org\checkerframework\checker-qual\3.41.0\checker-qual-3.41.0.jar;C:\Users\pc\.m2\repository\com\google\errorprone\error_prone_annotations\2.23.0\error_prone_annotations-2.23.0.jar;C:\Users\pc\.m2\repository\com\google\j2objc\j2objc-annotations\2.8\j2objc-annotations-2.8.jar;C:\Users\pc\.m2\repository\org\glassfish\jersey\containers\jersey-container-servlet\3.1.10\jersey-container-servlet-3.1.10.jar;C:\Users\pc\.m2\repository\org\glassfish\jersey\containers\jersey-container-servlet-core\3.1.10\jersey-container-servlet-core-3.1.10.jar;C:\Users\pc\.m2\repository\org\glassfish\jersey\core\jersey-common\3.1.10\jersey-common-3.1.10.jar;C:\Users\pc\.m2\repository\org\glassfish\hk2\osgi-resource-locator\1.0.3\osgi-resource-locator-1.0.3.jar;C:\Users\pc\.m2\repository\jakarta\ws\rs\jakarta.ws.rs-api\3.1.0\jakarta.ws.rs-api-3.1.0.jar;C:\Users\pc\.m2\repository\org\glassfish\jersey\core\jersey-server\3.1.10\jersey-server-3.1.10.jar;C:\Users\pc\.m2\repository\jakarta\inject\jakarta.inject-api\2.0.1\jakarta.inject-api-2.0.1.jar;C:\Users\pc\.m2\repository\jakarta\validation\jakarta.validation-api\3.0.2\jakarta.validation-api-3.0.2.jar;C:\Users\pc\.m2\repository\org\glassfish\jersey\core\jersey-client\3.1.10\jersey-client-3.1.10.jar;C:\Users\pc\.m2\repository\org\glassfish\jersey\inject\jersey-hk2\3.1.10\jersey-hk2-3.1.10.jar;C:\Users\pc\.m2\repository\org\glassfish\hk2\hk2-locator\3.0.6\hk2-locator-3.0.6.jar;C:\Users\pc\.m2\repository\org\glassfish\hk2\external\aopalliance-repackaged\3.0.6\aopalliance-repackaged-3.0.6.jar;C:\Users\pc\.m2\repository\org\glassfish\hk2\hk2-utils\3.0.6\hk2-utils-3.0.6.jar;C:\Users\pc\.m2\repository\org\javassist\javassist\3.30.2-GA\javassist-3.30.2-GA.jar;C:\Users\pc\.m2\repository\org\glassfish\hk2\spring-bridge\3.1.1\spring-bridge-3.1.1.jar;C:\Users\pc\.m2\repository\org\glassfish\hk2\hk2-api\3.1.1\hk2-api-3.1.1.jar;C:\Users\pc\.m2\repository\org\springframework\spring-context\6.2.3\spring-context-6.2.3.jar;C:\Users\pc\.m2\repository\com\fasterxml\jackson\dataformat\jackson-dataformat-xml\2.18.2\jackson-dataformat-xml-2.18.2.jar;C:\Users\pc\.m2\repository\com\fasterxml\jackson\core\jackson-core\2.18.2\jackson-core-2.18.2.jar;C:\Users\pc\.m2\repository\com\fasterxml\jackson\core\jackson-annotations\2.18.2\jackson-annotations-2.18.2.jar;C:\Users\pc\.m2\repository\com\fasterxml\jackson\core\jackson-databind\2.18.2\jackson-databind-2.18.2.jar;C:\Users\pc\.m2\repository\org\codehaus\woodstox\stax2-api\4.2.2\stax2-api-4.2.2.jar;C:\Users\pc\.m2\repository\com\fasterxml\woodstox\woodstox-core\7.0.0\woodstox-core-7.0.0.jar;C:\Users\pc\.m2\repository\org\springframework\cloud\spring-cloud-starter-loadbalancer\4.2.0\spring-cloud-starter-loadbalancer-4.2.0.jar;C:\Users\pc\.m2\repository\org\springframework\cloud\spring-cloud-loadbalancer\4.2.0\spring-cloud-loadbalancer-4.2.0.jar;C:\Users\pc\.m2\repository\io\projectreactor\reactor-core\3.7.3\reactor-core-3.7.3.jar;C:\Users\pc\.m2\repository\org\reactivestreams\reactive-streams\1.0.4\reactive-streams-1.0.4.jar;C:\Users\pc\.m2\repository\io\projectreactor\addons\reactor-extra\3.5.2\reactor-extra-3.5.2.jar;C:\Users\pc\.m2\repository\org\springframework\boot\spring-boot-starter-cache\3.4.3\spring-boot-starter-cache-3.4.3.jar;C:\Users\pc\.m2\repository\com\stoyanr\evictor\1.0.0\evictor-1.0.0.jar;C:\Users\pc\.m2\repository\org\glassfish\jaxb\jaxb-runtime\4.0.5\jaxb-runtime-4.0.5.jar;C:\Users\pc\.m2\repository\org\glassfish\jaxb\jaxb-core\4.0.5\jaxb-core-4.0.5.jar;C:\Users\pc\.m2\repository\org\eclipse\angus\angus-activation\2.0.2\angus-activation-2.0.2.jar;C:\Users\pc\.m2\repository\org\glassfish\jaxb\txw2\4.0.5\txw2-4.0.5.jar;C:\Users\pc\.m2\repository\com\sun\istack\istack-commons-runtime\4.1.2\istack-commons-runtime-4.1.2.jar;C:\Users\pc\.m2\repository\org\springframework\boot\spring-boot-starter\3.4.3\spring-boot-starter-3.4.3.jar;C:\Users\pc\.m2\repository\org\springframework\boot\spring-boot\3.4.3\spring-boot-3.4.3.jar;C:\Users\pc\.m2\repository\org\springframework\boot\spring-boot-autoconfigure\3.4.3\spring-boot-autoconfigure-3.4.3.jar;C:\Users\pc\.m2\repository\org\springframework\boot\spring-boot-starter-logging\3.4.3\spring-boot-starter-logging-3.4.3.jar;C:\Users\pc\.m2\repository\ch\qos\logback\logback-classic\1.5.16\logback-classic-1.5.16.jar;C:\Users\pc\.m2\repository\ch\qos\logback\logback-core\1.5.16\logback-core-1.5.16.jar;C:\Users\pc\.m2\repository\org\apache\logging\log4j\log4j-to-slf4j\2.24.3\log4j-to-slf4j-2.24.3.jar;C:\Users\pc\.m2\repository\org\apache\logging\log4j\log4j-api\2.24.3\log4j-api-2.24.3.jar;C:\Users\pc\.m2\repository\org\slf4j\jul-to-slf4j\2.0.16\jul-to-slf4j-2.0.16.jar;C:\Users\pc\.m2\repository\jakarta\annotation\jakarta.annotation-api\2.1.1\jakarta.annotation-api-2.1.1.jar;C:\Users\pc\.m2\repository\org\yaml\snakeyaml\2.3\snakeyaml-2.3.jar;C:\Users\pc\.m2\repository\org\slf4j\slf4j-api\2.0.16\slf4j-api-2.0.16.jar;C:\Users\pc\.m2\repository\jakarta\xml\bind\jakarta.xml.bind-api\4.0.2\jakarta.xml.bind-api-4.0.2.jar;C:\Users\pc\.m2\repository\jakarta\activation\jakarta.activation-api\2.1.3\jakarta.activation-api-2.1.3.jar;C:\Users\pc\.m2\repository\org\springframework\spring-core\6.2.3\spring-core-6.2.3.jar;C:\Users\pc\.m2\repository\org\springframework\spring-jcl\6.2.3\spring-jcl-6.2.3.jar
Launcher Type: SUN_STANDARD

[Global flags]
     intx CICompilerCount                          = 4                                         {product} {ergonomic}
     uint ConcGCThreads                            = 2                                         {product} {ergonomic}
     uint G1ConcRefinementThreads                  = 8                                         {product} {ergonomic}
   size_t G1HeapRegionSize                         = 2097152                                   {product} {ergonomic}
    uintx GCDrainStackTargetSize                   = 64                                        {product} {ergonomic}
   size_t InitialHeapSize                          = 266338304                                 {product} {ergonomic}
   size_t MarkStackSize                            = 4194304                                   {product} {ergonomic}
   size_t MaxHeapSize                              = 4259315712                                {product} {ergonomic}
   size_t MaxNewSize                               = 2554331136                                {product} {ergonomic}
   size_t MinHeapDeltaBytes                        = 2097152                                   {product} {ergonomic}
   size_t MinHeapSize                              = 8388608                                   {product} {ergonomic}
    uintx NonNMethodCodeHeapSize                   = 5839372                                {pd product} {ergonomic}
    uintx NonProfiledCodeHeapSize                  = 122909434                              {pd product} {ergonomic}
    uintx ProfiledCodeHeapSize                     = 122909434                              {pd product} {ergonomic}
    uintx ReservedCodeCacheSize                    = 251658240                              {pd product} {ergonomic}
     bool SegmentedCodeCache                       = true                                      {product} {ergonomic}
   size_t SoftMaxHeapSize                          = 4259315712                             {manageable} {ergonomic}
     bool UseCompressedOops                        = true                           {product lp64_product} {ergonomic}
     bool UseG1GC                                  = true                                      {product} {ergonomic}
     bool UseLargePagesIndividualAllocation        = false                                  {pd product} {ergonomic}

Logging:
Log output configuration:
 #0: stdout all=warning uptime,level,tags foldmultilines=false
 #1: stderr all=off uptime,level,tags foldmultilines=false

Environment Variables:
CLASSPATH=C:\Program Files\Java\jdk-17\bin
PATH=C:\Program Files\Common Files\Oracle\Java\javapath;C:\Program Files (x86)\Common Files\Oracle\Java\javapath;C:\Program Files (x86)\VMware\VMware Player\bin\;C:\oraclexe\app\oracle\product\11.2.0\server\bin;C:\WINDOWS\system32;C:\WINDOWS;C:\WINDOWS\System32\Wbem;C:\WINDOWS\System32\WindowsPowerShell\v1.0\;C:\WINDOWS\System32\OpenSSH\;C:\Program Files\dotnet\;C:\Program Files (x86)\Intel\Intel(R) Management Engine Components\DAL;C:\Program Files\Intel\Intel(R) Management Engine Components\DAL;C:\Program Files\Git\cmd;C:\Program Files\nodejs;C:\MinGW\bin;C:\Program Files\Java\jdk1.8.0_202\bin\;D:\software\Nodejs\;C:\Program Files\Microsoft SQL Server\130\Tools\Binn\;E:\XAMPP\mysql\bin;D:\Intelije\IntelliJ IDEA Community Edition 2024.1.3\bin;C:\Program Files\MongoDB\mongosh-2.3.2-win32-x64\bin;C:\Program Files (x86)\Microsoft SQL Server\100\Tools\Binn\;C:\Program Files\Microsoft SQL Server\100\Tools\Binn\;C:\Program Files\Microsoft SQL Server\100\DTS\Binn\;C:\Program Files\Java\jdk-21\bin;C:\Program Files\MySQL\MySQL Shell 8.0\bin\;C:\Users\pc\AppData\Local\Programs\Python\Python312\Scripts\;C:\Users\pc\AppData\Local\Programs\Python\Python312\;C:\Users\pc\AppData\Local\Programs\Python\Launcher\;C:\Users\pc\AppData\Local\Microsoft\WindowsApps;C:\Users\pc\AppData\Local\Programs\Microsoft VS Code\bin;C:\MinGW\bin;C:\Users\pc\AppData\Roaming\npm;C:\Users\pc\AppData\Local\GitHubDesktop\bin;C:\Users\pc\AppData\Local\JetBrains\IntelliJ IDEA Community Edition 2024.1.3\bin;;D:\Nmap;C:\Program Files\Java\jdk-17\bin;D:\Intelije\IntelliJ IDEA Community Edition 2024.1.3\bin;
USERNAME=pc
OS=Windows_NT
PROCESSOR_IDENTIFIER=Intel64 Family 6 Model 142 Stepping 10, GenuineIntel
TMP=C:\Users\pc\AppData\Local\Temp
TEMP=C:\Users\pc\AppData\Local\Temp




Periodic native trim disabled

---------------  S Y S T E M  ---------------

OS:
 Windows 11 , 64 bit Build 26100 (10.0.26100.3323)
OS uptime: 0 days 21:33 hours
Hyper-V role detected

CPU: total 8 (initial active 8) (4 cores per cpu, 2 threads per core) family 6 model 142 stepping 10 microcode 0xf0, cx8, cmov, fxsr, ht, mmx, 3dnowpref, sse, sse2, sse3, ssse3, sse4.1, sse4.2, popcnt, lzcnt, tsc, tscinvbit, avx, avx2, aes, erms, clmul, bmi1, bmi2, rtm, adx, fma, vzeroupper, clflush, clflushopt, hv, rdtscp, f16c
Processor Information for processor 0
  Max Mhz: 2112, Current Mhz: 1508, Mhz Limit: 1900
Processor Information for processor 1
  Max Mhz: 2112, Current Mhz: 1508, Mhz Limit: 1900
Processor Information for processor 2
  Max Mhz: 2112, Current Mhz: 1508, Mhz Limit: 1900
Processor Information for processor 3
  Max Mhz: 2112, Current Mhz: 1508, Mhz Limit: 1900
Processor Information for processor 4
  Max Mhz: 2112, Current Mhz: 1508, Mhz Limit: 1900
Processor Information for processor 5
  Max Mhz: 2112, Current Mhz: 1910, Mhz Limit: 1900
Processor Information for processor 6
  Max Mhz: 2112, Current Mhz: 1508, Mhz Limit: 1900
Processor Information for processor 7
  Max Mhz: 2112, Current Mhz: 1508, Mhz Limit: 1900

Memory: 4k page, system-wide physical 16242M (4319M free)
TotalPageFile size 16242M (AvailPageFile size 8M)
current process WorkingSet (physical memory assigned to process): 249M, peak: 274M
current process commit charge ("private bytes"): 284M, peak: 398M

vm_info: Java HotSpot(TM) 64-Bit Server VM (21.0.6+8-LTS-188) for windows-amd64 JRE (21.0.6+8-LTS-188), built on 2024-12-03T10:50:54Z by "mach5one" with MS VC++ 17.6 (VS2022)

END.
