#
# There is insufficient memory for the Java Runtime Environment to continue.
# Native memory allocation (malloc) failed to allocate 2391328 bytes for Chunk::new
# Possible reasons:
#   The system is out of physical RAM or swap space
#   The process is running with CompressedOops enabled, and the Java Heap may be blocking the growth of the native heap
# Possible solutions:
#   Reduce memory load on the system
#   Increase physical memory or swap space
#   Check if swap backing store is full
#   Decrease Java heap size (-Xmx/-Xms)
#   Decrease number of Java threads
#   Decrease Java thread stack sizes (-Xss)
#   Set larger code cache with -XX:ReservedCodeCacheSize=
#   JVM is running with Zero Based Compressed Oops mode in which the Java heap is
#     placed in the first 32GB address space. The Java Heap base address is the
#     maximum limit for the native heap growth. Please use -XX:HeapBaseMinAddress
#     to set the Java Heap base and to place the Java Heap above 32GB virtual address.
# This output file may be truncated or incomplete.
#
#  Out of Memory Error (arena.cpp:168), pid=12696, tid=6156
#
# JRE version: Java(TM) SE Runtime Environment (21.0.6+8) (build 21.0.6+8-LTS-188)
# Java VM: Java HotSpot(TM) 64-Bit Server VM (21.0.6+8-LTS-188, mixed mode, sharing, tiered, compressed oops, compressed class ptrs, g1 gc, windows-amd64)
# No core dump will be written. Minidumps are not enabled by default on client versions of Windows
#

---------------  S U M M A R Y ------------

Command Line: -javaagent:C:\Users\pc\AppData\Local\JetBrains\IntelliJ IDEA Community Edition 2024.1.3\lib\idea_rt.jar=41375:C:\Users\pc\AppData\Local\JetBrains\IntelliJ IDEA Community Edition 2024.1.3\bin -Dfile.encoding=UTF-8 com.blogwebsite.user.ServiceUserApplication

Host: Intel(R) Core(TM) i7-8650U CPU @ 1.90GHz, 8 cores, 15G,  Windows 11 , 64 bit Build 26100 (10.0.26100.3323)
Time: Sat Mar 15 20:06:18 2025 India Standard Time elapsed time: 12.358613 seconds (0d 0h 0m 12s)

---------------  T H R E A D  ---------------

Current thread (0x00000235c21bcf40):  JavaThread "C2 CompilerThread1" daemon [_thread_in_native, id=6156, stack(0x000000b70f900000,0x000000b70fa00000) (1024K)]


Current CompileTask:
C2:  12359 4252       4       org.springframework.boot.context.properties.source.ConfigurationPropertyName$ElementsParser::parse (234 bytes)

Stack: [0x000000b70f900000,0x000000b70fa00000]
Native frames: (J=compiled Java code, j=interpreted, Vv=VM code, C=native code)
V  [jvm.dll+0x6ca6d9]
V  [jvm.dll+0x854f51]
V  [jvm.dll+0x85747e]
V  [jvm.dll+0x857b53]
V  [jvm.dll+0x27dcc6]
V  [jvm.dll+0xc4c2d]
V  [jvm.dll+0xc5163]
V  [jvm.dll+0x3b515c]
V  [jvm.dll+0x381855]
V  [jvm.dll+0x380cca]
V  [jvm.dll+0x246920]
V  [jvm.dll+0x245eff]
V  [jvm.dll+0x1c6d2e]
V  [jvm.dll+0x2554f9]
V  [jvm.dll+0x253a8a]
V  [jvm.dll+0x3ee576]
V  [jvm.dll+0x7ff2fb]
V  [jvm.dll+0x6c8dbd]
C  [ucrtbase.dll+0x37b0]
C  [KERNEL32.DLL+0x2e8d7]
C  [ntdll.dll+0xbbf6c]


---------------  P R O C E S S  ---------------

Threads class SMR info:
_java_thread_list=0x00000235c21c2010, length=15, elements={
0x00000235d8da26f0, 0x00000235fa0dd510, 0x00000235fa0dff70, 0x00000235fa0e1440,
0x00000235fa0e1e90, 0x00000235fa0e28e0, 0x00000235fa0eb470, 0x00000235fa241100,
0x00000235fa0f62f0, 0x00000235fa303a40, 0x00000235fa4edf80, 0x00000235fa80c960,
0x00000235fac8d770, 0x00000235ff586060, 0x00000235c21bcf40
}

Java Threads: ( => current thread )
  0x00000235d8da26f0 JavaThread "main"                              [_thread_blocked, id=10504, stack(0x000000b70df00000,0x000000b70e000000) (1024K)]
  0x00000235fa0dd510 JavaThread "Reference Handler"          daemon [_thread_blocked, id=16840, stack(0x000000b70e700000,0x000000b70e800000) (1024K)]
  0x00000235fa0dff70 JavaThread "Finalizer"                  daemon [_thread_blocked, id=6908, stack(0x000000b70e800000,0x000000b70e900000) (1024K)]
  0x00000235fa0e1440 JavaThread "Signal Dispatcher"          daemon [_thread_blocked, id=19952, stack(0x000000b70e900000,0x000000b70ea00000) (1024K)]
  0x00000235fa0e1e90 JavaThread "Attach Listener"            daemon [_thread_blocked, id=10716, stack(0x000000b70ea00000,0x000000b70eb00000) (1024K)]
  0x00000235fa0e28e0 JavaThread "Service Thread"             daemon [_thread_blocked, id=19528, stack(0x000000b70eb00000,0x000000b70ec00000) (1024K)]
  0x00000235fa0eb470 JavaThread "Monitor Deflation Thread"   daemon [_thread_blocked, id=11024, stack(0x000000b70ec00000,0x000000b70ed00000) (1024K)]
  0x00000235fa241100 JavaThread "C2 CompilerThread0"         daemon [_thread_in_native, id=18620, stack(0x000000b70ed00000,0x000000b70ee00000) (1024K)]
  0x00000235fa0f62f0 JavaThread "C1 CompilerThread0"         daemon [_thread_blocked, id=22188, stack(0x000000b70ee00000,0x000000b70ef00000) (1024K)]
  0x00000235fa303a40 JavaThread "Common-Cleaner"             daemon [_thread_blocked, id=19416, stack(0x000000b70ef00000,0x000000b70f000000) (1024K)]
  0x00000235fa4edf80 JavaThread "Monitor Ctrl-Break"         daemon [_thread_in_native, id=8496, stack(0x000000b70f200000,0x000000b70f300000) (1024K)]
  0x00000235fa80c960 JavaThread "Notification Thread"        daemon [_thread_blocked, id=22356, stack(0x000000b70f300000,0x000000b70f400000) (1024K)]
  0x00000235fac8d770 JavaThread "Thread-0"                          [_thread_blocked, id=12740, stack(0x000000b70fa00000,0x000000b70fb00000) (1024K)]
  0x00000235ff586060 JavaThread "restartedMain"                     [_thread_in_native, id=21492, stack(0x000000b70fb00000,0x000000b70fc00000) (1024K)]
=>0x00000235c21bcf40 JavaThread "C2 CompilerThread1"         daemon [_thread_in_native, id=6156, stack(0x000000b70f900000,0x000000b70fa00000) (1024K)]
Total: 15

Other Threads:
  0x00000235fa0bc9d0 VMThread "VM Thread"                           [id=19848, stack(0x000000b70e600000,0x000000b70e700000) (1024K)]
  0x00000235fa0aa840 WatcherThread "VM Periodic Task Thread"        [id=21848, stack(0x000000b70e500000,0x000000b70e600000) (1024K)]
  0x00000235da78f0e0 WorkerThread "GC Thread#0"                     [id=16704, stack(0x000000b70e000000,0x000000b70e100000) (1024K)]
  0x00000235fac86b90 WorkerThread "GC Thread#1"                     [id=17860, stack(0x000000b70f100000,0x000000b70f200000) (1024K)]
  0x00000235fac86f30 WorkerThread "GC Thread#2"                     [id=19444, stack(0x000000b70f400000,0x000000b70f500000) (1024K)]
  0x00000235ff1037b0 WorkerThread "GC Thread#3"                     [id=15752, stack(0x000000b70f500000,0x000000b70f600000) (1024K)]
  0x00000235ff103b50 WorkerThread "GC Thread#4"                     [id=22204, stack(0x000000b70f600000,0x000000b70f700000) (1024K)]
  0x00000235fae1a330 WorkerThread "GC Thread#5"                     [id=21216, stack(0x000000b70f700000,0x000000b70f800000) (1024K)]
  0x00000235fad82150 WorkerThread "GC Thread#6"                     [id=19500, stack(0x000000b70f800000,0x000000b70f900000) (1024K)]
  0x00000235fab90060 WorkerThread "GC Thread#7"                     [id=19032, stack(0x000000b70f000000,0x000000b70f100000) (1024K)]
  0x00000235da7a0d10 ConcurrentGCThread "G1 Main Marker"            [id=21640, stack(0x000000b70e100000,0x000000b70e200000) (1024K)]
  0x00000235da7a27c0 WorkerThread "G1 Conc#0"                       [id=2164, stack(0x000000b70e200000,0x000000b70e300000) (1024K)]
  0x00000235ffb4e330 WorkerThread "G1 Conc#1"                       [id=22408, stack(0x000000b70fe00000,0x000000b70ff00000) (1024K)]
  0x00000235f9f7b8a0 ConcurrentGCThread "G1 Refine#0"               [id=21024, stack(0x000000b70e300000,0x000000b70e400000) (1024K)]
  0x00000235f9f7e0d0 ConcurrentGCThread "G1 Service"                [id=7956, stack(0x000000b70e400000,0x000000b70e500000) (1024K)]
Total: 15

Threads with active compile tasks:
C2 CompilerThread0    12430 4318       4       org.springframework.beans.factory.support.AbstractBeanFactory::isTypeMatch (745 bytes)
C2 CompilerThread1    12430 4252       4       org.springframework.boot.context.properties.source.ConfigurationPropertyName$ElementsParser::parse (234 bytes)
Total: 2

VM state: not at safepoint (normal execution)

VM Mutex/Monitor currently owned by a thread: None

Heap address: 0x0000000702200000, size: 4062 MB, Compressed Oops mode: Zero based, Oop shift amount: 3

CDS archive(s) mapped at: [0x0000023580000000-0x0000023580c90000-0x0000023580c90000), size 13172736, SharedBaseAddress: 0x0000023580000000, ArchiveRelocationMode: 1.
Compressed class space mapped at: 0x0000023581000000-0x00000235c1000000, reserved size: 1073741824
Narrow klass base: 0x0000023580000000, Narrow klass shift: 0, Narrow klass range: 0x100000000

GC Precious Log:
 CardTable entry size: 512
 Card Set container configuration: InlinePtr #cards 4 size 8 Array Of Cards #cards 16 size 48 Howl #buckets 8 coarsen threshold 3686 Howl Bitmap #cards 512 size 80 coarsen threshold 460 Card regions per heap region 1 cards per card region 4096
 CPUs: 8 total, 8 available
 Memory: 16242M
 Large Page Support: Disabled
 NUMA Support: Disabled
 Compressed Oops: Enabled (Zero based)
 Heap Region Size: 2M
 Heap Min Capacity: 8M
 Heap Initial Capacity: 254M
 Heap Max Capacity: 4062M
 Pre-touch: Disabled
 Parallel Workers: 8
 Concurrent Workers: 2
 Concurrent Refinement Workers: 8
 Periodic GC: Disabled

Heap:
 garbage-first heap   total 75776K, used 53063K [0x0000000702200000, 0x0000000800000000)
  region size 2048K, 18 young (36864K), 2 survivors (4096K)
 Metaspace       used 30821K, committed 31232K, reserved 1114112K
  class space    used 3942K, committed 4096K, reserved 1048576K

Heap Regions: E=young(eden), S=young(survivor), O=old, HS=humongous(starts), HC=humongous(continues), CS=collection set, F=free, TAMS=top-at-mark-start, PB=parsable bottom
|   0|0x0000000702200000, 0x0000000702400000, 0x0000000702400000|100%| O|  |TAMS 0x0000000702200000| PB 0x0000000702200000| Untracked 
|   1|0x0000000702400000, 0x0000000702600000, 0x0000000702600000|100%| O|  |TAMS 0x0000000702400000| PB 0x0000000702400000| Untracked 
|   2|0x0000000702600000, 0x0000000702800000, 0x0000000702800000|100%| O|  |TAMS 0x0000000702600000| PB 0x0000000702600000| Untracked 
|   3|0x0000000702800000, 0x0000000702a00000, 0x0000000702a00000|100%| O|  |TAMS 0x0000000702800000| PB 0x0000000702800000| Untracked 
|   4|0x0000000702a00000, 0x0000000702c00000, 0x0000000702c00000|100%| O|  |TAMS 0x0000000702a00000| PB 0x0000000702a00000| Untracked 
|   5|0x0000000702c00000, 0x0000000702e00000, 0x0000000702e00000|100%| O|Cm|TAMS 0x0000000702c00000| PB 0x0000000702c00000| Complete 
|   6|0x0000000702e00000, 0x0000000702ff9538, 0x0000000703000000| 98%| O|  |TAMS 0x0000000702e00000| PB 0x0000000702e00000| Untracked 
|   7|0x0000000703000000, 0x0000000703200000, 0x0000000703200000|100%| O|  |TAMS 0x0000000703000000| PB 0x0000000703000000| Untracked 
|   8|0x0000000703200000, 0x0000000703400000, 0x0000000703400000|100%| O|  |TAMS 0x0000000703200000| PB 0x0000000703200000| Untracked 
|   9|0x0000000703400000, 0x0000000703475000, 0x0000000703600000| 22%| O|  |TAMS 0x0000000703400000| PB 0x0000000703400000| Untracked 
|  10|0x0000000703600000, 0x0000000703600000, 0x0000000703800000|  0%| F|  |TAMS 0x0000000703600000| PB 0x0000000703600000| Untracked 
|  11|0x0000000703800000, 0x0000000703800000, 0x0000000703a00000|  0%| F|  |TAMS 0x0000000703800000| PB 0x0000000703800000| Untracked 
|  12|0x0000000703a00000, 0x0000000703a00000, 0x0000000703c00000|  0%| F|  |TAMS 0x0000000703a00000| PB 0x0000000703a00000| Untracked 
|  13|0x0000000703c00000, 0x0000000703d637d0, 0x0000000703e00000| 69%| S|CS|TAMS 0x0000000703c00000| PB 0x0000000703c00000| Complete 
|  14|0x0000000703e00000, 0x0000000704000000, 0x0000000704000000|100%| S|CS|TAMS 0x0000000703e00000| PB 0x0000000703e00000| Complete 
|  15|0x0000000704000000, 0x0000000704000000, 0x0000000704200000|  0%| F|  |TAMS 0x0000000704000000| PB 0x0000000704000000| Untracked 
|  16|0x0000000704200000, 0x0000000704200000, 0x0000000704400000|  0%| F|  |TAMS 0x0000000704200000| PB 0x0000000704200000| Untracked 
|  17|0x0000000704400000, 0x0000000704400000, 0x0000000704600000|  0%| F|  |TAMS 0x0000000704400000| PB 0x0000000704400000| Untracked 
|  18|0x0000000704600000, 0x0000000704600000, 0x0000000704800000|  0%| F|  |TAMS 0x0000000704600000| PB 0x0000000704600000| Untracked 
|  19|0x0000000704800000, 0x0000000704800000, 0x0000000704a00000|  0%| F|  |TAMS 0x0000000704800000| PB 0x0000000704800000| Untracked 
|  20|0x0000000704a00000, 0x0000000704a00000, 0x0000000704c00000|  0%| F|  |TAMS 0x0000000704a00000| PB 0x0000000704a00000| Untracked 
|  21|0x0000000704c00000, 0x0000000704cfa1b0, 0x0000000704e00000| 48%| E|  |TAMS 0x0000000704c00000| PB 0x0000000704c00000| Complete 
|  22|0x0000000704e00000, 0x0000000705000000, 0x0000000705000000|100%| E|CS|TAMS 0x0000000704e00000| PB 0x0000000704e00000| Complete 
|  23|0x0000000705000000, 0x0000000705200000, 0x0000000705200000|100%| E|CS|TAMS 0x0000000705000000| PB 0x0000000705000000| Complete 
|  24|0x0000000705200000, 0x0000000705400000, 0x0000000705400000|100%| E|CS|TAMS 0x0000000705200000| PB 0x0000000705200000| Complete 
|  25|0x0000000705400000, 0x0000000705600000, 0x0000000705600000|100%| E|CS|TAMS 0x0000000705400000| PB 0x0000000705400000| Complete 
|  26|0x0000000705600000, 0x0000000705800000, 0x0000000705800000|100%| E|CS|TAMS 0x0000000705600000| PB 0x0000000705600000| Complete 
|  27|0x0000000705800000, 0x0000000705a00000, 0x0000000705a00000|100%| E|CS|TAMS 0x0000000705800000| PB 0x0000000705800000| Complete 
|  28|0x0000000705a00000, 0x0000000705c00000, 0x0000000705c00000|100%| E|CS|TAMS 0x0000000705a00000| PB 0x0000000705a00000| Complete 
|  29|0x0000000705c00000, 0x0000000705e00000, 0x0000000705e00000|100%| E|CS|TAMS 0x0000000705c00000| PB 0x0000000705c00000| Complete 
|  30|0x0000000705e00000, 0x0000000706000000, 0x0000000706000000|100%| E|CS|TAMS 0x0000000705e00000| PB 0x0000000705e00000| Complete 
|  31|0x0000000706000000, 0x0000000706200000, 0x0000000706200000|100%| E|CS|TAMS 0x0000000706000000| PB 0x0000000706000000| Complete 
|  32|0x0000000706200000, 0x0000000706400000, 0x0000000706400000|100%| E|CS|TAMS 0x0000000706200000| PB 0x0000000706200000| Complete 
| 105|0x000000070f400000, 0x000000070f600000, 0x000000070f600000|100%| E|CS|TAMS 0x000000070f400000| PB 0x000000070f400000| Complete 
| 108|0x000000070fa00000, 0x000000070fc00000, 0x000000070fc00000|100%| E|CS|TAMS 0x000000070fa00000| PB 0x000000070fa00000| Complete 
| 109|0x000000070fc00000, 0x000000070fe00000, 0x000000070fe00000|100%| E|CS|TAMS 0x000000070fc00000| PB 0x000000070fc00000| Complete 
| 126|0x0000000711e00000, 0x0000000712000000, 0x0000000712000000|100%| E|CS|TAMS 0x0000000711e00000| PB 0x0000000711e00000| Complete 

Card table byte_map: [0x00000235f2e90000,0x00000235f3680000] _byte_map_base: 0x00000235ef67f000

Marking Bits: (CMBitMap*) 0x00000235da78f7e0
 Bits: [0x00000235f3680000, 0x00000235f75f8000)

Polling page: 0x00000235d8ea0000

Metaspace:

Usage:
  Non-class:     26.25 MB used.
      Class:      3.85 MB used.
       Both:     30.10 MB used.

Virtual space:
  Non-class space:       64.00 MB reserved,      26.50 MB ( 41%) committed,  1 nodes.
      Class space:        1.00 GB reserved,       4.00 MB ( <1%) committed,  1 nodes.
             Both:        1.06 GB reserved,      30.50 MB (  3%) committed. 

Chunk freelists:
   Non-Class:  5.52 MB
       Class:  11.88 MB
        Both:  17.39 MB

MaxMetaspaceSize: unlimited
CompressedClassSpaceSize: 1.00 GB
Initial GC threshold: 21.00 MB
Current GC threshold: 35.12 MB
CDS: on
 - commit_granule_bytes: 65536.
 - commit_granule_words: 8192.
 - virtual_space_node_default_size: 8388608.
 - enlarge_chunks_in_place: 1.
 - use_allocation_guard: 0.


Internal statistics:

num_allocs_failed_limit: 3.
num_arena_births: 580.
num_arena_deaths: 0.
num_vsnodes_births: 2.
num_vsnodes_deaths: 0.
num_space_committed: 488.
num_space_uncommitted: 0.
num_chunks_returned_to_freelist: 3.
num_chunks_taken_from_freelist: 1677.
num_chunk_merges: 3.
num_chunk_splits: 1107.
num_chunks_enlarged: 777.
num_inconsistent_stats: 0.

CodeHeap 'non-profiled nmethods': size=120000Kb used=2633Kb max_used=2633Kb free=117367Kb
 bounds [0x00000235ea700000, 0x00000235ea9a0000, 0x00000235f1c30000]
CodeHeap 'profiled nmethods': size=120000Kb used=9169Kb max_used=9169Kb free=110831Kb
 bounds [0x00000235e2c30000, 0x00000235e3530000, 0x00000235ea160000]
CodeHeap 'non-nmethods': size=5760Kb used=1466Kb max_used=1549Kb free=4294Kb
 bounds [0x00000235ea160000, 0x00000235ea3d0000, 0x00000235ea700000]
 total_blobs=4883 nmethods=4336 adapters=451
 compilation: enabled
              stopped_count=0, restarted_count=0
 full_count=0

Compilation events (20 events):
Event: 11.260 Thread 0x00000235fa0f62f0 4316       3       org.springframework.beans.factory.annotation.AutowiredAnnotationBeanPostProcessor::lambda$buildAutowiringMetadata$2 (167 bytes)
Event: 11.264 Thread 0x00000235fa0f62f0 nmethod 4316 0x00000235e3517790 code [0x00000235e3517b20, 0x00000235e3518f78]
Event: 11.264 Thread 0x00000235fa241100 nmethod 4292 0x00000235ea990e10 code [0x00000235ea990fa0, 0x00000235ea9911d8]
Event: 11.265 Thread 0x00000235fa0f62f0 4317       3       org.springframework.transaction.annotation.JtaTransactionAnnotationParser::parseTransactionAnnotation (19 bytes)
Event: 11.265 Thread 0x00000235fa241100 4315       4       java.lang.invoke.DirectMethodHandle::allocateInstance (16 bytes)
Event: 11.265 Thread 0x00000235fa0f62f0 nmethod 4317 0x00000235e3519610 code [0x00000235e35197e0, 0x00000235e35199e0]
Event: 11.266 Thread 0x00000235fa0f62f0 4319       3       jdk.internal.reflect.MethodHandleAccessorFactory::slotCount (75 bytes)
Event: 11.266 Thread 0x00000235fa0f62f0 nmethod 4319 0x00000235e3519a90 code [0x00000235e3519c80, 0x00000235e351a158]
Event: 11.267 Thread 0x00000235fa0f62f0 4320       3       org.springframework.beans.factory.config.BeanPostProcessor::postProcessAfterInitialization (2 bytes)
Event: 11.267 Thread 0x00000235fa0f62f0 nmethod 4320 0x00000235e351a310 code [0x00000235e351a4a0, 0x00000235e351a5b0]
Event: 11.268 Thread 0x00000235fa241100 nmethod 4315 0x00000235ea991310 code [0x00000235ea9914a0, 0x00000235ea991688]
Event: 11.268 Thread 0x00000235fa241100 4318       4       org.springframework.beans.factory.support.AbstractBeanFactory::isTypeMatch (745 bytes)
Event: 11.277 Thread 0x00000235fa0f62f0 4321       3       java.lang.reflect.Method::isDefault (28 bytes)
Event: 11.278 Thread 0x00000235fa0f62f0 nmethod 4321 0x00000235e351a690 code [0x00000235e351a840, 0x00000235e351aa48]
Event: 11.317 Thread 0x00000235fa0f62f0 4323       3       java.lang.invoke.InvokerBytecodeGenerator::<init> (12 bytes)
Event: 11.317 Thread 0x00000235fa0f62f0 nmethod 4323 0x00000235e351ab10 code [0x00000235e351acc0, 0x00000235e351ae78]
Event: 11.317 Thread 0x00000235fa0f62f0 4324       3       java.lang.invoke.InvokerBytecodeGenerator::generateCustomizedCodeBytes (37 bytes)
Event: 11.318 Thread 0x00000235fa0f62f0 nmethod 4324 0x00000235e351af90 code [0x00000235e351b1a0, 0x00000235e351b590]
Event: 11.323 Thread 0x00000235fa0f62f0 4325       3       java.lang.invoke.MethodHandles$Lookup::resolveOrNull (46 bytes)
Event: 11.324 Thread 0x00000235fa0f62f0 nmethod 4325 0x00000235e351b790 code [0x00000235e351ba20, 0x00000235e351c4d0]

GC Heap History (10 events):
Event: 1.266 GC heap before
{Heap before GC invocations=0 (full 0):
 garbage-first heap   total 260096K, used 20480K [0x0000000702200000, 0x0000000800000000)
  region size 2048K, 11 young (22528K), 0 survivors (0K)
 Metaspace       used 3766K, committed 3968K, reserved 1114112K
  class space    used 353K, committed 448K, reserved 1048576K
}
Event: 1.271 GC heap after
{Heap after GC invocations=1 (full 0):
 garbage-first heap   total 260096K, used 9716K [0x0000000702200000, 0x0000000800000000)
  region size 2048K, 2 young (4096K), 2 survivors (4096K)
 Metaspace       used 3766K, committed 3968K, reserved 1114112K
  class space    used 353K, committed 448K, reserved 1048576K
}
Event: 2.029 GC heap before
{Heap before GC invocations=1 (full 0):
 garbage-first heap   total 260096K, used 26100K [0x0000000702200000, 0x0000000800000000)
  region size 2048K, 11 young (22528K), 2 survivors (4096K)
 Metaspace       used 6930K, committed 7168K, reserved 1114112K
  class space    used 716K, committed 832K, reserved 1048576K
}
Event: 2.037 GC heap after
{Heap after GC invocations=2 (full 0):
 garbage-first heap   total 260096K, used 14310K [0x0000000702200000, 0x0000000800000000)
  region size 2048K, 2 young (4096K), 2 survivors (4096K)
 Metaspace       used 6930K, committed 7168K, reserved 1114112K
  class space    used 716K, committed 832K, reserved 1048576K
}
Event: 5.024 GC heap before
{Heap before GC invocations=2 (full 0):
 garbage-first heap   total 260096K, used 47078K [0x0000000702200000, 0x0000000800000000)
  region size 2048K, 19 young (38912K), 2 survivors (4096K)
 Metaspace       used 14078K, committed 14400K, reserved 1114112K
  class space    used 1638K, committed 1792K, reserved 1048576K
}
Event: 5.029 GC heap after
{Heap after GC invocations=3 (full 0):
 garbage-first heap   total 260096K, used 16406K [0x0000000702200000, 0x0000000800000000)
  region size 2048K, 2 young (4096K), 2 survivors (4096K)
 Metaspace       used 14078K, committed 14400K, reserved 1114112K
  class space    used 1638K, committed 1792K, reserved 1048576K
}
Event: 6.530 GC heap before
{Heap before GC invocations=3 (full 0):
 garbage-first heap   total 260096K, used 47126K [0x0000000702200000, 0x0000000800000000)
  region size 2048K, 19 young (38912K), 2 survivors (4096K)
 Metaspace       used 21165K, committed 21504K, reserved 1114112K
  class space    used 2498K, committed 2688K, reserved 1048576K
}
Event: 6.537 GC heap after
{Heap after GC invocations=4 (full 0):
 garbage-first heap   total 260096K, used 19943K [0x0000000702200000, 0x0000000800000000)
  region size 2048K, 3 young (6144K), 3 survivors (6144K)
 Metaspace       used 21165K, committed 21504K, reserved 1114112K
  class space    used 2498K, committed 2688K, reserved 1048576K
}
Event: 9.254 GC heap before
{Heap before GC invocations=5 (full 0):
 garbage-first heap   total 75776K, used 58855K [0x0000000702200000, 0x0000000800000000)
  region size 2048K, 22 young (45056K), 3 survivors (6144K)
 Metaspace       used 26115K, committed 26496K, reserved 1114112K
  class space    used 3237K, committed 3392K, reserved 1048576K
}
Event: 9.260 GC heap after
{Heap after GC invocations=6 (full 0):
 garbage-first heap   total 75776K, used 22343K [0x0000000702200000, 0x0000000800000000)
  region size 2048K, 2 young (4096K), 2 survivors (4096K)
 Metaspace       used 26115K, committed 26496K, reserved 1114112K
  class space    used 3237K, committed 3392K, reserved 1048576K
}

Dll operation events (13 events):
Event: 0.018 Loaded shared library C:\Program Files\Java\jdk-21\bin\java.dll
Event: 0.065 Loaded shared library C:\Program Files\Java\jdk-21\bin\jsvml.dll
Event: 0.223 Loaded shared library C:\Program Files\Java\jdk-21\bin\zip.dll
Event: 0.226 Loaded shared library C:\Program Files\Java\jdk-21\bin\instrument.dll
Event: 0.233 Loaded shared library C:\Program Files\Java\jdk-21\bin\net.dll
Event: 0.236 Loaded shared library C:\Program Files\Java\jdk-21\bin\nio.dll
Event: 0.240 Loaded shared library C:\Program Files\Java\jdk-21\bin\zip.dll
Event: 0.532 Loaded shared library C:\Users\pc\AppData\Local\JetBrains\IntelliJ IDEA Community Edition 2024.1.3\bin\breakgen64.dll
Event: 0.541 Loaded shared library C:\Program Files\Java\jdk-21\bin\extnet.dll
Event: 0.733 Loaded shared library C:\Program Files\Java\jdk-21\bin\jimage.dll
Event: 2.043 Loaded shared library C:\Program Files\Java\jdk-21\bin\management.dll
Event: 2.048 Loaded shared library C:\Program Files\Java\jdk-21\bin\management_ext.dll
Event: 6.022 Loaded shared library C:\Program Files\Java\jdk-21\bin\sunmscapi.dll

Deoptimization events (20 events):
Event: 11.112 Thread 0x00000235ff586060 Uncommon trap: trap_request=0xffffff45 fr.pc=0x00000235ea900f80 relative=0x0000000000000900
Event: 11.112 Thread 0x00000235ff586060 Uncommon trap: reason=unstable_if action=reinterpret pc=0x00000235ea900f80 method=org.springframework.boot.context.properties.source.SpringConfigurationPropertySources$SourcesIterator.fetchNext()Lorg/springframework/boot/context/properties/source/Configur
Event: 11.112 Thread 0x00000235ff586060 DEOPT PACKING pc=0x00000235ea900f80 sp=0x000000b70fbfca60
Event: 11.112 Thread 0x00000235ff586060 DEOPT UNPACKING pc=0x00000235ea1b46a2 sp=0x000000b70fbfca30 mode 2
Event: 11.114 Thread 0x00000235ff586060 Uncommon trap: trap_request=0xffffffd6 fr.pc=0x00000235ea8c14c0 relative=0x0000000000008200
Event: 11.114 Thread 0x00000235ff586060 Uncommon trap: reason=array_check action=maybe_recompile pc=0x00000235ea8c14c0 method=org.springframework.boot.context.properties.source.ConfigurationPropertyName$ElementsParser.add(IILorg/springframework/boot/context/properties/source/ConfigurationProper
Event: 11.114 Thread 0x00000235ff586060 DEOPT PACKING pc=0x00000235ea8c14c0 sp=0x000000b70fbfc040
Event: 11.114 Thread 0x00000235ff586060 DEOPT UNPACKING pc=0x00000235ea1b46a2 sp=0x000000b70fbfbfc0 mode 2
Event: 11.114 Thread 0x00000235ff586060 Uncommon trap: trap_request=0xffffffd6 fr.pc=0x00000235ea8c1d34 relative=0x0000000000008a74
Event: 11.114 Thread 0x00000235ff586060 Uncommon trap: reason=array_check action=maybe_recompile pc=0x00000235ea8c1d34 method=org.springframework.boot.context.properties.source.ConfigurationPropertyName$ElementsParser.add(IILorg/springframework/boot/context/properties/source/ConfigurationProper
Event: 11.114 Thread 0x00000235ff586060 DEOPT PACKING pc=0x00000235ea8c1d34 sp=0x000000b70fbfc040
Event: 11.114 Thread 0x00000235ff586060 DEOPT UNPACKING pc=0x00000235ea1b46a2 sp=0x000000b70fbfbfc0 mode 2
Event: 11.114 Thread 0x00000235ff586060 Uncommon trap: trap_request=0xffffffd6 fr.pc=0x00000235ea8c14c0 relative=0x0000000000008200
Event: 11.114 Thread 0x00000235ff586060 Uncommon trap: reason=array_check action=maybe_recompile pc=0x00000235ea8c14c0 method=org.springframework.boot.context.properties.source.ConfigurationPropertyName$ElementsParser.add(IILorg/springframework/boot/context/properties/source/ConfigurationProper
Event: 11.114 Thread 0x00000235ff586060 DEOPT PACKING pc=0x00000235ea8c14c0 sp=0x000000b70fbfc040
Event: 11.114 Thread 0x00000235ff586060 DEOPT UNPACKING pc=0x00000235ea1b46a2 sp=0x000000b70fbfbfc0 mode 2
Event: 11.114 Thread 0x00000235ff586060 Uncommon trap: trap_request=0xffffffd6 fr.pc=0x00000235ea8c1d34 relative=0x0000000000008a74
Event: 11.114 Thread 0x00000235ff586060 Uncommon trap: reason=array_check action=maybe_recompile pc=0x00000235ea8c1d34 method=org.springframework.boot.context.properties.source.ConfigurationPropertyName$ElementsParser.add(IILorg/springframework/boot/context/properties/source/ConfigurationProper
Event: 11.114 Thread 0x00000235ff586060 DEOPT PACKING pc=0x00000235ea8c1d34 sp=0x000000b70fbfc040
Event: 11.114 Thread 0x00000235ff586060 DEOPT UNPACKING pc=0x00000235ea1b46a2 sp=0x000000b70fbfbfc0 mode 2

Classes loaded (20 events):
Event: 11.098 Loading class java/util/stream/SortedOps$SizedRefSortingSink
Event: 11.098 Loading class java/util/stream/SortedOps$SizedRefSortingSink done
Event: 11.145 Loading class java/util/function/IntUnaryOperator
Event: 11.145 Loading class java/util/function/IntUnaryOperator done
Event: 11.145 Loading class java/util/stream/IntPipeline$4
Event: 11.146 Loading class java/util/stream/IntPipeline$4 done
Event: 11.146 Loading class java/util/stream/ForEachOps$ForEachOp$OfInt
Event: 11.146 Loading class java/util/stream/ForEachOps$ForEachOp$OfInt done
Event: 11.146 Loading class java/util/stream/IntPipeline$4$1
Event: 11.147 Loading class java/util/stream/IntPipeline$4$1 done
Event: 11.257 Loading class java/util/function/ObjIntConsumer
Event: 11.257 Loading class java/util/function/ObjIntConsumer done
Event: 11.276 Loading class jdk/internal/classfile/ClassBuilder
Event: 11.277 Loading class jdk/internal/classfile/ClassfileBuilder
Event: 11.277 Loading class jdk/internal/classfile/ClassfileBuilder done
Event: 11.277 Loading class jdk/internal/classfile/ClassBuilder done
Event: 11.277 Loading class jdk/internal/classfile/ClassElement
Event: 11.277 Loading class jdk/internal/classfile/ClassfileElement
Event: 11.277 Loading class jdk/internal/classfile/ClassfileElement done
Event: 11.277 Loading class jdk/internal/classfile/ClassElement done

Classes unloaded (0 events):
No events

Classes redefined (0 events):
No events

Internal exceptions (20 events):
Event: 10.038 Thread 0x00000235ff586060 Exception <a 'java/lang/NoClassDefFoundError'{0x0000000705d82e28}: liquibase/integration/spring/SpringLiquibase> (0x0000000705d82e28) 
thrown [s\open\src\hotspot\share\classfile\systemDictionary.cpp, line 301]
Event: 10.190 Thread 0x00000235ff586060 Exception <a 'java/lang/NoClassDefFoundError'{0x000000070585b938}: org/jooq/DSLContext> (0x000000070585b938) 
thrown [s\open\src\hotspot\share\classfile\systemDictionary.cpp, line 301]
Event: 10.195 Thread 0x00000235ff586060 Exception <a 'java/lang/NoClassDefFoundError'{0x000000070586cae0}: org/springframework/batch/core/repository/JobRepository> (0x000000070586cae0) 
thrown [s\open\src\hotspot\share\classfile\systemDictionary.cpp, line 301]
Event: 10.195 Thread 0x00000235ff586060 Exception <a 'java/lang/NoClassDefFoundError'{0x000000070586dd00}: org/quartz/Scheduler> (0x000000070586dd00) 
thrown [s\open\src\hotspot\share\classfile\systemDictionary.cpp, line 301]
Event: 10.196 Thread 0x00000235ff586060 Exception <a 'java/lang/NoClassDefFoundError'{0x000000070586f490}: org/springframework/session/jdbc/JdbcIndexedSessionRepository> (0x000000070586f490) 
thrown [s\open\src\hotspot\share\classfile\systemDictionary.cpp, line 301]
Event: 10.322 Thread 0x00000235ff586060 Exception <a 'java/lang/NoSuchMethodError'{0x000000070599ff90}: 'void java.lang.invoke.DirectMethodHandle$Holder.invokeSpecial(java.lang.Object, java.lang.Object, java.lang.Object, java.lang.Object, java.lang.Object, java.lang.Object)'> (0x000000070599ff90) 
thrown [s\open\src\hotspot\share\interpreter\linkResolver.cpp, line 773]
Event: 10.333 Thread 0x00000235ff586060 Exception <a 'java/lang/NoSuchMethodError'{0x00000007059de2c0}: 'void java.lang.invoke.DirectMethodHandle$Holder.invokeVirtual(java.lang.Object, java.lang.Object, int)'> (0x00000007059de2c0) 
thrown [s\open\src\hotspot\share\interpreter\linkResolver.cpp, line 773]
Event: 10.333 Thread 0x00000235ff586060 Exception <a 'java/lang/NoSuchMethodError'{0x00000007059e2190}: 'int java.lang.invoke.DirectMethodHandle$Holder.invokeSpecial(java.lang.Object, java.lang.Object, java.lang.Object, int)'> (0x00000007059e2190) 
thrown [s\open\src\hotspot\share\interpreter\linkResolver.cpp, line 773]
Event: 10.335 Thread 0x00000235ff586060 Exception <a 'java/lang/NoSuchMethodError'{0x00000007059f4148}: 'java.lang.Object java.lang.invoke.DirectMethodHandle$Holder.invokeStatic(java.lang.Object, java.lang.Object, java.lang.Object, java.lang.Object, int)'> (0x00000007059f4148) 
thrown [s\open\src\hotspot\share\interpreter\linkResolver.cpp, line 773]
Event: 10.336 Thread 0x00000235ff586060 Exception <a 'java/lang/NoSuchMethodError'{0x00000007059fe830}: 'void java.lang.invoke.DelegatingMethodHandle$Holder.reinvoke_L(java.lang.Object, java.lang.Object, int)'> (0x00000007059fe830) 
thrown [s\open\src\hotspot\share\interpreter\linkResolver.cpp, line 773]
Event: 10.419 Thread 0x00000235ff586060 Implicit null exception at 0x00000235ea929669 to 0x00000235ea92a34c
Event: 10.492 Thread 0x00000235ff586060 Implicit null exception at 0x00000235ea934580 to 0x00000235ea934638
Event: 10.672 Thread 0x00000235ff586060 Exception <a 'java/lang/NoSuchMethodError'{0x00000007055573b8}: 'java.lang.Object java.lang.invoke.DirectMethodHandle$Holder.invokeVirtual(java.lang.Object, java.lang.Object, java.lang.Object, java.lang.Object, java.lang.Object)'> (0x00000007055573b8) 
thrown [s\open\src\hotspot\share\interpreter\linkResolver.cpp, line 773]
Event: 11.146 Thread 0x00000235ff586060 Exception <a 'java/lang/NoSuchMethodError'{0x00000007050785a0}: 'void java.lang.invoke.DirectMethodHandle$Holder.invokeStatic(java.lang.Object, java.lang.Object, int)'> (0x00000007050785a0) 
thrown [s\open\src\hotspot\share\interpreter\linkResolver.cpp, line 773]
Event: 11.173 Thread 0x00000235ff586060 Exception <a 'java/lang/NoSuchMethodError'{0x0000000705154918}: 'java.lang.Object java.lang.invoke.DirectMethodHandle$Holder.invokeVirtual(java.lang.Object, java.lang.Object, java.lang.Object, java.lang.Object, java.lang.Object, java.lang.Object)'> (0x0000000705154918) 
thrown [s\open\src\hotspot\share\interpreter\linkResolver.cpp, line 773]
Event: 11.228 Thread 0x00000235ff586060 Exception <a 'java/lang/NoSuchMethodError'{0x00000007051e4a40}: 'void java.lang.invoke.DirectMethodHandle$Holder.invokeSpecial(java.lang.Object, java.lang.Object, java.lang.Object, java.lang.Object, java.lang.Object, java.lang.Object, java.lang.Object)'> (0x00000007051e4a40) 
thrown [s\open\src\hotspot\share\interpreter\linkResolver.cpp, line 773]
Event: 11.317 Thread 0x00000235ff586060 Exception <a 'java/lang/NoSuchMethodError'{0x0000000704e8de18}: 'void java.lang.invoke.DirectMethodHandle$Holder.invokeInterface(java.lang.Object, java.lang.Object, int)'> (0x0000000704e8de18) 
thrown [s\open\src\hotspot\share\interpreter\linkResolver.cpp, line 773]
Event: 11.324 Thread 0x00000235ff586060 Exception <a 'java/lang/IncompatibleClassChangeError'{0x0000000704ed0a68}: Found class java.lang.Object, but interface was expected> (0x0000000704ed0a68) 
thrown [s\open\src\hotspot\share\interpreter\linkResolver.cpp, line 840]
Event: 11.325 Thread 0x00000235ff586060 Exception <a 'java/lang/NoSuchMethodError'{0x0000000704edeb20}: 'int java.lang.invoke.DirectMethodHandle$Holder.invokeSpecialIFC(java.lang.Object, java.lang.Object, java.lang.Object)'> (0x0000000704edeb20) 
thrown [s\open\src\hotspot\share\interpreter\linkResolver.cpp, line 773]
Event: 12.336 Thread 0x00000235ff586060 Exception <a 'java/lang/NoSuchMethodError'{0x0000000704ef3950}: 'void java.lang.invoke.DirectMethodHandle$Holder.invokeStatic(java.lang.Object, int, java.lang.Object)'> (0x0000000704ef3950) 
thrown [s\open\src\hotspot\share\interpreter\linkResolver.cpp, line 773]

ZGC Phase Switch (0 events):
No events

VM Operations (20 events):
Event: 8.436 Executing VM operation: HandshakeAllThreads (Deoptimize)
Event: 8.436 Executing VM operation: HandshakeAllThreads (Deoptimize) done
Event: 9.110 Executing VM operation: HandshakeAllThreads (Deoptimize)
Event: 9.110 Executing VM operation: HandshakeAllThreads (Deoptimize) done
Event: 9.198 Executing VM operation: HandshakeAllThreads (Deoptimize)
Event: 9.198 Executing VM operation: HandshakeAllThreads (Deoptimize) done
Event: 9.198 Executing VM operation: Cleanup
Event: 9.198 Executing VM operation: Cleanup done
Event: 9.254 Executing VM operation: G1CollectForAllocation (G1 Evacuation Pause)
Event: 9.260 Executing VM operation: G1CollectForAllocation (G1 Evacuation Pause) done
Event: 9.806 Executing VM operation: HandshakeAllThreads (Deoptimize)
Event: 9.806 Executing VM operation: HandshakeAllThreads (Deoptimize) done
Event: 10.124 Executing VM operation: ICBufferFull
Event: 10.124 Executing VM operation: ICBufferFull done
Event: 10.367 Executing VM operation: HandshakeAllThreads (Deoptimize)
Event: 10.367 Executing VM operation: HandshakeAllThreads (Deoptimize) done
Event: 11.113 Executing VM operation: ICBufferFull
Event: 11.114 Executing VM operation: ICBufferFull done
Event: 12.116 Executing VM operation: Cleanup
Event: 12.116 Executing VM operation: Cleanup done

Events (20 events):
Event: 2.118 Thread 0x00000235fac8d770 Thread added: 0x00000235fac8d770
Event: 2.119 Thread 0x00000235ff586060 Thread added: 0x00000235ff586060
Event: 2.426 Thread 0x00000235ff65ebe0 Thread exited: 0x00000235ff65ebe0
Event: 3.248 Thread 0x00000235ff5cf5f0 Thread added: 0x00000235ff5cf5f0
Event: 3.350 Thread 0x00000235ffa2b910 Thread added: 0x00000235ffa2b910
Event: 4.699 Thread 0x00000235ff793d10 Thread added: 0x00000235ff793d10
Event: 5.818 Thread 0x00000235c16a71d0 Thread added: 0x00000235c16a71d0
Event: 6.030 Thread 0x00000235ff793d10 Thread exited: 0x00000235ff793d10
Event: 6.091 Thread 0x00000235c1ecd430 Thread added: 0x00000235c1ecd430
Event: 6.313 Thread 0x00000235c16a71d0 Thread exited: 0x00000235c16a71d0
Event: 6.351 Thread 0x00000235c1ecd430 Thread exited: 0x00000235c1ecd430
Event: 6.483 Thread 0x00000235ffead8b0 Thread added: 0x00000235ffead8b0
Event: 7.721 Thread 0x00000235ffead8b0 Thread exited: 0x00000235ffead8b0
Event: 7.755 Thread 0x00000235ff5cf5f0 Thread exited: 0x00000235ff5cf5f0
Event: 8.343 Thread 0x00000235ffa2b910 Thread exited: 0x00000235ffa2b910
Event: 9.314 Thread 0x00000235c1bfa030 Thread added: 0x00000235c1bfa030
Event: 9.637 Thread 0x00000235c173a940 Thread added: 0x00000235c173a940
Event: 10.053 Thread 0x00000235c173a940 Thread exited: 0x00000235c173a940
Event: 10.839 Thread 0x00000235c1bfa030 Thread exited: 0x00000235c1bfa030
Event: 11.118 Thread 0x00000235c21bcf40 Thread added: 0x00000235c21bcf40


Dynamic libraries:
0x00007ff6e7ea0000 - 0x00007ff6e7eb0000 	C:\Program Files\Java\jdk-21\bin\java.exe
0x00007ffae1c00000 - 0x00007ffae1e63000 	C:\WINDOWS\SYSTEM32\ntdll.dll
0x00007ffae14a0000 - 0x00007ffae1567000 	C:\WINDOWS\System32\KERNEL32.DLL
0x00007ffadf190000 - 0x00007ffadf559000 	C:\WINDOWS\System32\KERNELBASE.dll
0x00007ffadf620000 - 0x00007ffadf76c000 	C:\WINDOWS\System32\ucrtbase.dll
0x00007ffad6d10000 - 0x00007ffad6d2b000 	C:\Program Files\Java\jdk-21\bin\VCRUNTIME140.dll
0x00007ffad6d30000 - 0x00007ffad6d49000 	C:\Program Files\Java\jdk-21\bin\jli.dll
0x00007ffae1750000 - 0x00007ffae1802000 	C:\WINDOWS\System32\ADVAPI32.dll
0x00007ffae1920000 - 0x00007ffae19c9000 	C:\WINDOWS\System32\msvcrt.dll
0x00007ffadfb00000 - 0x00007ffadfba6000 	C:\WINDOWS\System32\sechost.dll
0x00007ffae0260000 - 0x00007ffae0376000 	C:\WINDOWS\System32\RPCRT4.dll
0x00007ffae0070000 - 0x00007ffae023a000 	C:\WINDOWS\System32\USER32.dll
0x00007ffacfce0000 - 0x00007ffacff70000 	C:\WINDOWS\WinSxS\amd64_microsoft.windows.common-controls_6595b64144ccf1df_6.0.26100.3323_none_3e088096e3344490\COMCTL32.dll
0x00007ffadf5f0000 - 0x00007ffadf617000 	C:\WINDOWS\System32\win32u.dll
0x00007ffae0040000 - 0x00007ffae006a000 	C:\WINDOWS\System32\GDI32.dll
0x00007ffadf8e0000 - 0x00007ffadfa11000 	C:\WINDOWS\System32\gdi32full.dll
0x00007ffadf040000 - 0x00007ffadf0e3000 	C:\WINDOWS\System32\msvcp_win.dll
0x00007ffad3ff0000 - 0x00007ffad3ffb000 	C:\WINDOWS\SYSTEM32\VERSION.dll
0x00007ffae0530000 - 0x00007ffae055f000 	C:\WINDOWS\System32\IMM32.DLL
0x00007ffad6d00000 - 0x00007ffad6d0c000 	C:\Program Files\Java\jdk-21\bin\vcruntime140_1.dll
0x00007ffad6c70000 - 0x00007ffad6cfe000 	C:\Program Files\Java\jdk-21\bin\msvcp140.dll
0x00007ffa82a20000 - 0x00007ffa8373a000 	C:\Program Files\Java\jdk-21\bin\server\jvm.dll
0x00007ffae19e0000 - 0x00007ffae1a54000 	C:\WINDOWS\System32\WS2_32.dll
0x00007ffadec90000 - 0x00007ffadecde000 	C:\WINDOWS\SYSTEM32\POWRPROF.dll
0x00007ffacfc10000 - 0x00007ffacfc46000 	C:\WINDOWS\SYSTEM32\WINMM.dll
0x00007ffadec70000 - 0x00007ffadec84000 	C:\WINDOWS\SYSTEM32\UMPDC.dll
0x00007ffaddbe0000 - 0x00007ffaddbfa000 	C:\WINDOWS\SYSTEM32\kernel.appcore.dll
0x00007ffad6c60000 - 0x00007ffad6c6a000 	C:\Program Files\Java\jdk-21\bin\jimage.dll
0x00007ffadc490000 - 0x00007ffadc6d1000 	C:\WINDOWS\SYSTEM32\DBGHELP.DLL
0x00007ffadfcb0000 - 0x00007ffae0032000 	C:\WINDOWS\System32\combase.dll
0x00007ffadfa20000 - 0x00007ffadfaf6000 	C:\WINDOWS\System32\OLEAUT32.dll
0x00007ffacbc10000 - 0x00007ffacbc49000 	C:\WINDOWS\SYSTEM32\dbgcore.DLL
0x00007ffadf0f0000 - 0x00007ffadf189000 	C:\WINDOWS\System32\bcryptPrimitives.dll
0x00007ffad6c20000 - 0x00007ffad6c2f000 	C:\Program Files\Java\jdk-21\bin\instrument.dll
0x00007ffad6c40000 - 0x00007ffad6c5f000 	C:\Program Files\Java\jdk-21\bin\java.dll
0x00007ffae0d80000 - 0x00007ffae1495000 	C:\WINDOWS\System32\SHELL32.dll
0x00007ffadf770000 - 0x00007ffadf8d8000 	C:\WINDOWS\System32\wintypes.dll
0x00007ffadcac0000 - 0x00007ffadd305000 	C:\WINDOWS\SYSTEM32\windows.storage.dll
0x00007ffae0bf0000 - 0x00007ffae0cdb000 	C:\WINDOWS\System32\SHCORE.dll
0x00007ffae0d20000 - 0x00007ffae0d7d000 	C:\WINDOWS\System32\shlwapi.dll
0x00007ffaded10000 - 0x00007ffaded3f000 	C:\WINDOWS\SYSTEM32\profapi.dll
0x00007ffa9b4c0000 - 0x00007ffa9b597000 	C:\Program Files\Java\jdk-21\bin\jsvml.dll
0x00007ffab4c60000 - 0x00007ffab4c78000 	C:\Program Files\Java\jdk-21\bin\zip.dll
0x00007ffad6c30000 - 0x00007ffad6c40000 	C:\Program Files\Java\jdk-21\bin\net.dll
0x00007ffad3c70000 - 0x00007ffad3d8e000 	C:\WINDOWS\SYSTEM32\WINHTTP.dll
0x00007ffade0e0000 - 0x00007ffade14a000 	C:\WINDOWS\system32\mswsock.dll
0x00007ffacfa80000 - 0x00007ffacfa96000 	C:\Program Files\Java\jdk-21\bin\nio.dll
0x00007ffaa53f0000 - 0x00007ffaa540a000 	C:\Users\pc\AppData\Local\JetBrains\IntelliJ IDEA Community Edition 2024.1.3\bin\breakgen64.dll
0x00007ffaa6310000 - 0x00007ffaa6319000 	C:\Program Files\Java\jdk-21\bin\extnet.dll
0x00007ffaab2b0000 - 0x00007ffaab2ba000 	C:\Program Files\Java\jdk-21\bin\management.dll
0x00007ffaab2a0000 - 0x00007ffaab2ab000 	C:\Program Files\Java\jdk-21\bin\management_ext.dll
0x00007ffae19d0000 - 0x00007ffae19d8000 	C:\WINDOWS\System32\PSAPI.DLL
0x00007ffadd600000 - 0x00007ffadd633000 	C:\WINDOWS\SYSTEM32\IPHLPAPI.DLL
0x00007ffae0520000 - 0x00007ffae052a000 	C:\WINDOWS\System32\NSI.dll
0x00007ffadd640000 - 0x00007ffadd765000 	C:\WINDOWS\SYSTEM32\DNSAPI.dll
0x00007ffaab290000 - 0x00007ffaab29e000 	C:\Program Files\Java\jdk-21\bin\sunmscapi.dll
0x00007ffadeec0000 - 0x00007ffadf037000 	C:\WINDOWS\System32\CRYPT32.dll
0x00007ffade5e0000 - 0x00007ffade610000 	C:\WINDOWS\SYSTEM32\ncrypt.dll
0x00007ffade590000 - 0x00007ffade5cf000 	C:\WINDOWS\SYSTEM32\NTASN1.dll
0x00007ffad1c20000 - 0x00007ffad1c2b000 	C:\Windows\System32\rasadhlp.dll
0x00007ffad2590000 - 0x00007ffad2615000 	C:\WINDOWS\System32\fwpuclnt.dll

dbghelp: loaded successfully - version: 4.0.5 - missing functions: none
symbol engine: initialized successfully - sym options: 0x614 - pdb path: .;C:\Program Files\Java\jdk-21\bin;C:\WINDOWS\SYSTEM32;C:\WINDOWS\WinSxS\amd64_microsoft.windows.common-controls_6595b64144ccf1df_6.0.26100.3323_none_3e088096e3344490;C:\Program Files\Java\jdk-21\bin\server;C:\Users\pc\AppData\Local\JetBrains\IntelliJ IDEA Community Edition 2024.1.3\bin

VM Arguments:
jvm_args: -javaagent:C:\Users\pc\AppData\Local\JetBrains\IntelliJ IDEA Community Edition 2024.1.3\lib\idea_rt.jar=41375:C:\Users\pc\AppData\Local\JetBrains\IntelliJ IDEA Community Edition 2024.1.3\bin -Dfile.encoding=UTF-8 
java_command: com.blogwebsite.user.ServiceUserApplication
java_class_path (initial): C:\Users\pc\Desktop\Quillist-sem-4\serviceUser\target\classes;C:\Users\pc\.m2\repository\org\springframework\boot\spring-boot-starter-data-jpa\3.4.3\spring-boot-starter-data-jpa-3.4.3.jar;C:\Users\pc\.m2\repository\org\springframework\boot\spring-boot-starter\3.4.3\spring-boot-starter-3.4.3.jar;C:\Users\pc\.m2\repository\org\springframework\boot\spring-boot-starter-logging\3.4.3\spring-boot-starter-logging-3.4.3.jar;C:\Users\pc\.m2\repository\ch\qos\logback\logback-classic\1.5.16\logback-classic-1.5.16.jar;C:\Users\pc\.m2\repository\ch\qos\logback\logback-core\1.5.16\logback-core-1.5.16.jar;C:\Users\pc\.m2\repository\org\apache\logging\log4j\log4j-to-slf4j\2.24.3\log4j-to-slf4j-2.24.3.jar;C:\Users\pc\.m2\repository\org\apache\logging\log4j\log4j-api\2.24.3\log4j-api-2.24.3.jar;C:\Users\pc\.m2\repository\org\slf4j\jul-to-slf4j\2.0.16\jul-to-slf4j-2.0.16.jar;C:\Users\pc\.m2\repository\jakarta\annotation\jakarta.annotation-api\2.1.1\jakarta.annotation-api-2.1.1.jar;C:\Users\pc\.m2\repository\org\yaml\snakeyaml\2.3\snakeyaml-2.3.jar;C:\Users\pc\.m2\repository\org\springframework\boot\spring-boot-starter-jdbc\3.4.3\spring-boot-starter-jdbc-3.4.3.jar;C:\Users\pc\.m2\repository\com\zaxxer\HikariCP\5.1.0\HikariCP-5.1.0.jar;C:\Users\pc\.m2\repository\org\springframework\spring-jdbc\6.2.3\spring-jdbc-6.2.3.jar;C:\Users\pc\.m2\repository\org\hibernate\orm\hibernate-core\6.6.8.Final\hibernate-core-6.6.8.Final.jar;C:\Users\pc\.m2\repository\jakarta\persistence\jakarta.persistence-api\3.1.0\jakarta.persistence-api-3.1.0.jar;C:\Users\pc\.m2\repository\jakarta\transaction\jakarta.transaction-api\2.0.1\jakarta.transaction-api-2.0.1.jar;C:\Users\pc\.m2\repository\org\jboss\logging\jboss-logging\3.6.1.Final\jboss-logging-3.6.1.Final.jar;C:\Users\pc\.m2\repository\org\hibernate\common\hibernate-commons-annotations\7.0.3.Final\hibernate-commons-annotations-7.0.3.Final.jar;C:\Users\pc\.m2\repository\io\smallrye\jandex\3.2.0\jandex-3.2.0.jar;C:\Users\pc\.m2\repository\com\fasterxml\classmate\1.7.0\classmate-1.7.0.jar;C:\Users\pc\.m2\repository\net\bytebuddy\byte-buddy\1.15.11\byte-buddy-1.15.11.jar;C:\Users\pc\.m2\repository\org\glassfish\jaxb\jaxb-runtime\4.0.5\jaxb-runtime-4.0.5.jar;C:\Users\pc\.m2\repository\org\glassfish\jaxb\jaxb-core\4.0.5\jaxb-core-4.0.5.jar;C:\Users\pc\.m2\repository\org\eclipse\angus\angus-activation\2.0.2\angus-activation-2.0.2.jar;C:\Users\pc\.m2\repository\org\glassfish\jaxb\txw2\4.0.5\txw2-4.0.5.jar;C:\Users\pc\.m2\repository\com\sun\istack\istack-commons-runtime\4.1.2\istack-commons-runtime-4.1.2.jar;C:\Users\pc\.m2\repository\jakarta\inject\jakarta.inject-api\2.0.1\jakarta.inject-api-2.0.1.jar;C:\Users\pc\.m2\repository\org\antlr\antlr4-runtime\4.13.0\antlr4-runtime-4.13.0.jar;C:\Users\pc\.m2\repository\org\springframework\data\spring-data-jpa\3.4.3\spring-data-jpa-3.4.3.jar;C:\Users\pc\.m2\repository\org\springframework\data\spring-data-commons\3.4.3\spring-data-commons-3.4.3.jar;C:\Users\pc\.m2\repository\org\springframework\spring-orm\6.2.3\spring-orm-6.2.3.jar;C:\Users\pc\.m2\repository\org\springframework\spring-context\6.2.3\spring-context-6.2.3.jar;C:\Users\pc\.m2\repository\org\springframework\spring-aop\6.2.3\spring-aop-6.2.3.jar;C:\Users\pc\.m2\repository\org\springframework\spring-tx\6.2.3\spring-tx-6.2.3.jar;C:\Users\pc\.m2\repository\org\springframework\spring-beans\6.2.3\spring-beans-6.2.3.jar;C:\Users\pc\.m2\repository\org\slf4j\slf4j-api\2.0.16\slf4j-api-2.0.16.jar;C:\Users\pc\.m2\repository\org\springframework\spring-aspects\6.2.3\spring-aspects-6.2.3.jar;C:\Users\pc\.m2\repository\org\aspectj\aspectjweaver\1.9.22.1\aspectjweaver-1.9.22.1.jar;C:\Users\pc\.m2\repository\org\springframework\boot\spring-boot-starter-web\3.4.3\spring-boot-starter-web-3.4.3.jar;C:\Users\pc\.m2\repository\org\springframework\boot\spring-boot-starter-json\3.4.3\spring-boot-starter-json-3.4.3.jar;C:\Users\pc\.m2\repository\com\fasterxml\jackson\core\jackson-databind\2.18.2\jackson-databind-2.18.2.jar;C:\Users\pc\.m2\repository\com\fasterxml\jackson\datatype\jackson-datatype-jdk8\2.18.2\jackson-datatype-jdk8-2.18.2.jar;C:\Users\pc\.m2\repository\com\fasterxml\jackson\datatype\jackson-datatype-jsr310\2.18.2\jackson-datatype-jsr310-2.18.2.jar;C:\Users\pc\.m2\repository\com\fasterxml\jackson\module\jackson-module-parameter-names\2.18.2\jackson-module-parameter-names-2.18.2.jar;C:\Users\pc\.m2\repository\org\springframework\boot\spring-boot-starter-tomcat\3.4.3\spring-boot-starter-tomcat-3.4.3.jar;C:\Users\pc\.m2\repository\org\apache\tomcat\embed\tomcat-embed-core\10.1.36\tomcat-embed-core-10.1.36.jar;C:\Users\pc\.m2\repository\org\apache\tomcat\embed\tomcat-embed-el\10.1.36\tomcat-embed-el-10.1.36.jar;C:\Users\pc\.m2\repository\org\apache\tomcat\embed\tomcat-embed-websocket\10.1.36\tomcat-embed-websocket-10.1.36.jar;C:\Users\pc\.m2\repository\org\springframework\spring-web\6.2.3\spring-web-6.2.3.jar;C:\Users\pc\.m2\repository\io\micrometer\micrometer-observation\1.14.4\micrometer-observation-1.14.4.jar;C:\Users\pc\.m2\repository\io\micrometer\micrometer-commons\1.14.4\micrometer-commons-1.14.4.jar;C:\Users\pc\.m2\repository\org\springframework\spring-webmvc\6.2.3\spring-webmvc-6.2.3.jar;C:\Users\pc\.m2\repository\org\springframework\spring-expression\6.2.3\spring-expression-6.2.3.jar;C:\Users\pc\.m2\repository\org\springframework\boot\spring-boot-devtools\3.4.3\spring-boot-devtools-3.4.3.jar;C:\Users\pc\.m2\repository\org\springframework\boot\spring-boot\3.4.3\spring-boot-3.4.3.jar;C:\Users\pc\.m2\repository\org\springframework\boot\spring-boot-autoconfigure\3.4.3\spring-boot-autoconfigure-3.4.3.jar;C:\Users\pc\.m2\repository\com\mysql\mysql-connector-j\9.1.0\mysql-connector-j-9.1.0.jar;C:\Users\pc\.m2\repository\org\projectlombok\lombok\1.18.36\lombok-1.18.36.jar;C:\Users\pc\.m2\repository\jakarta\xml\bind\jakarta.xml.bind-api\4.0.2\jakarta.xml.bind-api-4.0.2.jar;C:\Users\pc\.m2\repository\jakarta\activation\jakarta.activation-api\2.1.3\jakarta.activation-api-2.1.3.jar;C:\Users\pc\.m2\repository\org\springframework\spring-core\6.2.3\spring-core-6.2.3.jar;C:\Users\pc\.m2\repository\org\springframework\spring-jcl\6.2.3\spring-jcl-6.2.3.jar;C:\Users\pc\.m2\repository\org\springframework\cloud\spring-cloud-starter-netflix-eureka-client\4.2.0\spring-cloud-starter-netflix-eureka-client-4.2.0.jar;C:\Users\pc\.m2\repository\org\springframework\cloud\spring-cloud-starter\4.2.0\spring-cloud-starter-4.2.0.jar;C:\Users\pc\.m2\repository\org\springframework\cloud\spring-cloud-context\4.2.0\spring-cloud-context-4.2.0.jar;C:\Users\pc\.m2\repository\org\bouncycastle\bcprov-jdk18on\1.78.1\bcprov-jdk18on-1.78.1.jar;C:\Users\pc\.m2\repository\org\springframework\cloud\spring-cloud-netflix-eureka-client\4.2.0\spring-cloud-netflix-eureka-client-4.2.0.jar;C:\Users\pc\.m2\repository\org\apache\httpcomponents\client5\httpclient5\5.4.2\httpclient5-5.4.2.jar;C:\Users\pc\.m2\repository\org\apache\httpcomponents\core5\httpcore5\5.3.3\httpcore5-5.3.3.jar;C:\Users\pc\.m2\repository\org\apache\httpcomponents\core5\httpcore5-h2\5.3.3\httpcore5-h2-5.3.3.jar;C:\Users\pc\.m2\repository\com\netflix\eureka\eureka-client\2.0.4\eureka-client-2.0.4.jar;C:\Users\pc\.m2\repository\com\thoughtworks\xstream\xstream\1.4.20\xstream-1.4.20.jar;C:\Users\pc\.m2\repository\io\github\x-stream\mxparser\1.2.2\mxparser-1.2.2.jar;C:\Users\pc\.m2\repository\xmlpull\xmlpull\1.1.3.1\xmlpull-1.1.3.1.jar;C:\Users\pc\.m2\repository\jakarta\ws\rs\jakarta.ws.rs-api\3.1.0\jakarta.ws.rs-api-3.1.0.jar;C:\Users\pc\.m2\repository\com\netflix\spectator\spectator-api\1.7.3\spectator-api-1.7.3.jar;C:\Users\pc\.m2\repository\org\apache\httpcomponents\httpclient\4.5.3\httpclient-4.5.3.jar;C:\Users\pc\.m2\repository\org\apache\httpcomponents\httpcore\4.4.16\httpcore-4.4.16.jar;C:\Users\pc\.m2\repository\commons-codec\commons-codec\1.17.2\commons-codec-1.17.2.jar;C:\Users\pc\.m2\repository\commons-configuration\commons-configuration\1.10\commons-configuration-1.10.jar;C:\Users\pc\.m2\repository\commons-lang\commons-lang\2.6\commons-lang-2.6.jar;C:\Users\pc\.m2\repository\com\fasterxml\jackson\core\jackson-annotations\2.18.2\jackson-annotations-2.18.2.jar;C:\Users\pc\.m2\repository\com\fasterxml\jackson\core\jackson-core\2.18.2\jackson-core-2.18.2.jar;C:\Users\pc\.m2\repository\com\netflix\netflix-commons\netflix-eventbus\0.3.0\netflix-eventbus-0.3.0.jar;C:\Users\pc\.m2\repository\com\netflix\netflix-commons\netflix-infix\0.3.0\netflix-infix-0.3.0.jar;C:\Users\pc\.m2\repository\commons-jxpath\commons-jxpath\1.3\commons-jxpath-1.3.jar;C:\Users\pc\.m2\repository\joda-time\joda-time\2.3\joda-time-2.3.jar;C:\Users\pc\.m2\repository\org\antlr\antlr-runtime\3.4\antlr-runtime-3.4.jar;C:\Users\pc\.m2\repository\org\antlr\stringtemplate\3.2.1\stringtemplate-3.2.1.jar;C:\Users\pc\.m2\repository\antlr\antlr\2.7.7\antlr-2.7.7.jar;C:\Users\pc\.m2\repository\com\google\guava\guava\14.0.1\guava-14.0.1.jar;C:\Users\pc\.m2\repository\com\google\code\gson\gson\2.11.0\gson-2.11.0.jar;C:\Users\pc\.m2\repository\com\google\errorprone\error_prone_annotations\2.27.0\error_prone_annotations-2.27.0.jar;C:\Users\pc\.m2\repository\com\netflix\servo\servo-core\0.5.3\servo-core-0.5.3.jar;C:\Users\pc\.m2\repository\org\apache\commons\commons-math\2.2\commons-math-2.2.jar;C:\Users\pc\.m2\repository\javax\annotation\javax.annotation-api\1.2\javax.annotation-api-1.2.jar;C:\Users\pc\.m2\repository\org\codehaus\jettison\jettison\1.5.4\jettison-1.5.4.jar;C:\Users\pc\.m2\repository\org\springframework\cloud\spring-cloud-starter-loadbalancer\4.2.0\spring-cloud-starter-loadbalancer-4.2.0.jar;C:\Users\pc\.m2\repository\org\springframework\cloud\spring-cloud-loadbalancer\4.2.0\spring-cloud-loadbalancer-4.2.0.jar;C:\Users\pc\.m2\repository\io\projectreactor\reactor-core\3.7.3\reactor-core-3.7.3.jar;C:\Users\pc\.m2\repository\org\reactivestreams\reactive-streams\1.0.4\reactive-streams-1.0.4.jar;C:\Users\pc\.m2\repository\io\projectreactor\addons\reactor-extra\3.5.2\reactor-extra-3.5.2.jar;C:\Users\pc\.m2\repository\org\springframework\boot\spring-boot-starter-cache\3.4.3\spring-boot-starter-cache-3.4.3.jar;C:\Users\pc\.m2\repository\org\springframework\spring-context-support\6.2.3\spring-context-support-6.2.3.jar;C:\Users\pc\.m2\repository\com\stoyanr\evictor\1.0.0\evictor-1.0.0.jar;C:\Users\pc\.m2\repository\org\springframework\cloud\spring-cloud-starter-openfeign\4.2.0\spring-cloud-starter-openfeign-4.2.0.jar;C:\Users\pc\.m2\repository\org\springframework\cloud\spring-cloud-openfeign-core\4.2.0\spring-cloud-openfeign-core-4.2.0.jar;C:\Users\pc\.m2\repository\io\github\openfeign\feign-form-spring\13.5\feign-form-spring-13.5.jar;C:\Users\pc\.m2\repository\io\github\openfeign\feign-form\13.5\feign-form-13.5.jar;C:\Users\pc\.m2\repository\commons-fileupload\commons-fileupload\1.5\commons-fileupload-1.5.jar;C:\Users\pc\.m2\repository\commons-io\commons-io\2.11.0\commons-io-2.11.0.jar;C:\Users\pc\.m2\repository\org\springframework\cloud\spring-cloud-commons\4.2.0\spring-cloud-commons-4.2.0.jar;C:\Users\pc\.m2\repository\org\springframework\security\spring-security-crypto\6.4.3\spring-security-crypto-6.4.3.jar;C:\Users\pc\.m2\repository\io\github\openfeign\feign-core\13.5\feign-core-13.5.jar;C:\Users\pc\.m2\repository\io\github\openfeign\feign-slf4j\13.5\feign-slf4j-13.5.jar
Launcher Type: SUN_STANDARD

[Global flags]
     intx CICompilerCount                          = 4                                         {product} {ergonomic}
     uint ConcGCThreads                            = 2                                         {product} {ergonomic}
     uint G1ConcRefinementThreads                  = 8                                         {product} {ergonomic}
   size_t G1HeapRegionSize                         = 2097152                                   {product} {ergonomic}
    uintx GCDrainStackTargetSize                   = 64                                        {product} {ergonomic}
   size_t InitialHeapSize                          = 266338304                                 {product} {ergonomic}
   size_t MarkStackSize                            = 4194304                                   {product} {ergonomic}
   size_t MaxHeapSize                              = 4259315712                                {product} {ergonomic}
   size_t MaxNewSize                               = 2554331136                                {product} {ergonomic}
   size_t MinHeapDeltaBytes                        = 2097152                                   {product} {ergonomic}
   size_t MinHeapSize                              = 8388608                                   {product} {ergonomic}
    uintx NonNMethodCodeHeapSize                   = 5839372                                {pd product} {ergonomic}
    uintx NonProfiledCodeHeapSize                  = 122909434                              {pd product} {ergonomic}
    uintx ProfiledCodeHeapSize                     = 122909434                              {pd product} {ergonomic}
    uintx ReservedCodeCacheSize                    = 251658240                              {pd product} {ergonomic}
     bool SegmentedCodeCache                       = true                                      {product} {ergonomic}
   size_t SoftMaxHeapSize                          = 4259315712                             {manageable} {ergonomic}
     bool UseCompressedOops                        = true                           {product lp64_product} {ergonomic}
     bool UseG1GC                                  = true                                      {product} {ergonomic}
     bool UseLargePagesIndividualAllocation        = false                                  {pd product} {ergonomic}

Logging:
Log output configuration:
 #0: stdout all=warning uptime,level,tags foldmultilines=false
 #1: stderr all=off uptime,level,tags foldmultilines=false

Environment Variables:
CLASSPATH=C:\Program Files\Java\jdk-17\bin
PATH=C:\Program Files\Common Files\Oracle\Java\javapath;C:\Program Files (x86)\Common Files\Oracle\Java\javapath;C:\Program Files (x86)\VMware\VMware Player\bin\;C:\oraclexe\app\oracle\product\11.2.0\server\bin;C:\WINDOWS\system32;C:\WINDOWS;C:\WINDOWS\System32\Wbem;C:\WINDOWS\System32\WindowsPowerShell\v1.0\;C:\WINDOWS\System32\OpenSSH\;C:\Program Files\dotnet\;C:\Program Files (x86)\Intel\Intel(R) Management Engine Components\DAL;C:\Program Files\Intel\Intel(R) Management Engine Components\DAL;C:\Program Files\Git\cmd;C:\Program Files\nodejs;C:\MinGW\bin;C:\Program Files\Java\jdk1.8.0_202\bin\;D:\software\Nodejs\;C:\Program Files\Microsoft SQL Server\130\Tools\Binn\;E:\XAMPP\mysql\bin;D:\Intelije\IntelliJ IDEA Community Edition 2024.1.3\bin;C:\Program Files\MongoDB\mongosh-2.3.2-win32-x64\bin;C:\Program Files (x86)\Microsoft SQL Server\100\Tools\Binn\;C:\Program Files\Microsoft SQL Server\100\Tools\Binn\;C:\Program Files\Microsoft SQL Server\100\DTS\Binn\;C:\Program Files\Java\jdk-21\bin;C:\Program Files\MySQL\MySQL Shell 8.0\bin\;C:\Users\pc\AppData\Local\Programs\Python\Python312\Scripts\;C:\Users\pc\AppData\Local\Programs\Python\Python312\;C:\Users\pc\AppData\Local\Programs\Python\Launcher\;C:\Users\pc\AppData\Local\Microsoft\WindowsApps;C:\Users\pc\AppData\Local\Programs\Microsoft VS Code\bin;C:\MinGW\bin;C:\Users\pc\AppData\Roaming\npm;C:\Users\pc\AppData\Local\GitHubDesktop\bin;C:\Users\pc\AppData\Local\JetBrains\IntelliJ IDEA Community Edition 2024.1.3\bin;;D:\Nmap;C:\Program Files\Java\jdk-17\bin;D:\Intelije\IntelliJ IDEA Community Edition 2024.1.3\bin;
USERNAME=pc
OS=Windows_NT
PROCESSOR_IDENTIFIER=Intel64 Family 6 Model 142 Stepping 10, GenuineIntel
TMP=C:\Users\pc\AppData\Local\Temp
TEMP=C:\Users\pc\AppData\Local\Temp




Periodic native trim disabled

---------------  S Y S T E M  ---------------

OS:
 Windows 11 , 64 bit Build 26100 (10.0.26100.3323)
OS uptime: 0 days 2:53 hours
Hyper-V role detected

CPU: total 8 (initial active 8) (4 cores per cpu, 2 threads per core) family 6 model 142 stepping 10 microcode 0xf0, cx8, cmov, fxsr, ht, mmx, 3dnowpref, sse, sse2, sse3, ssse3, sse4.1, sse4.2, popcnt, lzcnt, tsc, tscinvbit, avx, avx2, aes, erms, clmul, bmi1, bmi2, rtm, adx, fma, vzeroupper, clflush, clflushopt, hv, rdtscp, f16c
Processor Information for all 8 processors :
  Max Mhz: 2112, Current Mhz: 1910, Mhz Limit: 1900

Memory: 4k page, system-wide physical 16242M (3998M free)
TotalPageFile size 16242M (AvailPageFile size 5M)
current process WorkingSet (physical memory assigned to process): 207M, peak: 210M
current process commit charge ("private bytes"): 252M, peak: 400M

vm_info: Java HotSpot(TM) 64-Bit Server VM (21.0.6+8-LTS-188) for windows-amd64 JRE (21.0.6+8-LTS-188), built on 2024-12-03T10:50:54Z by "mach5one" with MS VC++ 17.6 (VS2022)

END.
