#
# There is insufficient memory for the Java Runtime Environment to continue.
# Native memory allocation (malloc) failed to allocate 1444496 bytes for Chunk::new
# Possible reasons:
#   The system is out of physical RAM or swap space
#   The process is running with CompressedOops enabled, and the Java Heap may be blocking the growth of the native heap
# Possible solutions:
#   Reduce memory load on the system
#   Increase physical memory or swap space
#   Check if swap backing store is full
#   Decrease Java heap size (-Xmx/-Xms)
#   Decrease number of Java threads
#   Decrease Java thread stack sizes (-Xss)
#   Set larger code cache with -XX:ReservedCodeCacheSize=
#   JVM is running with Zero Based Compressed Oops mode in which the Java heap is
#     placed in the first 32GB address space. The Java Heap base address is the
#     maximum limit for the native heap growth. Please use -XX:HeapBaseMinAddress
#     to set the Java Heap base and to place the Java Heap above 32GB virtual address.
# This output file may be truncated or incomplete.
#
#  Out of Memory Error (arena.cpp:168), pid=19932, tid=1792
#
# JRE version: Java(TM) SE Runtime Environment (21.0.6+8) (build 21.0.6+8-LTS-188)
# Java VM: Java HotSpot(TM) 64-Bit Server VM (21.0.6+8-LTS-188, mixed mode, sharing, tiered, compressed oops, compressed class ptrs, g1 gc, windows-amd64)
# No core dump will be written. Minidumps are not enabled by default on client versions of Windows
#

---------------  S U M M A R Y ------------

Command Line: -javaagent:C:\Users\pc\AppData\Local\JetBrains\IntelliJ IDEA Community Edition 2024.1.3\lib\idea_rt.jar=51359:C:\Users\pc\AppData\Local\JetBrains\IntelliJ IDEA Community Edition 2024.1.3\bin -Dfile.encoding=UTF-8 com.blogwebsite.user.ServiceUserApplication

Host: Intel(R) Core(TM) i7-8650U CPU @ 1.90GHz, 8 cores, 15G,  Windows 11 , 64 bit Build 26100 (10.0.26100.3323)
Time: Sun Mar 30 21:06:17 2025 India Standard Time elapsed time: 3.737869 seconds (0d 0h 0m 3s)

---------------  T H R E A D  ---------------

Current thread (0x000001ef57d84700):  JavaThread "C2 CompilerThread1" daemon [_thread_in_native, id=1792, stack(0x0000003204300000,0x0000003204400000) (1024K)]


Current CompileTask:
C2:   3738 2323       4       java.lang.invoke.MethodType::makeImpl (109 bytes)

Stack: [0x0000003204300000,0x0000003204400000]
Native frames: (J=compiled Java code, j=interpreted, Vv=VM code, C=native code)
V  [jvm.dll+0x6ca6d9]
V  [jvm.dll+0x854f51]
V  [jvm.dll+0x85747e]
V  [jvm.dll+0x857b53]
V  [jvm.dll+0x27dcc6]
V  [jvm.dll+0xc4c2d]
V  [jvm.dll+0xc5163]
V  [jvm.dll+0x3b5122]
V  [jvm.dll+0x381855]
V  [jvm.dll+0x380cca]
V  [jvm.dll+0x246920]
V  [jvm.dll+0x245eff]
V  [jvm.dll+0x1c6d2e]
V  [jvm.dll+0x2554f9]
V  [jvm.dll+0x253a8a]
V  [jvm.dll+0x3ee576]
V  [jvm.dll+0x7ff2fb]
V  [jvm.dll+0x6c8dbd]
C  [ucrtbase.dll+0x37b0]
C  [KERNEL32.DLL+0x2e8d7]
C  [ntdll.dll+0xbbf6c]


---------------  P R O C E S S  ---------------

Threads class SMR info:
_java_thread_list=0x000001ef9e12bb70, length=18, elements={
0x000001ef369cd660, 0x000001ef57d61eb0, 0x000001ef57d66a20, 0x000001ef57d70a70,
0x000001ef57d714c0, 0x000001ef57d71f10, 0x000001ef57d72960, 0x000001ef57d7e840,
0x000001ef57d84030, 0x000001ef57d2fc90, 0x000001ef57d84700, 0x000001ef9d3e6840,
0x000001ef9d3e6ea0, 0x000001ef57d84dd0, 0x000001ef9e0abb00, 0x000001ef9d725010,
0x000001ef9e14ea80, 0x000001ef9e5139a0
}

Java Threads: ( => current thread )
  0x000001ef369cd660 JavaThread "main"                              [_thread_blocked, id=336, stack(0x0000003203200000,0x0000003203300000) (1024K)]
  0x000001ef57d61eb0 JavaThread "Reference Handler"          daemon [_thread_blocked, id=8788, stack(0x0000003203a00000,0x0000003203b00000) (1024K)]
  0x000001ef57d66a20 JavaThread "Finalizer"                  daemon [_thread_blocked, id=7840, stack(0x0000003203b00000,0x0000003203c00000) (1024K)]
  0x000001ef57d70a70 JavaThread "Signal Dispatcher"          daemon [_thread_blocked, id=9868, stack(0x0000003203c00000,0x0000003203d00000) (1024K)]
  0x000001ef57d714c0 JavaThread "Attach Listener"            daemon [_thread_blocked, id=2340, stack(0x0000003203d00000,0x0000003203e00000) (1024K)]
  0x000001ef57d71f10 JavaThread "Service Thread"             daemon [_thread_blocked, id=20980, stack(0x0000003203e00000,0x0000003203f00000) (1024K)]
  0x000001ef57d72960 JavaThread "Monitor Deflation Thread"   daemon [_thread_blocked, id=20652, stack(0x0000003203f00000,0x0000003204000000) (1024K)]
  0x000001ef57d7e840 JavaThread "C2 CompilerThread0"         daemon [_thread_in_native, id=4060, stack(0x0000003204000000,0x0000003204100000) (1024K)]
  0x000001ef57d84030 JavaThread "C1 CompilerThread0"         daemon [_thread_in_native, id=19380, stack(0x0000003204100000,0x0000003204200000) (1024K)]
  0x000001ef57d2fc90 JavaThread "Common-Cleaner"             daemon [_thread_blocked, id=13968, stack(0x0000003204200000,0x0000003204300000) (1024K)]
=>0x000001ef57d84700 JavaThread "C2 CompilerThread1"         daemon [_thread_in_native, id=1792, stack(0x0000003204300000,0x0000003204400000) (1024K)]
  0x000001ef9d3e6840 JavaThread "Monitor Ctrl-Break"         daemon [_thread_in_native, id=19672, stack(0x0000003204400000,0x0000003204500000) (1024K)]
  0x000001ef9d3e6ea0 JavaThread "Notification Thread"        daemon [_thread_blocked, id=20520, stack(0x0000003204500000,0x0000003204600000) (1024K)]
  0x000001ef57d84dd0 JavaThread "C2 CompilerThread2"         daemon [_thread_in_native, id=10660, stack(0x0000003204b00000,0x0000003204c00000) (1024K)]
  0x000001ef9e0abb00 JavaThread "Thread-0"                          [_thread_blocked, id=6392, stack(0x0000003204e00000,0x0000003204f00000) (1024K)]
  0x000001ef9d725010 JavaThread "restartedMain"                     [_thread_in_vm, id=19920, stack(0x0000003204f00000,0x0000003205000000) (1024K)]
  0x000001ef9e14ea80 JavaThread "spring.cloud.inetutils"     daemon [_thread_in_native, id=14348, stack(0x0000003205000000,0x0000003205100000) (1024K)]
  0x000001ef9e5139a0 JavaThread "background-preinit"                [_thread_in_vm, id=21224, stack(0x0000003205100000,0x0000003205200000) (1024K)]
Total: 18

Other Threads:
  0x000001ef57d40890 VMThread "VM Thread"                           [id=20768, stack(0x0000003203900000,0x0000003203a00000) (1024K)]
  0x000001ef57d2ee10 WatcherThread "VM Periodic Task Thread"        [id=19584, stack(0x0000003203800000,0x0000003203900000) (1024K)]
  0x000001ef38c68290 WorkerThread "GC Thread#0"                     [id=16144, stack(0x0000003203300000,0x0000003203400000) (1024K)]
  0x000001ef9d8321b0 WorkerThread "GC Thread#1"                     [id=19440, stack(0x0000003204600000,0x0000003204700000) (1024K)]
  0x000001ef9d822da0 WorkerThread "GC Thread#2"                     [id=21436, stack(0x0000003204700000,0x0000003204800000) (1024K)]
  0x000001ef9d7f64d0 WorkerThread "GC Thread#3"                     [id=19652, stack(0x0000003204800000,0x0000003204900000) (1024K)]
  0x000001ef9d730030 WorkerThread "GC Thread#4"                     [id=15996, stack(0x0000003204900000,0x0000003204a00000) (1024K)]
  0x000001ef9d7f6870 WorkerThread "GC Thread#5"                     [id=12880, stack(0x0000003204a00000,0x0000003204b00000) (1024K)]
  0x000001ef9dcfab80 WorkerThread "GC Thread#6"                     [id=19660, stack(0x0000003204c00000,0x0000003204d00000) (1024K)]
  0x000001ef9dd7dd80 WorkerThread "GC Thread#7"                     [id=21052, stack(0x0000003204d00000,0x0000003204e00000) (1024K)]
  0x000001ef38c7aed0 ConcurrentGCThread "G1 Main Marker"            [id=16436, stack(0x0000003203400000,0x0000003203500000) (1024K)]
  0x000001ef38c7c170 WorkerThread "G1 Conc#0"                       [id=10296, stack(0x0000003203500000,0x0000003203600000) (1024K)]
  0x000001ef38cbeb90 ConcurrentGCThread "G1 Refine#0"               [id=21328, stack(0x0000003203600000,0x0000003203700000) (1024K)]
  0x000001ef57bfc790 ConcurrentGCThread "G1 Service"                [id=9484, stack(0x0000003203700000,0x0000003203800000) (1024K)]
Total: 14

Threads with active compile tasks:
C2 CompilerThread0     3806 2423       4       java.util.jar.JarFile::maybeInstantiateVerifier (42 bytes)
C1 CompilerThread0     3807 2451       3       org.springframework.util.StringUtils::cleanPath (346 bytes)
C2 CompilerThread1     3807 2323       4       java.lang.invoke.MethodType::makeImpl (109 bytes)
C2 CompilerThread2     3807 2425   !   4       java.util.zip.InflaterInputStream::read (129 bytes)
Total: 4

VM state: not at safepoint (normal execution)

VM Mutex/Monitor currently owned by a thread: None

Heap address: 0x0000000702200000, size: 4062 MB, Compressed Oops mode: Zero based, Oop shift amount: 3

CDS archive(s) mapped at: [0x000001ef58000000-0x000001ef58c90000-0x000001ef58c90000), size 13172736, SharedBaseAddress: 0x000001ef58000000, ArchiveRelocationMode: 1.
Compressed class space mapped at: 0x000001ef59000000-0x000001ef99000000, reserved size: 1073741824
Narrow klass base: 0x000001ef58000000, Narrow klass shift: 0, Narrow klass range: 0x100000000

GC Precious Log:
 CardTable entry size: 512
 Card Set container configuration: InlinePtr #cards 4 size 8 Array Of Cards #cards 16 size 48 Howl #buckets 8 coarsen threshold 3686 Howl Bitmap #cards 512 size 80 coarsen threshold 460 Card regions per heap region 1 cards per card region 4096
 CPUs: 8 total, 8 available
 Memory: 16242M
 Large Page Support: Disabled
 NUMA Support: Disabled
 Compressed Oops: Enabled (Zero based)
 Heap Region Size: 2M
 Heap Min Capacity: 8M
 Heap Initial Capacity: 254M
 Heap Max Capacity: 4062M
 Pre-touch: Disabled
 Parallel Workers: 8
 Concurrent Workers: 2
 Concurrent Refinement Workers: 8
 Periodic GC: Disabled

Heap:
 garbage-first heap   total 260096K, used 23038K [0x0000000702200000, 0x0000000800000000)
  region size 2048K, 6 young (12288K), 2 survivors (4096K)
 Metaspace       used 18770K, committed 19072K, reserved 1114112K
  class space    used 2241K, committed 2368K, reserved 1048576K

Heap Regions: E=young(eden), S=young(survivor), O=old, HS=humongous(starts), HC=humongous(continues), CS=collection set, F=free, TAMS=top-at-mark-start, PB=parsable bottom
|   0|0x0000000702200000, 0x0000000702400000, 0x0000000702400000|100%| O|  |TAMS 0x0000000702200000| PB 0x0000000702200000| Untracked 
|   1|0x0000000702400000, 0x0000000702600000, 0x0000000702600000|100%| O|  |TAMS 0x0000000702400000| PB 0x0000000702400000| Untracked 
|   2|0x0000000702600000, 0x0000000702800000, 0x0000000702800000|100%| O|  |TAMS 0x0000000702600000| PB 0x0000000702600000| Untracked 
|   3|0x0000000702800000, 0x0000000702a00000, 0x0000000702a00000|100%| O|  |TAMS 0x0000000702800000| PB 0x0000000702800000| Untracked 
|   4|0x0000000702a00000, 0x0000000702c00000, 0x0000000702c00000|100%| O|  |TAMS 0x0000000702a00000| PB 0x0000000702a00000| Untracked 
|   5|0x0000000702c00000, 0x0000000702e00000, 0x0000000702e00000|100%| O|  |TAMS 0x0000000702c00000| PB 0x0000000702c00000| Untracked 
|   6|0x0000000702e00000, 0x0000000702f20f48, 0x0000000703000000| 56%| O|  |TAMS 0x0000000702e00000| PB 0x0000000702e00000| Untracked 
|   7|0x0000000703000000, 0x0000000703000000, 0x0000000703200000|  0%| F|  |TAMS 0x0000000703000000| PB 0x0000000703000000| Untracked 
|   8|0x0000000703200000, 0x0000000703200000, 0x0000000703400000|  0%| F|  |TAMS 0x0000000703200000| PB 0x0000000703200000| Untracked 
|   9|0x0000000703400000, 0x0000000703400000, 0x0000000703600000|  0%| F|  |TAMS 0x0000000703400000| PB 0x0000000703400000| Untracked 
|  10|0x0000000703600000, 0x0000000703600000, 0x0000000703800000|  0%| F|  |TAMS 0x0000000703600000| PB 0x0000000703600000| Untracked 
|  11|0x0000000703800000, 0x0000000703800000, 0x0000000703a00000|  0%| F|  |TAMS 0x0000000703800000| PB 0x0000000703800000| Untracked 
|  12|0x0000000703a00000, 0x0000000703a00000, 0x0000000703c00000|  0%| F|  |TAMS 0x0000000703a00000| PB 0x0000000703a00000| Untracked 
|  13|0x0000000703c00000, 0x0000000703c00000, 0x0000000703e00000|  0%| F|  |TAMS 0x0000000703c00000| PB 0x0000000703c00000| Untracked 
|  14|0x0000000703e00000, 0x0000000703e00000, 0x0000000704000000|  0%| F|  |TAMS 0x0000000703e00000| PB 0x0000000703e00000| Untracked 
|  15|0x0000000704000000, 0x0000000704000000, 0x0000000704200000|  0%| F|  |TAMS 0x0000000704000000| PB 0x0000000704000000| Untracked 
|  16|0x0000000704200000, 0x0000000704200000, 0x0000000704400000|  0%| F|  |TAMS 0x0000000704200000| PB 0x0000000704200000| Untracked 
|  17|0x0000000704400000, 0x0000000704400000, 0x0000000704600000|  0%| F|  |TAMS 0x0000000704400000| PB 0x0000000704400000| Untracked 
|  18|0x0000000704600000, 0x0000000704600000, 0x0000000704800000|  0%| F|  |TAMS 0x0000000704600000| PB 0x0000000704600000| Untracked 
|  19|0x0000000704800000, 0x0000000704800000, 0x0000000704a00000|  0%| F|  |TAMS 0x0000000704800000| PB 0x0000000704800000| Untracked 
|  20|0x0000000704a00000, 0x0000000704a00000, 0x0000000704c00000|  0%| F|  |TAMS 0x0000000704a00000| PB 0x0000000704a00000| Untracked 
|  21|0x0000000704c00000, 0x0000000704c00000, 0x0000000704e00000|  0%| F|  |TAMS 0x0000000704c00000| PB 0x0000000704c00000| Untracked 
|  22|0x0000000704e00000, 0x0000000704e00000, 0x0000000705000000|  0%| F|  |TAMS 0x0000000704e00000| PB 0x0000000704e00000| Untracked 
|  23|0x0000000705000000, 0x0000000705000000, 0x0000000705200000|  0%| F|  |TAMS 0x0000000705000000| PB 0x0000000705000000| Untracked 
|  24|0x0000000705200000, 0x0000000705200000, 0x0000000705400000|  0%| F|  |TAMS 0x0000000705200000| PB 0x0000000705200000| Untracked 
|  25|0x0000000705400000, 0x0000000705400000, 0x0000000705600000|  0%| F|  |TAMS 0x0000000705400000| PB 0x0000000705400000| Untracked 
|  26|0x0000000705600000, 0x0000000705600000, 0x0000000705800000|  0%| F|  |TAMS 0x0000000705600000| PB 0x0000000705600000| Untracked 
|  27|0x0000000705800000, 0x0000000705800000, 0x0000000705a00000|  0%| F|  |TAMS 0x0000000705800000| PB 0x0000000705800000| Untracked 
|  28|0x0000000705a00000, 0x0000000705a00000, 0x0000000705c00000|  0%| F|  |TAMS 0x0000000705a00000| PB 0x0000000705a00000| Untracked 
|  29|0x0000000705c00000, 0x0000000705c00000, 0x0000000705e00000|  0%| F|  |TAMS 0x0000000705c00000| PB 0x0000000705c00000| Untracked 
|  30|0x0000000705e00000, 0x0000000705e00000, 0x0000000706000000|  0%| F|  |TAMS 0x0000000705e00000| PB 0x0000000705e00000| Untracked 
|  31|0x0000000706000000, 0x0000000706000000, 0x0000000706200000|  0%| F|  |TAMS 0x0000000706000000| PB 0x0000000706000000| Untracked 
|  32|0x0000000706200000, 0x0000000706200000, 0x0000000706400000|  0%| F|  |TAMS 0x0000000706200000| PB 0x0000000706200000| Untracked 
|  33|0x0000000706400000, 0x0000000706400000, 0x0000000706600000|  0%| F|  |TAMS 0x0000000706400000| PB 0x0000000706400000| Untracked 
|  34|0x0000000706600000, 0x0000000706600000, 0x0000000706800000|  0%| F|  |TAMS 0x0000000706600000| PB 0x0000000706600000| Untracked 
|  35|0x0000000706800000, 0x0000000706800000, 0x0000000706a00000|  0%| F|  |TAMS 0x0000000706800000| PB 0x0000000706800000| Untracked 
|  36|0x0000000706a00000, 0x0000000706a00000, 0x0000000706c00000|  0%| F|  |TAMS 0x0000000706a00000| PB 0x0000000706a00000| Untracked 
|  37|0x0000000706c00000, 0x0000000706c00000, 0x0000000706e00000|  0%| F|  |TAMS 0x0000000706c00000| PB 0x0000000706c00000| Untracked 
|  38|0x0000000706e00000, 0x0000000706e00000, 0x0000000707000000|  0%| F|  |TAMS 0x0000000706e00000| PB 0x0000000706e00000| Untracked 
|  39|0x0000000707000000, 0x0000000707000000, 0x0000000707200000|  0%| F|  |TAMS 0x0000000707000000| PB 0x0000000707000000| Untracked 
|  40|0x0000000707200000, 0x0000000707200000, 0x0000000707400000|  0%| F|  |TAMS 0x0000000707200000| PB 0x0000000707200000| Untracked 
|  41|0x0000000707400000, 0x0000000707400000, 0x0000000707600000|  0%| F|  |TAMS 0x0000000707400000| PB 0x0000000707400000| Untracked 
|  42|0x0000000707600000, 0x0000000707600000, 0x0000000707800000|  0%| F|  |TAMS 0x0000000707600000| PB 0x0000000707600000| Untracked 
|  43|0x0000000707800000, 0x0000000707800000, 0x0000000707a00000|  0%| F|  |TAMS 0x0000000707800000| PB 0x0000000707800000| Untracked 
|  44|0x0000000707a00000, 0x0000000707a00000, 0x0000000707c00000|  0%| F|  |TAMS 0x0000000707a00000| PB 0x0000000707a00000| Untracked 
|  45|0x0000000707c00000, 0x0000000707c00000, 0x0000000707e00000|  0%| F|  |TAMS 0x0000000707c00000| PB 0x0000000707c00000| Untracked 
|  46|0x0000000707e00000, 0x0000000707e00000, 0x0000000708000000|  0%| F|  |TAMS 0x0000000707e00000| PB 0x0000000707e00000| Untracked 
|  47|0x0000000708000000, 0x0000000708000000, 0x0000000708200000|  0%| F|  |TAMS 0x0000000708000000| PB 0x0000000708000000| Untracked 
|  48|0x0000000708200000, 0x0000000708200000, 0x0000000708400000|  0%| F|  |TAMS 0x0000000708200000| PB 0x0000000708200000| Untracked 
|  49|0x0000000708400000, 0x0000000708400000, 0x0000000708600000|  0%| F|  |TAMS 0x0000000708400000| PB 0x0000000708400000| Untracked 
|  50|0x0000000708600000, 0x0000000708600000, 0x0000000708800000|  0%| F|  |TAMS 0x0000000708600000| PB 0x0000000708600000| Untracked 
|  51|0x0000000708800000, 0x0000000708800000, 0x0000000708a00000|  0%| F|  |TAMS 0x0000000708800000| PB 0x0000000708800000| Untracked 
|  52|0x0000000708a00000, 0x0000000708a00000, 0x0000000708c00000|  0%| F|  |TAMS 0x0000000708a00000| PB 0x0000000708a00000| Untracked 
|  53|0x0000000708c00000, 0x0000000708c00000, 0x0000000708e00000|  0%| F|  |TAMS 0x0000000708c00000| PB 0x0000000708c00000| Untracked 
|  54|0x0000000708e00000, 0x0000000708e00000, 0x0000000709000000|  0%| F|  |TAMS 0x0000000708e00000| PB 0x0000000708e00000| Untracked 
|  55|0x0000000709000000, 0x0000000709000000, 0x0000000709200000|  0%| F|  |TAMS 0x0000000709000000| PB 0x0000000709000000| Untracked 
|  56|0x0000000709200000, 0x0000000709200000, 0x0000000709400000|  0%| F|  |TAMS 0x0000000709200000| PB 0x0000000709200000| Untracked 
|  57|0x0000000709400000, 0x0000000709400000, 0x0000000709600000|  0%| F|  |TAMS 0x0000000709400000| PB 0x0000000709400000| Untracked 
|  58|0x0000000709600000, 0x0000000709600000, 0x0000000709800000|  0%| F|  |TAMS 0x0000000709600000| PB 0x0000000709600000| Untracked 
|  59|0x0000000709800000, 0x0000000709800000, 0x0000000709a00000|  0%| F|  |TAMS 0x0000000709800000| PB 0x0000000709800000| Untracked 
|  60|0x0000000709a00000, 0x0000000709a00000, 0x0000000709c00000|  0%| F|  |TAMS 0x0000000709a00000| PB 0x0000000709a00000| Untracked 
|  61|0x0000000709c00000, 0x0000000709c00000, 0x0000000709e00000|  0%| F|  |TAMS 0x0000000709c00000| PB 0x0000000709c00000| Untracked 
|  62|0x0000000709e00000, 0x0000000709e00000, 0x000000070a000000|  0%| F|  |TAMS 0x0000000709e00000| PB 0x0000000709e00000| Untracked 
|  63|0x000000070a000000, 0x000000070a000000, 0x000000070a200000|  0%| F|  |TAMS 0x000000070a000000| PB 0x000000070a000000| Untracked 
|  64|0x000000070a200000, 0x000000070a200000, 0x000000070a400000|  0%| F|  |TAMS 0x000000070a200000| PB 0x000000070a200000| Untracked 
|  65|0x000000070a400000, 0x000000070a400000, 0x000000070a600000|  0%| F|  |TAMS 0x000000070a400000| PB 0x000000070a400000| Untracked 
|  66|0x000000070a600000, 0x000000070a600000, 0x000000070a800000|  0%| F|  |TAMS 0x000000070a600000| PB 0x000000070a600000| Untracked 
|  67|0x000000070a800000, 0x000000070a800000, 0x000000070aa00000|  0%| F|  |TAMS 0x000000070a800000| PB 0x000000070a800000| Untracked 
|  68|0x000000070aa00000, 0x000000070aa00000, 0x000000070ac00000|  0%| F|  |TAMS 0x000000070aa00000| PB 0x000000070aa00000| Untracked 
|  69|0x000000070ac00000, 0x000000070ac00000, 0x000000070ae00000|  0%| F|  |TAMS 0x000000070ac00000| PB 0x000000070ac00000| Untracked 
|  70|0x000000070ae00000, 0x000000070ae00000, 0x000000070b000000|  0%| F|  |TAMS 0x000000070ae00000| PB 0x000000070ae00000| Untracked 
|  71|0x000000070b000000, 0x000000070b000000, 0x000000070b200000|  0%| F|  |TAMS 0x000000070b000000| PB 0x000000070b000000| Untracked 
|  72|0x000000070b200000, 0x000000070b200000, 0x000000070b400000|  0%| F|  |TAMS 0x000000070b200000| PB 0x000000070b200000| Untracked 
|  73|0x000000070b400000, 0x000000070b400000, 0x000000070b600000|  0%| F|  |TAMS 0x000000070b400000| PB 0x000000070b400000| Untracked 
|  74|0x000000070b600000, 0x000000070b600000, 0x000000070b800000|  0%| F|  |TAMS 0x000000070b600000| PB 0x000000070b600000| Untracked 
|  75|0x000000070b800000, 0x000000070b800000, 0x000000070ba00000|  0%| F|  |TAMS 0x000000070b800000| PB 0x000000070b800000| Untracked 
|  76|0x000000070ba00000, 0x000000070ba00000, 0x000000070bc00000|  0%| F|  |TAMS 0x000000070ba00000| PB 0x000000070ba00000| Untracked 
|  77|0x000000070bc00000, 0x000000070bc00000, 0x000000070be00000|  0%| F|  |TAMS 0x000000070bc00000| PB 0x000000070bc00000| Untracked 
|  78|0x000000070be00000, 0x000000070be00000, 0x000000070c000000|  0%| F|  |TAMS 0x000000070be00000| PB 0x000000070be00000| Untracked 
|  79|0x000000070c000000, 0x000000070c000000, 0x000000070c200000|  0%| F|  |TAMS 0x000000070c000000| PB 0x000000070c000000| Untracked 
|  80|0x000000070c200000, 0x000000070c200000, 0x000000070c400000|  0%| F|  |TAMS 0x000000070c200000| PB 0x000000070c200000| Untracked 
|  81|0x000000070c400000, 0x000000070c400000, 0x000000070c600000|  0%| F|  |TAMS 0x000000070c400000| PB 0x000000070c400000| Untracked 
|  82|0x000000070c600000, 0x000000070c600000, 0x000000070c800000|  0%| F|  |TAMS 0x000000070c600000| PB 0x000000070c600000| Untracked 
|  83|0x000000070c800000, 0x000000070c800000, 0x000000070ca00000|  0%| F|  |TAMS 0x000000070c800000| PB 0x000000070c800000| Untracked 
|  84|0x000000070ca00000, 0x000000070ca00000, 0x000000070cc00000|  0%| F|  |TAMS 0x000000070ca00000| PB 0x000000070ca00000| Untracked 
|  85|0x000000070cc00000, 0x000000070cc00000, 0x000000070ce00000|  0%| F|  |TAMS 0x000000070cc00000| PB 0x000000070cc00000| Untracked 
|  86|0x000000070ce00000, 0x000000070ce00000, 0x000000070d000000|  0%| F|  |TAMS 0x000000070ce00000| PB 0x000000070ce00000| Untracked 
|  87|0x000000070d000000, 0x000000070d000000, 0x000000070d200000|  0%| F|  |TAMS 0x000000070d000000| PB 0x000000070d000000| Untracked 
|  88|0x000000070d200000, 0x000000070d200000, 0x000000070d400000|  0%| F|  |TAMS 0x000000070d200000| PB 0x000000070d200000| Untracked 
|  89|0x000000070d400000, 0x000000070d400000, 0x000000070d600000|  0%| F|  |TAMS 0x000000070d400000| PB 0x000000070d400000| Untracked 
|  90|0x000000070d600000, 0x000000070d600000, 0x000000070d800000|  0%| F|  |TAMS 0x000000070d600000| PB 0x000000070d600000| Untracked 
|  91|0x000000070d800000, 0x000000070d800000, 0x000000070da00000|  0%| F|  |TAMS 0x000000070d800000| PB 0x000000070d800000| Untracked 
|  92|0x000000070da00000, 0x000000070da00000, 0x000000070dc00000|  0%| F|  |TAMS 0x000000070da00000| PB 0x000000070da00000| Untracked 
|  93|0x000000070dc00000, 0x000000070dc00000, 0x000000070de00000|  0%| F|  |TAMS 0x000000070dc00000| PB 0x000000070dc00000| Untracked 
|  94|0x000000070de00000, 0x000000070de00000, 0x000000070e000000|  0%| F|  |TAMS 0x000000070de00000| PB 0x000000070de00000| Untracked 
|  95|0x000000070e000000, 0x000000070e000000, 0x000000070e200000|  0%| F|  |TAMS 0x000000070e000000| PB 0x000000070e000000| Untracked 
|  96|0x000000070e200000, 0x000000070e200000, 0x000000070e400000|  0%| F|  |TAMS 0x000000070e200000| PB 0x000000070e200000| Untracked 
|  97|0x000000070e400000, 0x000000070e400000, 0x000000070e600000|  0%| F|  |TAMS 0x000000070e400000| PB 0x000000070e400000| Untracked 
|  98|0x000000070e600000, 0x000000070e600000, 0x000000070e800000|  0%| F|  |TAMS 0x000000070e600000| PB 0x000000070e600000| Untracked 
|  99|0x000000070e800000, 0x000000070e800000, 0x000000070ea00000|  0%| F|  |TAMS 0x000000070e800000| PB 0x000000070e800000| Untracked 
| 100|0x000000070ea00000, 0x000000070ea00000, 0x000000070ec00000|  0%| F|  |TAMS 0x000000070ea00000| PB 0x000000070ea00000| Untracked 
| 101|0x000000070ec00000, 0x000000070ed5eaa0, 0x000000070ee00000| 68%| S|CS|TAMS 0x000000070ec00000| PB 0x000000070ec00000| Complete 
| 102|0x000000070ee00000, 0x000000070f000000, 0x000000070f000000|100%| S|CS|TAMS 0x000000070ee00000| PB 0x000000070ee00000| Complete 
| 103|0x000000070f000000, 0x000000070f000000, 0x000000070f200000|  0%| F|  |TAMS 0x000000070f000000| PB 0x000000070f000000| Untracked 
| 104|0x000000070f200000, 0x000000070f200000, 0x000000070f400000|  0%| F|  |TAMS 0x000000070f200000| PB 0x000000070f200000| Untracked 
| 105|0x000000070f400000, 0x000000070f400000, 0x000000070f600000|  0%| F|  |TAMS 0x000000070f400000| PB 0x000000070f400000| Untracked 
| 106|0x000000070f600000, 0x000000070f600000, 0x000000070f800000|  0%| F|  |TAMS 0x000000070f600000| PB 0x000000070f600000| Untracked 
| 107|0x000000070f800000, 0x000000070f800000, 0x000000070fa00000|  0%| F|  |TAMS 0x000000070f800000| PB 0x000000070f800000| Untracked 
| 108|0x000000070fa00000, 0x000000070fa00000, 0x000000070fc00000|  0%| F|  |TAMS 0x000000070fa00000| PB 0x000000070fa00000| Untracked 
| 109|0x000000070fc00000, 0x000000070fc00000, 0x000000070fe00000|  0%| F|  |TAMS 0x000000070fc00000| PB 0x000000070fc00000| Untracked 
| 110|0x000000070fe00000, 0x000000070fe00000, 0x0000000710000000|  0%| F|  |TAMS 0x000000070fe00000| PB 0x000000070fe00000| Untracked 
| 111|0x0000000710000000, 0x0000000710000000, 0x0000000710200000|  0%| F|  |TAMS 0x0000000710000000| PB 0x0000000710000000| Untracked 
| 112|0x0000000710200000, 0x0000000710200000, 0x0000000710400000|  0%| F|  |TAMS 0x0000000710200000| PB 0x0000000710200000| Untracked 
| 113|0x0000000710400000, 0x0000000710400000, 0x0000000710600000|  0%| F|  |TAMS 0x0000000710400000| PB 0x0000000710400000| Untracked 
| 114|0x0000000710600000, 0x0000000710600000, 0x0000000710800000|  0%| F|  |TAMS 0x0000000710600000| PB 0x0000000710600000| Untracked 
| 115|0x0000000710800000, 0x0000000710800000, 0x0000000710a00000|  0%| F|  |TAMS 0x0000000710800000| PB 0x0000000710800000| Untracked 
| 116|0x0000000710a00000, 0x0000000710a00000, 0x0000000710c00000|  0%| F|  |TAMS 0x0000000710a00000| PB 0x0000000710a00000| Untracked 
| 117|0x0000000710c00000, 0x0000000710c00000, 0x0000000710e00000|  0%| F|  |TAMS 0x0000000710c00000| PB 0x0000000710c00000| Untracked 
| 118|0x0000000710e00000, 0x0000000710e00000, 0x0000000711000000|  0%| F|  |TAMS 0x0000000710e00000| PB 0x0000000710e00000| Untracked 
| 119|0x0000000711000000, 0x0000000711000000, 0x0000000711200000|  0%| F|  |TAMS 0x0000000711000000| PB 0x0000000711000000| Untracked 
| 120|0x0000000711200000, 0x0000000711200000, 0x0000000711400000|  0%| F|  |TAMS 0x0000000711200000| PB 0x0000000711200000| Untracked 
| 121|0x0000000711400000, 0x0000000711400000, 0x0000000711600000|  0%| F|  |TAMS 0x0000000711400000| PB 0x0000000711400000| Untracked 
| 122|0x0000000711600000, 0x0000000711600000, 0x0000000711800000|  0%| F|  |TAMS 0x0000000711600000| PB 0x0000000711600000| Untracked 
| 123|0x0000000711800000, 0x000000071183d5e8, 0x0000000711a00000| 11%| E|  |TAMS 0x0000000711800000| PB 0x0000000711800000| Complete 
| 124|0x0000000711a00000, 0x0000000711c00000, 0x0000000711c00000|100%| E|CS|TAMS 0x0000000711a00000| PB 0x0000000711a00000| Complete 
| 125|0x0000000711c00000, 0x0000000711e00000, 0x0000000711e00000|100%| E|CS|TAMS 0x0000000711c00000| PB 0x0000000711c00000| Complete 
| 126|0x0000000711e00000, 0x0000000712000000, 0x0000000712000000|100%| E|CS|TAMS 0x0000000711e00000| PB 0x0000000711e00000| Complete 

Card table byte_map: [0x000001ef50ba0000,0x000001ef51390000] _byte_map_base: 0x000001ef4d38f000

Marking Bits: (CMBitMap*) 0x000001ef38c68990
 Bits: [0x000001ef51390000, 0x000001ef55308000)

Polling page: 0x000001ef36d10000

Metaspace:

Usage:
  Non-class:     16.16 MB used.
      Class:      2.19 MB used.
       Both:     18.35 MB used.

Virtual space:
  Non-class space:       64.00 MB reserved,      16.31 MB ( 25%) committed,  1 nodes.
      Class space:        1.00 GB reserved,       2.31 MB ( <1%) committed,  1 nodes.
             Both:        1.06 GB reserved,      18.62 MB (  2%) committed. 

Chunk freelists:
   Non-Class:  15.70 MB
       Class:  13.51 MB
        Both:  29.21 MB

MaxMetaspaceSize: unlimited
CompressedClassSpaceSize: 1.00 GB
Initial GC threshold: 21.00 MB
Current GC threshold: 21.00 MB
CDS: on
 - commit_granule_bytes: 65536.
 - commit_granule_words: 8192.
 - virtual_space_node_default_size: 8388608.
 - enlarge_chunks_in_place: 1.
 - use_allocation_guard: 0.


Internal statistics:

num_allocs_failed_limit: 0.
num_arena_births: 316.
num_arena_deaths: 0.
num_vsnodes_births: 2.
num_vsnodes_deaths: 0.
num_space_committed: 298.
num_space_uncommitted: 0.
num_chunks_returned_to_freelist: 0.
num_chunks_taken_from_freelist: 906.
num_chunk_merges: 0.
num_chunk_splits: 588.
num_chunks_enlarged: 395.
num_inconsistent_stats: 0.

CodeHeap 'non-profiled nmethods': size=120000Kb used=1136Kb max_used=1136Kb free=118863Kb
 bounds [0x000001ef48b50000, 0x000001ef48dc0000, 0x000001ef50080000]
CodeHeap 'profiled nmethods': size=120000Kb used=4593Kb max_used=4593Kb free=115406Kb
 bounds [0x000001ef41080000, 0x000001ef41500000, 0x000001ef485b0000]
CodeHeap 'non-nmethods': size=5760Kb used=1444Kb max_used=1486Kb free=4315Kb
 bounds [0x000001ef485b0000, 0x000001ef48820000, 0x000001ef48b50000]
 total_blobs=2977 nmethods=2449 adapters=432
 compilation: enabled
              stopped_count=0, restarted_count=0
 full_count=0

Compilation events (20 events):
Event: 3.542 Thread 0x000001ef57d84030 2414       3       java.lang.invoke.BootstrapMethodInvoker::widenAndCast (47 bytes)
Event: 3.544 Thread 0x000001ef57d84030 nmethod 2414 0x000001ef414e2210 code [0x000001ef414e2480, 0x000001ef414e2dd8]
Event: 3.545 Thread 0x000001ef57d84030 2415       3       org.springframework.core.annotation.AnnotationTypeMappings::get (14 bytes)
Event: 3.545 Thread 0x000001ef57d84030 nmethod 2415 0x000001ef414e3090 code [0x000001ef414e3240, 0x000001ef414e3510]
Event: 3.546 Thread 0x000001ef57d84030 2416       3       java.lang.ClassLoader::createOrGetClassLoaderValueMap (37 bytes)
Event: 3.546 Thread 0x000001ef57d84030 nmethod 2416 0x000001ef414e3610 code [0x000001ef414e37e0, 0x000001ef414e3b58]
Event: 3.546 Thread 0x000001ef57d84030 2417       3       org.springframework.core.annotation.TypeMappedAnnotations::isMappingForType (41 bytes)
Event: 3.546 Thread 0x000001ef57d84030 nmethod 2417 0x000001ef414e3c90 code [0x000001ef414e3e80, 0x000001ef414e4298]
Event: 3.547 Thread 0x000001ef57d84030 2419       3       jdk.internal.loader.AbstractClassLoaderValue::extractValue (17 bytes)
Event: 3.548 Thread 0x000001ef57d84030 nmethod 2419 0x000001ef414e4490 code [0x000001ef414e4660, 0x000001ef414e49f0]
Event: 3.548 Thread 0x000001ef57d7e840 2423       4       java.util.jar.JarFile::maybeInstantiateVerifier (42 bytes)
Event: 3.548 Thread 0x000001ef57d84030 2422       3       java.util.ArrayDeque::addLast (51 bytes)
Event: 3.549 Thread 0x000001ef57d84030 nmethod 2422 0x000001ef414e4b10 code [0x000001ef414e4d00, 0x000001ef414e51c8]
Event: 3.549 Thread 0x000001ef57d84030 2418       3       java.nio.Buffer::limit (65 bytes)
Event: 3.549 Thread 0x000001ef57d84030 nmethod 2418 0x000001ef414e5390 code [0x000001ef414e5540, 0x000001ef414e57e8]
Event: 3.550 Thread 0x000001ef57d84030 2420       1       org.springframework.core.annotation.AnnotationTypeMapping::getMirrorSets (5 bytes)
Event: 3.550 Thread 0x000001ef57d84030 nmethod 2420 0x000001ef48c6a790 code [0x000001ef48c6a920, 0x000001ef48c6a9f0]
Event: 3.551 Thread 0x000001ef57d84dd0 2424   !   4       java.lang.invoke.MemberName::getMethodType (211 bytes)
Event: 3.552 Thread 0x000001ef57d84030 2426       3       java.util.HashSet::contains (9 bytes)
Event: 3.553 Thread 0x000001ef57d84030 nmethod 2426 0x000001ef414e5890 code [0x000001ef414e5a40, 0x000001ef414e5c20]

GC Heap History (6 events):
Event: 0.695 GC heap before
{Heap before GC invocations=0 (full 0):
 garbage-first heap   total 260096K, used 20480K [0x0000000702200000, 0x0000000800000000)
  region size 2048K, 11 young (22528K), 0 survivors (0K)
 Metaspace       used 3483K, committed 3712K, reserved 1114112K
  class space    used 338K, committed 448K, reserved 1048576K
}
Event: 0.702 GC heap after
{Heap after GC invocations=1 (full 0):
 garbage-first heap   total 260096K, used 9924K [0x0000000702200000, 0x0000000800000000)
  region size 2048K, 2 young (4096K), 2 survivors (4096K)
 Metaspace       used 3483K, committed 3712K, reserved 1114112K
  class space    used 338K, committed 448K, reserved 1048576K
}
Event: 1.191 GC heap before
{Heap before GC invocations=1 (full 0):
 garbage-first heap   total 260096K, used 28356K [0x0000000702200000, 0x0000000800000000)
  region size 2048K, 12 young (24576K), 2 survivors (4096K)
 Metaspace       used 7132K, committed 7424K, reserved 1114112K
  class space    used 748K, committed 896K, reserved 1048576K
}
Event: 1.195 GC heap after
{Heap after GC invocations=2 (full 0):
 garbage-first heap   total 260096K, used 14428K [0x0000000702200000, 0x0000000800000000)
  region size 2048K, 2 young (4096K), 2 survivors (4096K)
 Metaspace       used 7132K, committed 7424K, reserved 1114112K
  class space    used 748K, committed 896K, reserved 1048576K
}
Event: 3.459 GC heap before
{Heap before GC invocations=2 (full 0):
 garbage-first heap   total 260096K, used 57436K [0x0000000702200000, 0x0000000800000000)
  region size 2048K, 24 young (49152K), 2 survivors (4096K)
 Metaspace       used 17327K, committed 17664K, reserved 1114112K
  class space    used 2026K, committed 2176K, reserved 1048576K
}
Event: 3.465 GC heap after
{Heap after GC invocations=3 (full 0):
 garbage-first heap   total 260096K, used 16894K [0x0000000702200000, 0x0000000800000000)
  region size 2048K, 2 young (4096K), 2 survivors (4096K)
 Metaspace       used 17327K, committed 17664K, reserved 1114112K
  class space    used 2026K, committed 2176K, reserved 1048576K
}

Dll operation events (12 events):
Event: 0.017 Loaded shared library C:\Program Files\Java\jdk-21\bin\java.dll
Event: 0.061 Loaded shared library C:\Program Files\Java\jdk-21\bin\jsvml.dll
Event: 0.229 Loaded shared library C:\Program Files\Java\jdk-21\bin\zip.dll
Event: 0.235 Loaded shared library C:\Program Files\Java\jdk-21\bin\instrument.dll
Event: 0.243 Loaded shared library C:\Program Files\Java\jdk-21\bin\net.dll
Event: 0.246 Loaded shared library C:\Program Files\Java\jdk-21\bin\nio.dll
Event: 0.250 Loaded shared library C:\Program Files\Java\jdk-21\bin\zip.dll
Event: 0.351 Loaded shared library C:\Users\pc\AppData\Local\JetBrains\IntelliJ IDEA Community Edition 2024.1.3\bin\breakgen64.dll
Event: 0.363 Loaded shared library C:\Program Files\Java\jdk-21\bin\extnet.dll
Event: 0.418 Loaded shared library C:\Program Files\Java\jdk-21\bin\jimage.dll
Event: 1.139 Loaded shared library C:\Program Files\Java\jdk-21\bin\management.dll
Event: 1.142 Loaded shared library C:\Program Files\Java\jdk-21\bin\management_ext.dll

Deoptimization events (20 events):
Event: 3.520 Thread 0x000001ef9e5139a0 DEOPT UNPACKING pc=0x000001ef486046a2 sp=0x00000032051fdda0 mode 2
Event: 3.520 Thread 0x000001ef9e5139a0 Uncommon trap: trap_request=0xffffffde fr.pc=0x000001ef48c514cc relative=0x00000000000008ec
Event: 3.520 Thread 0x000001ef9e5139a0 Uncommon trap: reason=class_check action=maybe_recompile pc=0x000001ef48c514cc method=java.util.regex.Pattern$Start.match(Ljava/util/regex/Matcher;ILjava/lang/CharSequence;)Z @ 44 c2
Event: 3.520 Thread 0x000001ef9e5139a0 DEOPT PACKING pc=0x000001ef48c514cc sp=0x00000032051fde50
Event: 3.520 Thread 0x000001ef9e5139a0 DEOPT UNPACKING pc=0x000001ef486046a2 sp=0x00000032051fdda0 mode 2
Event: 3.520 Thread 0x000001ef9e5139a0 Uncommon trap: trap_request=0xffffff6e fr.pc=0x000001ef48c514f0 relative=0x0000000000000910
Event: 3.520 Thread 0x000001ef9e5139a0 Uncommon trap: reason=loop_limit_check action=maybe_recompile pc=0x000001ef48c514f0 method=java.util.regex.Pattern$Start.match(Ljava/util/regex/Matcher;ILjava/lang/CharSequence;)Z @ 34 c2
Event: 3.520 Thread 0x000001ef9e5139a0 DEOPT PACKING pc=0x000001ef48c514f0 sp=0x00000032051fde50
Event: 3.520 Thread 0x000001ef9e5139a0 DEOPT UNPACKING pc=0x000001ef486046a2 sp=0x00000032051fddb0 mode 2
Event: 3.552 Thread 0x000001ef9d725010 Uncommon trap: trap_request=0xffffff45 fr.pc=0x000001ef48be4e08 relative=0x0000000000000d28
Event: 3.552 Thread 0x000001ef9d725010 Uncommon trap: reason=unstable_if action=reinterpret pc=0x000001ef48be4e08 method=java.util.zip.ZipCoder.hash(Ljava/lang/String;)I @ 23 c2
Event: 3.552 Thread 0x000001ef9d725010 DEOPT PACKING pc=0x000001ef48be4e08 sp=0x0000003204ffe140
Event: 3.553 Thread 0x000001ef9d725010 DEOPT UNPACKING pc=0x000001ef486046a2 sp=0x0000003204ffdeb0 mode 2
Event: 3.553 Thread 0x000001ef9d725010 Uncommon trap: trap_request=0xffffff45 fr.pc=0x000001ef48be19f4 relative=0x0000000000000cb4
Event: 3.553 Thread 0x000001ef9d725010 Uncommon trap: reason=unstable_if action=reinterpret pc=0x000001ef48be19f4 method=java.util.zip.ZipCoder.hash(Ljava/lang/String;)I @ 23 c2
Event: 3.554 Thread 0x000001ef9d725010 DEOPT PACKING pc=0x000001ef48be19f4 sp=0x0000003204ffe090
Event: 3.554 Thread 0x000001ef9d725010 DEOPT UNPACKING pc=0x000001ef486046a2 sp=0x0000003204ffded0 mode 2
Event: 3.554 Thread 0x000001ef9d725010 Uncommon trap: trap_request=0xffffff45 fr.pc=0x000001ef48b9da48 relative=0x00000000000006e8
Event: 3.554 Thread 0x000001ef9d725010 Uncommon trap: reason=unstable_if action=reinterpret pc=0x000001ef48b9da48 method=java.util.zip.ZipCoder.hash(Ljava/lang/String;)I @ 23 c2
Event: 3.554 Thread 0x000001ef9d725010 DEOPT PACKING pc=0x000001ef48b9da48 sp=0x0000003204ffe010

Classes loaded (20 events):
Event: 3.497 Loading class com/sun/beans/TypeResolver
Event: 3.497 Loading class com/sun/beans/TypeResolver done
Event: 3.497 Loading class com/sun/beans/WeakCache
Event: 3.497 Loading class com/sun/beans/WeakCache done
Event: 3.498 Loading class com/sun/beans/WildcardTypeImpl
Event: 3.498 Loading class com/sun/beans/WildcardTypeImpl done
Event: 3.537 Loading class java/util/Collections$ReverseComparator
Event: 3.538 Loading class java/util/Collections$ReverseComparator done
Event: 3.538 Loading class java/util/Comparators$NaturalOrderComparator
Event: 3.538 Loading class java/util/Comparators$NaturalOrderComparator done
Event: 3.538 Loading class java/util/Collections$ReverseComparator2
Event: 3.538 Loading class java/util/Collections$ReverseComparator2 done
Event: 3.538 Loading class java/util/stream/SortedOps
Event: 3.539 Loading class java/util/stream/SortedOps done
Event: 3.539 Loading class java/util/stream/SortedOps$OfRef
Event: 3.539 Loading class java/util/stream/SortedOps$OfRef done
Event: 3.542 Loading class java/util/stream/SortedOps$RefSortingSink
Event: 3.543 Loading class java/util/stream/SortedOps$AbstractRefSortingSink
Event: 3.543 Loading class java/util/stream/SortedOps$AbstractRefSortingSink done
Event: 3.543 Loading class java/util/stream/SortedOps$RefSortingSink done

Classes unloaded (0 events):
No events

Classes redefined (0 events):
No events

Internal exceptions (20 events):
Event: 1.517 Thread 0x000001ef9d725010 Exception <a 'java/lang/NoSuchMethodError'{0x00000007111d5468}: 'int java.lang.invoke.DirectMethodHandle$Holder.invokeInterface(java.lang.Object, java.lang.Object)'> (0x00000007111d5468) 
thrown [s\open\src\hotspot\share\interpreter\linkResolver.cpp, line 773]
Event: 1.524 Thread 0x000001ef9d725010 Exception <a 'java/lang/NoSuchMethodError'{0x00000007111f6cf8}: 'void java.lang.invoke.DirectMethodHandle$Holder.invokeSpecial(java.lang.Object, java.lang.Object, java.lang.Object, java.lang.Object, java.lang.Object)'> (0x00000007111f6cf8) 
thrown [s\open\src\hotspot\share\interpreter\linkResolver.cpp, line 773]
Event: 1.536 Thread 0x000001ef9d725010 Exception <a 'java/lang/NoSuchMethodError'{0x0000000710e3c878}: 'int java.lang.invoke.DirectMethodHandle$Holder.invokeVirtual(java.lang.Object, java.lang.Object)'> (0x0000000710e3c878) 
thrown [s\open\src\hotspot\share\interpreter\linkResolver.cpp, line 773]
Event: 1.556 Thread 0x000001ef9d725010 Exception <a 'java/lang/NoSuchMethodError'{0x0000000710ed4100}: 'java.lang.Object java.lang.invoke.DirectMethodHandle$Holder.invokeSpecial(java.lang.Object, java.lang.Object, java.lang.Object, int, java.lang.Object)'> (0x0000000710ed4100) 
thrown [s\open\src\hotspot\share\interpreter\linkResolver.cpp, line 773]
Event: 1.557 Thread 0x000001ef9d725010 Exception <a 'java/lang/NoSuchMethodError'{0x0000000710edba10}: 'java.lang.Object java.lang.invoke.DirectMethodHandle$Holder.newInvokeSpecial(java.lang.Object, java.lang.Object, java.lang.Object, int, java.lang.Object)'> (0x0000000710edba10) 
thrown [s\open\src\hotspot\share\interpreter\linkResolver.cpp, line 773]
Event: 1.558 Thread 0x000001ef9d725010 Exception <a 'java/lang/NoSuchMethodError'{0x0000000710ee3128}: 'java.lang.Object java.lang.invoke.Invokers$Holder.linkToTargetMethod(java.lang.Object, java.lang.Object, int, java.lang.Object, java.lang.Object)'> (0x0000000710ee3128) 
thrown [s\open\src\hotspot\share\interpreter\linkResolver.cpp, line 773]
Event: 1.559 Thread 0x000001ef9d725010 Exception <a 'java/lang/NoSuchMethodError'{0x0000000710ef10c0}: 'java.lang.Object java.lang.invoke.DirectMethodHandle$Holder.newInvokeSpecial(java.lang.Object, int, java.lang.Object)'> (0x0000000710ef10c0) 
thrown [s\open\src\hotspot\share\interpreter\linkResolver.cpp, line 773]
Event: 1.560 Thread 0x000001ef9d725010 Exception <a 'java/lang/NoSuchMethodError'{0x0000000710ef5a80}: 'int java.lang.invoke.DirectMethodHandle$Holder.invokeSpecialIFC(java.lang.Object, java.lang.Object, java.lang.Object, java.lang.Object)'> (0x0000000710ef5a80) 
thrown [s\open\src\hotspot\share\interpreter\linkResolver.cpp, line 773]
Event: 1.595 Thread 0x000001ef9d725010 Exception <a 'java/lang/NoSuchMethodError'{0x0000000710fcaf48}: 'void java.lang.invoke.DirectMethodHandle$Holder.invokeInterface(java.lang.Object, java.lang.Object, java.lang.Object)'> (0x0000000710fcaf48) 
thrown [s\open\src\hotspot\share\interpreter\linkResolver.cpp, line 773]
Event: 1.626 Thread 0x000001ef9d725010 Exception <a 'java/lang/NoSuchMethodError'{0x0000000710c56960}: 'java.lang.reflect.Field[] java.lang.Class.getDeclaredFields(java.lang.Class)'> (0x0000000710c56960) 
thrown [s\open\src\hotspot\share\interpreter\linkResolver.cpp, line 773]
Event: 1.627 Thread 0x000001ef9d725010 Exception <a 'java/lang/NoSuchMethodError'{0x0000000710c5b2c0}: 'java.lang.Object java.lang.invoke.DirectMethodHandle$Holder.invokeStatic(java.lang.Object, java.lang.Object, int)'> (0x0000000710c5b2c0) 
thrown [s\open\src\hotspot\share\interpreter\linkResolver.cpp, line 773]
Event: 1.628 Thread 0x000001ef9d725010 Exception <a 'java/lang/NoSuchMethodError'{0x0000000710c66470}: 'void java.lang.invoke.DelegatingMethodHandle$Holder.delegate(java.lang.Object, java.lang.Object, int, java.lang.Object)'> (0x0000000710c66470) 
thrown [s\open\src\hotspot\share\interpreter\linkResolver.cpp, line 773]
Event: 2.721 Thread 0x000001ef9d725010 Exception <a 'java/lang/NoSuchMethodError'{0x0000000710810ce8}: 'void java.lang.invoke.DirectMethodHandle$Holder.invokeStaticInit(java.lang.Object, java.lang.Object, java.lang.Object)'> (0x0000000710810ce8) 
thrown [s\open\src\hotspot\share\interpreter\linkResolver.cpp, line 773]
Event: 2.746 Thread 0x000001ef9d725010 Exception <a 'java/lang/NoSuchMethodError'{0x0000000710859910}: 'java.lang.Object java.lang.invoke.DirectMethodHandle$Holder.invokeVirtual(java.lang.Object, java.lang.Object, java.lang.Object)'> (0x0000000710859910) 
thrown [s\open\src\hotspot\share\interpreter\linkResolver.cpp, line 773]
Event: 2.770 Thread 0x000001ef9d725010 Exception <a 'java/lang/NoSuchMethodError'{0x00000007108e4d50}: 'void java.lang.invoke.DirectMethodHandle$Holder.invokeVirtual(java.lang.Object, java.lang.Object, java.lang.Object, java.lang.Object)'> (0x00000007108e4d50) 
thrown [s\open\src\hotspot\share\interpreter\linkResolver.cpp, line 773]
Event: 2.845 Thread 0x000001ef9e5139a0 Exception <a 'java/lang/NoClassDefFoundError'{0x0000000710732620}: jakarta/validation/Validation> (0x0000000710732620) 
thrown [s\open\src\hotspot\share\classfile\systemDictionary.cpp, line 301]
Event: 2.848 Thread 0x000001ef9d725010 Exception <a 'java/lang/IncompatibleClassChangeError'{0x00000007107a7b78}: Found class java.lang.Object, but interface was expected> (0x00000007107a7b78) 
thrown [s\open\src\hotspot\share\interpreter\linkResolver.cpp, line 840]
Event: 2.856 Thread 0x000001ef9d725010 Exception <a 'java/lang/NoSuchMethodError'{0x00000007107be7d0}: 'java.lang.Object java.lang.invoke.DirectMethodHandle$Holder.invokeStaticInit(java.lang.Object, int)'> (0x00000007107be7d0) 
thrown [s\open\src\hotspot\share\interpreter\linkResolver.cpp, line 773]
Event: 2.861 Thread 0x000001ef9d725010 Exception <a 'java/lang/NoSuchMethodError'{0x00000007102291a8}: 'java.lang.Object java.lang.invoke.DirectMethodHandle$Holder.invokeStatic(java.lang.Object, int, java.lang.Object)'> (0x00000007102291a8) 
thrown [s\open\src\hotspot\share\interpreter\linkResolver.cpp, line 773]
Event: 2.863 Thread 0x000001ef9d725010 Exception <a 'java/lang/NoSuchMethodError'{0x000000071022c808}: 'java.lang.Object java.lang.invoke.DirectMethodHandle$Holder.invokeStaticInit(java.lang.Object, int, java.lang.Object)'> (0x000000071022c808) 
thrown [s\open\src\hotspot\share\interpreter\linkResolver.cpp, line 773]

ZGC Phase Switch (0 events):
No events

VM Operations (20 events):
Event: 1.533 Executing VM operation: HandshakeAllThreads (Deoptimize)
Event: 1.533 Executing VM operation: HandshakeAllThreads (Deoptimize) done
Event: 1.627 Executing VM operation: HandshakeAllThreads (Deoptimize)
Event: 1.627 Executing VM operation: HandshakeAllThreads (Deoptimize) done
Event: 2.635 Executing VM operation: Cleanup
Event: 2.635 Executing VM operation: Cleanup done
Event: 2.830 Executing VM operation: HandshakeAllThreads (Deoptimize)
Event: 2.830 Executing VM operation: HandshakeAllThreads (Deoptimize) done
Event: 2.834 Executing VM operation: HandshakeAllThreads (Deoptimize)
Event: 2.834 Executing VM operation: HandshakeAllThreads (Deoptimize) done
Event: 2.834 Executing VM operation: HandshakeAllThreads (Deoptimize)
Event: 2.834 Executing VM operation: HandshakeAllThreads (Deoptimize) done
Event: 3.211 Executing VM operation: HandshakeAllThreads (Deoptimize)
Event: 3.211 Executing VM operation: HandshakeAllThreads (Deoptimize) done
Event: 3.409 Executing VM operation: HandshakeAllThreads (Deoptimize)
Event: 3.410 Executing VM operation: HandshakeAllThreads (Deoptimize) done
Event: 3.458 Executing VM operation: G1CollectForAllocation (G1 Evacuation Pause)
Event: 3.465 Executing VM operation: G1CollectForAllocation (G1 Evacuation Pause) done
Event: 3.522 Executing VM operation: HandshakeAllThreads (Deoptimize)
Event: 3.522 Executing VM operation: HandshakeAllThreads (Deoptimize) done

Events (18 events):
Event: 0.038 Thread 0x000001ef369cd660 Thread added: 0x000001ef369cd660
Event: 0.058 Thread 0x000001ef57d61eb0 Thread added: 0x000001ef57d61eb0
Event: 0.058 Thread 0x000001ef57d66a20 Thread added: 0x000001ef57d66a20
Event: 0.058 Thread 0x000001ef57d70a70 Thread added: 0x000001ef57d70a70
Event: 0.058 Thread 0x000001ef57d714c0 Thread added: 0x000001ef57d714c0
Event: 0.058 Thread 0x000001ef57d71f10 Thread added: 0x000001ef57d71f10
Event: 0.058 Thread 0x000001ef57d72960 Thread added: 0x000001ef57d72960
Event: 0.059 Thread 0x000001ef57d7e840 Thread added: 0x000001ef57d7e840
Event: 0.059 Thread 0x000001ef57d84030 Thread added: 0x000001ef57d84030
Event: 0.180 Thread 0x000001ef57d2fc90 Thread added: 0x000001ef57d2fc90
Event: 0.272 Thread 0x000001ef57d84700 Thread added: 0x000001ef57d84700
Event: 0.352 Thread 0x000001ef9d3e6840 Thread added: 0x000001ef9d3e6840
Event: 0.352 Thread 0x000001ef9d3e6ea0 Thread added: 0x000001ef9d3e6ea0
Event: 0.747 Thread 0x000001ef57d84dd0 Thread added: 0x000001ef57d84dd0
Event: 1.219 Thread 0x000001ef9e0abb00 Thread added: 0x000001ef9e0abb00
Event: 1.222 Thread 0x000001ef9d725010 Thread added: 0x000001ef9d725010
Event: 1.677 Thread 0x000001ef9e14ea80 Thread added: 0x000001ef9e14ea80
Event: 2.841 Thread 0x000001ef9e5139a0 Thread added: 0x000001ef9e5139a0


Dynamic libraries:
0x00007ff7fd2d0000 - 0x00007ff7fd2e0000 	C:\Program Files\Java\jdk-21\bin\java.exe
0x00007ff9018c0000 - 0x00007ff901b23000 	C:\WINDOWS\SYSTEM32\ntdll.dll
0x00007ff9010d0000 - 0x00007ff901197000 	C:\WINDOWS\System32\KERNEL32.DLL
0x00007ff8fed90000 - 0x00007ff8ff159000 	C:\WINDOWS\System32\KERNELBASE.dll
0x00007ff8feac0000 - 0x00007ff8fec0c000 	C:\WINDOWS\System32\ucrtbase.dll
0x00007ff8f6550000 - 0x00007ff8f6569000 	C:\Program Files\Java\jdk-21\bin\jli.dll
0x00007ff8f6530000 - 0x00007ff8f654b000 	C:\Program Files\Java\jdk-21\bin\VCRUNTIME140.dll
0x00007ff900350000 - 0x00007ff900402000 	C:\WINDOWS\System32\ADVAPI32.dll
0x00007ff900ec0000 - 0x00007ff900f69000 	C:\WINDOWS\System32\msvcrt.dll
0x00007ff901390000 - 0x00007ff901436000 	C:\WINDOWS\System32\sechost.dll
0x00007ff9016d0000 - 0x00007ff9017e6000 	C:\WINDOWS\System32\RPCRT4.dll
0x00007ff9011c0000 - 0x00007ff90138a000 	C:\WINDOWS\System32\USER32.dll
0x00007ff8e8300000 - 0x00007ff8e8590000 	C:\WINDOWS\WinSxS\amd64_microsoft.windows.common-controls_6595b64144ccf1df_6.0.26100.3323_none_3e088096e3344490\COMCTL32.dll
0x00007ff8ff370000 - 0x00007ff8ff397000 	C:\WINDOWS\System32\win32u.dll
0x00007ff8ff6e0000 - 0x00007ff8ff70a000 	C:\WINDOWS\System32\GDI32.dll
0x00007ff8ff460000 - 0x00007ff8ff591000 	C:\WINDOWS\System32\gdi32full.dll
0x00007ff8ff630000 - 0x00007ff8ff6d3000 	C:\WINDOWS\System32\msvcp_win.dll
0x00007ff8f4190000 - 0x00007ff8f419b000 	C:\WINDOWS\SYSTEM32\VERSION.dll
0x00007ff901800000 - 0x00007ff90182f000 	C:\WINDOWS\System32\IMM32.DLL
0x00007ff8f7c80000 - 0x00007ff8f7c8c000 	C:\Program Files\Java\jdk-21\bin\vcruntime140_1.dll
0x00007ff8f38f0000 - 0x00007ff8f397e000 	C:\Program Files\Java\jdk-21\bin\msvcp140.dll
0x00007ff8694e0000 - 0x00007ff86a1fa000 	C:\Program Files\Java\jdk-21\bin\server\jvm.dll
0x00007ff8ff710000 - 0x00007ff8ff784000 	C:\WINDOWS\System32\WS2_32.dll
0x00007ff8fe970000 - 0x00007ff8fe9be000 	C:\WINDOWS\SYSTEM32\POWRPROF.dll
0x00007ff8e9e60000 - 0x00007ff8e9e96000 	C:\WINDOWS\SYSTEM32\WINMM.dll
0x00007ff8fe950000 - 0x00007ff8fe964000 	C:\WINDOWS\SYSTEM32\UMPDC.dll
0x00007ff8fd8a0000 - 0x00007ff8fd8ba000 	C:\WINDOWS\SYSTEM32\kernel.appcore.dll
0x00007ff8f64f0000 - 0x00007ff8f64fa000 	C:\Program Files\Java\jdk-21\bin\jimage.dll
0x00007ff8fbec0000 - 0x00007ff8fc101000 	C:\WINDOWS\SYSTEM32\DBGHELP.DLL
0x00007ff8ff790000 - 0x00007ff8ffb12000 	C:\WINDOWS\System32\combase.dll
0x00007ff901440000 - 0x00007ff901516000 	C:\WINDOWS\System32\OLEAUT32.dll
0x00007ff8e1240000 - 0x00007ff8e1279000 	C:\WINDOWS\SYSTEM32\dbgcore.DLL
0x00007ff8ff2d0000 - 0x00007ff8ff369000 	C:\WINDOWS\System32\bcryptPrimitives.dll
0x00007ff8f4df0000 - 0x00007ff8f4dff000 	C:\Program Files\Java\jdk-21\bin\instrument.dll
0x00007ff8f51d0000 - 0x00007ff8f51ef000 	C:\Program Files\Java\jdk-21\bin\java.dll
0x00007ff900410000 - 0x00007ff900b25000 	C:\WINDOWS\System32\SHELL32.dll
0x00007ff8ff160000 - 0x00007ff8ff2c8000 	C:\WINDOWS\System32\wintypes.dll
0x00007ff8fc780000 - 0x00007ff8fcfc5000 	C:\WINDOWS\SYSTEM32\windows.storage.dll
0x00007ff8ffba0000 - 0x00007ff8ffc8b000 	C:\WINDOWS\System32\SHCORE.dll
0x00007ff900c30000 - 0x00007ff900c8d000 	C:\WINDOWS\System32\shlwapi.dll
0x00007ff8fe9d0000 - 0x00007ff8fe9ff000 	C:\WINDOWS\SYSTEM32\profapi.dll
0x00007ff8debf0000 - 0x00007ff8decc7000 	C:\Program Files\Java\jdk-21\bin\jsvml.dll
0x00007ff8f48f0000 - 0x00007ff8f4908000 	C:\Program Files\Java\jdk-21\bin\zip.dll
0x00007ff8f4e00000 - 0x00007ff8f4e10000 	C:\Program Files\Java\jdk-21\bin\net.dll
0x00007ff8f21d0000 - 0x00007ff8f22ee000 	C:\WINDOWS\SYSTEM32\WINHTTP.dll
0x00007ff8fdda0000 - 0x00007ff8fde0a000 	C:\WINDOWS\system32\mswsock.dll
0x00007ff8f4910000 - 0x00007ff8f4926000 	C:\Program Files\Java\jdk-21\bin\nio.dll
0x00007ff8ecda0000 - 0x00007ff8ecdba000 	C:\Users\pc\AppData\Local\JetBrains\IntelliJ IDEA Community Edition 2024.1.3\bin\breakgen64.dll
0x00007ff8f2f70000 - 0x00007ff8f2f79000 	C:\Program Files\Java\jdk-21\bin\extnet.dll
0x00007ff8ecd90000 - 0x00007ff8ecd9a000 	C:\Program Files\Java\jdk-21\bin\management.dll
0x00007ff8e65c0000 - 0x00007ff8e65cb000 	C:\Program Files\Java\jdk-21\bin\management_ext.dll
0x00007ff9011b0000 - 0x00007ff9011b8000 	C:\WINDOWS\System32\PSAPI.DLL
0x00007ff8fd2c0000 - 0x00007ff8fd2f3000 	C:\WINDOWS\SYSTEM32\IPHLPAPI.DLL
0x00007ff9011a0000 - 0x00007ff9011aa000 	C:\WINDOWS\System32\NSI.dll
0x00007ff8fd300000 - 0x00007ff8fd425000 	C:\WINDOWS\SYSTEM32\DNSAPI.dll

dbghelp: loaded successfully - version: 4.0.5 - missing functions: none
symbol engine: initialized successfully - sym options: 0x614 - pdb path: .;C:\Program Files\Java\jdk-21\bin;C:\WINDOWS\SYSTEM32;C:\WINDOWS\WinSxS\amd64_microsoft.windows.common-controls_6595b64144ccf1df_6.0.26100.3323_none_3e088096e3344490;C:\Program Files\Java\jdk-21\bin\server;C:\Users\pc\AppData\Local\JetBrains\IntelliJ IDEA Community Edition 2024.1.3\bin

VM Arguments:
jvm_args: -javaagent:C:\Users\pc\AppData\Local\JetBrains\IntelliJ IDEA Community Edition 2024.1.3\lib\idea_rt.jar=51359:C:\Users\pc\AppData\Local\JetBrains\IntelliJ IDEA Community Edition 2024.1.3\bin -Dfile.encoding=UTF-8 
java_command: com.blogwebsite.user.ServiceUserApplication
java_class_path (initial): C:\Users\pc\Desktop\Quillist-sem-4\final-quillist\Quillist-\serviceUser\target\classes;C:\Users\pc\.m2\repository\org\springframework\boot\spring-boot-starter-data-jpa\3.4.3\spring-boot-starter-data-jpa-3.4.3.jar;C:\Users\pc\.m2\repository\org\springframework\boot\spring-boot-starter\3.4.3\spring-boot-starter-3.4.3.jar;C:\Users\pc\.m2\repository\org\springframework\boot\spring-boot-starter-logging\3.4.3\spring-boot-starter-logging-3.4.3.jar;C:\Users\pc\.m2\repository\ch\qos\logback\logback-classic\1.5.16\logback-classic-1.5.16.jar;C:\Users\pc\.m2\repository\ch\qos\logback\logback-core\1.5.16\logback-core-1.5.16.jar;C:\Users\pc\.m2\repository\org\apache\logging\log4j\log4j-to-slf4j\2.24.3\log4j-to-slf4j-2.24.3.jar;C:\Users\pc\.m2\repository\org\apache\logging\log4j\log4j-api\2.24.3\log4j-api-2.24.3.jar;C:\Users\pc\.m2\repository\org\slf4j\jul-to-slf4j\2.0.16\jul-to-slf4j-2.0.16.jar;C:\Users\pc\.m2\repository\jakarta\annotation\jakarta.annotation-api\2.1.1\jakarta.annotation-api-2.1.1.jar;C:\Users\pc\.m2\repository\org\yaml\snakeyaml\2.3\snakeyaml-2.3.jar;C:\Users\pc\.m2\repository\org\springframework\boot\spring-boot-starter-jdbc\3.4.3\spring-boot-starter-jdbc-3.4.3.jar;C:\Users\pc\.m2\repository\com\zaxxer\HikariCP\5.1.0\HikariCP-5.1.0.jar;C:\Users\pc\.m2\repository\org\springframework\spring-jdbc\6.2.3\spring-jdbc-6.2.3.jar;C:\Users\pc\.m2\repository\org\hibernate\orm\hibernate-core\6.6.8.Final\hibernate-core-6.6.8.Final.jar;C:\Users\pc\.m2\repository\jakarta\persistence\jakarta.persistence-api\3.1.0\jakarta.persistence-api-3.1.0.jar;C:\Users\pc\.m2\repository\jakarta\transaction\jakarta.transaction-api\2.0.1\jakarta.transaction-api-2.0.1.jar;C:\Users\pc\.m2\repository\org\jboss\logging\jboss-logging\3.6.1.Final\jboss-logging-3.6.1.Final.jar;C:\Users\pc\.m2\repository\org\hibernate\common\hibernate-commons-annotations\7.0.3.Final\hibernate-commons-annotations-7.0.3.Final.jar;C:\Users\pc\.m2\repository\io\smallrye\jandex\3.2.0\jandex-3.2.0.jar;C:\Users\pc\.m2\repository\com\fasterxml\classmate\1.7.0\classmate-1.7.0.jar;C:\Users\pc\.m2\repository\net\bytebuddy\byte-buddy\1.15.11\byte-buddy-1.15.11.jar;C:\Users\pc\.m2\repository\org\glassfish\jaxb\jaxb-runtime\4.0.5\jaxb-runtime-4.0.5.jar;C:\Users\pc\.m2\repository\org\glassfish\jaxb\jaxb-core\4.0.5\jaxb-core-4.0.5.jar;C:\Users\pc\.m2\repository\org\eclipse\angus\angus-activation\2.0.2\angus-activation-2.0.2.jar;C:\Users\pc\.m2\repository\org\glassfish\jaxb\txw2\4.0.5\txw2-4.0.5.jar;C:\Users\pc\.m2\repository\com\sun\istack\istack-commons-runtime\4.1.2\istack-commons-runtime-4.1.2.jar;C:\Users\pc\.m2\repository\jakarta\inject\jakarta.inject-api\2.0.1\jakarta.inject-api-2.0.1.jar;C:\Users\pc\.m2\repository\org\antlr\antlr4-runtime\4.13.0\antlr4-runtime-4.13.0.jar;C:\Users\pc\.m2\repository\org\springframework\data\spring-data-jpa\3.4.3\spring-data-jpa-3.4.3.jar;C:\Users\pc\.m2\repository\org\springframework\data\spring-data-commons\3.4.3\spring-data-commons-3.4.3.jar;C:\Users\pc\.m2\repository\org\springframework\spring-orm\6.2.3\spring-orm-6.2.3.jar;C:\Users\pc\.m2\repository\org\springframework\spring-context\6.2.3\spring-context-6.2.3.jar;C:\Users\pc\.m2\repository\org\springframework\spring-aop\6.2.3\spring-aop-6.2.3.jar;C:\Users\pc\.m2\repository\org\springframework\spring-tx\6.2.3\spring-tx-6.2.3.jar;C:\Users\pc\.m2\repository\org\springframework\spring-beans\6.2.3\spring-beans-6.2.3.jar;C:\Users\pc\.m2\repository\org\slf4j\slf4j-api\2.0.16\slf4j-api-2.0.16.jar;C:\Users\pc\.m2\repository\org\springframework\spring-aspects\6.2.3\spring-aspects-6.2.3.jar;C:\Users\pc\.m2\repository\org\aspectj\aspectjweaver\1.9.22.1\aspectjweaver-1.9.22.1.jar;C:\Users\pc\.m2\repository\org\springframework\boot\spring-boot-starter-web\3.4.3\spring-boot-starter-web-3.4.3.jar;C:\Users\pc\.m2\repository\org\springframework\boot\spring-boot-starter-json\3.4.3\spring-boot-starter-json-3.4.3.jar;C:\Users\pc\.m2\repository\com\fasterxml\jackson\core\jackson-databind\2.18.2\jackson-databind-2.18.2.jar;C:\Users\pc\.m2\repository\com\fasterxml\jackson\core\jackson-annotations\2.18.2\jackson-annotations-2.18.2.jar;C:\Users\pc\.m2\repository\com\fasterxml\jackson\core\jackson-core\2.18.2\jackson-core-2.18.2.jar;C:\Users\pc\.m2\repository\com\fasterxml\jackson\datatype\jackson-datatype-jdk8\2.18.2\jackson-datatype-jdk8-2.18.2.jar;C:\Users\pc\.m2\repository\com\fasterxml\jackson\datatype\jackson-datatype-jsr310\2.18.2\jackson-datatype-jsr310-2.18.2.jar;C:\Users\pc\.m2\repository\com\fasterxml\jackson\module\jackson-module-parameter-names\2.18.2\jackson-module-parameter-names-2.18.2.jar;C:\Users\pc\.m2\repository\org\springframework\boot\spring-boot-starter-tomcat\3.4.3\spring-boot-starter-tomcat-3.4.3.jar;C:\Users\pc\.m2\repository\org\apache\tomcat\embed\tomcat-embed-core\10.1.36\tomcat-embed-core-10.1.36.jar;C:\Users\pc\.m2\repository\org\apache\tomcat\embed\tomcat-embed-el\10.1.36\tomcat-embed-el-10.1.36.jar;C:\Users\pc\.m2\repository\org\apache\tomcat\embed\tomcat-embed-websocket\10.1.36\tomcat-embed-websocket-10.1.36.jar;C:\Users\pc\.m2\repository\org\springframework\spring-web\6.2.3\spring-web-6.2.3.jar;C:\Users\pc\.m2\repository\io\micrometer\micrometer-observation\1.14.4\micrometer-observation-1.14.4.jar;C:\Users\pc\.m2\repository\io\micrometer\micrometer-commons\1.14.4\micrometer-commons-1.14.4.jar;C:\Users\pc\.m2\repository\org\springframework\spring-webmvc\6.2.3\spring-webmvc-6.2.3.jar;C:\Users\pc\.m2\repository\org\springframework\spring-expression\6.2.3\spring-expression-6.2.3.jar;C:\Users\pc\.m2\repository\org\springframework\boot\spring-boot-devtools\3.4.3\spring-boot-devtools-3.4.3.jar;C:\Users\pc\.m2\repository\org\springframework\boot\spring-boot\3.4.3\spring-boot-3.4.3.jar;C:\Users\pc\.m2\repository\org\springframework\boot\spring-boot-autoconfigure\3.4.3\spring-boot-autoconfigure-3.4.3.jar;C:\Users\pc\.m2\repository\com\mysql\mysql-connector-j\9.1.0\mysql-connector-j-9.1.0.jar;C:\Users\pc\.m2\repository\jakarta\xml\bind\jakarta.xml.bind-api\4.0.2\jakarta.xml.bind-api-4.0.2.jar;C:\Users\pc\.m2\repository\jakarta\activation\jakarta.activation-api\2.1.3\jakarta.activation-api-2.1.3.jar;C:\Users\pc\.m2\repository\org\springframework\spring-core\6.2.3\spring-core-6.2.3.jar;C:\Users\pc\.m2\repository\org\springframework\spring-jcl\6.2.3\spring-jcl-6.2.3.jar;C:\Users\pc\.m2\repository\org\springframework\cloud\spring-cloud-starter-openfeign\4.2.0\spring-cloud-starter-openfeign-4.2.0.jar;C:\Users\pc\.m2\repository\org\springframework\cloud\spring-cloud-starter\4.2.0\spring-cloud-starter-4.2.0.jar;C:\Users\pc\.m2\repository\org\springframework\cloud\spring-cloud-context\4.2.0\spring-cloud-context-4.2.0.jar;C:\Users\pc\.m2\repository\org\bouncycastle\bcprov-jdk18on\1.78.1\bcprov-jdk18on-1.78.1.jar;C:\Users\pc\.m2\repository\org\springframework\cloud\spring-cloud-openfeign-core\4.2.0\spring-cloud-openfeign-core-4.2.0.jar;C:\Users\pc\.m2\repository\io\github\openfeign\feign-form-spring\13.5\feign-form-spring-13.5.jar;C:\Users\pc\.m2\repository\io\github\openfeign\feign-form\13.5\feign-form-13.5.jar;C:\Users\pc\.m2\repository\commons-fileupload\commons-fileupload\1.5\commons-fileupload-1.5.jar;C:\Users\pc\.m2\repository\commons-io\commons-io\2.11.0\commons-io-2.11.0.jar;C:\Users\pc\.m2\repository\org\springframework\cloud\spring-cloud-commons\4.2.0\spring-cloud-commons-4.2.0.jar;C:\Users\pc\.m2\repository\org\springframework\security\spring-security-crypto\6.4.3\spring-security-crypto-6.4.3.jar;C:\Users\pc\.m2\repository\io\github\openfeign\feign-core\13.5\feign-core-13.5.jar;C:\Users\pc\.m2\repository\io\github\openfeign\feign-slf4j\13.5\feign-slf4j-13.5.jar
Launcher Type: SUN_STANDARD

[Global flags]
     intx CICompilerCount                          = 4                                         {product} {ergonomic}
     uint ConcGCThreads                            = 2                                         {product} {ergonomic}
     uint G1ConcRefinementThreads                  = 8                                         {product} {ergonomic}
   size_t G1HeapRegionSize                         = 2097152                                   {product} {ergonomic}
    uintx GCDrainStackTargetSize                   = 64                                        {product} {ergonomic}
   size_t InitialHeapSize                          = 266338304                                 {product} {ergonomic}
   size_t MarkStackSize                            = 4194304                                   {product} {ergonomic}
   size_t MaxHeapSize                              = 4259315712                                {product} {ergonomic}
   size_t MaxNewSize                               = 2554331136                                {product} {ergonomic}
   size_t MinHeapDeltaBytes                        = 2097152                                   {product} {ergonomic}
   size_t MinHeapSize                              = 8388608                                   {product} {ergonomic}
    uintx NonNMethodCodeHeapSize                   = 5839372                                {pd product} {ergonomic}
    uintx NonProfiledCodeHeapSize                  = 122909434                              {pd product} {ergonomic}
    uintx ProfiledCodeHeapSize                     = 122909434                              {pd product} {ergonomic}
    uintx ReservedCodeCacheSize                    = 251658240                              {pd product} {ergonomic}
     bool SegmentedCodeCache                       = true                                      {product} {ergonomic}
   size_t SoftMaxHeapSize                          = 4259315712                             {manageable} {ergonomic}
     bool UseCompressedOops                        = true                           {product lp64_product} {ergonomic}
     bool UseG1GC                                  = true                                      {product} {ergonomic}
     bool UseLargePagesIndividualAllocation        = false                                  {pd product} {ergonomic}

Logging:
Log output configuration:
 #0: stdout all=warning uptime,level,tags foldmultilines=false
 #1: stderr all=off uptime,level,tags foldmultilines=false

Environment Variables:
CLASSPATH=C:\Program Files\Java\jdk-17\bin
PATH=C:\Program Files\Common Files\Oracle\Java\javapath;C:\Program Files (x86)\Common Files\Oracle\Java\javapath;C:\Program Files (x86)\VMware\VMware Player\bin\;C:\oraclexe\app\oracle\product\11.2.0\server\bin;C:\WINDOWS\system32;C:\WINDOWS;C:\WINDOWS\System32\Wbem;C:\WINDOWS\System32\WindowsPowerShell\v1.0\;C:\WINDOWS\System32\OpenSSH\;C:\Program Files\dotnet\;C:\Program Files (x86)\Intel\Intel(R) Management Engine Components\DAL;C:\Program Files\Intel\Intel(R) Management Engine Components\DAL;C:\Program Files\Git\cmd;C:\Program Files\nodejs;C:\MinGW\bin;C:\Program Files\Java\jdk1.8.0_202\bin\;D:\software\Nodejs\;C:\Program Files\Microsoft SQL Server\130\Tools\Binn\;E:\XAMPP\mysql\bin;D:\Intelije\IntelliJ IDEA Community Edition 2024.1.3\bin;C:\Program Files\MongoDB\mongosh-2.3.2-win32-x64\bin;C:\Program Files (x86)\Microsoft SQL Server\100\Tools\Binn\;C:\Program Files\Microsoft SQL Server\100\Tools\Binn\;C:\Program Files\Microsoft SQL Server\100\DTS\Binn\;C:\Program Files\Java\jdk-21\bin;C:\Program Files\MySQL\MySQL Shell 8.0\bin\;C:\Users\pc\AppData\Local\Programs\Python\Python312\Scripts\;C:\Users\pc\AppData\Local\Programs\Python\Python312\;C:\Users\pc\AppData\Local\Programs\Python\Launcher\;C:\Users\pc\AppData\Local\Microsoft\WindowsApps;C:\Users\pc\AppData\Local\Programs\Microsoft VS Code\bin;C:\MinGW\bin;C:\Users\pc\AppData\Roaming\npm;C:\Users\pc\AppData\Local\GitHubDesktop\bin;C:\Users\pc\AppData\Local\JetBrains\IntelliJ IDEA Community Edition 2024.1.3\bin;;D:\Nmap;C:\Program Files\Java\jdk-17\bin;D:\Intelije\IntelliJ IDEA Community Edition 2024.1.3\bin;
USERNAME=pc
OS=Windows_NT
PROCESSOR_IDENTIFIER=Intel64 Family 6 Model 142 Stepping 10, GenuineIntel
TMP=C:\Users\pc\AppData\Local\Temp
TEMP=C:\Users\pc\AppData\Local\Temp




Periodic native trim disabled

---------------  S Y S T E M  ---------------

OS:
 Windows 11 , 64 bit Build 26100 (10.0.26100.3323)
OS uptime: 0 days 2:41 hours
Hyper-V role detected

CPU: total 8 (initial active 8) (4 cores per cpu, 2 threads per core) family 6 model 142 stepping 10 microcode 0xf0, cx8, cmov, fxsr, ht, mmx, 3dnowpref, sse, sse2, sse3, ssse3, sse4.1, sse4.2, popcnt, lzcnt, tsc, tscinvbit, avx, avx2, aes, erms, clmul, bmi1, bmi2, rtm, adx, fma, vzeroupper, clflush, clflushopt, hv, rdtscp, f16c
Processor Information for all 8 processors :
  Max Mhz: 2112, Current Mhz: 1910, Mhz Limit: 1900

Memory: 4k page, system-wide physical 16242M (4520M free)
TotalPageFile size 16242M (AvailPageFile size 5M)
current process WorkingSet (physical memory assigned to process): 158M, peak: 158M
current process commit charge ("private bytes"): 390M, peak: 390M

vm_info: Java HotSpot(TM) 64-Bit Server VM (21.0.6+8-LTS-188) for windows-amd64 JRE (21.0.6+8-LTS-188), built on 2024-12-03T10:50:54Z by "mach5one" with MS VC++ 17.6 (VS2022)

END.
