#
# There is insufficient memory for the Java Runtime Environment to continue.
# Native memory allocation (malloc) failed to allocate 485376 bytes for Chunk::new
# Possible reasons:
#   The system is out of physical RAM or swap space
#   The process is running with CompressedOops enabled, and the Java Heap may be blocking the growth of the native heap
# Possible solutions:
#   Reduce memory load on the system
#   Increase physical memory or swap space
#   Check if swap backing store is full
#   Decrease Java heap size (-Xmx/-Xms)
#   Decrease number of Java threads
#   Decrease Java thread stack sizes (-Xss)
#   Set larger code cache with -XX:ReservedCodeCacheSize=
#   JVM is running with Zero Based Compressed Oops mode in which the Java heap is
#     placed in the first 32GB address space. The Java Heap base address is the
#     maximum limit for the native heap growth. Please use -XX:HeapBaseMinAddress
#     to set the Java Heap base and to place the Java Heap above 32GB virtual address.
# This output file may be truncated or incomplete.
#
#  Out of Memory Error (arena.cpp:168), pid=6680, tid=17284
#
# JRE version: Java(TM) SE Runtime Environment (21.0.6+8) (build 21.0.6+8-LTS-188)
# Java VM: Java HotSpot(TM) 64-Bit Server VM (21.0.6+8-LTS-188, mixed mode, sharing, tiered, compressed oops, compressed class ptrs, g1 gc, windows-amd64)
# No core dump will be written. Minidumps are not enabled by default on client versions of Windows
#

---------------  S U M M A R Y ------------

Command Line: -javaagent:C:\Users\pc\AppData\Local\JetBrains\IntelliJ IDEA Community Edition 2024.1.3\lib\idea_rt.jar=8158:C:\Users\pc\AppData\Local\JetBrains\IntelliJ IDEA Community Edition 2024.1.3\bin -Dfile.encoding=UTF-8 com.blogwebsite.user.ServiceUserApplication

Host: Intel(R) Core(TM) i7-8650U CPU @ 1.90GHz, 8 cores, 15G,  Windows 11 , 64 bit Build 26100 (10.0.26100.3624)
Time: Sat Apr 12 06:57:16 2025 India Standard Time elapsed time: 1466.395472 seconds (0d 0h 24m 26s)

---------------  T H R E A D  ---------------

Current thread (0x0000017428877f20):  JavaThread "C2 CompilerThread0" daemon [_thread_in_native, id=17284, stack(0x0000000724200000,0x0000000724300000) (1024K)]


Current CompileTask:
C2:1466395 8532   !   4       java.util.concurrent.ThreadPoolExecutor::getTask (177 bytes)

Stack: [0x0000000724200000,0x0000000724300000]
Native frames: (J=compiled Java code, j=interpreted, Vv=VM code, C=native code)
V  [jvm.dll+0x6ca6d9]
V  [jvm.dll+0x854f51]
V  [jvm.dll+0x85747e]
V  [jvm.dll+0x857b53]
V  [jvm.dll+0x27dcc6]
V  [jvm.dll+0xc4c2d]
V  [jvm.dll+0xc5163]
V  [jvm.dll+0x2f0fbd]
V  [jvm.dll+0x5f546a]
V  [jvm.dll+0x24f8a2]
V  [jvm.dll+0x248456]
V  [jvm.dll+0x245df4]
V  [jvm.dll+0x1c6d2e]
V  [jvm.dll+0x2554f9]
V  [jvm.dll+0x253a8a]
V  [jvm.dll+0x3ee576]
V  [jvm.dll+0x7ff2fb]
V  [jvm.dll+0x6c8dbd]
C  [ucrtbase.dll+0x37b0]
C  [KERNEL32.DLL+0x2e8d7]
C  [ntdll.dll+0xb14fc]


---------------  P R O C E S S  ---------------

Threads class SMR info:
_java_thread_list=0x0000017471b97fd0, length=38, elements={
0x0000017428868400, 0x000001742886f220, 0x00000174288703b0, 0x0000017428873500,
0x0000017428876110, 0x0000017428876ff0, 0x0000017428877f20, 0x000001742887d1a0,
0x0000017428aa3fb0, 0x000001746e422f70, 0x000001746e4235d0, 0x0000017471049990,
0x00000174710485e0, 0x0000017471048c70, 0x00000174738d8110, 0x00000174738dc2b0,
0x00000174738daf00, 0x00000174738ddcf0, 0x00000174738da870, 0x00000174738dbc20,
0x00000174738d8e30, 0x00000174738df730, 0x00000174738dea10, 0x00000174738dc940,
0x00000174738de380, 0x00000174738df0a0, 0x0000017470837610, 0x0000017470839050,
0x000001747083b120, 0x0000017470839d70, 0x000001747083aa90, 0x0000017470837ca0,
0x000001747083b7b0, 0x00000174708396e0, 0x000001747083a400, 0x0000017470838330,
0x00000174708389c0, 0x000001747083c4d0
}

Java Threads: ( => current thread )
  0x0000017428868400 JavaThread "Reference Handler"          daemon [_thread_blocked, id=21340, stack(0x0000000723c00000,0x0000000723d00000) (1024K)]
  0x000001742886f220 JavaThread "Finalizer"                  daemon [_thread_blocked, id=22036, stack(0x0000000723d00000,0x0000000723e00000) (1024K)]
  0x00000174288703b0 JavaThread "Signal Dispatcher"          daemon [_thread_blocked, id=24380, stack(0x0000000723e00000,0x0000000723f00000) (1024K)]
  0x0000017428873500 JavaThread "Attach Listener"            daemon [_thread_blocked, id=4024, stack(0x0000000723f00000,0x0000000724000000) (1024K)]
  0x0000017428876110 JavaThread "Service Thread"             daemon [_thread_blocked, id=19700, stack(0x0000000724000000,0x0000000724100000) (1024K)]
  0x0000017428876ff0 JavaThread "Monitor Deflation Thread"   daemon [_thread_blocked, id=11876, stack(0x0000000724100000,0x0000000724200000) (1024K)]
=>0x0000017428877f20 JavaThread "C2 CompilerThread0"         daemon [_thread_in_native, id=17284, stack(0x0000000724200000,0x0000000724300000) (1024K)]
  0x000001742887d1a0 JavaThread "C1 CompilerThread0"         daemon [_thread_blocked, id=23344, stack(0x0000000724300000,0x0000000724400000) (1024K)]
  0x0000017428aa3fb0 JavaThread "Common-Cleaner"             daemon [_thread_blocked, id=25540, stack(0x0000000724400000,0x0000000724500000) (1024K)]
  0x000001746e422f70 JavaThread "Monitor Ctrl-Break"         daemon [_thread_in_native, id=16560, stack(0x0000000724500000,0x0000000724600000) (1024K)]
  0x000001746e4235d0 JavaThread "Notification Thread"        daemon [_thread_blocked, id=4368, stack(0x0000000724600000,0x0000000724700000) (1024K)]
  0x0000017471049990 JavaThread "Catalina-utility-1"                [_thread_blocked, id=1908, stack(0x0000000725300000,0x0000000725400000) (1024K)]
  0x00000174710485e0 JavaThread "Catalina-utility-2"                [_thread_blocked, id=17244, stack(0x0000000725400000,0x0000000725500000) (1024K)]
  0x0000017471048c70 JavaThread "container-0"                       [_thread_blocked, id=5656, stack(0x0000000725500000,0x0000000725600000) (1024K)]
  0x00000174738d8110 JavaThread "mysql-cj-abandoned-connection-cleanup" daemon [_thread_blocked, id=8532, stack(0x0000000725600000,0x0000000725700000) (1024K)]
  0x00000174738dc2b0 JavaThread "HikariPool-1 housekeeper"   daemon [_thread_blocked, id=12740, stack(0x0000000725800000,0x0000000725900000) (1024K)]
  0x00000174738daf00 JavaThread "File Watcher"               daemon [_thread_blocked, id=5724, stack(0x0000000725a00000,0x0000000725b00000) (1024K)]
  0x00000174738ddcf0 JavaThread "spectator-gauge-polling-0"  daemon [_thread_blocked, id=19308, stack(0x0000000725c00000,0x0000000725d00000) (1024K)]
  0x00000174738da870 JavaThread "AsyncResolver-bootstrap-%d" daemon [_thread_blocked, id=2572, stack(0x0000000725d00000,0x0000000725e00000) (1024K)]
  0x00000174738dbc20 JavaThread "DiscoveryClient-%d"         daemon [_thread_blocked, id=10716, stack(0x0000000725100000,0x0000000725200000) (1024K)]
  0x00000174738d8e30 JavaThread "DiscoveryClient-%d"         daemon [_thread_blocked, id=18888, stack(0x0000000725700000,0x0000000725800000) (1024K)]
  0x00000174738df730 JavaThread "DiscoveryClient-InstanceInfoReplicator-%d" daemon [_thread_blocked, id=25580, stack(0x0000000725e00000,0x0000000725f00000) (1024K)]
  0x00000174738dea10 JavaThread "http-nio-8087-exec-1"       daemon [_thread_blocked, id=23320, stack(0x0000000725f00000,0x0000000726000000) (1024K)]
  0x00000174738dc940 JavaThread "http-nio-8087-exec-2"       daemon [_thread_blocked, id=5528, stack(0x0000000726000000,0x0000000726100000) (1024K)]
  0x00000174738de380 JavaThread "http-nio-8087-exec-3"       daemon [_thread_blocked, id=11164, stack(0x0000000726100000,0x0000000726200000) (1024K)]
  0x00000174738df0a0 JavaThread "http-nio-8087-exec-4"       daemon [_thread_blocked, id=23188, stack(0x0000000726200000,0x0000000726300000) (1024K)]
  0x0000017470837610 JavaThread "http-nio-8087-exec-5"       daemon [_thread_blocked, id=3396, stack(0x0000000726300000,0x0000000726400000) (1024K)]
  0x0000017470839050 JavaThread "http-nio-8087-exec-6"       daemon [_thread_blocked, id=25284, stack(0x0000000726400000,0x0000000726500000) (1024K)]
  0x000001747083b120 JavaThread "http-nio-8087-exec-7"       daemon [_thread_blocked, id=16376, stack(0x0000000726500000,0x0000000726600000) (1024K)]
  0x0000017470839d70 JavaThread "http-nio-8087-exec-8"       daemon [_thread_blocked, id=25112, stack(0x0000000726600000,0x0000000726700000) (1024K)]
  0x000001747083aa90 JavaThread "http-nio-8087-exec-9"       daemon [_thread_blocked, id=2244, stack(0x0000000726700000,0x0000000726800000) (1024K)]
  0x0000017470837ca0 JavaThread "http-nio-8087-exec-10"      daemon [_thread_blocked, id=22840, stack(0x0000000726800000,0x0000000726900000) (1024K)]
  0x000001747083b7b0 JavaThread "http-nio-8087-Poller"       daemon [_thread_in_native, id=19000, stack(0x0000000726900000,0x0000000726a00000) (1024K)]
  0x00000174708396e0 JavaThread "http-nio-8087-Acceptor"     daemon [_thread_in_native, id=11316, stack(0x0000000726a00000,0x0000000726b00000) (1024K)]
  0x000001747083a400 JavaThread "DestroyJavaVM"                     [_thread_blocked, id=23284, stack(0x0000000723400000,0x0000000723500000) (1024K)]
  0x0000017470838330 JavaThread "DiscoveryClient-CacheRefreshExecutor-%d" daemon [_thread_blocked, id=24700, stack(0x0000000723100000,0x0000000723200000) (1024K)]
  0x00000174708389c0 JavaThread "DiscoveryClient-HeartbeatExecutor-%d" daemon [_thread_blocked, id=16236, stack(0x0000000723200000,0x0000000723300000) (1024K)]
  0x000001747083c4d0 JavaThread "AsyncResolver-bootstrap-executor-%d" daemon [_thread_blocked, id=6428, stack(0x0000000724f00000,0x0000000725000000) (1024K)]
Total: 38

Other Threads:
  0x000001742884d0c0 VMThread "VM Thread"                           [id=22904, stack(0x0000000723b00000,0x0000000723c00000) (1024K)]
  0x000001742883c5e0 WatcherThread "VM Periodic Task Thread"        [id=8880, stack(0x0000000723a00000,0x0000000723b00000) (1024K)]
  0x000001740976ffd0 WorkerThread "GC Thread#0"                     [id=18464, stack(0x0000000723500000,0x0000000723600000) (1024K)]
  0x000001746e6e1150 WorkerThread "GC Thread#1"                     [id=6160, stack(0x0000000724900000,0x0000000724a00000) (1024K)]
  0x000001746e6bcc60 WorkerThread "GC Thread#2"                     [id=16000, stack(0x0000000724a00000,0x0000000724b00000) (1024K)]
  0x000001746e5ef760 WorkerThread "GC Thread#3"                     [id=25000, stack(0x0000000724b00000,0x0000000724c00000) (1024K)]
  0x000001746e69e2d0 WorkerThread "GC Thread#4"                     [id=25152, stack(0x0000000724c00000,0x0000000724d00000) (1024K)]
  0x000001746e7f9650 WorkerThread "GC Thread#5"                     [id=25224, stack(0x0000000724d00000,0x0000000724e00000) (1024K)]
  0x000001746e7c2390 WorkerThread "GC Thread#6"                     [id=20456, stack(0x0000000724e00000,0x0000000724f00000) (1024K)]
  0x000001746eefabb0 WorkerThread "GC Thread#7"                     [id=23616, stack(0x0000000724800000,0x0000000724900000) (1024K)]
  0x0000017409781c80 ConcurrentGCThread "G1 Main Marker"            [id=21632, stack(0x0000000723600000,0x0000000723700000) (1024K)]
  0x0000017409782780 WorkerThread "G1 Conc#0"                       [id=21788, stack(0x0000000723700000,0x0000000723800000) (1024K)]
  0x000001746fed4070 WorkerThread "G1 Conc#1"                       [id=10804, stack(0x0000000725200000,0x0000000725300000) (1024K)]
  0x00000174287021f0 ConcurrentGCThread "G1 Refine#0"               [id=9584, stack(0x0000000723800000,0x0000000723900000) (1024K)]
  0x0000017428702a10 ConcurrentGCThread "G1 Service"                [id=340, stack(0x0000000723900000,0x0000000723a00000) (1024K)]
Total: 15

Threads with active compile tasks:
C2 CompilerThread0  1466626 8532   !   4       java.util.concurrent.ThreadPoolExecutor::getTask (177 bytes)
Total: 1

VM state: not at safepoint (normal execution)

VM Mutex/Monitor currently owned by a thread: None

Heap address: 0x00000004d6c00000, size: 4062 MB, Compressed Oops mode: Zero based, Oop shift amount: 3

CDS archive(s) mapped at: [0x0000017429000000-0x0000017429c90000-0x0000017429c90000), size 13172736, SharedBaseAddress: 0x0000017429000000, ArchiveRelocationMode: 1.
Compressed class space mapped at: 0x000001742a000000-0x000001746a000000, reserved size: 1073741824
Narrow klass base: 0x0000017429000000, Narrow klass shift: 0, Narrow klass range: 0x100000000

GC Precious Log:
 CardTable entry size: 512
 Card Set container configuration: InlinePtr #cards 4 size 8 Array Of Cards #cards 16 size 48 Howl #buckets 8 coarsen threshold 3686 Howl Bitmap #cards 512 size 80 coarsen threshold 460 Card regions per heap region 1 cards per card region 4096
 CPUs: 8 total, 8 available
 Memory: 16242M
 Large Page Support: Disabled
 NUMA Support: Disabled
 Compressed Oops: Enabled (Zero based)
 Heap Region Size: 2M
 Heap Min Capacity: 8M
 Heap Initial Capacity: 254M
 Heap Max Capacity: 4062M
 Pre-touch: Disabled
 Parallel Workers: 8
 Concurrent Workers: 2
 Concurrent Refinement Workers: 8
 Periodic GC: Disabled

Heap:
 garbage-first heap   total 86016K, used 63778K [0x00000004d6c00000, 0x00000005d4a00000)
  region size 2048K, 11 young (22528K), 2 survivors (4096K)
 Metaspace       used 86007K, committed 86848K, reserved 1179648K
  class space    used 11568K, committed 11968K, reserved 1048576K

Heap Regions: E=young(eden), S=young(survivor), O=old, HS=humongous(starts), HC=humongous(continues), CS=collection set, F=free, TAMS=top-at-mark-start, PB=parsable bottom
|   0|0x00000004d6c00000, 0x00000004d6e00000, 0x00000004d6e00000|100%| O|  |TAMS 0x00000004d6c00000| PB 0x00000004d6c00000| Untracked 
|   1|0x00000004d6e00000, 0x00000004d7000000, 0x00000004d7000000|100%| O|  |TAMS 0x00000004d6e00000| PB 0x00000004d6e00000| Untracked 
|   2|0x00000004d7000000, 0x00000004d7200000, 0x00000004d7200000|100%| O|  |TAMS 0x00000004d7000000| PB 0x00000004d7000000| Untracked 
|   3|0x00000004d7200000, 0x00000004d7400000, 0x00000004d7400000|100%| O|  |TAMS 0x00000004d7200000| PB 0x00000004d7200000| Untracked 
|   4|0x00000004d7400000, 0x00000004d7600000, 0x00000004d7600000|100%| O|  |TAMS 0x00000004d7400000| PB 0x00000004d7400000| Untracked 
|   5|0x00000004d7600000, 0x00000004d7800000, 0x00000004d7800000|100%| O|  |TAMS 0x00000004d7600000| PB 0x00000004d7600000| Untracked 
|   6|0x00000004d7800000, 0x00000004d79e5e40, 0x00000004d7a00000| 94%| O|  |TAMS 0x00000004d7800000| PB 0x00000004d7800000| Untracked 
|   7|0x00000004d7a00000, 0x00000004d7c00000, 0x00000004d7c00000|100%| O|  |TAMS 0x00000004d7a00000| PB 0x00000004d7a00000| Untracked 
|   8|0x00000004d7c00000, 0x00000004d7e00000, 0x00000004d7e00000|100%| O|  |TAMS 0x00000004d7c00000| PB 0x00000004d7c00000| Untracked 
|   9|0x00000004d7e00000, 0x00000004d8000000, 0x00000004d8000000|100%| O|  |TAMS 0x00000004d7e00000| PB 0x00000004d7e00000| Untracked 
|  10|0x00000004d8000000, 0x00000004d8200000, 0x00000004d8200000|100%| O|  |TAMS 0x00000004d8000000| PB 0x00000004d8000000| Untracked 
|  11|0x00000004d8200000, 0x00000004d8400000, 0x00000004d8400000|100%| O|  |TAMS 0x00000004d8200000| PB 0x00000004d8200000| Untracked 
|  12|0x00000004d8400000, 0x00000004d8600000, 0x00000004d8600000|100%| O|  |TAMS 0x00000004d8400000| PB 0x00000004d8400000| Untracked 
|  13|0x00000004d8600000, 0x00000004d8800000, 0x00000004d8800000|100%| O|  |TAMS 0x00000004d8600000| PB 0x00000004d8600000| Untracked 
|  14|0x00000004d8800000, 0x00000004d8a00000, 0x00000004d8a00000|100%| O|  |TAMS 0x00000004d8800000| PB 0x00000004d8800000| Untracked 
|  15|0x00000004d8a00000, 0x00000004d8c00000, 0x00000004d8c00000|100%| O|  |TAMS 0x00000004d8a00000| PB 0x00000004d8a00000| Untracked 
|  16|0x00000004d8c00000, 0x00000004d8e00000, 0x00000004d8e00000|100%| O|  |TAMS 0x00000004d8c00000| PB 0x00000004d8c00000| Untracked 
|  17|0x00000004d8e00000, 0x00000004d8e00000, 0x00000004d9000000|  0%| F|  |TAMS 0x00000004d8e00000| PB 0x00000004d8e00000| Untracked 
|  18|0x00000004d9000000, 0x00000004d9000000, 0x00000004d9200000|  0%| F|  |TAMS 0x00000004d9000000| PB 0x00000004d9000000| Untracked 
|  19|0x00000004d9200000, 0x00000004d9400000, 0x00000004d9400000|100%| O|  |TAMS 0x00000004d9200000| PB 0x00000004d9200000| Untracked 
|  20|0x00000004d9400000, 0x00000004d9600000, 0x00000004d9600000|100%| O|  |TAMS 0x00000004d9400000| PB 0x00000004d9400000| Untracked 
|  21|0x00000004d9600000, 0x00000004d9800000, 0x00000004d9800000|100%| O|  |TAMS 0x00000004d9600000| PB 0x00000004d9600000| Untracked 
|  22|0x00000004d9800000, 0x00000004d9a00000, 0x00000004d9a00000|100%| O|  |TAMS 0x00000004d9800000| PB 0x00000004d9800000| Untracked 
|  23|0x00000004d9a00000, 0x00000004d9c00000, 0x00000004d9c00000|100%| O|  |TAMS 0x00000004d9a00000| PB 0x00000004d9a00000| Untracked 
|  24|0x00000004d9c00000, 0x00000004d9c4b680, 0x00000004d9e00000| 14%| O|  |TAMS 0x00000004d9c00000| PB 0x00000004d9c00000| Untracked 
|  25|0x00000004d9e00000, 0x00000004d9e00000, 0x00000004da000000|  0%| F|  |TAMS 0x00000004d9e00000| PB 0x00000004d9e00000| Untracked 
|  26|0x00000004da000000, 0x00000004da0173a0, 0x00000004da200000|  4%| S|CS|TAMS 0x00000004da000000| PB 0x00000004da000000| Complete 
|  27|0x00000004da200000, 0x00000004da400000, 0x00000004da400000|100%| S|CS|TAMS 0x00000004da200000| PB 0x00000004da200000| Complete 
|  28|0x00000004da400000, 0x00000004da400000, 0x00000004da600000|  0%| F|  |TAMS 0x00000004da400000| PB 0x00000004da400000| Untracked 
|  29|0x00000004da600000, 0x00000004da600000, 0x00000004da800000|  0%| F|  |TAMS 0x00000004da600000| PB 0x00000004da600000| Untracked 
|  30|0x00000004da800000, 0x00000004da800000, 0x00000004daa00000|  0%| F|  |TAMS 0x00000004da800000| PB 0x00000004da800000| Untracked 
|  31|0x00000004daa00000, 0x00000004daa00000, 0x00000004dac00000|  0%| F|  |TAMS 0x00000004daa00000| PB 0x00000004daa00000| Untracked 
|  32|0x00000004dac00000, 0x00000004dac00000, 0x00000004dae00000|  0%| F|  |TAMS 0x00000004dac00000| PB 0x00000004dac00000| Untracked 
|  33|0x00000004dae00000, 0x00000004daf2df08, 0x00000004db000000| 58%| E|  |TAMS 0x00000004dae00000| PB 0x00000004dae00000| Complete 
|  34|0x00000004db000000, 0x00000004db200000, 0x00000004db200000|100%| E|CS|TAMS 0x00000004db000000| PB 0x00000004db000000| Complete 
|  35|0x00000004db200000, 0x00000004db400000, 0x00000004db400000|100%| E|CS|TAMS 0x00000004db200000| PB 0x00000004db200000| Complete 
|  36|0x00000004db400000, 0x00000004db600000, 0x00000004db600000|100%| E|CS|TAMS 0x00000004db400000| PB 0x00000004db400000| Complete 
|  37|0x00000004db600000, 0x00000004db800000, 0x00000004db800000|100%| E|CS|TAMS 0x00000004db600000| PB 0x00000004db600000| Complete 
| 110|0x00000004e4800000, 0x00000004e4a00000, 0x00000004e4a00000|100%| E|CS|TAMS 0x00000004e4800000| PB 0x00000004e4800000| Complete 
| 111|0x00000004e4a00000, 0x00000004e4c00000, 0x00000004e4c00000|100%| E|CS|TAMS 0x00000004e4a00000| PB 0x00000004e4a00000| Complete 
| 112|0x00000004e4c00000, 0x00000004e4e00000, 0x00000004e4e00000|100%| E|CS|TAMS 0x00000004e4c00000| PB 0x00000004e4c00000| Complete 
| 126|0x00000004e6800000, 0x00000004e6a00000, 0x00000004e6a00000|100%| E|CS|TAMS 0x00000004e6800000| PB 0x00000004e6800000| Complete 

Card table byte_map: [0x00000174216b0000,0x0000017421ea0000] _byte_map_base: 0x000001741effa000

Marking Bits: (CMBitMap*) 0x00000174097706d0
 Bits: [0x0000017421ea0000, 0x0000017425e18000)

Polling page: 0x0000017408ec0000

Metaspace:

Usage:
  Non-class:     72.69 MB used.
      Class:     11.30 MB used.
       Both:     83.99 MB used.

Virtual space:
  Non-class space:      128.00 MB reserved,      73.12 MB ( 57%) committed,  2 nodes.
      Class space:        1.00 GB reserved,      11.69 MB (  1%) committed,  1 nodes.
             Both:        1.12 GB reserved,      84.81 MB (  7%) committed. 

Chunk freelists:
   Non-Class:  6.62 MB
       Class:  4.23 MB
        Both:  10.86 MB

MaxMetaspaceSize: unlimited
CompressedClassSpaceSize: 1.00 GB
Initial GC threshold: 21.00 MB
Current GC threshold: 135.12 MB
CDS: on
 - commit_granule_bytes: 65536.
 - commit_granule_words: 8192.
 - virtual_space_node_default_size: 8388608.
 - enlarge_chunks_in_place: 1.
 - use_allocation_guard: 0.


Internal statistics:

num_allocs_failed_limit: 9.
num_arena_births: 1148.
num_arena_deaths: 0.
num_vsnodes_births: 3.
num_vsnodes_deaths: 0.
num_space_committed: 1357.
num_space_uncommitted: 0.
num_chunks_returned_to_freelist: 9.
num_chunks_taken_from_freelist: 4169.
num_chunk_merges: 9.
num_chunk_splits: 3036.
num_chunks_enlarged: 2382.
num_inconsistent_stats: 0.

CodeHeap 'non-profiled nmethods': size=120000Kb used=4960Kb max_used=5397Kb free=115040Kb
 bounds [0x0000017419650000, 0x0000017419ba0000, 0x0000017420b80000]
CodeHeap 'profiled nmethods': size=120000Kb used=14282Kb max_used=14282Kb free=105717Kb
 bounds [0x0000017411b80000, 0x0000017412980000, 0x00000174190b0000]
CodeHeap 'non-nmethods': size=5760Kb used=1747Kb max_used=1858Kb free=4012Kb
 bounds [0x00000174190b0000, 0x0000017419320000, 0x0000017419650000]
 total_blobs=7995 nmethods=7233 adapters=666
 compilation: enabled
              stopped_count=0, restarted_count=0
 full_count=0

Compilation events (20 events):
Event: 1432.632 Thread 0x0000017428877f20 nmethod 8522 0x0000017419992690 code [0x0000017419992880, 0x0000017419992c30]
Event: 1437.984 Thread 0x0000017428877f20 8523       4       org.springframework.boot.devtools.filewatch.DirectorySnapshot::filter (72 bytes)
Event: 1437.986 Thread 0x0000017428877f20 nmethod 8523 0x0000017419912590 code [0x0000017419912720, 0x00000174199127d0]
Event: 1444.884 Thread 0x000001742887d1a0 8524       3       org.springframework.http.converter.json.AbstractJackson2HttpMessageConverter::getJavaType (13 bytes)
Event: 1444.885 Thread 0x000001742887d1a0 nmethod 8524 0x000001741296f910 code [0x000001741296fb00, 0x000001741296fe00]
Event: 1444.885 Thread 0x000001742887d1a0 8525       3       org.springframework.util.MultiValueMapAdapter::set (30 bytes)
Event: 1444.886 Thread 0x000001742887d1a0 nmethod 8525 0x000001741296ff90 code [0x00000174129701a0, 0x0000017412970868]
Event: 1444.951 Thread 0x000001742887d1a0 8526       3       com.fasterxml.jackson.core.sym.ByteQuadsCanonicalizer::_verifyLongName (206 bytes)
Event: 1444.954 Thread 0x000001742887d1a0 nmethod 8526 0x0000017412970b10 code [0x0000017412970d60, 0x0000017412971718]
Event: 1444.954 Thread 0x000001742887d1a0 8527       3       org.springframework.http.ReadOnlyHttpHeaders$$Lambda/0x000001742aac2270::accept (16 bytes)
Event: 1444.954 Thread 0x000001742887d1a0 nmethod 8527 0x0000017412971c10 code [0x0000017412971de0, 0x0000017412972268]
Event: 1444.954 Thread 0x000001742887d1a0 8528       3       org.springframework.http.ReadOnlyHttpHeaders::lambda$forEach$0 (12 bytes)
Event: 1444.955 Thread 0x000001742887d1a0 nmethod 8528 0x0000017412972390 code [0x0000017412972540, 0x0000017412972748]
Event: 1444.955 Thread 0x000001742887d1a0 8529       3       org.apache.hc.client5.http.impl.classic.CloseableHttpResponse::getEntity (10 bytes)
Event: 1444.955 Thread 0x000001742887d1a0 nmethod 8529 0x0000017412972810 code [0x00000174129729c0, 0x0000017412972ba0]
Event: 1458.597 Thread 0x0000017428877f20 8530       4       java.util.concurrent.locks.AbstractQueuedSynchronizer$Node::clearStatus (12 bytes)
Event: 1458.599 Thread 0x0000017428877f20 nmethod 8530 0x0000017419912290 code [0x0000017419912420, 0x00000174199124b0]
Event: 1461.596 Thread 0x0000017428877f20 8531       4       java.util.concurrent.ThreadPoolExecutor$Worker::unlock (7 bytes)
Event: 1461.601 Thread 0x0000017428877f20 nmethod 8531 0x0000017419911e10 code [0x0000017419911fc0, 0x0000017419912150]
Event: 1463.280 Thread 0x0000017428877f20 8532   !   4       java.util.concurrent.ThreadPoolExecutor::getTask (177 bytes)

GC Heap History (20 events):
Event: 22.629 GC heap before
{Heap before GC invocations=11 (full 0):
 garbage-first heap   total 75776K, used 63787K [0x00000004d6c00000, 0x00000005d4a00000)
  region size 2048K, 17 young (34816K), 2 survivors (4096K)
 Metaspace       used 54118K, committed 54656K, reserved 1114112K
  class space    used 6941K, committed 7168K, reserved 1048576K
}
Event: 22.641 GC heap after
{Heap after GC invocations=12 (full 0):
 garbage-first heap   total 75776K, used 35242K [0x00000004d6c00000, 0x00000005d4a00000)
  region size 2048K, 3 young (6144K), 3 survivors (6144K)
 Metaspace       used 54118K, committed 54656K, reserved 1114112K
  class space    used 6941K, committed 7168K, reserved 1048576K
}
Event: 23.949 GC heap before
{Heap before GC invocations=12 (full 0):
 garbage-first heap   total 75776K, used 51626K [0x00000004d6c00000, 0x00000005d4a00000)
  region size 2048K, 12 young (24576K), 3 survivors (6144K)
 Metaspace       used 59717K, committed 60288K, reserved 1114112K
  class space    used 7898K, committed 8128K, reserved 1048576K
}
Event: 23.955 GC heap after
{Heap after GC invocations=13 (full 0):
 garbage-first heap   total 75776K, used 36547K [0x00000004d6c00000, 0x00000005d4a00000)
  region size 2048K, 1 young (2048K), 1 survivors (2048K)
 Metaspace       used 59717K, committed 60288K, reserved 1114112K
  class space    used 7898K, committed 8128K, reserved 1048576K
}
Event: 26.024 GC heap before
{Heap before GC invocations=14 (full 0):
 garbage-first heap   total 75776K, used 65219K [0x00000004d6c00000, 0x00000005d4a00000)
  region size 2048K, 15 young (30720K), 1 survivors (2048K)
 Metaspace       used 66592K, committed 67200K, reserved 1114112K
  class space    used 8877K, committed 9152K, reserved 1048576K
}
Event: 26.031 GC heap after
{Heap after GC invocations=15 (full 0):
 garbage-first heap   total 75776K, used 38396K [0x00000004d6c00000, 0x00000005d4a00000)
  region size 2048K, 2 young (4096K), 2 survivors (4096K)
 Metaspace       used 66592K, committed 67200K, reserved 1114112K
  class space    used 8877K, committed 9152K, reserved 1048576K
}
Event: 28.570 GC heap before
{Heap before GC invocations=15 (full 0):
 garbage-first heap   total 75776K, used 62972K [0x00000004d6c00000, 0x00000005d4a00000)
  region size 2048K, 14 young (28672K), 2 survivors (4096K)
 Metaspace       used 69183K, committed 69824K, reserved 1114112K
  class space    used 9237K, committed 9536K, reserved 1048576K
}
Event: 28.582 GC heap after
{Heap after GC invocations=16 (full 0):
 garbage-first heap   total 75776K, used 40779K [0x00000004d6c00000, 0x00000005d4a00000)
  region size 2048K, 2 young (4096K), 2 survivors (4096K)
 Metaspace       used 69183K, committed 69824K, reserved 1114112K
  class space    used 9237K, committed 9536K, reserved 1048576K
}
Event: 30.173 GC heap before
{Heap before GC invocations=16 (full 0):
 garbage-first heap   total 75776K, used 63307K [0x00000004d6c00000, 0x00000005d4a00000)
  region size 2048K, 13 young (26624K), 2 survivors (4096K)
 Metaspace       used 72492K, committed 73152K, reserved 1114112K
  class space    used 9706K, committed 9984K, reserved 1048576K
}
Event: 30.182 GC heap after
{Heap after GC invocations=17 (full 0):
 garbage-first heap   total 75776K, used 42985K [0x00000004d6c00000, 0x00000005d4a00000)
  region size 2048K, 2 young (4096K), 2 survivors (4096K)
 Metaspace       used 72492K, committed 73152K, reserved 1114112K
  class space    used 9706K, committed 9984K, reserved 1048576K
}
Event: 32.371 GC heap before
{Heap before GC invocations=18 (full 0):
 garbage-first heap   total 79872K, used 61417K [0x00000004d6c00000, 0x00000005d4a00000)
  region size 2048K, 12 young (24576K), 2 survivors (4096K)
 Metaspace       used 74567K, committed 75264K, reserved 1114112K
  class space    used 10015K, committed 10304K, reserved 1048576K
}
Event: 32.383 GC heap after
{Heap after GC invocations=19 (full 0):
 garbage-first heap   total 79872K, used 45769K [0x00000004d6c00000, 0x00000005d4a00000)
  region size 2048K, 2 young (4096K), 2 survivors (4096K)
 Metaspace       used 74567K, committed 75264K, reserved 1114112K
  class space    used 10015K, committed 10304K, reserved 1048576K
}
Event: 63.555 GC heap before
{Heap before GC invocations=19 (full 0):
 garbage-first heap   total 79872K, used 68297K [0x00000004d6c00000, 0x00000005d4a00000)
  region size 2048K, 13 young (26624K), 2 survivors (4096K)
 Metaspace       used 79218K, committed 80000K, reserved 1179648K
  class space    used 10656K, committed 11008K, reserved 1048576K
}
Event: 63.566 GC heap after
{Heap after GC invocations=20 (full 0):
 garbage-first heap   total 79872K, used 46032K [0x00000004d6c00000, 0x00000005d4a00000)
  region size 2048K, 1 young (2048K), 1 survivors (2048K)
 Metaspace       used 79218K, committed 80000K, reserved 1179648K
  class space    used 10656K, committed 11008K, reserved 1048576K
}
Event: 396.285 GC heap before
{Heap before GC invocations=20 (full 0):
 garbage-first heap   total 79872K, used 68560K [0x00000004d6c00000, 0x00000005d4a00000)
  region size 2048K, 13 young (26624K), 1 survivors (2048K)
 Metaspace       used 82088K, committed 82944K, reserved 1179648K
  class space    used 11056K, committed 11456K, reserved 1048576K
}
Event: 396.293 GC heap after
{Heap after GC invocations=21 (full 0):
 garbage-first heap   total 79872K, used 46953K [0x00000004d6c00000, 0x00000005d4a00000)
  region size 2048K, 2 young (4096K), 2 survivors (4096K)
 Metaspace       used 82088K, committed 82944K, reserved 1179648K
  class space    used 11056K, committed 11456K, reserved 1048576K
}
Event: 490.708 GC heap before
{Heap before GC invocations=22 (full 0):
 garbage-first heap   total 86016K, used 65385K [0x00000004d6c00000, 0x00000005d4a00000)
  region size 2048K, 12 young (24576K), 2 survivors (4096K)
 Metaspace       used 85750K, committed 86656K, reserved 1179648K
  class space    used 11568K, committed 11968K, reserved 1048576K
}
Event: 490.717 GC heap after
{Heap after GC invocations=23 (full 0):
 garbage-first heap   total 86016K, used 48184K [0x00000004d6c00000, 0x00000005d4a00000)
  region size 2048K, 2 young (4096K), 2 survivors (4096K)
 Metaspace       used 85750K, committed 86656K, reserved 1179648K
  class space    used 11568K, committed 11968K, reserved 1048576K
}
Event: 1054.497 GC heap before
{Heap before GC invocations=23 (full 0):
 garbage-first heap   total 86016K, used 72760K [0x00000004d6c00000, 0x00000005d4a00000)
  region size 2048K, 14 young (28672K), 2 survivors (4096K)
 Metaspace       used 85914K, committed 86720K, reserved 1179648K
  class space    used 11568K, committed 11968K, reserved 1048576K
}
Event: 1054.517 GC heap after
{Heap after GC invocations=24 (full 0):
 garbage-first heap   total 86016K, used 47394K [0x00000004d6c00000, 0x00000005d4a00000)
  region size 2048K, 2 young (4096K), 2 survivors (4096K)
 Metaspace       used 85914K, committed 86720K, reserved 1179648K
  class space    used 11568K, committed 11968K, reserved 1048576K
}

Dll operation events (14 events):
Event: 0.025 Loaded shared library C:\Program Files\Java\jdk-21\bin\java.dll
Event: 0.110 Loaded shared library C:\Program Files\Java\jdk-21\bin\jsvml.dll
Event: 0.761 Loaded shared library C:\Program Files\Java\jdk-21\bin\zip.dll
Event: 0.774 Loaded shared library C:\Program Files\Java\jdk-21\bin\instrument.dll
Event: 0.795 Loaded shared library C:\Program Files\Java\jdk-21\bin\net.dll
Event: 0.804 Loaded shared library C:\Program Files\Java\jdk-21\bin\nio.dll
Event: 0.817 Loaded shared library C:\Program Files\Java\jdk-21\bin\zip.dll
Event: 1.563 Loaded shared library C:\Program Files\Java\jdk-21\bin\jimage.dll
Event: 1.896 Loaded shared library C:\Users\pc\AppData\Local\JetBrains\IntelliJ IDEA Community Edition 2024.1.3\bin\breakgen64.dll
Event: 1.938 Loaded shared library C:\Program Files\Java\jdk-21\bin\extnet.dll
Event: 3.469 Loaded shared library C:\Program Files\Java\jdk-21\bin\management.dll
Event: 3.474 Loaded shared library C:\Program Files\Java\jdk-21\bin\management_ext.dll
Event: 7.858 Loaded shared library C:\Program Files\Java\jdk-21\bin\sunmscapi.dll
Event: 18.190 Loaded shared library C:\Program Files\Java\jdk-21\bin\verify.dll

Deoptimization events (20 events):
Event: 1235.941 Thread 0x0000017471049990 Uncommon trap: trap_request=0xffffffd6 fr.pc=0x00000174198e7468 relative=0x0000000000000548
Event: 1235.941 Thread 0x0000017471049990 Uncommon trap: reason=array_check action=maybe_recompile pc=0x00000174198e7468 method=java.util.concurrent.ScheduledThreadPoolExecutor$DelayedWorkQueue.siftDown(ILjava/util/concurrent/RunnableScheduledFuture;)V @ 93 c2
Event: 1235.941 Thread 0x0000017471049990 DEOPT PACKING pc=0x00000174198e7468 sp=0x00000007253fed00
Event: 1235.941 Thread 0x0000017471049990 DEOPT UNPACKING pc=0x00000174191046a2 sp=0x00000007253feca8 mode 2
Event: 1236.599 Thread 0x00000174710485e0 Uncommon trap: trap_request=0xffffffd6 fr.pc=0x00000174198e7468 relative=0x0000000000000548
Event: 1236.599 Thread 0x00000174710485e0 Uncommon trap: reason=array_check action=maybe_recompile pc=0x00000174198e7468 method=java.util.concurrent.ScheduledThreadPoolExecutor$DelayedWorkQueue.siftDown(ILjava/util/concurrent/RunnableScheduledFuture;)V @ 93 c2
Event: 1236.599 Thread 0x00000174710485e0 DEOPT PACKING pc=0x00000174198e7468 sp=0x00000007254feff0
Event: 1236.600 Thread 0x00000174710485e0 DEOPT UNPACKING pc=0x00000174191046a2 sp=0x00000007254fef98 mode 2
Event: 1236.944 Thread 0x0000017471049990 Uncommon trap: trap_request=0xffffffd6 fr.pc=0x00000174198e7468 relative=0x0000000000000548
Event: 1236.944 Thread 0x0000017471049990 Uncommon trap: reason=array_check action=maybe_recompile pc=0x00000174198e7468 method=java.util.concurrent.ScheduledThreadPoolExecutor$DelayedWorkQueue.siftDown(ILjava/util/concurrent/RunnableScheduledFuture;)V @ 93 c2
Event: 1236.944 Thread 0x0000017471049990 DEOPT PACKING pc=0x00000174198e7468 sp=0x00000007253fed00
Event: 1236.945 Thread 0x0000017471049990 DEOPT UNPACKING pc=0x00000174191046a2 sp=0x00000007253feca8 mode 2
Event: 1253.604 Thread 0x0000017471049990 Uncommon trap: trap_request=0xffffffd6 fr.pc=0x00000174198e6528 relative=0x0000000000000688
Event: 1253.604 Thread 0x0000017471049990 Uncommon trap: reason=array_check action=maybe_recompile pc=0x00000174198e6528 method=java.util.concurrent.ScheduledThreadPoolExecutor$DelayedWorkQueue.siftDown(ILjava/util/concurrent/RunnableScheduledFuture;)V @ 112 c2
Event: 1253.604 Thread 0x0000017471049990 DEOPT PACKING pc=0x00000174198e6528 sp=0x00000007253fed00
Event: 1253.604 Thread 0x0000017471049990 DEOPT UNPACKING pc=0x00000174191046a2 sp=0x00000007253feca8 mode 2
Event: 1254.576 Thread 0x00000174738ddcf0 Uncommon trap: trap_request=0xffffffd6 fr.pc=0x00000174198e6528 relative=0x0000000000000688
Event: 1254.576 Thread 0x00000174738ddcf0 Uncommon trap: reason=array_check action=maybe_recompile pc=0x00000174198e6528 method=java.util.concurrent.ScheduledThreadPoolExecutor$DelayedWorkQueue.siftDown(ILjava/util/concurrent/RunnableScheduledFuture;)V @ 112 c2
Event: 1254.576 Thread 0x00000174738ddcf0 DEOPT PACKING pc=0x00000174198e6528 sp=0x0000000725cfef60
Event: 1254.576 Thread 0x00000174738ddcf0 DEOPT UNPACKING pc=0x00000174191046a2 sp=0x0000000725cfef08 mode 2

Classes loaded (20 events):
Event: 378.646 Loading class javax/crypto/spec/PSource
Event: 378.646 Loading class javax/crypto/spec/PSource done
Event: 378.646 Loading class javax/crypto/spec/PSource$PSpecified
Event: 378.647 Loading class javax/crypto/spec/PSource$PSpecified done
Event: 378.647 Loading class javax/crypto/spec/OAEPParameterSpec
Event: 378.647 Loading class javax/crypto/spec/OAEPParameterSpec done
Event: 378.729 Loading class java/security/interfaces/EdECKey
Event: 378.729 Loading class java/security/interfaces/EdECKey done
Event: 378.880 Loading class com/sun/crypto/provider/HmacCore$HmacSHA256
Event: 378.880 Loading class com/sun/crypto/provider/HmacCore$HmacSHA256 done
Event: 397.106 Loading class java/util/stream/LongStream
Event: 397.107 Loading class java/util/stream/LongStream done
Event: 397.107 Loading class java/util/stream/DoubleStream
Event: 397.107 Loading class java/util/stream/DoubleStream done
Event: 397.139 Loading class java/text/ParsePosition
Event: 397.139 Loading class java/text/ParsePosition done
Event: 442.738 Loading class java/util/stream/ReduceOps$7
Event: 442.738 Loading class java/util/stream/ReduceOps$7 done
Event: 442.738 Loading class java/util/stream/ReduceOps$6ReducingSink
Event: 442.738 Loading class java/util/stream/ReduceOps$6ReducingSink done

Classes unloaded (0 events):
No events

Classes redefined (0 events):
No events

Internal exceptions (20 events):
Event: 32.101 Thread 0x000001746e9d6ed0 Exception <a 'java/lang/NoSuchMethodError'{0x00000004daaf2f50}: 'double java.lang.invoke.DirectMethodHandle$Holder.invokeVirtual(java.lang.Object, java.lang.Object)'> (0x00000004daaf2f50) 
thrown [s\open\src\hotspot\share\interpreter\linkResolver.cpp, line 773]
Event: 32.458 Thread 0x000001746e9d6ed0 Exception <a 'java/lang/NoSuchMethodError'{0x00000004e4c420f8}: 'java.lang.Object java.lang.invoke.DirectMethodHandle$Holder.invokeStatic(java.lang.Object, java.lang.Object, java.lang.Object, java.lang.Object, int, java.lang.Object, java.lang.Object)'> (0x00000004e4c420f8) 
thrown [s\open\src\hotspot\share\interpreter\linkResolver.cpp, line 773]
Event: 32.646 Thread 0x000001746e9d6ed0 Exception <a 'java/lang/NoSuchMethodError'{0x00000004e4dc6fb0}: 'int java.lang.invoke.DirectMethodHandle$Holder.invokeStatic(java.lang.Object, int, int, int, int)'> (0x00000004e4dc6fb0) 
thrown [s\open\src\hotspot\share\interpreter\linkResolver.cpp, line 773]
Event: 32.908 Thread 0x000001746e9d6ed0 Implicit null exception at 0x00000174198d9988 to 0x00000174198d9ebc
Event: 33.407 Thread 0x000001746e9d6ed0 Exception <a 'java/lang/NoSuchMethodError'{0x00000004daa02838}: 'java.lang.Object java.lang.invoke.DirectMethodHandle$Holder.invokeStatic(java.lang.Object, int, int)'> (0x00000004daa02838) 
thrown [s\open\src\hotspot\share\interpreter\linkResolver.cpp, line 773]
Event: 33.624 Thread 0x00000174738df730 Exception <a 'java/lang/NoSuchMethodError'{0x00000004da6f0448}: 'long java.lang.invoke.DelegatingMethodHandle$Holder.reinvoke_L(java.lang.Object, java.lang.Object)'> (0x00000004da6f0448) 
thrown [s\open\src\hotspot\share\interpreter\linkResolver.cpp, line 773]
Event: 63.553 Thread 0x0000017470838330 Exception <a 'java/lang/NoSuchMethodError'{0x00000004da1e5ac8}: 'long java.lang.invoke.DirectMethodHandle$Holder.invokeStatic(java.lang.Object, java.lang.Object, int)'> (0x00000004da1e5ac8) 
thrown [s\open\src\hotspot\share\interpreter\linkResolver.cpp, line 773]
Event: 63.554 Thread 0x0000017470838330 Exception <a 'java/lang/NoSuchMethodError'{0x00000004da1f00e8}: 'java.lang.Object java.lang.invoke.DelegatingMethodHandle$Holder.reinvoke_L(java.lang.Object, int, int, long, java.lang.Object, long, long, long)'> (0x00000004da1f00e8) 
thrown [s\open\src\hotspot\share\interpreter\linkResolver.cpp, line 773]
Event: 63.569 Thread 0x0000017470838330 Exception <a 'java/lang/NoSuchMethodError'{0x00000004e681e848}: 'java.lang.Object java.lang.invoke.DelegatingMethodHandle$Holder.reinvoke_L(java.lang.Object, java.lang.Object, java.lang.Object, java.lang.Object, java.lang.Object, java.lang.Object, java.lang.Object, java.lang.Object, java.lang.Object, java.lang.Object, java.lang.Object, java.lang.Object, java.lang.Object, java.lang.Object, int, java.lang.Object, java.lang.Object, java.lang.Object, java.lang.Object, java.lang.Object, java.lang.Object, java.l
Event: 63.575 Thread 0x0000017470838330 Exception <a 'java/lang/NoSuchMethodError'{0x00000004e68723d8}: 'java.lang.Object java.lang.invoke.DirectMethodHandle$Holder.invokeStatic(java.lang.Object, java.lang.Object, java.lang.Object, java.lang.Object, java.lang.Object, java.lang.Object, java.lang.Object, java.lang.Object, java.lang.Object, java.lang.Object, java.lang.Object, java.lang.Object, java.lang.Object)'> (0x00000004e68723d8) 
thrown [s\open\src\hotspot\share\interpreter\linkResolver.cpp, line 773]
Event: 63.577 Thread 0x0000017470838330 Exception <a 'java/lang/NoSuchMethodError'{0x00000004e68934d0}: 'java.lang.Object java.lang.invoke.DirectMethodHandle$Holder.invokeStatic(java.lang.Object, java.lang.Object, java.lang.Object, java.lang.Object, java.lang.Object, java.lang.Object, java.lang.Object, java.lang.Object, java.lang.Object, java.lang.Object, java.lang.Object, java.lang.Object, java.lang.Object, java.lang.Object)'> (0x00000004e68934d0) 
thrown [s\open\src\hotspot\share\interpreter\linkResolver.cpp, line 773]
Event: 63.578 Thread 0x0000017470838330 Exception <a 'java/lang/NoSuchMethodError'{0x00000004e68a9260}: 'java.lang.Object java.lang.invoke.DelegatingMethodHandle$Holder.reinvoke_L(java.lang.Object, java.lang.Object, java.lang.Object, java.lang.Object, java.lang.Object, java.lang.Object, java.lang.Object, java.lang.Object, java.lang.Object, java.lang.Object, java.lang.Object, java.lang.Object, java.lang.Object, java.lang.Object, java.lang.Object, java.lang.Object, java.lang.Object, java.lang.Object, java.lang.Object, java.lang.Object, java.lang.O
Event: 378.370 Thread 0x00000174738dea10 Exception <a 'java/lang/NoSuchMethodError'{0x00000004dabb21e0}: 'java.lang.Object java.lang.invoke.DirectMethodHandle$Holder.invokeSpecial(java.lang.Object, java.lang.Object, java.lang.Object, java.lang.Object, java.lang.Object, long)'> (0x00000004dabb21e0) 
thrown [s\open\src\hotspot\share\interpreter\linkResolver.cpp, line 773]
Event: 378.370 Thread 0x00000174738dea10 Exception <a 'java/lang/NoSuchMethodError'{0x00000004dabb5968}: 'java.lang.Object java.lang.invoke.Invokers$Holder.linkToTargetMethod(java.lang.Object, java.lang.Object, java.lang.Object, long, java.lang.Object)'> (0x00000004dabb5968) 
thrown [s\open\src\hotspot\share\interpreter\linkResolver.cpp, line 773]
Event: 396.931 Thread 0x0000017470839050 Exception <a 'java/lang/NoSuchMethodError'{0x00000004e487eb00}: 'void java.lang.invoke.DirectMethodHandle$Holder.invokeSpecialIFC(java.lang.Object, java.lang.Object, int, java.lang.Object, java.lang.Object, java.lang.Object, java.lang.Object)'> (0x00000004e487eb00) 
thrown [s\open\src\hotspot\share\interpreter\linkResolver.cpp, line 773]
Event: 397.386 Thread 0x0000017470839050 Implicit null exception at 0x0000017419b3a3a0 to 0x0000017419b3a6c8
Event: 442.707 Thread 0x000001747083b120 Exception <a 'java/lang/NoSuchMethodError'{0x00000004dae7df10}: 'java.lang.Object java.lang.invoke.Invokers$Holder.invoke_MT(java.lang.Object, java.lang.Object, java.lang.Object, java.lang.Object, java.lang.Object, java.lang.Object, java.lang.Object, java.lang.Object, java.lang.Object)'> (0x00000004dae7df10) 
thrown [s\open\src\hotspot\share\interpreter\linkResolver.cpp, line 773]
Event: 461.217 Thread 0x0000017470839d70 Exception <a 'java/lang/NoSuchMethodError'{0x00000004dac670b0}: 'java.lang.Object java.lang.invoke.DirectMethodHandle$Holder.invokeInterface(java.lang.Object, java.lang.Object, java.lang.Object, java.lang.Object)'> (0x00000004dac670b0) 
thrown [s\open\src\hotspot\share\interpreter\linkResolver.cpp, line 773]
Event: 461.223 Thread 0x0000017470839d70 Exception <a 'java/lang/IncompatibleClassChangeError'{0x00000004dac7dd28}: Found class java.lang.Object, but interface was expected> (0x00000004dac7dd28) 
thrown [s\open\src\hotspot\share\interpreter\linkResolver.cpp, line 840]
Event: 461.234 Thread 0x0000017470839d70 Exception <a 'java/lang/IncompatibleClassChangeError'{0x00000004dac8f030}: Found class java.lang.Object, but interface was expected> (0x00000004dac8f030) 
thrown [s\open\src\hotspot\share\interpreter\linkResolver.cpp, line 840]

ZGC Phase Switch (0 events):
No events

VM Operations (20 events):
Event: 1081.709 Executing VM operation: Cleanup
Event: 1081.709 Executing VM operation: Cleanup done
Event: 1084.728 Executing VM operation: Cleanup
Event: 1084.728 Executing VM operation: Cleanup done
Event: 1123.006 Executing VM operation: Cleanup
Event: 1123.006 Executing VM operation: Cleanup done
Event: 1133.089 Executing VM operation: Cleanup
Event: 1133.090 Executing VM operation: Cleanup done
Event: 1145.176 Executing VM operation: Cleanup
Event: 1145.176 Executing VM operation: Cleanup done
Event: 1175.369 Executing VM operation: Cleanup
Event: 1175.369 Executing VM operation: Cleanup done
Event: 1265.051 Executing VM operation: Cleanup
Event: 1265.051 Executing VM operation: Cleanup done
Event: 1295.289 Executing VM operation: Cleanup
Event: 1295.289 Executing VM operation: Cleanup done
Event: 1355.826 Executing VM operation: Cleanup
Event: 1355.826 Executing VM operation: Cleanup done
Event: 1434.476 Executing VM operation: Cleanup
Event: 1434.476 Executing VM operation: Cleanup done

Events (20 events):
Event: 396.399 Thread 0x000001742884d0c0 flushing nmethod 0x0000017411e55d10
Event: 396.399 Thread 0x000001742884d0c0 flushing nmethod 0x0000017411ea1810
Event: 396.399 Thread 0x000001742884d0c0 flushing nmethod 0x0000017411eeb510
Event: 396.399 Thread 0x000001742884d0c0 flushing nmethod 0x0000017411f09990
Event: 396.399 Thread 0x000001742884d0c0 flushing nmethod 0x0000017411f0a890
Event: 396.399 Thread 0x000001742884d0c0 flushing nmethod 0x000001741202b410
Event: 396.399 Thread 0x000001742884d0c0 flushing nmethod 0x000001741202bb90
Event: 396.399 Thread 0x000001742884d0c0 flushing nmethod 0x0000017412072090
Event: 396.399 Thread 0x000001742884d0c0 flushing nmethod 0x0000017412072810
Event: 396.399 Thread 0x000001742884d0c0 flushing nmethod 0x00000174120a9a10
Event: 396.399 Thread 0x000001742884d0c0 flushing nmethod 0x00000174120c7f10
Event: 396.399 Thread 0x000001742884d0c0 flushing nmethod 0x00000174120e3910
Event: 396.399 Thread 0x000001742884d0c0 flushing nmethod 0x000001741220d490
Event: 396.399 Thread 0x000001742884d0c0 flushing nmethod 0x00000174123a0a10
Event: 396.399 Thread 0x000001742884d0c0 flushing nmethod 0x00000174123a6090
Event: 396.399 Thread 0x000001742884d0c0 flushing nmethod 0x00000174123bb610
Event: 396.399 Thread 0x000001742884d0c0 flushing nmethod 0x00000174126ff490
Event: 396.570 Thread 0x00000174701e9a60 Thread exited: 0x00000174701e9a60
Event: 442.604 Thread 0x00000174701e9a60 Thread added: 0x00000174701e9a60
Event: 446.268 Thread 0x00000174701e9a60 Thread exited: 0x00000174701e9a60


Dynamic libraries:
0x00007ff7bb7f0000 - 0x00007ff7bb800000 	C:\Program Files\Java\jdk-21\bin\java.exe
0x00007ffd18a40000 - 0x00007ffd18ca0000 	C:\WINDOWS\SYSTEM32\ntdll.dll
0x00007ffd17a30000 - 0x00007ffd17af7000 	C:\WINDOWS\System32\KERNEL32.DLL
0x00007ffd16340000 - 0x00007ffd1670b000 	C:\WINDOWS\System32\KERNELBASE.dll
0x00007ffd15da0000 - 0x00007ffd15eeb000 	C:\WINDOWS\System32\ucrtbase.dll
0x00007ffcd80a0000 - 0x00007ffcd80bb000 	C:\Program Files\Java\jdk-21\bin\VCRUNTIME140.dll
0x00007ffcc0400000 - 0x00007ffcc0419000 	C:\Program Files\Java\jdk-21\bin\jli.dll
0x00007ffd16900000 - 0x00007ffd169b3000 	C:\WINDOWS\System32\ADVAPI32.dll
0x00007ffd18410000 - 0x00007ffd184b9000 	C:\WINDOWS\System32\msvcrt.dll
0x00007ffd18310000 - 0x00007ffd183b6000 	C:\WINDOWS\System32\sechost.dll
0x00007ffd17210000 - 0x00007ffd17326000 	C:\WINDOWS\System32\RPCRT4.dll
0x00007ffd176b0000 - 0x00007ffd1787c000 	C:\WINDOWS\System32\USER32.dll
0x00007ffd16260000 - 0x00007ffd16287000 	C:\WINDOWS\System32\win32u.dll
0x00007ffd013a0000 - 0x00007ffd01637000 	C:\WINDOWS\WinSxS\amd64_microsoft.windows.common-controls_6595b64144ccf1df_6.0.26100.3624_none_3e086962e3345f24\COMCTL32.dll
0x00007ffd184d0000 - 0x00007ffd184fa000 	C:\WINDOWS\System32\GDI32.dll
0x00007ffd16120000 - 0x00007ffd16251000 	C:\WINDOWS\System32\gdi32full.dll
0x00007ffd16290000 - 0x00007ffd16333000 	C:\WINDOWS\System32\msvcp_win.dll
0x00007ffd0a2b0000 - 0x00007ffd0a2bb000 	C:\WINDOWS\SYSTEM32\VERSION.dll
0x00007ffd17880000 - 0x00007ffd178af000 	C:\WINDOWS\System32\IMM32.DLL
0x00007ffd0b5f0000 - 0x00007ffd0b5fc000 	C:\Program Files\Java\jdk-21\bin\vcruntime140_1.dll
0x00007ffc94650000 - 0x00007ffc946de000 	C:\Program Files\Java\jdk-21\bin\msvcp140.dll
0x00007ffc705d0000 - 0x00007ffc712ea000 	C:\Program Files\Java\jdk-21\bin\server\jvm.dll
0x00007ffd185f0000 - 0x00007ffd18664000 	C:\WINDOWS\System32\WS2_32.dll
0x00007ffd15ac0000 - 0x00007ffd15b1e000 	C:\WINDOWS\SYSTEM32\POWRPROF.dll
0x00007ffd012f0000 - 0x00007ffd01326000 	C:\WINDOWS\SYSTEM32\WINMM.dll
0x00007ffd15aa0000 - 0x00007ffd15ab4000 	C:\WINDOWS\SYSTEM32\UMPDC.dll
0x00007ffd149f0000 - 0x00007ffd14a0a000 	C:\WINDOWS\SYSTEM32\kernel.appcore.dll
0x00007ffcf0ff0000 - 0x00007ffcf0ffa000 	C:\Program Files\Java\jdk-21\bin\jimage.dll
0x00007ffd13010000 - 0x00007ffd13251000 	C:\WINDOWS\SYSTEM32\DBGHELP.DLL
0x00007ffd18670000 - 0x00007ffd189f3000 	C:\WINDOWS\System32\combase.dll
0x00007ffd18510000 - 0x00007ffd185e6000 	C:\WINDOWS\System32\OLEAUT32.dll
0x00007ffcf88c0000 - 0x00007ffcf88f9000 	C:\WINDOWS\SYSTEM32\dbgcore.DLL
0x00007ffd16710000 - 0x00007ffd167a9000 	C:\WINDOWS\System32\bcryptPrimitives.dll
0x00007ffce1680000 - 0x00007ffce168f000 	C:\Program Files\Java\jdk-21\bin\instrument.dll
0x00007ffcb8970000 - 0x00007ffcb898f000 	C:\Program Files\Java\jdk-21\bin\java.dll
0x00007ffd17be0000 - 0x00007ffd18309000 	C:\WINDOWS\System32\SHELL32.dll
0x00007ffd15fb0000 - 0x00007ffd16118000 	C:\WINDOWS\System32\wintypes.dll
0x00007ffd138a0000 - 0x00007ffd140f2000 	C:\WINDOWS\SYSTEM32\windows.storage.dll
0x00007ffd17940000 - 0x00007ffd17a2d000 	C:\WINDOWS\System32\SHCORE.dll
0x00007ffd169c0000 - 0x00007ffd16a24000 	C:\WINDOWS\System32\shlwapi.dll
0x00007ffd15b30000 - 0x00007ffd15b5f000 	C:\WINDOWS\SYSTEM32\profapi.dll
0x00007ffc896c0000 - 0x00007ffc89797000 	C:\Program Files\Java\jdk-21\bin\jsvml.dll
0x00007ffcb6c60000 - 0x00007ffcb6c78000 	C:\Program Files\Java\jdk-21\bin\zip.dll
0x00007ffceb830000 - 0x00007ffceb840000 	C:\Program Files\Java\jdk-21\bin\net.dll
0x00007ffd082e0000 - 0x00007ffd083fd000 	C:\WINDOWS\SYSTEM32\WINHTTP.dll
0x00007ffd14ef0000 - 0x00007ffd14f5a000 	C:\WINDOWS\system32\mswsock.dll
0x00007ffcb8880000 - 0x00007ffcb8896000 	C:\Program Files\Java\jdk-21\bin\nio.dll
0x00007ffcb3560000 - 0x00007ffcb357a000 	C:\Users\pc\AppData\Local\JetBrains\IntelliJ IDEA Community Edition 2024.1.3\bin\breakgen64.dll
0x00007ffcd9b10000 - 0x00007ffcd9b19000 	C:\Program Files\Java\jdk-21\bin\extnet.dll
0x00007ffce00d0000 - 0x00007ffce00da000 	C:\Program Files\Java\jdk-21\bin\management.dll
0x00007ffcdb1a0000 - 0x00007ffcdb1ab000 	C:\Program Files\Java\jdk-21\bin\management_ext.dll
0x00007ffd168f0000 - 0x00007ffd168f8000 	C:\WINDOWS\System32\PSAPI.DLL
0x00007ffd14400000 - 0x00007ffd14433000 	C:\WINDOWS\SYSTEM32\IPHLPAPI.DLL
0x00007ffd184c0000 - 0x00007ffd184ca000 	C:\WINDOWS\System32\NSI.dll
0x00007ffd14440000 - 0x00007ffd14565000 	C:\WINDOWS\SYSTEM32\DNSAPI.dll
0x00007ffcdad30000 - 0x00007ffcdad3e000 	C:\Program Files\Java\jdk-21\bin\sunmscapi.dll
0x00007ffd15c20000 - 0x00007ffd15d97000 	C:\WINDOWS\System32\CRYPT32.dll
0x00007ffd153f0000 - 0x00007ffd15420000 	C:\WINDOWS\SYSTEM32\ncrypt.dll
0x00007ffd153a0000 - 0x00007ffd153df000 	C:\WINDOWS\SYSTEM32\NTASN1.dll
0x00007ffd00b20000 - 0x00007ffd00b2b000 	C:\Windows\System32\rasadhlp.dll
0x00007ffd03580000 - 0x00007ffd03605000 	C:\WINDOWS\System32\fwpuclnt.dll
0x00007ffd152a0000 - 0x00007ffd152bc000 	C:\WINDOWS\SYSTEM32\CRYPTSP.dll
0x00007ffd14950000 - 0x00007ffd1498a000 	C:\WINDOWS\system32\rsaenh.dll
0x00007ffd14f90000 - 0x00007ffd14fbb000 	C:\WINDOWS\SYSTEM32\USERENV.dll
0x00007ffd15430000 - 0x00007ffd15456000 	C:\WINDOWS\SYSTEM32\bcrypt.dll
0x00007ffd15120000 - 0x00007ffd1512c000 	C:\WINDOWS\SYSTEM32\CRYPTBASE.dll
0x00007ffcd8a20000 - 0x00007ffcd8a30000 	C:\Program Files\Java\jdk-21\bin\verify.dll
0x00007ffd0a320000 - 0x00007ffd0a328000 	C:\WINDOWS\system32\wshunix.dll

dbghelp: loaded successfully - version: 4.0.5 - missing functions: none
symbol engine: initialized successfully - sym options: 0x614 - pdb path: .;C:\Program Files\Java\jdk-21\bin;C:\WINDOWS\SYSTEM32;C:\WINDOWS\WinSxS\amd64_microsoft.windows.common-controls_6595b64144ccf1df_6.0.26100.3624_none_3e086962e3345f24;C:\Program Files\Java\jdk-21\bin\server;C:\Users\pc\AppData\Local\JetBrains\IntelliJ IDEA Community Edition 2024.1.3\bin

VM Arguments:
jvm_args: -javaagent:C:\Users\pc\AppData\Local\JetBrains\IntelliJ IDEA Community Edition 2024.1.3\lib\idea_rt.jar=8158:C:\Users\pc\AppData\Local\JetBrains\IntelliJ IDEA Community Edition 2024.1.3\bin -Dfile.encoding=UTF-8 
java_command: com.blogwebsite.user.ServiceUserApplication
java_class_path (initial): C:\Users\pc\Desktop\Quillist-sem-4\final-quillist\Quillist-\serviceUser\target\classes;C:\Users\pc\.m2\repository\org\springframework\boot\spring-boot-starter-data-jpa\3.4.3\spring-boot-starter-data-jpa-3.4.3.jar;C:\Users\pc\.m2\repository\org\springframework\boot\spring-boot-starter\3.4.3\spring-boot-starter-3.4.3.jar;C:\Users\pc\.m2\repository\org\springframework\boot\spring-boot-starter-logging\3.4.3\spring-boot-starter-logging-3.4.3.jar;C:\Users\pc\.m2\repository\ch\qos\logback\logback-classic\1.5.16\logback-classic-1.5.16.jar;C:\Users\pc\.m2\repository\ch\qos\logback\logback-core\1.5.16\logback-core-1.5.16.jar;C:\Users\pc\.m2\repository\org\apache\logging\log4j\log4j-to-slf4j\2.24.3\log4j-to-slf4j-2.24.3.jar;C:\Users\pc\.m2\repository\org\apache\logging\log4j\log4j-api\2.24.3\log4j-api-2.24.3.jar;C:\Users\pc\.m2\repository\org\slf4j\jul-to-slf4j\2.0.16\jul-to-slf4j-2.0.16.jar;C:\Users\pc\.m2\repository\jakarta\annotation\jakarta.annotation-api\2.1.1\jakarta.annotation-api-2.1.1.jar;C:\Users\pc\.m2\repository\org\yaml\snakeyaml\2.3\snakeyaml-2.3.jar;C:\Users\pc\.m2\repository\org\springframework\boot\spring-boot-starter-jdbc\3.4.3\spring-boot-starter-jdbc-3.4.3.jar;C:\Users\pc\.m2\repository\com\zaxxer\HikariCP\5.1.0\HikariCP-5.1.0.jar;C:\Users\pc\.m2\repository\org\springframework\spring-jdbc\6.2.3\spring-jdbc-6.2.3.jar;C:\Users\pc\.m2\repository\org\hibernate\orm\hibernate-core\6.6.8.Final\hibernate-core-6.6.8.Final.jar;C:\Users\pc\.m2\repository\jakarta\persistence\jakarta.persistence-api\3.1.0\jakarta.persistence-api-3.1.0.jar;C:\Users\pc\.m2\repository\jakarta\transaction\jakarta.transaction-api\2.0.1\jakarta.transaction-api-2.0.1.jar;C:\Users\pc\.m2\repository\org\jboss\logging\jboss-logging\3.6.1.Final\jboss-logging-3.6.1.Final.jar;C:\Users\pc\.m2\repository\org\hibernate\common\hibernate-commons-annotations\7.0.3.Final\hibernate-commons-annotations-7.0.3.Final.jar;C:\Users\pc\.m2\repository\io\smallrye\jandex\3.2.0\jandex-3.2.0.jar;C:\Users\pc\.m2\repository\com\fasterxml\classmate\1.7.0\classmate-1.7.0.jar;C:\Users\pc\.m2\repository\net\bytebuddy\byte-buddy\1.15.11\byte-buddy-1.15.11.jar;C:\Users\pc\.m2\repository\org\glassfish\jaxb\jaxb-runtime\4.0.5\jaxb-runtime-4.0.5.jar;C:\Users\pc\.m2\repository\org\glassfish\jaxb\jaxb-core\4.0.5\jaxb-core-4.0.5.jar;C:\Users\pc\.m2\repository\org\eclipse\angus\angus-activation\2.0.2\angus-activation-2.0.2.jar;C:\Users\pc\.m2\repository\org\glassfish\jaxb\txw2\4.0.5\txw2-4.0.5.jar;C:\Users\pc\.m2\repository\com\sun\istack\istack-commons-runtime\4.1.2\istack-commons-runtime-4.1.2.jar;C:\Users\pc\.m2\repository\jakarta\inject\jakarta.inject-api\2.0.1\jakarta.inject-api-2.0.1.jar;C:\Users\pc\.m2\repository\org\antlr\antlr4-runtime\4.13.0\antlr4-runtime-4.13.0.jar;C:\Users\pc\.m2\repository\org\springframework\data\spring-data-jpa\3.4.3\spring-data-jpa-3.4.3.jar;C:\Users\pc\.m2\repository\org\springframework\data\spring-data-commons\3.4.3\spring-data-commons-3.4.3.jar;C:\Users\pc\.m2\repository\org\springframework\spring-orm\6.2.3\spring-orm-6.2.3.jar;C:\Users\pc\.m2\repository\org\springframework\spring-context\6.2.3\spring-context-6.2.3.jar;C:\Users\pc\.m2\repository\org\springframework\spring-tx\6.2.3\spring-tx-6.2.3.jar;C:\Users\pc\.m2\repository\org\springframework\spring-beans\6.2.3\spring-beans-6.2.3.jar;C:\Users\pc\.m2\repository\org\slf4j\slf4j-api\2.0.16\slf4j-api-2.0.16.jar;C:\Users\pc\.m2\repository\org\springframework\spring-aspects\6.2.3\spring-aspects-6.2.3.jar;C:\Users\pc\.m2\repository\org\aspectj\aspectjweaver\1.9.22.1\aspectjweaver-1.9.22.1.jar;C:\Users\pc\.m2\repository\org\springframework\boot\spring-boot-starter-web\3.4.3\spring-boot-starter-web-3.4.3.jar;C:\Users\pc\.m2\repository\org\springframework\boot\spring-boot-starter-json\3.4.3\spring-boot-starter-json-3.4.3.jar;C:\Users\pc\.m2\repository\com\fasterxml\jackson\datatype\jackson-datatype-jdk8\2.18.2\jackson-datatype-jdk8-2.18.2.jar;C:\Users\pc\.m2\repository\com\fasterxml\jackson\datatype\jackson-datatype-jsr310\2.18.2\jackson-datatype-jsr310-2.18.2.jar;C:\Users\pc\.m2\repository\com\fasterxml\jackson\module\jackson-module-parameter-names\2.18.2\jackson-module-parameter-names-2.18.2.jar;C:\Users\pc\.m2\repository\org\springframework\boot\spring-boot-starter-tomcat\3.4.3\spring-boot-starter-tomcat-3.4.3.jar;C:\Users\pc\.m2\repository\org\apache\tomcat\embed\tomcat-embed-core\10.1.36\tomcat-embed-core-10.1.36.jar;C:\Users\pc\.m2\repository\org\apache\tomcat\embed\tomcat-embed-el\10.1.36\tomcat-embed-el-10.1.36.jar;C:\Users\pc\.m2\repository\org\apache\tomcat\embed\tomcat-embed-websocket\10.1.36\tomcat-embed-websocket-10.1.36.jar;C:\Users\pc\.m2\repository\org\springframework\spring-web\6.2.3\spring-web-6.2.3.jar;C:\Users\pc\.m2\repository\io\micrometer\micrometer-observation\1.14.4\micrometer-observation-1.14.4.jar;C:\Users\pc\.m2\repository\io\micrometer\micrometer-commons\1.14.4\micrometer-commons-1.14.4.jar;C:\Users\pc\.m2\repository\org\springframework\spring-webmvc\6.2.3\spring-webmvc-6.2.3.jar;C:\Users\pc\.m2\repository\org\springframework\spring-expression\6.2.3\spring-expression-6.2.3.jar;C:\Users\pc\.m2\repository\org\springframework\boot\spring-boot-starter-security\3.4.3\spring-boot-starter-security-3.4.3.jar;C:\Users\pc\.m2\repository\org\springframework\spring-aop\6.2.3\spring-aop-6.2.3.jar;C:\Users\pc\.m2\repository\org\springframework\security\spring-security-config\6.4.3\spring-security-config-6.4.3.jar;C:\Users\pc\.m2\repository\org\springframework\security\spring-security-web\6.4.3\spring-security-web-6.4.3.jar;C:\Users\pc\.m2\repository\org\springframework\security\spring-security-core\6.4.3\spring-security-core-6.4.3.jar;C:\Users\pc\.m2\repository\org\springframework\security\spring-security-crypto\6.4.3\spring-security-crypto-6.4.3.jar;C:\Users\pc\.m2\repository\org\springframework\spring-core\6.2.3\spring-core-6.2.3.jar;C:\Users\pc\.m2\repository\org\springframework\spring-jcl\6.2.3\spring-jcl-6.2.3.jar;C:\Users\pc\.m2\repository\org\springframework\cloud\spring-cloud-starter-netflix-eureka-client\4.2.0\spring-cloud-starter-netflix-eureka-client-4.2.0.jar;C:\Users\pc\.m2\repository\org\springframework\cloud\spring-cloud-starter\4.2.0\spring-cloud-starter-4.2.0.jar;C:\Users\pc\.m2\repository\org\springframework\cloud\spring-cloud-context\4.2.0\spring-cloud-context-4.2.0.jar;C:\Users\pc\.m2\repository\org\bouncycastle\bcprov-jdk18on\1.78.1\bcprov-jdk18on-1.78.1.jar;C:\Users\pc\.m2\repository\org\springframework\cloud\spring-cloud-netflix-eureka-client\4.2.0\spring-cloud-netflix-eureka-client-4.2.0.jar;C:\Users\pc\.m2\repository\org\apache\httpcomponents\client5\httpclient5\5.4.2\httpclient5-5.4.2.jar;C:\Users\pc\.m2\repository\org\apache\httpcomponents\core5\httpcore5\5.3.3\httpcore5-5.3.3.jar;C:\Users\pc\.m2\repository\org\apache\httpcomponents\core5\httpcore5-h2\5.3.3\httpcore5-h2-5.3.3.jar;C:\Users\pc\.m2\repository\com\netflix\eureka\eureka-client\2.0.4\eureka-client-2.0.4.jar;C:\Users\pc\.m2\repository\com\thoughtworks\xstream\xstream\1.4.20\xstream-1.4.20.jar;C:\Users\pc\.m2\repository\io\github\x-stream\mxparser\1.2.2\mxparser-1.2.2.jar;C:\Users\pc\.m2\repository\xmlpull\xmlpull\1.1.3.1\xmlpull-1.1.3.1.jar;C:\Users\pc\.m2\repository\jakarta\ws\rs\jakarta.ws.rs-api\3.1.0\jakarta.ws.rs-api-3.1.0.jar;C:\Users\pc\.m2\repository\com\netflix\spectator\spectator-api\1.7.3\spectator-api-1.7.3.jar;C:\Users\pc\.m2\repository\org\apache\httpcomponents\httpclient\4.5.3\httpclient-4.5.3.jar;C:\Users\pc\.m2\repository\org\apache\httpcomponents\httpcore\4.4.16\httpcore-4.4.16.jar;C:\Users\pc\.m2\repository\commons-codec\commons-codec\1.17.2\commons-codec-1.17.2.jar;C:\Users\pc\.m2\repository\commons-configuration\commons-configuration\1.10\commons-configuration-1.10.jar;C:\Users\pc\.m2\repository\commons-lang\commons-lang\2.6\commons-lang-2.6.jar;C:\Users\pc\.m2\repository\com\fasterxml\jackson\core\jackson-annotations\2.18.2\jackson-annotations-2.18.2.jar;C:\Users\pc\.m2\repository\com\fasterxml\jackson\core\jackson-core\2.18.2\jackson-core-2.18.2.jar;C:\Users\pc\.m2\repository\com\netflix\netflix-commons\netflix-eventbus\0.3.0\netflix-eventbus-0.3.0.jar;C:\Users\pc\.m2\repository\com\netflix\netflix-commons\netflix-infix\0.3.0\netflix-infix-0.3.0.jar;C:\Users\pc\.m2\repository\commons-jxpath\commons-jxpath\1.3\commons-jxpath-1.3.jar;C:\Users\pc\.m2\repository\joda-time\joda-time\2.3\joda-time-2.3.jar;C:\Users\pc\.m2\repository\org\antlr\antlr-runtime\3.4\antlr-runtime-3.4.jar;C:\Users\pc\.m2\repository\org\antlr\stringtemplate\3.2.1\stringtemplate-3.2.1.jar;C:\Users\pc\.m2\repository\antlr\antlr\2.7.7\antlr-2.7.7.jar;C:\Users\pc\.m2\repository\com\google\guava\guava\14.0.1\guava-14.0.1.jar;C:\Users\pc\.m2\repository\com\google\code\gson\gson\2.11.0\gson-2.11.0.jar;C:\Users\pc\.m2\repository\com\google\errorprone\error_prone_annotations\2.27.0\error_prone_annotations-2.27.0.jar;C:\Users\pc\.m2\repository\com\netflix\servo\servo-core\0.5.3\servo-core-0.5.3.jar;C:\Users\pc\.m2\repository\org\apache\commons\commons-math\2.2\commons-math-2.2.jar;C:\Users\pc\.m2\repository\javax\annotation\javax.annotation-api\1.2\javax.annotation-api-1.2.jar;C:\Users\pc\.m2\repository\org\codehaus\jettison\jettison\1.5.4\jettison-1.5.4.jar;C:\Users\pc\.m2\repository\org\springframework\cloud\spring-cloud-starter-loadbalancer\4.2.0\spring-cloud-starter-loadbalancer-4.2.0.jar;C:\Users\pc\.m2\repository\org\springframework\cloud\spring-cloud-loadbalancer\4.2.0\spring-cloud-loadbalancer-4.2.0.jar;C:\Users\pc\.m2\repository\io\projectreactor\reactor-core\3.7.3\reactor-core-3.7.3.jar;C:\Users\pc\.m2\repository\org\reactivestreams\reactive-streams\1.0.4\reactive-streams-1.0.4.jar;C:\Users\pc\.m2\repository\io\projectreactor\addons\reactor-extra\3.5.2\reactor-extra-3.5.2.jar;C:\Users\pc\.m2\repository\org\springframework\boot\spring-boot-starter-cache\3.4.3\spring-boot-starter-cache-3.4.3.jar;C:\Users\pc\.m2\repository\org\springframework\spring-context-support\6.2.3\spring-context-support-6.2.3.jar;C:\Users\pc\.m2\repository\com\stoyanr\evictor\1.0.0\evictor-1.0.0.jar;C:\Users\pc\.m2\repository\io\jsonwebtoken\jjwt-impl\0.12.6\jjwt-impl-0.12.6.jar;C:\Users\pc\.m2\repository\io\jsonwebtoken\jjwt-jackson\0.12.6\jjwt-jackson-0.12.6.jar;C:\Users\pc\.m2\repository\com\fasterxml\jackson\core\jackson-databind\2.18.2\jackson-databind-2.18.2.jar;C:\Users\pc\.m2\repository\io\jsonwebtoken\jjwt-api\0.12.6\jjwt-api-0.12.6.jar;C:\Users\pc\.m2\repository\org\springframework\boot\spring-boot-devtools\3.4.3\spring-boot-devtools-3.4.3.jar;C:\Users\pc\.m2\repository\org\springframework\boot\spring-boot\3.4.3\spring-boot-3.4.3.jar;C:\Users\pc\.m2\repository\org\springframework\boot\spring-boot-autoconfigure\3.4.3\spring-boot-autoconfigure-3.4.3.jar;C:\Users\pc\.m2\repository\com\mysql\mysql-connector-j\9.1.0\mysql-connector-j-9.1.0.jar;C:\Users\pc\.m2\repository\jakarta\xml\bind\jakarta.xml.bind-api\4.0.2\jakarta.xml.bind-api-4.0.2.jar;C:\Users\pc\.m2\repository\jakarta\activation\jakarta.activation-api\2.1.3\jakarta.activation-api-2.1.3.jar;C:\Users\pc\.m2\repository\org\springframework\cloud\spring-cloud-starter-openfeign\4.2.0\spring-cloud-starter-openfeign-4.2.0.jar;C:\Users\pc\.m2\repository\org\springframework\cloud\spring-cloud-openfeign-core\4.2.0\spring-cloud-openfeign-core-4.2.0.jar;C:\Users\pc\.m2\repository\io\github\openfeign\feign-form-spring\13.5\feign-form-spring-13.5.jar;C:\Users\pc\.m2\repository\io\github\openfeign\feign-form\13.5\feign-form-13.5.jar;C:\Users\pc\.m2\repository\commons-fileupload\commons-fileupload\1.5\commons-fileupload-1.5.jar;C:\Users\pc\.m2\repository\commons-io\commons-io\2.11.0\commons-io-2.11.0.jar;C:\Users\pc\.m2\repository\org\springframework\cloud\spring-cloud-commons\4.2.0\spring-cloud-commons-4.2.0.jar;C:\Users\pc\.m2\repository\io\github\openfeign\feign-core\13.5\feign-core-13.5.jar;C:\Users\pc\.m2\repository\io\github\openfeign\feign-slf4j\13.5\feign-slf4j-13.5.jar
Launcher Type: SUN_STANDARD

[Global flags]
     intx CICompilerCount                          = 4                                         {product} {ergonomic}
     uint ConcGCThreads                            = 2                                         {product} {ergonomic}
     uint G1ConcRefinementThreads                  = 8                                         {product} {ergonomic}
   size_t G1HeapRegionSize                         = 2097152                                   {product} {ergonomic}
    uintx GCDrainStackTargetSize                   = 64                                        {product} {ergonomic}
   size_t InitialHeapSize                          = 266338304                                 {product} {ergonomic}
   size_t MarkStackSize                            = 4194304                                   {product} {ergonomic}
   size_t MaxHeapSize                              = 4259315712                                {product} {ergonomic}
   size_t MaxNewSize                               = 2554331136                                {product} {ergonomic}
   size_t MinHeapDeltaBytes                        = 2097152                                   {product} {ergonomic}
   size_t MinHeapSize                              = 8388608                                   {product} {ergonomic}
    uintx NonNMethodCodeHeapSize                   = 5839372                                {pd product} {ergonomic}
    uintx NonProfiledCodeHeapSize                  = 122909434                              {pd product} {ergonomic}
    uintx ProfiledCodeHeapSize                     = 122909434                              {pd product} {ergonomic}
    uintx ReservedCodeCacheSize                    = 251658240                              {pd product} {ergonomic}
     bool SegmentedCodeCache                       = true                                      {product} {ergonomic}
   size_t SoftMaxHeapSize                          = 4259315712                             {manageable} {ergonomic}
     bool UseCompressedOops                        = true                           {product lp64_product} {ergonomic}
     bool UseG1GC                                  = true                                      {product} {ergonomic}
     bool UseLargePagesIndividualAllocation        = false                                  {pd product} {ergonomic}

Logging:
Log output configuration:
 #0: stdout all=warning uptime,level,tags foldmultilines=false
 #1: stderr all=off uptime,level,tags foldmultilines=false

Environment Variables:
CLASSPATH=C:\Program Files\Java\jdk-17\bin
PATH=C:\Program Files\Common Files\Oracle\Java\javapath;C:\Program Files (x86)\Common Files\Oracle\Java\javapath;C:\Program Files (x86)\VMware\VMware Player\bin\;C:\oraclexe\app\oracle\product\11.2.0\server\bin;C:\WINDOWS\system32;C:\WINDOWS;C:\WINDOWS\System32\Wbem;C:\WINDOWS\System32\WindowsPowerShell\v1.0\;C:\WINDOWS\System32\OpenSSH\;C:\Program Files\dotnet\;C:\Program Files (x86)\Intel\Intel(R) Management Engine Components\DAL;C:\Program Files\Intel\Intel(R) Management Engine Components\DAL;C:\Program Files\Git\cmd;C:\Program Files\nodejs;C:\MinGW\bin;C:\Program Files\Java\jdk1.8.0_202\bin\;D:\software\Nodejs\;C:\Program Files\Microsoft SQL Server\130\Tools\Binn\;E:\XAMPP\mysql\bin;D:\Intelije\IntelliJ IDEA Community Edition 2024.1.3\bin;C:\Program Files\MongoDB\mongosh-2.3.2-win32-x64\bin;C:\Program Files (x86)\Microsoft SQL Server\100\Tools\Binn\;C:\Program Files\Microsoft SQL Server\100\Tools\Binn\;C:\Program Files\Microsoft SQL Server\100\DTS\Binn\;C:\Program Files\Java\jdk-21\bin;C:\Program Files\MySQL\MySQL Shell 8.0\bin\;C:\Users\pc\AppData\Local\Programs\Python\Python312\Scripts\;C:\Users\pc\AppData\Local\Programs\Python\Python312\;C:\Users\pc\AppData\Local\Programs\Python\Launcher\;C:\Users\pc\AppData\Local\Microsoft\WindowsApps;C:\Users\pc\AppData\Local\Programs\Microsoft VS Code\bin;C:\MinGW\bin;C:\Users\pc\AppData\Roaming\npm;C:\Users\pc\AppData\Local\GitHubDesktop\bin;C:\Users\pc\AppData\Local\JetBrains\IntelliJ IDEA Community Edition 2024.1.3\bin;;D:\Nmap;C:\Program Files\Java\jdk-17\bin;D:\Intelije\IntelliJ IDEA Community Edition 2024.1.3\bin;
USERNAME=pc
OS=Windows_NT
PROCESSOR_IDENTIFIER=Intel64 Family 6 Model 142 Stepping 10, GenuineIntel
TMP=C:\Users\pc\AppData\Local\Temp
TEMP=C:\Users\pc\AppData\Local\Temp




Periodic native trim disabled

---------------  S Y S T E M  ---------------

OS:
 Windows 11 , 64 bit Build 26100 (10.0.26100.3624)
OS uptime: 0 days 7:59 hours
Hyper-V role detected

CPU: total 8 (initial active 8) (4 cores per cpu, 2 threads per core) family 6 model 142 stepping 10 microcode 0xf0, cx8, cmov, fxsr, ht, mmx, 3dnowpref, sse, sse2, sse3, ssse3, sse4.1, sse4.2, popcnt, lzcnt, tsc, tscinvbit, avx, avx2, aes, erms, clmul, bmi1, bmi2, rtm, adx, fma, vzeroupper, clflush, clflushopt, hv, rdtscp, f16c
Processor Information for processor 0
  Max Mhz: 2112, Current Mhz: 1508, Mhz Limit: 1900
Processor Information for processor 1
  Max Mhz: 2112, Current Mhz: 1508, Mhz Limit: 1900
Processor Information for processor 2
  Max Mhz: 2112, Current Mhz: 1508, Mhz Limit: 1900
Processor Information for processor 3
  Max Mhz: 2112, Current Mhz: 1508, Mhz Limit: 1900
Processor Information for processor 4
  Max Mhz: 2112, Current Mhz: 1508, Mhz Limit: 1900
Processor Information for processor 5
  Max Mhz: 2112, Current Mhz: 1508, Mhz Limit: 1900
Processor Information for processor 6
  Max Mhz: 2112, Current Mhz: 1910, Mhz Limit: 1900
Processor Information for processor 7
  Max Mhz: 2112, Current Mhz: 1508, Mhz Limit: 1900

Memory: 4k page, system-wide physical 16242M (4857M free)
TotalPageFile size 16242M (AvailPageFile size 3M)
current process WorkingSet (physical memory assigned to process): 298M, peak: 315M
current process commit charge ("private bytes"): 333M, peak: 401M

vm_info: Java HotSpot(TM) 64-Bit Server VM (21.0.6+8-LTS-188) for windows-amd64 JRE (21.0.6+8-LTS-188), built on 2024-12-03T10:50:54Z by "mach5one" with MS VC++ 17.6 (VS2022)

END.
