#
# There is insufficient memory for the Java Runtime Environment to continue.
# Native memory allocation (malloc) failed to allocate 1095968 bytes for Chunk::new
# Possible reasons:
#   The system is out of physical RAM or swap space
#   The process is running with CompressedOops enabled, and the Java Heap may be blocking the growth of the native heap
# Possible solutions:
#   Reduce memory load on the system
#   Increase physical memory or swap space
#   Check if swap backing store is full
#   Decrease Java heap size (-Xmx/-Xms)
#   Decrease number of Java threads
#   Decrease Java thread stack sizes (-Xss)
#   Set larger code cache with -XX:ReservedCodeCacheSize=
#   JVM is running with Zero Based Compressed Oops mode in which the Java heap is
#     placed in the first 32GB address space. The Java Heap base address is the
#     maximum limit for the native heap growth. Please use -XX:HeapBaseMinAddress
#     to set the Java Heap base and to place the Java Heap above 32GB virtual address.
# This output file may be truncated or incomplete.
#
#  Out of Memory Error (arena.cpp:168), pid=16104, tid=8972
#
# JRE version: Java(TM) SE Runtime Environment (21.0.6+8) (build 21.0.6+8-LTS-188)
# Java VM: Java HotSpot(TM) 64-Bit Server VM (21.0.6+8-LTS-188, mixed mode, sharing, tiered, compressed oops, compressed class ptrs, g1 gc, windows-amd64)
# No core dump will be written. Minidumps are not enabled by default on client versions of Windows
#

---------------  S U M M A R Y ------------

Command Line: -javaagent:C:\Users\pc\AppData\Local\JetBrains\IntelliJ IDEA Community Edition 2024.1.3\lib\idea_rt.jar=53060:C:\Users\pc\AppData\Local\JetBrains\IntelliJ IDEA Community Edition 2024.1.3\bin -Dfile.encoding=UTF-8 com.service_registry.ServiceRegistryApplication

Host: Intel(R) Core(TM) i7-8650U CPU @ 1.90GHz, 8 cores, 15G,  Windows 11 , 64 bit Build 26100 (10.0.26100.3624)
Time: Sun Apr 13 20:16:22 2025 India Standard Time elapsed time: 10594.052665 seconds (0d 2h 56m 34s)

---------------  T H R E A D  ---------------

Current thread (0x000001d53b96a3b0):  JavaThread "C2 CompilerThread0" daemon [_thread_in_native, id=8972, stack(0x000000cc0e500000,0x000000cc0e600000) (1024K)]


Current CompileTask:
C2:10594052 11043       4       java.lang.Throwable::printEnclosedStackTrace (350 bytes)

Stack: [0x000000cc0e500000,0x000000cc0e600000]
Native frames: (J=compiled Java code, j=interpreted, Vv=VM code, C=native code)
V  [jvm.dll+0x6ca6d9]
V  [jvm.dll+0x854f51]
V  [jvm.dll+0x85747e]
V  [jvm.dll+0x857b53]
V  [jvm.dll+0x27dcc6]
V  [jvm.dll+0xc4c2d]
V  [jvm.dll+0xc5163]
V  [jvm.dll+0x3b515c]
V  [jvm.dll+0x381855]
V  [jvm.dll+0x380cca]
V  [jvm.dll+0x246920]
V  [jvm.dll+0x245eff]
V  [jvm.dll+0x1c6d2e]
V  [jvm.dll+0x2554f9]
V  [jvm.dll+0x253a8a]
V  [jvm.dll+0x3ee576]
V  [jvm.dll+0x7ff2fb]
V  [jvm.dll+0x6c8dbd]
C  [ucrtbase.dll+0x37b0]
C  [KERNEL32.DLL+0x2e8d7]
C  [ntdll.dll+0xb14fc]


---------------  P R O C E S S  ---------------

Threads class SMR info:
_java_thread_list=0x000001d57d66da90, length=41, elements={
0x000001d53b950240, 0x000001d53b950e90, 0x000001d53b953ee0, 0x000001d53b954dc0,
0x000001d53b957820, 0x000001d53b9583a0, 0x000001d53b96a3b0, 0x000001d53b96d440,
0x000001d53bb7d830, 0x000001d53be5a160, 0x000001d5043e1d90, 0x000001d5044787f0,
0x000001d57dac3590, 0x000001d57f9c9610, 0x000001d504b72730, 0x000001d504b74170,
0x000001d504b71a10, 0x000001d504b720a0, 0x000001d504b74800, 0x000001d504b74e90,
0x000001d504b75520, 0x000001d504b75bb0, 0x000001d504b76240, 0x000001d504b72dc0,
0x000001d504b73ae0, 0x000001d504b73450, 0x000001d504b789a0, 0x000001d504b76f60,
0x000001d504b79030, 0x000001d504b77c80, 0x000001d504b775f0, 0x000001d504b78310,
0x000001d57dc7ad50, 0x000001d57dc7ba70, 0x000001d57dc7a6c0, 0x000001d57dc79310,
0x000001d57dc799a0, 0x000001d57dc7a030, 0x000001d57dc7b3e0, 0x000001d504adeff0,
0x000001d504ade960
}

Java Threads: ( => current thread )
  0x000001d53b950240 JavaThread "Reference Handler"          daemon [_thread_blocked, id=13452, stack(0x000000cc0df00000,0x000000cc0e000000) (1024K)]
  0x000001d53b950e90 JavaThread "Finalizer"                  daemon [_thread_blocked, id=7820, stack(0x000000cc0e000000,0x000000cc0e100000) (1024K)]
  0x000001d53b953ee0 JavaThread "Signal Dispatcher"          daemon [_thread_blocked, id=9280, stack(0x000000cc0e100000,0x000000cc0e200000) (1024K)]
  0x000001d53b954dc0 JavaThread "Attach Listener"            daemon [_thread_blocked, id=18868, stack(0x000000cc0e200000,0x000000cc0e300000) (1024K)]
  0x000001d53b957820 JavaThread "Service Thread"             daemon [_thread_blocked, id=7136, stack(0x000000cc0e300000,0x000000cc0e400000) (1024K)]
  0x000001d53b9583a0 JavaThread "Monitor Deflation Thread"   daemon [_thread_blocked, id=9960, stack(0x000000cc0e400000,0x000000cc0e500000) (1024K)]
=>0x000001d53b96a3b0 JavaThread "C2 CompilerThread0"         daemon [_thread_in_native, id=8972, stack(0x000000cc0e500000,0x000000cc0e600000) (1024K)]
  0x000001d53b96d440 JavaThread "C1 CompilerThread0"         daemon [_thread_blocked, id=21080, stack(0x000000cc0e600000,0x000000cc0e700000) (1024K)]
  0x000001d53bb7d830 JavaThread "Common-Cleaner"             daemon [_thread_blocked, id=1996, stack(0x000000cc0e700000,0x000000cc0e800000) (1024K)]
  0x000001d53be5a160 JavaThread "Notification Thread"        daemon [_thread_blocked, id=11552, stack(0x000000cc0ea00000,0x000000cc0eb00000) (1024K)]
  0x000001d5043e1d90 JavaThread "Catalina-utility-1"                [_thread_blocked, id=15164, stack(0x000000cc0e800000,0x000000cc0e900000) (1024K)]
  0x000001d5044787f0 JavaThread "Catalina-utility-2"                [_thread_blocked, id=11384, stack(0x000000cc0f300000,0x000000cc0f400000) (1024K)]
  0x000001d57dac3590 JavaThread "container-0"                       [_thread_blocked, id=13020, stack(0x000000cc0f400000,0x000000cc0f500000) (1024K)]
  0x000001d57f9c9610 JavaThread "spectator-gauge-polling-0"  daemon [_thread_blocked, id=18924, stack(0x000000cc0f900000,0x000000cc0fa00000) (1024K)]
  0x000001d504b72730 JavaThread "AsyncResolver-bootstrap-%d" daemon [_thread_blocked, id=21584, stack(0x000000cc0fa00000,0x000000cc0fb00000) (1024K)]
  0x000001d504b74170 JavaThread "DiscoveryClient-%d"         daemon [_thread_blocked, id=19752, stack(0x000000cc0fc00000,0x000000cc0fd00000) (1024K)]
  0x000001d504b71a10 JavaThread "DiscoveryClient-%d"         daemon [_thread_blocked, id=18036, stack(0x000000cc0fd00000,0x000000cc0fe00000) (1024K)]
  0x000001d504b720a0 JavaThread "DiscoveryClient-InstanceInfoReplicator-%d" daemon [_thread_blocked, id=11220, stack(0x000000cc0fe00000,0x000000cc0ff00000) (1024K)]
  0x000001d504b74800 JavaThread "Eureka-DeltaRetentionTimer" daemon [_thread_blocked, id=20940, stack(0x000000cc0ff00000,0x000000cc10000000) (1024K)]
  0x000001d504b74e90 JavaThread "Eureka-EvictionTimer"       daemon [_thread_blocked, id=12392, stack(0x000000cc10000000,0x000000cc10100000) (1024K)]
  0x000001d504b75520 JavaThread "Eureka-MeasureRateTimer"    daemon [_thread_blocked, id=14444, stack(0x000000cc10100000,0x000000cc10200000) (1024K)]
  0x000001d504b75bb0 JavaThread "ReplicaAwareInstanceRegistry - RenewalThresholdUpdater" daemon [_thread_blocked, id=7940, stack(0x000000cc10200000,0x000000cc10300000) (1024K)]
  0x000001d504b76240 JavaThread "Eureka-MeasureRateTimer"    daemon [_thread_blocked, id=19708, stack(0x000000cc10300000,0x000000cc10400000) (1024K)]
  0x000001d504b72dc0 JavaThread "Eureka-PeerNodesUpdater"    daemon [_thread_blocked, id=21652, stack(0x000000cc10400000,0x000000cc10500000) (1024K)]
  0x000001d504b73ae0 JavaThread "Eureka-CacheFillTimer"      daemon [_thread_blocked, id=16248, stack(0x000000cc10500000,0x000000cc10600000) (1024K)]
  0x000001d504b73450 JavaThread "http-nio-999-exec-1"        daemon [_thread_blocked, id=20496, stack(0x000000cc10700000,0x000000cc10800000) (1024K)]
  0x000001d504b789a0 JavaThread "http-nio-999-exec-2"        daemon [_thread_blocked, id=16420, stack(0x000000cc10800000,0x000000cc10900000) (1024K)]
  0x000001d504b76f60 JavaThread "http-nio-999-exec-3"        daemon [_thread_blocked, id=22336, stack(0x000000cc10900000,0x000000cc10a00000) (1024K)]
  0x000001d504b79030 JavaThread "http-nio-999-exec-4"        daemon [_thread_blocked, id=21812, stack(0x000000cc10a00000,0x000000cc10b00000) (1024K)]
  0x000001d504b77c80 JavaThread "http-nio-999-exec-5"        daemon [_thread_blocked, id=14724, stack(0x000000cc10b00000,0x000000cc10c00000) (1024K)]
  0x000001d504b775f0 JavaThread "http-nio-999-exec-6"        daemon [_thread_blocked, id=9516, stack(0x000000cc10c00000,0x000000cc10d00000) (1024K)]
  0x000001d504b78310 JavaThread "http-nio-999-exec-7"        daemon [_thread_blocked, id=19636, stack(0x000000cc10d00000,0x000000cc10e00000) (1024K)]
  0x000001d57dc7ad50 JavaThread "http-nio-999-exec-8"        daemon [_thread_blocked, id=9892, stack(0x000000cc10e00000,0x000000cc10f00000) (1024K)]
  0x000001d57dc7ba70 JavaThread "http-nio-999-exec-9"        daemon [_thread_blocked, id=15668, stack(0x000000cc10f00000,0x000000cc11000000) (1024K)]
  0x000001d57dc7a6c0 JavaThread "http-nio-999-exec-10"       daemon [_thread_blocked, id=11064, stack(0x000000cc11000000,0x000000cc11100000) (1024K)]
  0x000001d57dc79310 JavaThread "http-nio-999-Poller"        daemon [_thread_in_native, id=21896, stack(0x000000cc11100000,0x000000cc11200000) (1024K)]
  0x000001d57dc799a0 JavaThread "http-nio-999-Acceptor"      daemon [_thread_in_native, id=21448, stack(0x000000cc11200000,0x000000cc11300000) (1024K)]
  0x000001d57dc7a030 JavaThread "DestroyJavaVM"                     [_thread_blocked, id=19808, stack(0x000000cc0d700000,0x000000cc0d800000) (1024K)]
  0x000001d57dc7b3e0 JavaThread "DiscoveryClient-CacheRefreshExecutor-%d" daemon [_thread_blocked, id=22328, stack(0x000000cc11400000,0x000000cc11500000) (1024K)]
  0x000001d504adeff0 JavaThread "DiscoveryClient-HeartbeatExecutor-%d" daemon [_thread_blocked, id=22500, stack(0x000000cc11500000,0x000000cc11600000) (1024K)]
  0x000001d504ade960 JavaThread "AsyncResolver-bootstrap-executor-%d" daemon [_thread_blocked, id=9432, stack(0x000000cc0d500000,0x000000cc0d600000) (1024K)]
Total: 41

Other Threads:
  0x000001d53b9308f0 VMThread "VM Thread"                           [id=15756, stack(0x000000cc0de00000,0x000000cc0df00000) (1024K)]
  0x000001d53b917260 WatcherThread "VM Periodic Task Thread"        [id=7860, stack(0x000000cc0dd00000,0x000000cc0de00000) (1024K)]
  0x000001d51c840570 WorkerThread "GC Thread#0"                     [id=21892, stack(0x000000cc0d800000,0x000000cc0d900000) (1024K)]
  0x000001d57daab050 WorkerThread "GC Thread#1"                     [id=20464, stack(0x000000cc0eb00000,0x000000cc0ec00000) (1024K)]
  0x000001d57daa8c30 WorkerThread "GC Thread#2"                     [id=20260, stack(0x000000cc0ec00000,0x000000cc0ed00000) (1024K)]
  0x000001d57da3ed10 WorkerThread "GC Thread#3"                     [id=8632, stack(0x000000cc0ed00000,0x000000cc0ee00000) (1024K)]
  0x000001d57d571ee0 WorkerThread "GC Thread#4"                     [id=11664, stack(0x000000cc0ee00000,0x000000cc0ef00000) (1024K)]
  0x000001d57d7eef20 WorkerThread "GC Thread#5"                     [id=15368, stack(0x000000cc0ef00000,0x000000cc0f000000) (1024K)]
  0x000001d57dbddd80 WorkerThread "GC Thread#6"                     [id=10596, stack(0x000000cc0f100000,0x000000cc0f200000) (1024K)]
  0x000001d57e0b0400 WorkerThread "GC Thread#7"                     [id=20036, stack(0x000000cc0f200000,0x000000cc0f300000) (1024K)]
  0x000001d51c852640 ConcurrentGCThread "G1 Main Marker"            [id=9808, stack(0x000000cc0d900000,0x000000cc0da00000) (1024K)]
  0x000001d51c855b10 WorkerThread "G1 Conc#0"                       [id=19240, stack(0x000000cc0da00000,0x000000cc0db00000) (1024K)]
  0x000001d57ed2b1d0 WorkerThread "G1 Conc#1"                       [id=8752, stack(0x000000cc0f000000,0x000000cc0f100000) (1024K)]
  0x000001d51c88e9a0 ConcurrentGCThread "G1 Refine#0"               [id=21572, stack(0x000000cc0db00000,0x000000cc0dc00000) (1024K)]
  0x000001d53b7e5600 ConcurrentGCThread "G1 Service"                [id=18712, stack(0x000000cc0dc00000,0x000000cc0dd00000) (1024K)]
Total: 15

Threads with active compile tasks:
C2 CompilerThread0  10594142 11043       4       java.lang.Throwable::printEnclosedStackTrace (350 bytes)
Total: 1

VM state: not at safepoint (normal execution)

VM Mutex/Monitor currently owned by a thread: None

Heap address: 0x0000000702200000, size: 4062 MB, Compressed Oops mode: Zero based, Oop shift amount: 3

CDS archive(s) mapped at: [0x000001d53c000000-0x000001d53cc90000-0x000001d53cc90000), size 13172736, SharedBaseAddress: 0x000001d53c000000, ArchiveRelocationMode: 1.
Compressed class space mapped at: 0x000001d53d000000-0x000001d57d000000, reserved size: 1073741824
Narrow klass base: 0x000001d53c000000, Narrow klass shift: 0, Narrow klass range: 0x100000000

GC Precious Log:
 CardTable entry size: 512
 Card Set container configuration: InlinePtr #cards 4 size 8 Array Of Cards #cards 16 size 48 Howl #buckets 8 coarsen threshold 3686 Howl Bitmap #cards 512 size 80 coarsen threshold 460 Card regions per heap region 1 cards per card region 4096
 CPUs: 8 total, 8 available
 Memory: 16242M
 Large Page Support: Disabled
 NUMA Support: Disabled
 Compressed Oops: Enabled (Zero based)
 Heap Region Size: 2M
 Heap Min Capacity: 8M
 Heap Initial Capacity: 254M
 Heap Max Capacity: 4062M
 Pre-touch: Disabled
 Parallel Workers: 8
 Concurrent Workers: 2
 Concurrent Refinement Workers: 8
 Periodic GC: Disabled

Heap:
 garbage-first heap   total 92160K, used 68683K [0x0000000702200000, 0x0000000800000000)
  region size 2048K, 20 young (40960K), 2 survivors (4096K)
 Metaspace       used 63031K, committed 64000K, reserved 1114112K
  class space    used 7842K, committed 8320K, reserved 1048576K

Heap Regions: E=young(eden), S=young(survivor), O=old, HS=humongous(starts), HC=humongous(continues), CS=collection set, F=free, TAMS=top-at-mark-start, PB=parsable bottom
|   0|0x0000000702200000, 0x0000000702400000, 0x0000000702400000|100%| O|  |TAMS 0x0000000702200000| PB 0x0000000702200000| Untracked 
|   1|0x0000000702400000, 0x0000000702600000, 0x0000000702600000|100%| O|Cm|TAMS 0x0000000702400000| PB 0x0000000702400000| Complete 
|   2|0x0000000702600000, 0x0000000702800000, 0x0000000702800000|100%| O|  |TAMS 0x0000000702600000| PB 0x0000000702600000| Untracked 
|   3|0x0000000702800000, 0x0000000702a00000, 0x0000000702a00000|100%| O|  |TAMS 0x0000000702800000| PB 0x0000000702800000| Untracked 
|   4|0x0000000702a00000, 0x0000000702a00000, 0x0000000702c00000|  0%| F|  |TAMS 0x0000000702a00000| PB 0x0000000702a00000| Untracked 
|   5|0x0000000702c00000, 0x0000000702c00000, 0x0000000702e00000|  0%| F|  |TAMS 0x0000000702c00000| PB 0x0000000702c00000| Untracked 
|   6|0x0000000702e00000, 0x0000000703000000, 0x0000000703000000|100%| O|  |TAMS 0x0000000702e00000| PB 0x0000000702e00000| Untracked 
|   7|0x0000000703000000, 0x0000000703200000, 0x0000000703200000|100%| O|  |TAMS 0x0000000703000000| PB 0x0000000703000000| Untracked 
|   8|0x0000000703200000, 0x0000000703400000, 0x0000000703400000|100%| O|  |TAMS 0x0000000703200000| PB 0x0000000703200000| Untracked 
|   9|0x0000000703400000, 0x0000000703600000, 0x0000000703600000|100%| O|Cm|TAMS 0x0000000703400000| PB 0x0000000703400000| Complete 
|  10|0x0000000703600000, 0x0000000703800000, 0x0000000703800000|100%| O|  |TAMS 0x0000000703600000| PB 0x0000000703600000| Untracked 
|  11|0x0000000703800000, 0x0000000703a00000, 0x0000000703a00000|100%| O|  |TAMS 0x0000000703800000| PB 0x0000000703800000| Untracked 
|  12|0x0000000703a00000, 0x0000000703c00000, 0x0000000703c00000|100%| O|  |TAMS 0x0000000703a00000| PB 0x0000000703a00000| Untracked 
|  13|0x0000000703c00000, 0x0000000703c00000, 0x0000000703e00000|  0%| F|  |TAMS 0x0000000703c00000| PB 0x0000000703c00000| Untracked 
|  14|0x0000000703e00000, 0x0000000704000000, 0x0000000704000000|100%| O|  |TAMS 0x0000000703e00000| PB 0x0000000703e00000| Untracked 
|  15|0x0000000704000000, 0x0000000704000000, 0x0000000704200000|  0%| F|  |TAMS 0x0000000704000000| PB 0x0000000704000000| Untracked 
|  16|0x0000000704200000, 0x0000000704400000, 0x0000000704400000|100%| O|  |TAMS 0x0000000704200000| PB 0x0000000704200000| Untracked 
|  17|0x0000000704400000, 0x0000000704600000, 0x0000000704600000|100%| O|  |TAMS 0x0000000704400000| PB 0x0000000704400000| Untracked 
|  18|0x0000000704600000, 0x0000000704800000, 0x0000000704800000|100%| O|  |TAMS 0x0000000704600000| PB 0x0000000704600000| Untracked 
|  19|0x0000000704800000, 0x0000000704800000, 0x0000000704a00000|  0%| F|  |TAMS 0x0000000704800000| PB 0x0000000704800000| Untracked 
|  20|0x0000000704a00000, 0x0000000704c00000, 0x0000000704c00000|100%| O|  |TAMS 0x0000000704a00000| PB 0x0000000704a00000| Untracked 
|  21|0x0000000704c00000, 0x0000000704ce1c00, 0x0000000704e00000| 44%| O|  |TAMS 0x0000000704c00000| PB 0x0000000704c00000| Untracked 
|  22|0x0000000704e00000, 0x0000000704e31000, 0x0000000705000000|  9%| S|CS|TAMS 0x0000000704e00000| PB 0x0000000704e00000| Complete 
|  23|0x0000000705000000, 0x0000000705000000, 0x0000000705200000|  0%| F|  |TAMS 0x0000000705000000| PB 0x0000000705000000| Untracked 
|  24|0x0000000705200000, 0x0000000705200000, 0x0000000705400000|  0%| F|  |TAMS 0x0000000705200000| PB 0x0000000705200000| Untracked 
|  25|0x0000000705400000, 0x0000000705600000, 0x0000000705600000|100%| S|CS|TAMS 0x0000000705400000| PB 0x0000000705400000| Complete 
|  26|0x0000000705600000, 0x0000000705600000, 0x0000000705800000|  0%| F|  |TAMS 0x0000000705600000| PB 0x0000000705600000| Untracked 
|  27|0x0000000705800000, 0x000000070597c278, 0x0000000705a00000| 74%| E|  |TAMS 0x0000000705800000| PB 0x0000000705800000| Complete 
|  28|0x0000000705a00000, 0x0000000705c00000, 0x0000000705c00000|100%| E|CS|TAMS 0x0000000705a00000| PB 0x0000000705a00000| Complete 
|  29|0x0000000705c00000, 0x0000000705e00000, 0x0000000705e00000|100%| E|CS|TAMS 0x0000000705c00000| PB 0x0000000705c00000| Complete 
|  30|0x0000000705e00000, 0x0000000706000000, 0x0000000706000000|100%| E|CS|TAMS 0x0000000705e00000| PB 0x0000000705e00000| Complete 
|  31|0x0000000706000000, 0x0000000706200000, 0x0000000706200000|100%| E|CS|TAMS 0x0000000706000000| PB 0x0000000706000000| Complete 
|  32|0x0000000706200000, 0x0000000706400000, 0x0000000706400000|100%| E|CS|TAMS 0x0000000706200000| PB 0x0000000706200000| Complete 
|  33|0x0000000706400000, 0x0000000706600000, 0x0000000706600000|100%| E|CS|TAMS 0x0000000706400000| PB 0x0000000706400000| Complete 
|  34|0x0000000706600000, 0x0000000706800000, 0x0000000706800000|100%| E|CS|TAMS 0x0000000706600000| PB 0x0000000706600000| Complete 
|  35|0x0000000706800000, 0x0000000706a00000, 0x0000000706a00000|100%| E|CS|TAMS 0x0000000706800000| PB 0x0000000706800000| Complete 
|  36|0x0000000706a00000, 0x0000000706c00000, 0x0000000706c00000|100%| E|CS|TAMS 0x0000000706a00000| PB 0x0000000706a00000| Complete 
|  37|0x0000000706c00000, 0x0000000706e00000, 0x0000000706e00000|100%| E|CS|TAMS 0x0000000706c00000| PB 0x0000000706c00000| Complete 
|  38|0x0000000706e00000, 0x0000000707000000, 0x0000000707000000|100%| E|  |TAMS 0x0000000706e00000| PB 0x0000000706e00000| Complete 
|  39|0x0000000707000000, 0x0000000707200000, 0x0000000707200000|100%| E|CS|TAMS 0x0000000707000000| PB 0x0000000707000000| Complete 
|  40|0x0000000707200000, 0x0000000707400000, 0x0000000707400000|100%| E|CS|TAMS 0x0000000707200000| PB 0x0000000707200000| Complete 
| 111|0x0000000710000000, 0x0000000710200000, 0x0000000710200000|100%| E|CS|TAMS 0x0000000710000000| PB 0x0000000710000000| Complete 
| 112|0x0000000710200000, 0x0000000710400000, 0x0000000710400000|100%| E|CS|TAMS 0x0000000710200000| PB 0x0000000710200000| Complete 
| 113|0x0000000710400000, 0x0000000710600000, 0x0000000710600000|100%| E|CS|TAMS 0x0000000710400000| PB 0x0000000710400000| Complete 
| 126|0x0000000711e00000, 0x0000000712000000, 0x0000000712000000|100%| E|CS|TAMS 0x0000000711e00000| PB 0x0000000711e00000| Complete 

Card table byte_map: [0x000001d534770000,0x000001d534f60000] _byte_map_base: 0x000001d530f5f000

Marking Bits: (CMBitMap*) 0x000001d51c840c70
 Bits: [0x000001d534f60000, 0x000001d538ed8000)

Polling page: 0x000001d51a780000

Metaspace:

Usage:
  Non-class:     53.90 MB used.
      Class:      7.66 MB used.
       Both:     61.55 MB used.

Virtual space:
  Non-class space:       64.00 MB reserved,      54.38 MB ( 85%) committed,  1 nodes.
      Class space:        1.00 GB reserved,       8.12 MB ( <1%) committed,  1 nodes.
             Both:        1.06 GB reserved,      62.50 MB (  6%) committed. 

Chunk freelists:
   Non-Class:  9.41 MB
       Class:  8.03 MB
        Both:  17.44 MB

MaxMetaspaceSize: unlimited
CompressedClassSpaceSize: 1.00 GB
Initial GC threshold: 21.00 MB
Current GC threshold: 104.06 MB
CDS: on
 - commit_granule_bytes: 65536.
 - commit_granule_words: 8192.
 - virtual_space_node_default_size: 8388608.
 - enlarge_chunks_in_place: 1.
 - use_allocation_guard: 0.


Internal statistics:

num_allocs_failed_limit: 12.
num_arena_births: 1198.
num_arena_deaths: 438.
num_vsnodes_births: 2.
num_vsnodes_deaths: 0.
num_space_committed: 999.
num_space_uncommitted: 0.
num_chunks_returned_to_freelist: 515.
num_chunks_taken_from_freelist: 3589.
num_chunk_merges: 127.
num_chunk_splits: 2374.
num_chunks_enlarged: 1677.
num_inconsistent_stats: 0.

CodeHeap 'non-profiled nmethods': size=120000Kb used=6184Kb max_used=6184Kb free=113815Kb
 bounds [0x000001d52c720000, 0x000001d52cd30000, 0x000001d533c50000]
CodeHeap 'profiled nmethods': size=120000Kb used=21314Kb max_used=21314Kb free=98685Kb
 bounds [0x000001d524c50000, 0x000001d526130000, 0x000001d52c180000]
CodeHeap 'non-nmethods': size=5760Kb used=1637Kb max_used=1692Kb free=4122Kb
 bounds [0x000001d52c180000, 0x000001d52c3f0000, 0x000001d52c720000]
 total_blobs=10443 nmethods=9756 adapters=588
 compilation: enabled
              stopped_count=0, restarted_count=0
 full_count=0

Compilation events (20 events):
Event: 10370.579 Thread 0x000001d53b96d440 nmethod 11033 0x000001d52cd1df10 code [0x000001d52cd1e0a0, 0x000001d52cd1e168]
Event: 10373.020 Thread 0x000001d53b96a3b0 11034       4       java.util.concurrent.ConcurrentHashMap::<init> (5 bytes)
Event: 10373.021 Thread 0x000001d53b96a3b0 nmethod 11034 0x000001d52cd1e210 code [0x000001d52cd1e3a0, 0x000001d52cd1e428]
Event: 10490.551 Thread 0x000001d53b96a3b0 11035       4       java.util.ArrayDeque$DeqIterator::<init> (34 bytes)
Event: 10490.560 Thread 0x000001d53b96a3b0 nmethod 11035 0x000001d52cd1e510 code [0x000001d52cd1e6a0, 0x000001d52cd1e8b0]
Event: 10490.560 Thread 0x000001d53b96a3b0 11036   !   4       java.util.stream.ReferencePipeline$7$1::accept (127 bytes)
Event: 10490.606 Thread 0x000001d53b96a3b0 nmethod 11036 0x000001d52cd1e990 code [0x000001d52cd1ece0, 0x000001d52cd20270]
Event: 10525.042 Thread 0x000001d53b96a3b0 11037       4       org.springframework.core.BridgeMethodResolver::findBridgedMethod (9 bytes)
Event: 10525.056 Thread 0x000001d53b96a3b0 nmethod 11037 0x000001d52cd21010 code [0x000001d52cd21240, 0x000001d52cd218d0]
Event: 10553.061 Thread 0x000001d53b96a3b0 11038       4       com.fasterxml.jackson.core.json.JsonWriteContext::clearAndGetParent (10 bytes)
Event: 10553.062 Thread 0x000001d53b96d440 11039       3       java.lang.invoke.LambdaForm$MH/0x000001d53d3c9400::invoke (53 bytes)
Event: 10553.063 Thread 0x000001d53b96d440 nmethod 11039 0x000001d526121b90 code [0x000001d526121da0, 0x000001d5261225c8]
Event: 10553.064 Thread 0x000001d53b96d440 11040       3       java.lang.invoke.LambdaForm$DMH/0x000001d53d348000::invokeVirtual (14 bytes)
Event: 10553.065 Thread 0x000001d53b96a3b0 nmethod 11038 0x000001d52cd21e90 code [0x000001d52cd22020, 0x000001d52cd22110]
Event: 10553.066 Thread 0x000001d53b96d440 nmethod 11040 0x000001d526122790 code [0x000001d526122960, 0x000001d526122e08]
Event: 10562.960 Thread 0x000001d53b96a3b0 11041       4       java.lang.Throwable::printEnclosedStackTrace (350 bytes)
Event: 10563.074 Thread 0x000001d53b96a3b0 nmethod 11041 0x000001d52cd22190 code [0x000001d52cd22700, 0x000001d52cd27668]
Event: 10580.652 Thread 0x000001d53b96a3b0 11042       4       java.time.Duration::create (23 bytes)
Event: 10580.655 Thread 0x000001d53b96a3b0 nmethod 11042 0x000001d52cd29d10 code [0x000001d52cd29ea0, 0x000001d52cd29fb0]
Event: 10592.967 Thread 0x000001d53b96a3b0 11043       4       java.lang.Throwable::printEnclosedStackTrace (350 bytes)

GC Heap History (20 events):
Event: 10.355 GC heap before
{Heap before GC invocations=10 (full 0):
 garbage-first heap   total 75776K, used 63284K [0x0000000702200000, 0x0000000800000000)
  region size 2048K, 20 young (40960K), 2 survivors (4096K)
 Metaspace       used 40183K, committed 40832K, reserved 1114112K
  class space    used 5066K, committed 5376K, reserved 1048576K
}
Event: 10.376 GC heap after
{Heap after GC invocations=11 (full 0):
 garbage-first heap   total 75776K, used 31293K [0x0000000702200000, 0x0000000800000000)
  region size 2048K, 3 young (6144K), 3 survivors (6144K)
 Metaspace       used 40183K, committed 40832K, reserved 1114112K
  class space    used 5066K, committed 5376K, reserved 1048576K
}
Event: 13.289 GC heap before
{Heap before GC invocations=11 (full 0):
 garbage-first heap   total 75776K, used 62013K [0x0000000702200000, 0x0000000800000000)
  region size 2048K, 18 young (36864K), 3 survivors (6144K)
 Metaspace       used 45917K, committed 46592K, reserved 1114112K
  class space    used 5959K, committed 6272K, reserved 1048576K
}
Event: 13.300 GC heap after
{Heap after GC invocations=12 (full 0):
 garbage-first heap   total 92160K, used 35101K [0x0000000702200000, 0x0000000800000000)
  region size 2048K, 2 young (4096K), 2 survivors (4096K)
 Metaspace       used 45917K, committed 46592K, reserved 1114112K
  class space    used 5959K, committed 6272K, reserved 1048576K
}
Event: 17.589 GC heap before
{Heap before GC invocations=12 (full 0):
 garbage-first heap   total 92160K, used 78109K [0x0000000702200000, 0x0000000800000000)
  region size 2048K, 23 young (47104K), 2 survivors (4096K)
 Metaspace       used 53892K, committed 54656K, reserved 1114112K
  class space    used 7025K, committed 7360K, reserved 1048576K
}
Event: 17.597 GC heap after
{Heap after GC invocations=13 (full 0):
 garbage-first heap   total 92160K, used 39150K [0x0000000702200000, 0x0000000800000000)
  region size 2048K, 3 young (6144K), 3 survivors (6144K)
 Metaspace       used 53892K, committed 54656K, reserved 1114112K
  class space    used 7025K, committed 7360K, reserved 1048576K
}
Event: 22.250 GC heap before
{Heap before GC invocations=13 (full 0):
 garbage-first heap   total 92160K, used 59630K [0x0000000702200000, 0x0000000800000000)
  region size 2048K, 14 young (28672K), 3 survivors (6144K)
 Metaspace       used 59443K, committed 60160K, reserved 1114112K
  class space    used 7788K, committed 8128K, reserved 1048576K
}
Event: 22.256 GC heap after
{Heap after GC invocations=14 (full 0):
 garbage-first heap   total 92160K, used 41022K [0x0000000702200000, 0x0000000800000000)
  region size 2048K, 2 young (4096K), 2 survivors (4096K)
 Metaspace       used 59443K, committed 60160K, reserved 1114112K
  class space    used 7788K, committed 8128K, reserved 1048576K
}
Event: 1187.272 GC heap before
{Heap before GC invocations=15 (full 0):
 garbage-first heap   total 92160K, used 77886K [0x0000000702200000, 0x0000000800000000)
  region size 2048K, 20 young (40960K), 2 survivors (4096K)
 Metaspace       used 61479K, committed 62272K, reserved 1114112K
  class space    used 7939K, committed 8320K, reserved 1048576K
}
Event: 1187.279 GC heap after
{Heap after GC invocations=16 (full 0):
 garbage-first heap   total 92160K, used 41250K [0x0000000702200000, 0x0000000800000000)
  region size 2048K, 2 young (4096K), 2 survivors (4096K)
 Metaspace       used 61479K, committed 62272K, reserved 1114112K
  class space    used 7939K, committed 8320K, reserved 1048576K
}
Event: 3237.295 GC heap before
{Heap before GC invocations=16 (full 0):
 garbage-first heap   total 92160K, used 80162K [0x0000000702200000, 0x0000000800000000)
  region size 2048K, 21 young (43008K), 2 survivors (4096K)
 Metaspace       used 62156K, committed 62976K, reserved 1114112K
  class space    used 7944K, committed 8320K, reserved 1048576K
}
Event: 3237.306 GC heap after
{Heap after GC invocations=17 (full 0):
 garbage-first heap   total 92160K, used 40788K [0x0000000702200000, 0x0000000800000000)
  region size 2048K, 2 young (4096K), 2 survivors (4096K)
 Metaspace       used 62156K, committed 62976K, reserved 1114112K
  class space    used 7944K, committed 8320K, reserved 1048576K
}
Event: 4710.483 GC heap before
{Heap before GC invocations=17 (full 0):
 garbage-first heap   total 92160K, used 77652K [0x0000000702200000, 0x0000000800000000)
  region size 2048K, 21 young (43008K), 2 survivors (4096K)
 Metaspace       used 62973K, committed 63808K, reserved 1114112K
  class space    used 7945K, committed 8320K, reserved 1048576K
}
Event: 4710.487 GC heap after
{Heap after GC invocations=18 (full 0):
 garbage-first heap   total 92160K, used 40685K [0x0000000702200000, 0x0000000800000000)
  region size 2048K, 2 young (4096K), 2 survivors (4096K)
 Metaspace       used 62973K, committed 63808K, reserved 1114112K
  class space    used 7945K, committed 8320K, reserved 1048576K
}
Event: 6212.332 GC heap before
{Heap before GC invocations=18 (full 0):
 garbage-first heap   total 92160K, used 77549K [0x0000000702200000, 0x0000000800000000)
  region size 2048K, 21 young (43008K), 2 survivors (4096K)
 Metaspace       used 63141K, committed 63936K, reserved 1114112K
  class space    used 7949K, committed 8320K, reserved 1048576K
}
Event: 6212.337 GC heap after
{Heap after GC invocations=19 (full 0):
 garbage-first heap   total 92160K, used 40336K [0x0000000702200000, 0x0000000800000000)
  region size 2048K, 2 young (4096K), 2 survivors (4096K)
 Metaspace       used 63141K, committed 63936K, reserved 1114112K
  class space    used 7949K, committed 8320K, reserved 1048576K
}
Event: 7712.884 GC heap before
{Heap before GC invocations=20 (full 0):
 garbage-first heap   total 92160K, used 77200K [0x0000000702200000, 0x0000000800000000)
  region size 2048K, 21 young (43008K), 2 survivors (4096K)
 Metaspace       used 62851K, committed 63936K, reserved 1114112K
  class space    used 7842K, committed 8320K, reserved 1048576K
}
Event: 7712.897 GC heap after
{Heap after GC invocations=21 (full 0):
 garbage-first heap   total 92160K, used 40411K [0x0000000702200000, 0x0000000800000000)
  region size 2048K, 2 young (4096K), 2 survivors (4096K)
 Metaspace       used 62851K, committed 63936K, reserved 1114112K
  class space    used 7842K, committed 8320K, reserved 1048576K
}
Event: 9219.101 GC heap before
{Heap before GC invocations=21 (full 0):
 garbage-first heap   total 92160K, used 77275K [0x0000000702200000, 0x0000000800000000)
  region size 2048K, 21 young (43008K), 2 survivors (4096K)
 Metaspace       used 62998K, committed 64000K, reserved 1114112K
  class space    used 7842K, committed 8320K, reserved 1048576K
}
Event: 9219.129 GC heap after
{Heap after GC invocations=22 (full 0):
 garbage-first heap   total 92160K, used 35915K [0x0000000702200000, 0x0000000800000000)
  region size 2048K, 2 young (4096K), 2 survivors (4096K)
 Metaspace       used 62998K, committed 64000K, reserved 1114112K
  class space    used 7842K, committed 8320K, reserved 1048576K
}

Dll operation events (14 events):
Event: 0.015 Loaded shared library C:\Program Files\Java\jdk-21\bin\java.dll
Event: 0.056 Loaded shared library C:\Program Files\Java\jdk-21\bin\jsvml.dll
Event: 0.232 Loaded shared library C:\Program Files\Java\jdk-21\bin\zip.dll
Event: 0.237 Loaded shared library C:\Program Files\Java\jdk-21\bin\instrument.dll
Event: 0.245 Loaded shared library C:\Program Files\Java\jdk-21\bin\net.dll
Event: 0.248 Loaded shared library C:\Program Files\Java\jdk-21\bin\nio.dll
Event: 0.258 Loaded shared library C:\Program Files\Java\jdk-21\bin\zip.dll
Event: 0.524 Loaded shared library C:\Users\pc\AppData\Local\JetBrains\IntelliJ IDEA Community Edition 2024.1.3\bin\breakgen64.dll
Event: 0.532 Loaded shared library C:\Program Files\Java\jdk-21\bin\extnet.dll
Event: 0.571 Loaded shared library C:\Program Files\Java\jdk-21\bin\jimage.dll
Event: 3.832 Loaded shared library C:\Program Files\Java\jdk-21\bin\sunmscapi.dll
Event: 6.758 Loaded shared library C:\Program Files\Java\jdk-21\bin\management.dll
Event: 6.761 Loaded shared library C:\Program Files\Java\jdk-21\bin\management_ext.dll
Event: 7.186 Loaded shared library C:\Program Files\Java\jdk-21\bin\verify.dll

Deoptimization events (20 events):
Event: 8928.325 Thread 0x000001d504b79030 Uncommon trap: reason=array_check action=maybe_recompile pc=0x000001d52cacbb78 method=java.util.concurrent.ConcurrentHashMap$CollectionView.toArray([Ljava/lang/Object;)[Ljava/lang/Object; @ 158 c2
Event: 8928.325 Thread 0x000001d504b77c80 Uncommon trap: reason=array_check action=maybe_recompile pc=0x000001d52cacbb78 method=java.util.concurrent.ConcurrentHashMap$CollectionView.toArray([Ljava/lang/Object;)[Ljava/lang/Object; @ 158 c2
Event: 8928.325 Thread 0x000001d504b79030 DEOPT PACKING pc=0x000001d52cacbb78 sp=0x000000cc10afda50
Event: 8928.325 Thread 0x000001d504b77c80 DEOPT PACKING pc=0x000001d52cacbb78 sp=0x000000cc10bfd960
Event: 8928.325 Thread 0x000001d504b79030 DEOPT UNPACKING pc=0x000001d52c1d46a2 sp=0x000000cc10afd988 mode 2
Event: 8928.325 Thread 0x000001d504b77c80 DEOPT UNPACKING pc=0x000001d52c1d46a2 sp=0x000000cc10bfd898 mode 2
Event: 8928.327 Thread 0x000001d504b79030 Uncommon trap: trap_request=0xffffffd6 fr.pc=0x000001d52cacbb78 relative=0x0000000000000ef8
Event: 8928.327 Thread 0x000001d504b79030 Uncommon trap: reason=array_check action=maybe_recompile pc=0x000001d52cacbb78 method=java.util.concurrent.ConcurrentHashMap$CollectionView.toArray([Ljava/lang/Object;)[Ljava/lang/Object; @ 158 c2
Event: 8928.327 Thread 0x000001d504b77c80 Uncommon trap: trap_request=0xffffffd6 fr.pc=0x000001d52cacbb78 relative=0x0000000000000ef8
Event: 8928.327 Thread 0x000001d504b79030 DEOPT PACKING pc=0x000001d52cacbb78 sp=0x000000cc10afda50
Event: 8928.327 Thread 0x000001d504b77c80 Uncommon trap: reason=array_check action=maybe_recompile pc=0x000001d52cacbb78 method=java.util.concurrent.ConcurrentHashMap$CollectionView.toArray([Ljava/lang/Object;)[Ljava/lang/Object; @ 158 c2
Event: 8928.327 Thread 0x000001d504b79030 DEOPT UNPACKING pc=0x000001d52c1d46a2 sp=0x000000cc10afd988 mode 2
Event: 8928.327 Thread 0x000001d504b77c80 DEOPT PACKING pc=0x000001d52cacbb78 sp=0x000000cc10bfd960
Event: 8928.327 Thread 0x000001d504b77c80 DEOPT UNPACKING pc=0x000001d52c1d46a2 sp=0x000000cc10bfd898 mode 2
Event: 10562.960 Thread 0x000001d57dc7b3e0 DEOPT PACKING pc=0x000001d525b73610 sp=0x000000cc114fe2d0
Event: 10562.960 Thread 0x000001d57dc7b3e0 DEOPT UNPACKING pc=0x000001d52c1d4e42 sp=0x000000cc114fd818 mode 0
Event: 10566.393 Thread 0x000001d504adeff0 Uncommon trap: trap_request=0xffffff76 fr.pc=0x000001d52cd26364 relative=0x0000000000003c64
Event: 10566.393 Thread 0x000001d504adeff0 Uncommon trap: reason=predicate action=maybe_recompile pc=0x000001d52cd26364 method=java.lang.Throwable.printEnclosedStackTrace(Ljava/lang/Throwable$PrintStreamOrWriter;[Ljava/lang/StackTraceElement;Ljava/lang/String;Ljava/lang/String;Ljava/util/Set;)V @ 
Event: 10566.393 Thread 0x000001d504adeff0 DEOPT PACKING pc=0x000001d52cd26364 sp=0x000000cc115fe530
Event: 10566.393 Thread 0x000001d504adeff0 DEOPT UNPACKING pc=0x000001d52c1d46a2 sp=0x000000cc115fe500 mode 2

Classes loaded (20 events):
Event: 176.238 Loading class com/sun/beans/finder/AbstractFinder done
Event: 176.239 Loading class com/sun/beans/finder/MethodFinder done
Event: 176.239 Loading class com/sun/beans/finder/MethodFinder$1
Event: 176.239 Loading class com/sun/beans/finder/MethodFinder$1 done
Event: 176.239 Loading class com/sun/beans/finder/FinderUtils
Event: 176.239 Loading class com/sun/beans/finder/FinderUtils done
Event: 176.254 Loading class java/lang/EnumBeanInfo
Event: 176.254 Loading class java/lang/EnumBeanInfo done
Event: 176.256 Loading class java/lang/EnumBeanInfo
Event: 176.256 Loading class java/lang/EnumBeanInfo done
Event: 176.256 Loading class java/lang/EnumCustomizer
Event: 176.256 Loading class java/lang/EnumCustomizer done
Event: 176.259 Loading class java/lang/EnumCustomizer
Event: 176.259 Loading class java/lang/EnumCustomizer done
Event: 176.259 Loading class java/lang/Enum$EnumDesc
Event: 176.260 Loading class java/lang/constant/DynamicConstantDesc
Event: 176.260 Loading class java/lang/constant/DynamicConstantDesc done
Event: 176.260 Loading class java/lang/Enum$EnumDesc done
Event: 418.134 Loading class sun/net/ConnectionResetException
Event: 418.135 Loading class sun/net/ConnectionResetException done

Classes unloaded (20 events):
Event: 6212.386 Thread 0x000001d53b9308f0 Unloading class 0x000001d53d0dc800 'java/lang/invoke/LambdaForm$MH+0x000001d53d0dc800'
Event: 6212.386 Thread 0x000001d53b9308f0 Unloading class 0x000001d53d034c00 'java/lang/invoke/LambdaForm$MH+0x000001d53d034c00'
Event: 6212.386 Thread 0x000001d53b9308f0 Unloading class 0x000001d53d01f400 'java/lang/invoke/LambdaForm$MH+0x000001d53d01f400'
Event: 6212.386 Thread 0x000001d53b9308f0 Unloading class 0x000001d53d01ec00 'java/lang/invoke/LambdaForm$MH+0x000001d53d01ec00'
Event: 6212.386 Thread 0x000001d53b9308f0 Unloading class 0x000001d53d01e400 'java/lang/invoke/LambdaForm$MH+0x000001d53d01e400'
Event: 6212.386 Thread 0x000001d53b9308f0 Unloading class 0x000001d53d01e000 'java/lang/invoke/LambdaForm$MH+0x000001d53d01e000'
Event: 6212.386 Thread 0x000001d53b9308f0 Unloading class 0x000001d53d01d000 'java/lang/invoke/LambdaForm$MH+0x000001d53d01d000'
Event: 6212.386 Thread 0x000001d53b9308f0 Unloading class 0x000001d53d01c400 'java/lang/invoke/LambdaForm$MH+0x000001d53d01c400'
Event: 6212.386 Thread 0x000001d53b9308f0 Unloading class 0x000001d53d01c000 'java/lang/invoke/LambdaForm$MH+0x000001d53d01c000'
Event: 6212.386 Thread 0x000001d53b9308f0 Unloading class 0x000001d53d01b800 'java/lang/invoke/LambdaForm$MH+0x000001d53d01b800'
Event: 6212.386 Thread 0x000001d53b9308f0 Unloading class 0x000001d53d01b400 'java/lang/invoke/LambdaForm$MH+0x000001d53d01b400'
Event: 6212.386 Thread 0x000001d53b9308f0 Unloading class 0x000001d53d01b000 'java/lang/invoke/LambdaForm$MH+0x000001d53d01b000'
Event: 6212.386 Thread 0x000001d53b9308f0 Unloading class 0x000001d53d01a400 'java/lang/invoke/LambdaForm$MH+0x000001d53d01a400'
Event: 6212.386 Thread 0x000001d53b9308f0 Unloading class 0x000001d53d019400 'java/lang/invoke/LambdaForm$MH+0x000001d53d019400'
Event: 6212.386 Thread 0x000001d53b9308f0 Unloading class 0x000001d53d018800 'java/lang/invoke/LambdaForm$MH+0x000001d53d018800'
Event: 6212.386 Thread 0x000001d53b9308f0 Unloading class 0x000001d53d018000 'java/lang/invoke/LambdaForm$MH+0x000001d53d018000'
Event: 6212.386 Thread 0x000001d53b9308f0 Unloading class 0x000001d53d002400 'java/lang/invoke/LambdaForm$MH+0x000001d53d002400'
Event: 6212.386 Thread 0x000001d53b9308f0 Unloading class 0x000001d53d002000 'java/lang/invoke/LambdaForm$MH+0x000001d53d002000'
Event: 6212.386 Thread 0x000001d53b9308f0 Unloading class 0x000001d53d001c00 'java/lang/invoke/LambdaForm$MH+0x000001d53d001c00'
Event: 6212.386 Thread 0x000001d53b9308f0 Unloading class 0x000001d53d001400 'java/lang/invoke/LambdaForm$MH+0x000001d53d001400'

Classes redefined (0 events):
No events

Internal exceptions (20 events):
Event: 10566.394 Thread 0x000001d504adeff0 Exception <a 'java/io/IOException'{0x00000007058ceda8}> (0x00000007058ceda8) 
thrown [s\open\src\hotspot\share\prims\jni.cpp, line 520]
Event: 10567.525 Thread 0x000001d504b720a0 Exception <a 'java/io/IOException'{0x0000000705847fc0}> (0x0000000705847fc0) 
thrown [s\open\src\hotspot\share\prims\jni.cpp, line 520]
Event: 10567.526 Thread 0x000001d504b720a0 Exception <a 'java/net/ConnectException'{0x000000070584dcb8}: Connection refused: getsockopt> (0x000000070584dcb8) 
thrown [s\open\src\hotspot\share\prims\jni.cpp, line 539]
Event: 10567.537 Thread 0x000001d504b720a0 Exception <a 'java/net/ConnectException'{0x000000070584ebf8}: Connection refused: getsockopt> (0x000000070584ebf8) 
thrown [s\open\src\hotspot\share\prims\jni.cpp, line 539]
Event: 10567.538 Thread 0x000001d504b720a0 Exception <a 'java/io/IOException'{0x00000007058f9c10}> (0x00000007058f9c10) 
thrown [s\open\src\hotspot\share\prims\jni.cpp, line 520]
Event: 10567.538 Thread 0x000001d504b720a0 Exception <a 'java/io/IOException'{0x00000007058fb250}> (0x00000007058fb250) 
thrown [s\open\src\hotspot\share\prims\jni.cpp, line 520]
Event: 10567.538 Thread 0x000001d504b720a0 Exception <a 'java/io/IOException'{0x0000000705902760}> (0x0000000705902760) 
thrown [s\open\src\hotspot\share\prims\jni.cpp, line 520]
Event: 10567.539 Thread 0x000001d504b720a0 Exception <a 'java/io/IOException'{0x0000000705909170}> (0x0000000705909170) 
thrown [s\open\src\hotspot\share\prims\jni.cpp, line 520]
Event: 10586.435 Thread 0x000001d504b74e90 Exception <a 'java/io/IOException'{0x0000000705bac848}> (0x0000000705bac848) 
thrown [s\open\src\hotspot\share\prims\jni.cpp, line 520]
Event: 10592.962 Thread 0x000001d57dc7b3e0 Exception <a 'java/io/IOException'{0x00000007058a3388}> (0x00000007058a3388) 
thrown [s\open\src\hotspot\share\prims\jni.cpp, line 520]
Event: 10592.962 Thread 0x000001d57dc7b3e0 Exception <a 'java/io/IOException'{0x00000007058a45c0}> (0x00000007058a45c0) 
thrown [s\open\src\hotspot\share\prims\jni.cpp, line 520]
Event: 10592.962 Thread 0x000001d57dc7b3e0 Exception <a 'java/io/IOException'{0x00000007058a57d0}> (0x00000007058a57d0) 
thrown [s\open\src\hotspot\share\prims\jni.cpp, line 520]
Event: 10592.962 Thread 0x000001d57dc7b3e0 Exception <a 'java/io/IOException'{0x00000007058a69c8}> (0x00000007058a69c8) 
thrown [s\open\src\hotspot\share\prims\jni.cpp, line 520]
Event: 10592.962 Thread 0x000001d57dc7b3e0 Exception <a 'java/io/IOException'{0x00000007058a7c28}> (0x00000007058a7c28) 
thrown [s\open\src\hotspot\share\prims\jni.cpp, line 520]
Event: 10592.962 Thread 0x000001d57dc7b3e0 Exception <a 'java/io/IOException'{0x00000007058a8e20}> (0x00000007058a8e20) 
thrown [s\open\src\hotspot\share\prims\jni.cpp, line 520]
Event: 10592.962 Thread 0x000001d57dc7b3e0 Exception <a 'java/io/IOException'{0x00000007058a9f68}> (0x00000007058a9f68) 
thrown [s\open\src\hotspot\share\prims\jni.cpp, line 520]
Event: 10592.966 Thread 0x000001d57dc7b3e0 Exception <a 'java/net/ConnectException'{0x00000007058aeb40}: Connection refused: getsockopt> (0x00000007058aeb40) 
thrown [s\open\src\hotspot\share\prims\jni.cpp, line 539]
Event: 10592.967 Thread 0x000001d57dc7b3e0 Exception <a 'java/io/IOException'{0x000000070594ff60}> (0x000000070594ff60) 
thrown [s\open\src\hotspot\share\prims\jni.cpp, line 520]
Event: 10592.967 Thread 0x000001d57dc7b3e0 Exception <a 'java/io/IOException'{0x00000007059515a0}> (0x00000007059515a0) 
thrown [s\open\src\hotspot\share\prims\jni.cpp, line 520]
Event: 10592.968 Thread 0x000001d57dc7b3e0 Exception <a 'java/io/IOException'{0x0000000705959a68}> (0x0000000705959a68) 
thrown [s\open\src\hotspot\share\prims\jni.cpp, line 520]

ZGC Phase Switch (0 events):
No events

VM Operations (20 events):
Event: 10251.251 Executing VM operation: RendezvousGCThreads
Event: 10251.251 Executing VM operation: RendezvousGCThreads done
Event: 10266.271 Executing VM operation: Cleanup
Event: 10266.271 Executing VM operation: Cleanup done
Event: 10311.441 Executing VM operation: HandshakeAllThreads (HandshakeForDeflation)
Event: 10311.441 Executing VM operation: HandshakeAllThreads (HandshakeForDeflation) done
Event: 10311.442 Executing VM operation: RendezvousGCThreads
Event: 10311.442 Executing VM operation: RendezvousGCThreads done
Event: 10329.590 Executing VM operation: Cleanup
Event: 10329.590 Executing VM operation: Cleanup done
Event: 10343.710 Executing VM operation: Cleanup
Event: 10343.710 Executing VM operation: Cleanup done
Event: 10370.724 Executing VM operation: Cleanup
Event: 10370.725 Executing VM operation: Cleanup done
Event: 10491.974 Executing VM operation: HandshakeAllThreads (HandshakeForDeflation)
Event: 10491.974 Executing VM operation: HandshakeAllThreads (HandshakeForDeflation) done
Event: 10491.975 Executing VM operation: RendezvousGCThreads
Event: 10491.975 Executing VM operation: RendezvousGCThreads done
Event: 10511.144 Executing VM operation: Cleanup
Event: 10511.144 Executing VM operation: Cleanup done

Events (20 events):
Event: 6212.410 Thread 0x000001d53b9308f0 flushing nmethod 0x000001d525021690
Event: 6212.410 Thread 0x000001d53b9308f0 flushing nmethod 0x000001d525026790
Event: 6212.410 Thread 0x000001d53b9308f0 flushing nmethod 0x000001d525027010
Event: 6212.410 Thread 0x000001d53b9308f0 flushing nmethod 0x000001d525029590
Event: 6212.410 Thread 0x000001d53b9308f0 flushing nmethod 0x000001d525071290
Event: 6212.410 Thread 0x000001d53b9308f0 flushing nmethod 0x000001d525082190
Event: 6212.410 Thread 0x000001d53b9308f0 flushing nmethod 0x000001d52520bf90
Event: 6212.410 Thread 0x000001d53b9308f0 flushing nmethod 0x000001d525231c90
Event: 6212.410 Thread 0x000001d53b9308f0 flushing nmethod 0x000001d52542be90
Event: 6212.410 Thread 0x000001d53b9308f0 flushing nmethod 0x000001d52544a110
Event: 6212.410 Thread 0x000001d53b9308f0 flushing nmethod 0x000001d52544ab10
Event: 6212.410 Thread 0x000001d53b9308f0 flushing nmethod 0x000001d5254fac10
Event: 6212.410 Thread 0x000001d53b9308f0 flushing nmethod 0x000001d52557f790
Event: 6212.410 Thread 0x000001d53b9308f0 flushing nmethod 0x000001d5255bda90
Event: 6212.410 Thread 0x000001d53b9308f0 flushing nmethod 0x000001d52590dd90
Event: 6212.410 Thread 0x000001d53b9308f0 flushing nmethod 0x000001d52590ff90
Event: 6212.410 Thread 0x000001d53b9308f0 flushing nmethod 0x000001d525910410
Event: 6212.410 Thread 0x000001d53b9308f0 flushing nmethod 0x000001d525910a90
Event: 6212.410 Thread 0x000001d53b9308f0 flushing nmethod 0x000001d525911110
Event: 9524.551 Thread 0x000001d53be59b00 Thread exited: 0x000001d53be59b00


Dynamic libraries:
0x00007ff6dacd0000 - 0x00007ff6dace0000 	C:\Program Files\Java\jdk-21\bin\java.exe
0x00007ffb447a0000 - 0x00007ffb44a00000 	C:\WINDOWS\SYSTEM32\ntdll.dll
0x00007ffb43960000 - 0x00007ffb43a27000 	C:\WINDOWS\System32\KERNEL32.DLL
0x00007ffb421d0000 - 0x00007ffb4259b000 	C:\WINDOWS\System32\KERNELBASE.dll
0x00007ffb41a40000 - 0x00007ffb41b8b000 	C:\WINDOWS\System32\ucrtbase.dll
0x00007ffb145d0000 - 0x00007ffb145eb000 	C:\Program Files\Java\jdk-21\bin\VCRUNTIME140.dll
0x00007ffb35510000 - 0x00007ffb35529000 	C:\Program Files\Java\jdk-21\bin\jli.dll
0x00007ffb435b0000 - 0x00007ffb43663000 	C:\WINDOWS\System32\ADVAPI32.dll
0x00007ffb43f60000 - 0x00007ffb44009000 	C:\WINDOWS\System32\msvcrt.dll
0x00007ffb42850000 - 0x00007ffb428f6000 	C:\WINDOWS\System32\sechost.dll
0x00007ffb425a0000 - 0x00007ffb426b6000 	C:\WINDOWS\System32\RPCRT4.dll
0x00007ffb43c30000 - 0x00007ffb43dfc000 	C:\WINDOWS\System32\USER32.dll
0x00007ffb33490000 - 0x00007ffb33727000 	C:\WINDOWS\WinSxS\amd64_microsoft.windows.common-controls_6595b64144ccf1df_6.0.26100.3624_none_3e086962e3345f24\COMCTL32.dll
0x00007ffb41fd0000 - 0x00007ffb41ff7000 	C:\WINDOWS\System32\win32u.dll
0x00007ffb44550000 - 0x00007ffb4457a000 	C:\WINDOWS\System32\GDI32.dll
0x00007ffb42090000 - 0x00007ffb421c1000 	C:\WINDOWS\System32\gdi32full.dll
0x00007ffb41b90000 - 0x00007ffb41c33000 	C:\WINDOWS\System32\msvcp_win.dll
0x00007ffb378e0000 - 0x00007ffb378eb000 	C:\WINDOWS\SYSTEM32\VERSION.dll
0x00007ffb44680000 - 0x00007ffb446af000 	C:\WINDOWS\System32\IMM32.DLL
0x00007ffb145c0000 - 0x00007ffb145cc000 	C:\Program Files\Java\jdk-21\bin\vcruntime140_1.dll
0x00007ffb13330000 - 0x00007ffb133be000 	C:\Program Files\Java\jdk-21\bin\msvcp140.dll
0x00007ffad5b80000 - 0x00007ffad689a000 	C:\Program Files\Java\jdk-21\bin\server\jvm.dll
0x00007ffb444d0000 - 0x00007ffb44544000 	C:\WINDOWS\System32\WS2_32.dll
0x00007ffb41820000 - 0x00007ffb4187e000 	C:\WINDOWS\SYSTEM32\POWRPROF.dll
0x00007ffb331c0000 - 0x00007ffb331f6000 	C:\WINDOWS\SYSTEM32\WINMM.dll
0x00007ffb41800000 - 0x00007ffb41814000 	C:\WINDOWS\SYSTEM32\UMPDC.dll
0x00007ffb40750000 - 0x00007ffb4076a000 	C:\WINDOWS\SYSTEM32\kernel.appcore.dll
0x00007ffb145b0000 - 0x00007ffb145ba000 	C:\Program Files\Java\jdk-21\bin\jimage.dll
0x00007ffb3ed90000 - 0x00007ffb3efd1000 	C:\WINDOWS\SYSTEM32\DBGHELP.DLL
0x00007ffb44140000 - 0x00007ffb444c3000 	C:\WINDOWS\System32\combase.dll
0x00007ffb42900000 - 0x00007ffb429d6000 	C:\WINDOWS\System32\OLEAUT32.dll
0x00007ffb2f090000 - 0x00007ffb2f0c9000 	C:\WINDOWS\SYSTEM32\dbgcore.DLL
0x00007ffb41c40000 - 0x00007ffb41cd9000 	C:\WINDOWS\System32\bcryptPrimitives.dll
0x00007ffb127b0000 - 0x00007ffb127bf000 	C:\Program Files\Java\jdk-21\bin\instrument.dll
0x00007ffb14590000 - 0x00007ffb145af000 	C:\Program Files\Java\jdk-21\bin\java.dll
0x00007ffb429e0000 - 0x00007ffb43109000 	C:\WINDOWS\System32\SHELL32.dll
0x00007ffb41e60000 - 0x00007ffb41fc8000 	C:\WINDOWS\System32\wintypes.dll
0x00007ffb3f600000 - 0x00007ffb3fe52000 	C:\WINDOWS\SYSTEM32\windows.storage.dll
0x00007ffb426d0000 - 0x00007ffb427bd000 	C:\WINDOWS\System32\SHCORE.dll
0x00007ffb44610000 - 0x00007ffb44674000 	C:\WINDOWS\System32\shlwapi.dll
0x00007ffb41890000 - 0x00007ffb418bf000 	C:\WINDOWS\SYSTEM32\profapi.dll
0x00007ffb06790000 - 0x00007ffb06867000 	C:\Program Files\Java\jdk-21\bin\jsvml.dll
0x00007ffb14540000 - 0x00007ffb14558000 	C:\Program Files\Java\jdk-21\bin\zip.dll
0x00007ffb14580000 - 0x00007ffb14590000 	C:\Program Files\Java\jdk-21\bin\net.dll
0x00007ffb36400000 - 0x00007ffb3651d000 	C:\WINDOWS\SYSTEM32\WINHTTP.dll
0x00007ffb40c50000 - 0x00007ffb40cba000 	C:\WINDOWS\system32\mswsock.dll
0x00007ffb14560000 - 0x00007ffb14576000 	C:\Program Files\Java\jdk-21\bin\nio.dll
0x00007ffb0e500000 - 0x00007ffb0e51a000 	C:\Users\pc\AppData\Local\JetBrains\IntelliJ IDEA Community Edition 2024.1.3\bin\breakgen64.dll
0x00007ffb0ebe0000 - 0x00007ffb0ebe9000 	C:\Program Files\Java\jdk-21\bin\extnet.dll
0x00007ffb40160000 - 0x00007ffb40193000 	C:\WINDOWS\SYSTEM32\IPHLPAPI.DLL
0x00007ffb43110000 - 0x00007ffb4311a000 	C:\WINDOWS\System32\NSI.dll
0x00007ffb401a0000 - 0x00007ffb402c5000 	C:\WINDOWS\SYSTEM32\DNSAPI.dll
0x00007ffb0ec60000 - 0x00007ffb0ec6e000 	C:\Program Files\Java\jdk-21\bin\sunmscapi.dll
0x00007ffb41ce0000 - 0x00007ffb41e57000 	C:\WINDOWS\System32\CRYPT32.dll
0x00007ffb41150000 - 0x00007ffb41180000 	C:\WINDOWS\SYSTEM32\ncrypt.dll
0x00007ffb41100000 - 0x00007ffb4113f000 	C:\WINDOWS\SYSTEM32\NTASN1.dll
0x00007ffb41000000 - 0x00007ffb4101c000 	C:\WINDOWS\SYSTEM32\CRYPTSP.dll
0x00007ffb406b0000 - 0x00007ffb406ea000 	C:\WINDOWS\system32\rsaenh.dll
0x00007ffb40cf0000 - 0x00007ffb40d1b000 	C:\WINDOWS\SYSTEM32\USERENV.dll
0x00007ffb41190000 - 0x00007ffb411b6000 	C:\WINDOWS\SYSTEM32\bcrypt.dll
0x00007ffb40e80000 - 0x00007ffb40e8c000 	C:\WINDOWS\SYSTEM32\CRYPTBASE.dll
0x00007ffb12550000 - 0x00007ffb1255a000 	C:\Program Files\Java\jdk-21\bin\management.dll
0x00007ffb0ec70000 - 0x00007ffb0ec7b000 	C:\Program Files\Java\jdk-21\bin\management_ext.dll
0x00007ffb43950000 - 0x00007ffb43958000 	C:\WINDOWS\System32\PSAPI.DLL
0x00007ffb34850000 - 0x00007ffb3485b000 	C:\Windows\System32\rasadhlp.dll
0x00007ffb35420000 - 0x00007ffb354a5000 	C:\WINDOWS\System32\fwpuclnt.dll
0x00007ffb0e4f0000 - 0x00007ffb0e500000 	C:\Program Files\Java\jdk-21\bin\verify.dll
0x00007ffb375b0000 - 0x00007ffb375b8000 	C:\WINDOWS\system32\wshunix.dll

dbghelp: loaded successfully - version: 4.0.5 - missing functions: none
symbol engine: initialized successfully - sym options: 0x614 - pdb path: .;C:\Program Files\Java\jdk-21\bin;C:\WINDOWS\SYSTEM32;C:\WINDOWS\WinSxS\amd64_microsoft.windows.common-controls_6595b64144ccf1df_6.0.26100.3624_none_3e086962e3345f24;C:\Program Files\Java\jdk-21\bin\server;C:\Users\pc\AppData\Local\JetBrains\IntelliJ IDEA Community Edition 2024.1.3\bin

VM Arguments:
jvm_args: -javaagent:C:\Users\pc\AppData\Local\JetBrains\IntelliJ IDEA Community Edition 2024.1.3\lib\idea_rt.jar=53060:C:\Users\pc\AppData\Local\JetBrains\IntelliJ IDEA Community Edition 2024.1.3\bin -Dfile.encoding=UTF-8 
java_command: com.service_registry.ServiceRegistryApplication
java_class_path (initial): C:\Users\pc\Desktop\Quillist-sem-4\final-quillist\Quillist-\service-registry\target\classes;C:\Users\pc\.m2\repository\org\springframework\cloud\spring-cloud-starter-netflix-eureka-server\4.2.0\spring-cloud-starter-netflix-eureka-server-4.2.0.jar;C:\Users\pc\.m2\repository\org\springframework\cloud\spring-cloud-starter\4.2.0\spring-cloud-starter-4.2.0.jar;C:\Users\pc\.m2\repository\org\springframework\cloud\spring-cloud-context\4.2.0\spring-cloud-context-4.2.0.jar;C:\Users\pc\.m2\repository\org\springframework\security\spring-security-crypto\6.4.3\spring-security-crypto-6.4.3.jar;C:\Users\pc\.m2\repository\org\springframework\cloud\spring-cloud-commons\4.2.0\spring-cloud-commons-4.2.0.jar;C:\Users\pc\.m2\repository\org\bouncycastle\bcprov-jdk18on\1.78.1\bcprov-jdk18on-1.78.1.jar;C:\Users\pc\.m2\repository\org\springframework\cloud\spring-cloud-netflix-eureka-server\4.2.0\spring-cloud-netflix-eureka-server-4.2.0.jar;C:\Users\pc\.m2\repository\org\springframework\boot\spring-boot-starter-web\3.4.3\spring-boot-starter-web-3.4.3.jar;C:\Users\pc\.m2\repository\org\springframework\boot\spring-boot-starter-json\3.4.3\spring-boot-starter-json-3.4.3.jar;C:\Users\pc\.m2\repository\com\fasterxml\jackson\datatype\jackson-datatype-jdk8\2.18.2\jackson-datatype-jdk8-2.18.2.jar;C:\Users\pc\.m2\repository\com\fasterxml\jackson\datatype\jackson-datatype-jsr310\2.18.2\jackson-datatype-jsr310-2.18.2.jar;C:\Users\pc\.m2\repository\com\fasterxml\jackson\module\jackson-module-parameter-names\2.18.2\jackson-module-parameter-names-2.18.2.jar;C:\Users\pc\.m2\repository\org\springframework\boot\spring-boot-starter-tomcat\3.4.3\spring-boot-starter-tomcat-3.4.3.jar;C:\Users\pc\.m2\repository\org\apache\tomcat\embed\tomcat-embed-core\10.1.36\tomcat-embed-core-10.1.36.jar;C:\Users\pc\.m2\repository\org\apache\tomcat\embed\tomcat-embed-el\10.1.36\tomcat-embed-el-10.1.36.jar;C:\Users\pc\.m2\repository\org\apache\tomcat\embed\tomcat-embed-websocket\10.1.36\tomcat-embed-websocket-10.1.36.jar;C:\Users\pc\.m2\repository\org\springframework\spring-web\6.2.3\spring-web-6.2.3.jar;C:\Users\pc\.m2\repository\org\springframework\spring-beans\6.2.3\spring-beans-6.2.3.jar;C:\Users\pc\.m2\repository\org\springframework\spring-webmvc\6.2.3\spring-webmvc-6.2.3.jar;C:\Users\pc\.m2\repository\org\springframework\spring-aop\6.2.3\spring-aop-6.2.3.jar;C:\Users\pc\.m2\repository\org\springframework\spring-expression\6.2.3\spring-expression-6.2.3.jar;C:\Users\pc\.m2\repository\org\springframework\boot\spring-boot-starter-actuator\3.4.3\spring-boot-starter-actuator-3.4.3.jar;C:\Users\pc\.m2\repository\org\springframework\boot\spring-boot-actuator-autoconfigure\3.4.3\spring-boot-actuator-autoconfigure-3.4.3.jar;C:\Users\pc\.m2\repository\org\springframework\boot\spring-boot-actuator\3.4.3\spring-boot-actuator-3.4.3.jar;C:\Users\pc\.m2\repository\io\micrometer\micrometer-observation\1.14.4\micrometer-observation-1.14.4.jar;C:\Users\pc\.m2\repository\io\micrometer\micrometer-commons\1.14.4\micrometer-commons-1.14.4.jar;C:\Users\pc\.m2\repository\io\micrometer\micrometer-jakarta9\1.14.4\micrometer-jakarta9-1.14.4.jar;C:\Users\pc\.m2\repository\io\micrometer\micrometer-core\1.14.4\micrometer-core-1.14.4.jar;C:\Users\pc\.m2\repository\org\hdrhistogram\HdrHistogram\2.2.2\HdrHistogram-2.2.2.jar;C:\Users\pc\.m2\repository\org\latencyutils\LatencyUtils\2.0.3\LatencyUtils-2.0.3.jar;C:\Users\pc\.m2\repository\org\springframework\boot\spring-boot-starter-freemarker\3.4.3\spring-boot-starter-freemarker-3.4.3.jar;C:\Users\pc\.m2\repository\org\freemarker\freemarker\2.3.34\freemarker-2.3.34.jar;C:\Users\pc\.m2\repository\org\springframework\spring-context-support\6.2.3\spring-context-support-6.2.3.jar;C:\Users\pc\.m2\repository\org\springframework\cloud\spring-cloud-netflix-eureka-client\4.2.0\spring-cloud-netflix-eureka-client-4.2.0.jar;C:\Users\pc\.m2\repository\com\netflix\eureka\eureka-client\2.0.4\eureka-client-2.0.4.jar;C:\Users\pc\.m2\repository\com\thoughtworks\xstream\xstream\1.4.20\xstream-1.4.20.jar;C:\Users\pc\.m2\repository\io\github\x-stream\mxparser\1.2.2\mxparser-1.2.2.jar;C:\Users\pc\.m2\repository\xmlpull\xmlpull\1.1.3.1\xmlpull-1.1.3.1.jar;C:\Users\pc\.m2\repository\com\netflix\spectator\spectator-api\1.7.3\spectator-api-1.7.3.jar;C:\Users\pc\.m2\repository\org\apache\httpcomponents\httpclient\4.5.3\httpclient-4.5.3.jar;C:\Users\pc\.m2\repository\org\apache\httpcomponents\httpcore\4.4.16\httpcore-4.4.16.jar;C:\Users\pc\.m2\repository\commons-configuration\commons-configuration\1.10\commons-configuration-1.10.jar;C:\Users\pc\.m2\repository\commons-lang\commons-lang\2.6\commons-lang-2.6.jar;C:\Users\pc\.m2\repository\com\netflix\netflix-commons\netflix-eventbus\0.3.0\netflix-eventbus-0.3.0.jar;C:\Users\pc\.m2\repository\com\netflix\netflix-commons\netflix-infix\0.3.0\netflix-infix-0.3.0.jar;C:\Users\pc\.m2\repository\commons-jxpath\commons-jxpath\1.3\commons-jxpath-1.3.jar;C:\Users\pc\.m2\repository\joda-time\joda-time\2.3\joda-time-2.3.jar;C:\Users\pc\.m2\repository\org\antlr\antlr-runtime\3.4\antlr-runtime-3.4.jar;C:\Users\pc\.m2\repository\org\antlr\stringtemplate\3.2.1\stringtemplate-3.2.1.jar;C:\Users\pc\.m2\repository\antlr\antlr\2.7.7\antlr-2.7.7.jar;C:\Users\pc\.m2\repository\com\google\code\gson\gson\2.11.0\gson-2.11.0.jar;C:\Users\pc\.m2\repository\com\netflix\servo\servo-core\0.5.3\servo-core-0.5.3.jar;C:\Users\pc\.m2\repository\org\apache\commons\commons-math\2.2\commons-math-2.2.jar;C:\Users\pc\.m2\repository\javax\annotation\javax.annotation-api\1.2\javax.annotation-api-1.2.jar;C:\Users\pc\.m2\repository\org\codehaus\jettison\jettison\1.5.4\jettison-1.5.4.jar;C:\Users\pc\.m2\repository\org\apache\httpcomponents\client5\httpclient5\5.4.2\httpclient5-5.4.2.jar;C:\Users\pc\.m2\repository\org\apache\httpcomponents\core5\httpcore5\5.3.3\httpcore5-5.3.3.jar;C:\Users\pc\.m2\repository\org\apache\httpcomponents\core5\httpcore5-h2\5.3.3\httpcore5-h2-5.3.3.jar;C:\Users\pc\.m2\repository\com\netflix\eureka\eureka-client-jersey3\2.0.4\eureka-client-jersey3-2.0.4.jar;C:\Users\pc\.m2\repository\org\glassfish\jersey\connectors\jersey-apache-connector\3.1.10\jersey-apache-connector-3.1.10.jar;C:\Users\pc\.m2\repository\commons-codec\commons-codec\1.17.2\commons-codec-1.17.2.jar;C:\Users\pc\.m2\repository\commons-logging\commons-logging\1.3.4\commons-logging-1.3.4.jar;C:\Users\pc\.m2\repository\com\netflix\eureka\eureka-core-jersey3\2.0.4\eureka-core-jersey3-2.0.4.jar;C:\Users\pc\.m2\repository\com\netflix\eureka\eureka-core\2.0.4\eureka-core-2.0.4.jar;C:\Users\pc\.m2\repository\com\google\guava\guava\33.0.0-jre\guava-33.0.0-jre.jar;C:\Users\pc\.m2\repository\com\google\guava\failureaccess\1.0.2\failureaccess-1.0.2.jar;C:\Users\pc\.m2\repository\com\google\guava\listenablefuture\9999.0-empty-to-avoid-conflict-with-guava\listenablefuture-9999.0-empty-to-avoid-conflict-with-guava.jar;C:\Users\pc\.m2\repository\org\checkerframework\checker-qual\3.41.0\checker-qual-3.41.0.jar;C:\Users\pc\.m2\repository\com\google\errorprone\error_prone_annotations\2.23.0\error_prone_annotations-2.23.0.jar;C:\Users\pc\.m2\repository\com\google\j2objc\j2objc-annotations\2.8\j2objc-annotations-2.8.jar;C:\Users\pc\.m2\repository\org\glassfish\jersey\containers\jersey-container-servlet\3.1.10\jersey-container-servlet-3.1.10.jar;C:\Users\pc\.m2\repository\org\glassfish\jersey\containers\jersey-container-servlet-core\3.1.10\jersey-container-servlet-core-3.1.10.jar;C:\Users\pc\.m2\repository\org\glassfish\jersey\core\jersey-common\3.1.10\jersey-common-3.1.10.jar;C:\Users\pc\.m2\repository\org\glassfish\hk2\osgi-resource-locator\1.0.3\osgi-resource-locator-1.0.3.jar;C:\Users\pc\.m2\repository\jakarta\ws\rs\jakarta.ws.rs-api\3.1.0\jakarta.ws.rs-api-3.1.0.jar;C:\Users\pc\.m2\repository\org\glassfish\jersey\core\jersey-server\3.1.10\jersey-server-3.1.10.jar;C:\Users\pc\.m2\repository\jakarta\inject\jakarta.inject-api\2.0.1\jakarta.inject-api-2.0.1.jar;C:\Users\pc\.m2\repository\jakarta\validation\jakarta.validation-api\3.0.2\jakarta.validation-api-3.0.2.jar;C:\Users\pc\.m2\repository\org\glassfish\jersey\core\jersey-client\3.1.10\jersey-client-3.1.10.jar;C:\Users\pc\.m2\repository\org\glassfish\jersey\inject\jersey-hk2\3.1.10\jersey-hk2-3.1.10.jar;C:\Users\pc\.m2\repository\org\glassfish\hk2\hk2-locator\3.0.6\hk2-locator-3.0.6.jar;C:\Users\pc\.m2\repository\org\glassfish\hk2\external\aopalliance-repackaged\3.0.6\aopalliance-repackaged-3.0.6.jar;C:\Users\pc\.m2\repository\org\glassfish\hk2\hk2-utils\3.0.6\hk2-utils-3.0.6.jar;C:\Users\pc\.m2\repository\org\javassist\javassist\3.30.2-GA\javassist-3.30.2-GA.jar;C:\Users\pc\.m2\repository\org\glassfish\hk2\spring-bridge\3.1.1\spring-bridge-3.1.1.jar;C:\Users\pc\.m2\repository\org\glassfish\hk2\hk2-api\3.1.1\hk2-api-3.1.1.jar;C:\Users\pc\.m2\repository\org\springframework\spring-context\6.2.3\spring-context-6.2.3.jar;C:\Users\pc\.m2\repository\com\fasterxml\jackson\dataformat\jackson-dataformat-xml\2.18.2\jackson-dataformat-xml-2.18.2.jar;C:\Users\pc\.m2\repository\com\fasterxml\jackson\core\jackson-core\2.18.2\jackson-core-2.18.2.jar;C:\Users\pc\.m2\repository\com\fasterxml\jackson\core\jackson-annotations\2.18.2\jackson-annotations-2.18.2.jar;C:\Users\pc\.m2\repository\com\fasterxml\jackson\core\jackson-databind\2.18.2\jackson-databind-2.18.2.jar;C:\Users\pc\.m2\repository\org\codehaus\woodstox\stax2-api\4.2.2\stax2-api-4.2.2.jar;C:\Users\pc\.m2\repository\com\fasterxml\woodstox\woodstox-core\7.0.0\woodstox-core-7.0.0.jar;C:\Users\pc\.m2\repository\org\springframework\cloud\spring-cloud-starter-loadbalancer\4.2.0\spring-cloud-starter-loadbalancer-4.2.0.jar;C:\Users\pc\.m2\repository\org\springframework\cloud\spring-cloud-loadbalancer\4.2.0\spring-cloud-loadbalancer-4.2.0.jar;C:\Users\pc\.m2\repository\io\projectreactor\reactor-core\3.7.3\reactor-core-3.7.3.jar;C:\Users\pc\.m2\repository\org\reactivestreams\reactive-streams\1.0.4\reactive-streams-1.0.4.jar;C:\Users\pc\.m2\repository\io\projectreactor\addons\reactor-extra\3.5.2\reactor-extra-3.5.2.jar;C:\Users\pc\.m2\repository\org\springframework\boot\spring-boot-starter-cache\3.4.3\spring-boot-starter-cache-3.4.3.jar;C:\Users\pc\.m2\repository\com\stoyanr\evictor\1.0.0\evictor-1.0.0.jar;C:\Users\pc\.m2\repository\org\glassfish\jaxb\jaxb-runtime\4.0.5\jaxb-runtime-4.0.5.jar;C:\Users\pc\.m2\repository\org\glassfish\jaxb\jaxb-core\4.0.5\jaxb-core-4.0.5.jar;C:\Users\pc\.m2\repository\org\eclipse\angus\angus-activation\2.0.2\angus-activation-2.0.2.jar;C:\Users\pc\.m2\repository\org\glassfish\jaxb\txw2\4.0.5\txw2-4.0.5.jar;C:\Users\pc\.m2\repository\com\sun\istack\istack-commons-runtime\4.1.2\istack-commons-runtime-4.1.2.jar;C:\Users\pc\.m2\repository\org\springframework\boot\spring-boot-starter\3.4.3\spring-boot-starter-3.4.3.jar;C:\Users\pc\.m2\repository\org\springframework\boot\spring-boot\3.4.3\spring-boot-3.4.3.jar;C:\Users\pc\.m2\repository\org\springframework\boot\spring-boot-autoconfigure\3.4.3\spring-boot-autoconfigure-3.4.3.jar;C:\Users\pc\.m2\repository\org\springframework\boot\spring-boot-starter-logging\3.4.3\spring-boot-starter-logging-3.4.3.jar;C:\Users\pc\.m2\repository\ch\qos\logback\logback-classic\1.5.16\logback-classic-1.5.16.jar;C:\Users\pc\.m2\repository\ch\qos\logback\logback-core\1.5.16\logback-core-1.5.16.jar;C:\Users\pc\.m2\repository\org\apache\logging\log4j\log4j-to-slf4j\2.24.3\log4j-to-slf4j-2.24.3.jar;C:\Users\pc\.m2\repository\org\apache\logging\log4j\log4j-api\2.24.3\log4j-api-2.24.3.jar;C:\Users\pc\.m2\repository\org\slf4j\jul-to-slf4j\2.0.16\jul-to-slf4j-2.0.16.jar;C:\Users\pc\.m2\repository\jakarta\annotation\jakarta.annotation-api\2.1.1\jakarta.annotation-api-2.1.1.jar;C:\Users\pc\.m2\repository\org\yaml\snakeyaml\2.3\snakeyaml-2.3.jar;C:\Users\pc\.m2\repository\org\slf4j\slf4j-api\2.0.16\slf4j-api-2.0.16.jar;C:\Users\pc\.m2\repository\jakarta\xml\bind\jakarta.xml.bind-api\4.0.2\jakarta.xml.bind-api-4.0.2.jar;C:\Users\pc\.m2\repository\jakarta\activation\jakarta.activation-api\2.1.3\jakarta.activation-api-2.1.3.jar;C:\Users\pc\.m2\repository\org\springframework\spring-core\6.2.3\spring-core-6.2.3.jar;C:\Users\pc\.m2\repository\org\springframework\spring-jcl\6.2.3\spring-jcl-6.2.3.jar
Launcher Type: SUN_STANDARD

[Global flags]
     intx CICompilerCount                          = 4                                         {product} {ergonomic}
     uint ConcGCThreads                            = 2                                         {product} {ergonomic}
     uint G1ConcRefinementThreads                  = 8                                         {product} {ergonomic}
   size_t G1HeapRegionSize                         = 2097152                                   {product} {ergonomic}
    uintx GCDrainStackTargetSize                   = 64                                        {product} {ergonomic}
   size_t InitialHeapSize                          = 266338304                                 {product} {ergonomic}
   size_t MarkStackSize                            = 4194304                                   {product} {ergonomic}
   size_t MaxHeapSize                              = 4259315712                                {product} {ergonomic}
   size_t MaxNewSize                               = 2554331136                                {product} {ergonomic}
   size_t MinHeapDeltaBytes                        = 2097152                                   {product} {ergonomic}
   size_t MinHeapSize                              = 8388608                                   {product} {ergonomic}
    uintx NonNMethodCodeHeapSize                   = 5839372                                {pd product} {ergonomic}
    uintx NonProfiledCodeHeapSize                  = 122909434                              {pd product} {ergonomic}
    uintx ProfiledCodeHeapSize                     = 122909434                              {pd product} {ergonomic}
    uintx ReservedCodeCacheSize                    = 251658240                              {pd product} {ergonomic}
     bool SegmentedCodeCache                       = true                                      {product} {ergonomic}
   size_t SoftMaxHeapSize                          = 4259315712                             {manageable} {ergonomic}
     bool UseCompressedOops                        = true                           {product lp64_product} {ergonomic}
     bool UseG1GC                                  = true                                      {product} {ergonomic}
     bool UseLargePagesIndividualAllocation        = false                                  {pd product} {ergonomic}

Logging:
Log output configuration:
 #0: stdout all=warning uptime,level,tags foldmultilines=false
 #1: stderr all=off uptime,level,tags foldmultilines=false

Environment Variables:
CLASSPATH=C:\Program Files\Java\jdk-17\bin
PATH=C:\Program Files\Common Files\Oracle\Java\javapath;C:\Program Files (x86)\Common Files\Oracle\Java\javapath;C:\Program Files (x86)\VMware\VMware Player\bin\;C:\oraclexe\app\oracle\product\11.2.0\server\bin;C:\WINDOWS\system32;C:\WINDOWS;C:\WINDOWS\System32\Wbem;C:\WINDOWS\System32\WindowsPowerShell\v1.0\;C:\WINDOWS\System32\OpenSSH\;C:\Program Files\dotnet\;C:\Program Files (x86)\Intel\Intel(R) Management Engine Components\DAL;C:\Program Files\Intel\Intel(R) Management Engine Components\DAL;C:\Program Files\Git\cmd;C:\Program Files\nodejs;C:\MinGW\bin;C:\Program Files\Java\jdk1.8.0_202\bin\;D:\software\Nodejs\;C:\Program Files\Microsoft SQL Server\130\Tools\Binn\;E:\XAMPP\mysql\bin;D:\Intelije\IntelliJ IDEA Community Edition 2024.1.3\bin;C:\Program Files\MongoDB\mongosh-2.3.2-win32-x64\bin;C:\Program Files (x86)\Microsoft SQL Server\100\Tools\Binn\;C:\Program Files\Microsoft SQL Server\100\Tools\Binn\;C:\Program Files\Microsoft SQL Server\100\DTS\Binn\;C:\Program Files\Java\jdk-21\bin;C:\Program Files\MySQL\MySQL Shell 8.0\bin\;C:\Users\pc\AppData\Local\Programs\Python\Python312\Scripts\;C:\Users\pc\AppData\Local\Programs\Python\Python312\;C:\Users\pc\AppData\Local\Programs\Python\Launcher\;C:\Users\pc\AppData\Local\Microsoft\WindowsApps;C:\Users\pc\AppData\Local\Programs\Microsoft VS Code\bin;C:\MinGW\bin;C:\Users\pc\AppData\Roaming\npm;C:\Users\pc\AppData\Local\GitHubDesktop\bin;C:\Users\pc\AppData\Local\JetBrains\IntelliJ IDEA Community Edition 2024.1.3\bin;;D:\Nmap;C:\Program Files\Java\jdk-17\bin;D:\Intelije\IntelliJ IDEA Community Edition 2024.1.3\bin;
USERNAME=pc
OS=Windows_NT
PROCESSOR_IDENTIFIER=Intel64 Family 6 Model 142 Stepping 10, GenuineIntel
TMP=C:\Users\pc\AppData\Local\Temp
TEMP=C:\Users\pc\AppData\Local\Temp




Periodic native trim disabled

---------------  S Y S T E M  ---------------

OS:
 Windows 11 , 64 bit Build 26100 (10.0.26100.3624)
OS uptime: 0 days 4:56 hours
Hyper-V role detected

CPU: total 8 (initial active 8) (4 cores per cpu, 2 threads per core) family 6 model 142 stepping 10 microcode 0xf0, cx8, cmov, fxsr, ht, mmx, 3dnowpref, sse, sse2, sse3, ssse3, sse4.1, sse4.2, popcnt, lzcnt, tsc, tscinvbit, avx, avx2, aes, erms, clmul, bmi1, bmi2, rtm, adx, fma, vzeroupper, clflush, clflushopt, hv, rdtscp, f16c
Processor Information for processor 0
  Max Mhz: 2112, Current Mhz: 1910, Mhz Limit: 1900
Processor Information for processor 1
  Max Mhz: 2112, Current Mhz: 1508, Mhz Limit: 1900
Processor Information for processor 2
  Max Mhz: 2112, Current Mhz: 1508, Mhz Limit: 1900
Processor Information for processor 3
  Max Mhz: 2112, Current Mhz: 1508, Mhz Limit: 1900
Processor Information for processor 4
  Max Mhz: 2112, Current Mhz: 1508, Mhz Limit: 1900
Processor Information for processor 5
  Max Mhz: 2112, Current Mhz: 1508, Mhz Limit: 1900
Processor Information for processor 6
  Max Mhz: 2112, Current Mhz: 1508, Mhz Limit: 1900
Processor Information for processor 7
  Max Mhz: 2112, Current Mhz: 1910, Mhz Limit: 1900

Memory: 4k page, system-wide physical 16242M (4787M free)
TotalPageFile size 16242M (AvailPageFile size 5M)
current process WorkingSet (physical memory assigned to process): 175M, peak: 292M
current process commit charge ("private bytes"): 314M, peak: 406M

vm_info: Java HotSpot(TM) 64-Bit Server VM (21.0.6+8-LTS-188) for windows-amd64 JRE (21.0.6+8-LTS-188), built on 2024-12-03T10:50:54Z by "mach5one" with MS VC++ 17.6 (VS2022)

END.
