#
# There is insufficient memory for the Java Runtime Environment to continue.
# Native memory allocation (malloc) failed to allocate 1048576 bytes for AllocateHeap
# Possible reasons:
#   The system is out of physical RAM or swap space
#   The process is running with CompressedOops enabled, and the Java Heap may be blocking the growth of the native heap
# Possible solutions:
#   Reduce memory load on the system
#   Increase physical memory or swap space
#   Check if swap backing store is full
#   Decrease Java heap size (-Xmx/-Xms)
#   Decrease number of Java threads
#   Decrease Java thread stack sizes (-Xss)
#   Set larger code cache with -XX:ReservedCodeCacheSize=
#   JVM is running with Zero Based Compressed Oops mode in which the Java heap is
#     placed in the first 32GB address space. The Java Heap base address is the
#     maximum limit for the native heap growth. Please use -XX:HeapBaseMinAddress
#     to set the Java Heap base and to place the Java Heap above 32GB virtual address.
# This output file may be truncated or incomplete.
#
#  Out of Memory Error (allocation.cpp:44), pid=19680, tid=19624
#
# JRE version: Java(TM) SE Runtime Environment (21.0.6+8) (build 21.0.6+8-LTS-188)
# Java VM: Java HotSpot(TM) 64-Bit Server VM (21.0.6+8-LTS-188, mixed mode, sharing, tiered, compressed oops, compressed class ptrs, g1 gc, windows-amd64)
# No core dump will be written. Minidumps are not enabled by default on client versions of Windows
#

---------------  S U M M A R Y ------------

Command Line: -javaagent:C:\Users\pc\AppData\Local\JetBrains\IntelliJ IDEA Community Edition 2024.1.3\lib\idea_rt.jar=53230:C:\Users\pc\AppData\Local\JetBrains\IntelliJ IDEA Community Edition 2024.1.3\bin -Dfile.encoding=UTF-8 com.blogwebsite.user.ServiceUserApplication

Host: Intel(R) Core(TM) i7-8650U CPU @ 1.90GHz, 8 cores, 15G,  Windows 11 , 64 bit Build 26100 (10.0.26100.3624)
Time: Sun Apr 13 20:12:01 2025 India Standard Time elapsed time: 9907.055557 seconds (0d 2h 45m 7s)

---------------  T H R E A D  ---------------

Current thread (0x000002a95c5da060):  VMThread "VM Thread"          [id=19624, stack(0x000000b8f5b00000,0x000000b8f5c00000) (1024K)]

Stack: [0x000000b8f5b00000,0x000000b8f5c00000]
Native frames: (J=compiled Java code, j=interpreted, Vv=VM code, C=native code)
V  [jvm.dll+0x6ca6d9]
V  [jvm.dll+0x854f51]
V  [jvm.dll+0x85747e]
V  [jvm.dll+0x857b53]
V  [jvm.dll+0x27dcc6]
V  [jvm.dll+0xbf7d7]
V  [jvm.dll+0x3442f2]
V  [jvm.dll+0x33ed3e]
V  [jvm.dll+0x3277d8]
V  [jvm.dll+0x36a614]
V  [jvm.dll+0x85d920]
V  [jvm.dll+0x85eca4]
V  [jvm.dll+0x85f1e0]
V  [jvm.dll+0x85f483]
V  [jvm.dll+0x7ff2fb]
V  [jvm.dll+0x6c8dbd]
C  [ucrtbase.dll+0x37b0]
C  [KERNEL32.DLL+0x2e8d7]
C  [ntdll.dll+0xb14fc]

VM_Operation (0x000000b8f51ff480): G1CollectFull, mode: safepoint, requested by thread 0x000002a9a651fb80


---------------  P R O C E S S  ---------------

Threads class SMR info:
_java_thread_list=0x000002a9a7344050, length=17, elements={
0x000002a95c5f8910, 0x000002a95c5fc0e0, 0x000002a95c600130, 0x000002a95c600b80,
0x000002a95c602cb0, 0x000002a95c603830, 0x000002a95c60fcb0, 0x000002a95c61b670,
0x000002a95c5c52a0, 0x000002a9a2221200, 0x000002a9a61980b0, 0x000002a9a4f80f90,
0x000002a9a300d5c0, 0x000002a9a4f7e1a0, 0x000002a9a651fb80, 0x000002a9a77dace0,
0x000002a9a77d91a0
}

Java Threads: ( => current thread )
  0x000002a95c5f8910 JavaThread "Reference Handler"          daemon [_thread_blocked, id=21072, stack(0x000000b8f5c00000,0x000000b8f5d00000) (1024K)]
  0x000002a95c5fc0e0 JavaThread "Finalizer"                  daemon [_thread_blocked, id=16000, stack(0x000000b8f5d00000,0x000000b8f5e00000) (1024K)]
  0x000002a95c600130 JavaThread "Signal Dispatcher"          daemon [_thread_blocked, id=19404, stack(0x000000b8f5e00000,0x000000b8f5f00000) (1024K)]
  0x000002a95c600b80 JavaThread "Attach Listener"            daemon [_thread_blocked, id=20068, stack(0x000000b8f5f00000,0x000000b8f6000000) (1024K)]
  0x000002a95c602cb0 JavaThread "Service Thread"             daemon [_thread_blocked, id=19408, stack(0x000000b8f6000000,0x000000b8f6100000) (1024K)]
  0x000002a95c603830 JavaThread "Monitor Deflation Thread"   daemon [_thread_blocked, id=19676, stack(0x000000b8f6100000,0x000000b8f6200000) (1024K)]
  0x000002a95c60fcb0 JavaThread "C2 CompilerThread0"         daemon [_thread_blocked, id=20368, stack(0x000000b8f6200000,0x000000b8f6300000) (1024K)]
  0x000002a95c61b670 JavaThread "C1 CompilerThread0"         daemon [_thread_blocked, id=21088, stack(0x000000b8f6300000,0x000000b8f6400000) (1024K)]
  0x000002a95c5c52a0 JavaThread "Common-Cleaner"             daemon [_thread_blocked, id=16164, stack(0x000000b8f6400000,0x000000b8f6500000) (1024K)]
  0x000002a9a2221200 JavaThread "Notification Thread"        daemon [_thread_blocked, id=2348, stack(0x000000b8f6700000,0x000000b8f6800000) (1024K)]
  0x000002a9a61980b0 JavaThread "Catalina-utility-1"                [_thread_blocked, id=11444, stack(0x000000b8f7300000,0x000000b8f7400000) (1024K)]
  0x000002a9a4f80f90 JavaThread "mysql-cj-abandoned-connection-cleanup" daemon [_thread_blocked, id=3752, stack(0x000000b8f7600000,0x000000b8f7700000) (1024K)]
  0x000002a9a300d5c0 JavaThread "spectator-gauge-polling-0"  daemon [_thread_blocked, id=20024, stack(0x000000b8f7700000,0x000000b8f7800000) (1024K)]
  0x000002a9a4f7e1a0 JavaThread "DestroyJavaVM"                     [_thread_blocked, id=21660, stack(0x000000b8f5400000,0x000000b8f5500000) (1024K)]
  0x000002a9a651fb80 JavaThread "Thread-1"                          [_thread_blocked, id=2368, stack(0x000000b8f5100000,0x000000b8f5200000) (1024K)]
  0x000002a9a77dace0 JavaThread "C2 CompilerThread1"         daemon [_thread_blocked, id=15636, stack(0x000000b8f5300000,0x000000b8f5400000) (1024K)]
  0x000002a9a77d91a0 JavaThread "C2 CompilerThread2"         daemon [_thread_blocked, id=20348, stack(0x000000b8f6600000,0x000000b8f6700000) (1024K)]
Total: 17

Other Threads:
=>0x000002a95c5da060 VMThread "VM Thread"                           [id=19624, stack(0x000000b8f5b00000,0x000000b8f5c00000) (1024K)]
  0x000002a95c5c4610 WatcherThread "VM Periodic Task Thread"        [id=8196, stack(0x000000b8f5a00000,0x000000b8f5b00000) (1024K)]
  0x000002a93d501f70 WorkerThread "GC Thread#0"                     [id=20544, stack(0x000000b8f5500000,0x000000b8f5600000) (1024K)]
  0x000002a9a28b4780 WorkerThread "GC Thread#1"                     [id=19984, stack(0x000000b8f6800000,0x000000b8f6900000) (1024K)]
  0x000002a9a289edc0 WorkerThread "GC Thread#2"                     [id=10056, stack(0x000000b8f6900000,0x000000b8f6a00000) (1024K)]
  0x000002a9a289f160 WorkerThread "GC Thread#3"                     [id=9952, stack(0x000000b8f6a00000,0x000000b8f6b00000) (1024K)]
  0x000002a9a289f500 WorkerThread "GC Thread#4"                     [id=8296, stack(0x000000b8f6b00000,0x000000b8f6c00000) (1024K)]
  0x000002a9a2566c70 WorkerThread "GC Thread#5"                     [id=21588, stack(0x000000b8f6c00000,0x000000b8f6d00000) (1024K)]
  0x000002a9a26fcca0 WorkerThread "GC Thread#6"                     [id=6808, stack(0x000000b8f6d00000,0x000000b8f6e00000) (1024K)]
  0x000002a9a2d30c70 WorkerThread "GC Thread#7"                     [id=7188, stack(0x000000b8f6f00000,0x000000b8f7000000) (1024K)]
  0x000002a93d513ab0 ConcurrentGCThread "G1 Main Marker"            [id=19956, stack(0x000000b8f5600000,0x000000b8f5700000) (1024K)]
  0x000002a93d515870 WorkerThread "G1 Conc#0"                       [id=10452, stack(0x000000b8f5700000,0x000000b8f5800000) (1024K)]
  0x000002a9a3655fe0 WorkerThread "G1 Conc#1"                       [id=13944, stack(0x000000b8f6500000,0x000000b8f6600000) (1024K)]
  0x000002a95c4929f0 ConcurrentGCThread "G1 Refine#0"               [id=10204, stack(0x000000b8f5800000,0x000000b8f5900000) (1024K)]
  0x000002a95c493210 ConcurrentGCThread "G1 Service"                [id=17964, stack(0x000000b8f5900000,0x000000b8f5a00000) (1024K)]
Total: 15

Threads with active compile tasks:
C2 CompilerThread0  9907113 11637       4       java.util.jar.Attributes::put (18 bytes)
C1 CompilerThread0  9907113 11660       3       java.net.URLConnection::getDefaultUseCaches (27 bytes)
C2 CompilerThread1  9907113 11639       4       java.util.jar.Attributes::putValue (13 bytes)
C2 CompilerThread2  9907113 11640       4       java.util.jar.Attributes$Name::of (28 bytes)
Total: 4

VM state: at safepoint (normal execution)

VM Mutex/Monitor currently owned by a thread:  ([mutex/lock_event])
[0x00007ffad67bde98] Threads_lock - owner thread: 0x000002a95c5da060
[0x00007ffad67bdf98] Heap_lock - owner thread: 0x000002a9a651fb80

Heap address: 0x0000000702200000, size: 4062 MB, Compressed Oops mode: Zero based, Oop shift amount: 3

CDS archive(s) mapped at: [0x000002a95d000000-0x000002a95dc90000-0x000002a95dc90000), size 13172736, SharedBaseAddress: 0x000002a95d000000, ArchiveRelocationMode: 1.
Compressed class space mapped at: 0x000002a95e000000-0x000002a99e000000, reserved size: 1073741824
Narrow klass base: 0x000002a95d000000, Narrow klass shift: 0, Narrow klass range: 0x100000000

GC Precious Log:
 CardTable entry size: 512
 Card Set container configuration: InlinePtr #cards 4 size 8 Array Of Cards #cards 16 size 48 Howl #buckets 8 coarsen threshold 3686 Howl Bitmap #cards 512 size 80 coarsen threshold 460 Card regions per heap region 1 cards per card region 4096
 CPUs: 8 total, 8 available
 Memory: 16242M
 Large Page Support: Disabled
 NUMA Support: Disabled
 Compressed Oops: Enabled (Zero based)
 Heap Region Size: 2M
 Heap Min Capacity: 8M
 Heap Initial Capacity: 254M
 Heap Max Capacity: 4062M
 Pre-touch: Disabled
 Parallel Workers: 8
 Concurrent Workers: 2
 Concurrent Refinement Workers: 8
 Periodic GC: Disabled

Heap:
 garbage-first heap   total 92160K, used 50134K [0x0000000702200000, 0x0000000800000000)
  region size 2048K, 7 young (14336K), 2 survivors (4096K)
 Metaspace       used 88327K, committed 89216K, reserved 1179648K
  class space    used 11585K, committed 12032K, reserved 1048576K

Heap Regions: E=young(eden), S=young(survivor), O=old, HS=humongous(starts), HC=humongous(continues), CS=collection set, F=free, TAMS=top-at-mark-start, PB=parsable bottom
|   0|0x0000000702200000, 0x0000000702400000, 0x0000000702400000|100%| O|  |TAMS 0x0000000702200000| PB 0x0000000702200000| Untracked 
|   1|0x0000000702400000, 0x0000000702600000, 0x0000000702600000|100%| O|  |TAMS 0x0000000702400000| PB 0x0000000702400000| Untracked 
|   2|0x0000000702600000, 0x0000000702600000, 0x0000000702800000|  0%| F|  |TAMS 0x0000000702600000| PB 0x0000000702600000| Untracked 
|   3|0x0000000702800000, 0x0000000702a00000, 0x0000000702a00000|100%| O|  |TAMS 0x0000000702800000| PB 0x0000000702800000| Untracked 
|   4|0x0000000702a00000, 0x0000000702c00000, 0x0000000702c00000|100%| O|  |TAMS 0x0000000702a00000| PB 0x0000000702a00000| Untracked 
|   5|0x0000000702c00000, 0x0000000702c00000, 0x0000000702e00000|  0%| F|  |TAMS 0x0000000702c00000| PB 0x0000000702c00000| Untracked 
|   6|0x0000000702e00000, 0x0000000703000000, 0x0000000703000000|100%| O|  |TAMS 0x0000000702e00000| PB 0x0000000702e00000| Untracked 
|   7|0x0000000703000000, 0x0000000703200000, 0x0000000703200000|100%| O|  |TAMS 0x0000000703000000| PB 0x0000000703000000| Untracked 
|   8|0x0000000703200000, 0x0000000703400000, 0x0000000703400000|100%| O|  |TAMS 0x0000000703200000| PB 0x0000000703200000| Untracked 
|   9|0x0000000703400000, 0x0000000703600000, 0x0000000703600000|100%| O|  |TAMS 0x0000000703400000| PB 0x0000000703400000| Untracked 
|  10|0x0000000703600000, 0x0000000703800000, 0x0000000703800000|100%| O|  |TAMS 0x0000000703600000| PB 0x0000000703600000| Untracked 
|  11|0x0000000703800000, 0x0000000703a00000, 0x0000000703a00000|100%| O|  |TAMS 0x0000000703800000| PB 0x0000000703800000| Untracked 
|  12|0x0000000703a00000, 0x0000000703c00000, 0x0000000703c00000|100%| O|Cm|TAMS 0x0000000703a00000| PB 0x0000000703a00000| Complete 
|  13|0x0000000703c00000, 0x0000000703c00000, 0x0000000703e00000|  0%| F|  |TAMS 0x0000000703c00000| PB 0x0000000703c00000| Untracked 
|  14|0x0000000703e00000, 0x0000000704000000, 0x0000000704000000|100%| O|  |TAMS 0x0000000703e00000| PB 0x0000000703e00000| Untracked 
|  15|0x0000000704000000, 0x0000000704200000, 0x0000000704200000|100%| O|  |TAMS 0x0000000704000000| PB 0x0000000704000000| Untracked 
|  16|0x0000000704200000, 0x0000000704400000, 0x0000000704400000|100%| O|Cm|TAMS 0x0000000704200000| PB 0x0000000704200000| Complete 
|  17|0x0000000704400000, 0x0000000704600000, 0x0000000704600000|100%| O|  |TAMS 0x0000000704400000| PB 0x0000000704400000| Untracked 
|  18|0x0000000704600000, 0x0000000704800000, 0x0000000704800000|100%| O|  |TAMS 0x0000000704600000| PB 0x0000000704600000| Untracked 
|  19|0x0000000704800000, 0x0000000704800000, 0x0000000704a00000|  0%| F|  |TAMS 0x0000000704800000| PB 0x0000000704800000| Untracked 
|  20|0x0000000704a00000, 0x0000000704a8ef80, 0x0000000704c00000| 27%| O|  |TAMS 0x0000000704a00000| PB 0x0000000704a00000| Untracked 
|  21|0x0000000704c00000, 0x0000000704c66a48, 0x0000000704e00000| 20%| S|CS|TAMS 0x0000000704c00000| PB 0x0000000704c00000| Complete 
|  22|0x0000000704e00000, 0x0000000705000000, 0x0000000705000000|100%| S|CS|TAMS 0x0000000704e00000| PB 0x0000000704e00000| Complete 
|  23|0x0000000705000000, 0x0000000705200000, 0x0000000705200000|100%| O|  |TAMS 0x0000000705000000| PB 0x0000000705000000| Untracked 
|  24|0x0000000705200000, 0x0000000705400000, 0x0000000705400000|100%| O|  |TAMS 0x0000000705200000| PB 0x0000000705200000| Untracked 
|  25|0x0000000705400000, 0x0000000705600000, 0x0000000705600000|100%| O|  |TAMS 0x0000000705400000| PB 0x0000000705400000| Untracked 
|  26|0x0000000705600000, 0x0000000705600000, 0x0000000705800000|  0%| F|  |TAMS 0x0000000705600000| PB 0x0000000705600000| Untracked 
|  27|0x0000000705800000, 0x0000000705800000, 0x0000000705a00000|  0%| F|  |TAMS 0x0000000705800000| PB 0x0000000705800000| Untracked 
|  28|0x0000000705a00000, 0x0000000705a00000, 0x0000000705c00000|  0%| F|  |TAMS 0x0000000705a00000| PB 0x0000000705a00000| Untracked 
|  29|0x0000000705c00000, 0x0000000705c00000, 0x0000000705e00000|  0%| F|  |TAMS 0x0000000705c00000| PB 0x0000000705c00000| Untracked 
|  30|0x0000000705e00000, 0x0000000705e00000, 0x0000000706000000|  0%| F|  |TAMS 0x0000000705e00000| PB 0x0000000705e00000| Untracked 
|  31|0x0000000706000000, 0x0000000706000000, 0x0000000706200000|  0%| F|  |TAMS 0x0000000706000000| PB 0x0000000706000000| Untracked 
|  32|0x0000000706200000, 0x0000000706200000, 0x0000000706400000|  0%| F|  |TAMS 0x0000000706200000| PB 0x0000000706200000| Untracked 
|  33|0x0000000706400000, 0x0000000706400000, 0x0000000706600000|  0%| F|  |TAMS 0x0000000706400000| PB 0x0000000706400000| Untracked 
|  34|0x0000000706600000, 0x0000000706600000, 0x0000000706800000|  0%| F|  |TAMS 0x0000000706600000| PB 0x0000000706600000| Untracked 
|  35|0x0000000706800000, 0x0000000706800000, 0x0000000706a00000|  0%| F|  |TAMS 0x0000000706800000| PB 0x0000000706800000| Untracked 
|  36|0x0000000706a00000, 0x0000000706a00000, 0x0000000706c00000|  0%| F|  |TAMS 0x0000000706a00000| PB 0x0000000706a00000| Untracked 
|  37|0x0000000706c00000, 0x0000000706c00000, 0x0000000706e00000|  0%| F|  |TAMS 0x0000000706c00000| PB 0x0000000706c00000| Untracked 
|  38|0x0000000706e00000, 0x0000000706e00000, 0x0000000707000000|  0%| F|  |TAMS 0x0000000706e00000| PB 0x0000000706e00000| Untracked 
|  39|0x0000000707000000, 0x0000000707000000, 0x0000000707200000|  0%| F|  |TAMS 0x0000000707000000| PB 0x0000000707000000| Untracked 
|  40|0x0000000707200000, 0x00000007072ca2b0, 0x0000000707400000| 39%| E|  |TAMS 0x0000000707200000| PB 0x0000000707200000| Complete 
| 109|0x000000070fc00000, 0x000000070fe00000, 0x000000070fe00000|100%| E|CS|TAMS 0x000000070fc00000| PB 0x000000070fc00000| Complete 
| 110|0x000000070fe00000, 0x0000000710000000, 0x0000000710000000|100%| E|CS|TAMS 0x000000070fe00000| PB 0x000000070fe00000| Complete 
| 111|0x0000000710000000, 0x0000000710200000, 0x0000000710200000|100%| E|CS|TAMS 0x0000000710000000| PB 0x0000000710000000| Complete 
| 126|0x0000000711e00000, 0x0000000712000000, 0x0000000712000000|100%| E|CS|TAMS 0x0000000711e00000| PB 0x0000000711e00000| Complete 

Card table byte_map: [0x000002a955430000,0x000002a955c20000] _byte_map_base: 0x000002a951c1f000

Marking Bits: (CMBitMap*) 0x000002a93d502580
 Bits: [0x000002a955c20000, 0x000002a959b98000)

Polling page: 0x000002a93cc50000

Metaspace:

Usage:
  Non-class:     74.94 MB used.
      Class:     11.31 MB used.
       Both:     86.26 MB used.

Virtual space:
  Non-class space:      128.00 MB reserved,      75.38 MB ( 59%) committed,  2 nodes.
      Class space:        1.00 GB reserved,      11.75 MB (  1%) committed,  1 nodes.
             Both:        1.12 GB reserved,      87.12 MB (  8%) committed. 

Chunk freelists:
   Non-Class:  4.47 MB
       Class:  4.30 MB
        Both:  8.77 MB

MaxMetaspaceSize: unlimited
CompressedClassSpaceSize: 1.00 GB
Initial GC threshold: 21.00 MB
Current GC threshold: 145.00 MB
CDS: on
 - commit_granule_bytes: 65536.
 - commit_granule_words: 8192.
 - virtual_space_node_default_size: 8388608.
 - enlarge_chunks_in_place: 1.
 - use_allocation_guard: 0.


Internal statistics:

num_allocs_failed_limit: 9.
num_arena_births: 1278.
num_arena_deaths: 472.
num_vsnodes_births: 3.
num_vsnodes_deaths: 0.
num_space_committed: 1394.
num_space_uncommitted: 0.
num_chunks_returned_to_freelist: 544.
num_chunks_taken_from_freelist: 4551.
num_chunk_merges: 150.
num_chunk_splits: 3141.
num_chunks_enlarged: 2432.
num_inconsistent_stats: 0.

CodeHeap 'non-profiled nmethods': size=120000Kb used=4322Kb max_used=5728Kb free=115677Kb
 bounds [0x000002a94d3e0000, 0x000002a94d980000, 0x000002a954910000]
CodeHeap 'profiled nmethods': size=120000Kb used=13131Kb max_used=16628Kb free=106869Kb
 bounds [0x000002a945910000, 0x000002a946960000, 0x000002a94ce40000]
CodeHeap 'non-nmethods': size=5760Kb used=1759Kb max_used=1846Kb free=4000Kb
 bounds [0x000002a94ce40000, 0x000002a94d0b0000, 0x000002a94d3e0000]
 total_blobs=7327 nmethods=6559 adapters=671
 compilation: enabled
              stopped_count=0, restarted_count=0
 full_count=0

Compilation events (20 events):
Event: 9905.997 Thread 0x000002a95c61b670 11650       2       jdk.internal.jimage.ImageLocation::verify (218 bytes)
Event: 9906.003 Thread 0x000002a95c61b670 nmethod 11650 0x000002a945b4b590 code [0x000002a945b4b7e0, 0x000002a945b4bed0]
Event: 9906.004 Thread 0x000002a95c61b670 11653       2       jdk.internal.jimage.ImageLocation::readValue (61 bytes)
Event: 9906.005 Thread 0x000002a95c61b670 nmethod 11653 0x000002a945ac8e90 code [0x000002a945ac9060, 0x000002a945ac92e8]
Event: 9906.005 Thread 0x000002a95c61b670 11651       2       jdk.internal.jimage.BasicImageReader::verifyLocation (39 bytes)
Event: 9906.007 Thread 0x000002a95c61b670 nmethod 11651 0x000002a945b39210 code [0x000002a945b393e0, 0x000002a945b395e0]
Event: 9906.007 Thread 0x000002a95c61b670 11657   !   2       java.nio.DirectIntBufferU::get (34 bytes)
Event: 9906.009 Thread 0x000002a95c61b670 nmethod 11657 0x000002a945926010 code [0x000002a945926200, 0x000002a945926580]
Event: 9906.012 Thread 0x000002a95c61b670 11655       2       jdk.internal.jimage.BasicImageReader::getLocationIndex (52 bytes)
Event: 9906.015 Thread 0x000002a95c61b670 nmethod 11655 0x000002a945a69910 code [0x000002a945a69b00, 0x000002a945a69da0]
Event: 9906.018 Thread 0x000002a95c61b670 11654       2       jdk.internal.module.ModuleReferenceImpl::hashCode (56 bytes)
Event: 9906.020 Thread 0x000002a95c61b670 nmethod 11654 0x000002a945b63810 code [0x000002a945b639e0, 0x000002a945b63c00]
Event: 9906.023 Thread 0x000002a95c61b670 11658       2       jdk.internal.loader.BuiltinClassLoader::moduleReaderFor (45 bytes)
Event: 9906.027 Thread 0x000002a95c61b670 nmethod 11658 0x000002a945924210 code [0x000002a9459243e0, 0x000002a9459246e8]
Event: 9906.029 Thread 0x000002a95c61b670 11656       2       jdk.internal.jimage.ImageStringsReader::hashCode (8 bytes)
Event: 9906.032 Thread 0x000002a95c61b670 nmethod 11656 0x000002a945cabd10 code [0x000002a945cabec0, 0x000002a945cabfe8]
Event: 9906.034 Thread 0x000002a95c61b670 11659       3       java.net.URLConnection::<init> (62 bytes)
Event: 9906.036 Thread 0x000002a9a77d91a0 nmethod 11640 0x000002a94d505890 code [0x000002a94d505aa0, 0x000002a94d5062e0]
Event: 9906.039 Thread 0x000002a95c61b670 nmethod 11659 0x000002a94596ff10 code [0x000002a945970100, 0x000002a945970670]
Event: 9906.042 Thread 0x000002a95c61b670 11660       3       java.net.URLConnection::getDefaultUseCaches (27 bytes)

GC Heap History (20 events):
Event: 3319.132 GC heap after
{Heap after GC invocations=29 (full 0):
 garbage-first heap   total 92160K, used 48960K [0x0000000702200000, 0x0000000800000000)
  region size 2048K, 2 young (4096K), 2 survivors (4096K)
 Metaspace       used 87206K, committed 88000K, reserved 1179648K
  class space    used 11658K, committed 12032K, reserved 1048576K
}
Event: 3942.115 GC heap before
{Heap before GC invocations=29 (full 0):
 garbage-first heap   total 92160K, used 79680K [0x0000000702200000, 0x0000000800000000)
  region size 2048K, 17 young (34816K), 2 survivors (4096K)
 Metaspace       used 87412K, committed 88256K, reserved 1179648K
  class space    used 11658K, committed 12032K, reserved 1048576K
}
Event: 3942.120 GC heap after
{Heap after GC invocations=30 (full 0):
 garbage-first heap   total 92160K, used 49306K [0x0000000702200000, 0x0000000800000000)
  region size 2048K, 2 young (4096K), 2 survivors (4096K)
 Metaspace       used 87412K, committed 88256K, reserved 1179648K
  class space    used 11658K, committed 12032K, reserved 1048576K
}
Event: 4665.109 GC heap before
{Heap before GC invocations=31 (full 0):
 garbage-first heap   total 92160K, used 80026K [0x0000000702200000, 0x0000000800000000)
  region size 2048K, 17 young (34816K), 2 survivors (4096K)
 Metaspace       used 87686K, committed 88512K, reserved 1179648K
  class space    used 11660K, committed 12032K, reserved 1048576K
}
Event: 4665.118 GC heap after
{Heap after GC invocations=32 (full 0):
 garbage-first heap   total 92160K, used 49060K [0x0000000702200000, 0x0000000800000000)
  region size 2048K, 2 young (4096K), 2 survivors (4096K)
 Metaspace       used 87686K, committed 88512K, reserved 1179648K
  class space    used 11660K, committed 12032K, reserved 1048576K
}
Event: 5350.468 GC heap before
{Heap before GC invocations=32 (full 0):
 garbage-first heap   total 92160K, used 79780K [0x0000000702200000, 0x0000000800000000)
  region size 2048K, 17 young (34816K), 2 survivors (4096K)
 Metaspace       used 87772K, committed 88640K, reserved 1179648K
  class space    used 11660K, committed 12032K, reserved 1048576K
}
Event: 5350.479 GC heap after
{Heap after GC invocations=33 (full 0):
 garbage-first heap   total 92160K, used 48706K [0x0000000702200000, 0x0000000800000000)
  region size 2048K, 2 young (4096K), 2 survivors (4096K)
 Metaspace       used 87772K, committed 88640K, reserved 1179648K
  class space    used 11660K, committed 12032K, reserved 1048576K
}
Event: 5972.530 GC heap before
{Heap before GC invocations=33 (full 0):
 garbage-first heap   total 92160K, used 79426K [0x0000000702200000, 0x0000000800000000)
  region size 2048K, 17 young (34816K), 2 survivors (4096K)
 Metaspace       used 87934K, committed 88768K, reserved 1179648K
  class space    used 11661K, committed 12032K, reserved 1048576K
}
Event: 5972.539 GC heap after
{Heap after GC invocations=34 (full 0):
 garbage-first heap   total 92160K, used 48672K [0x0000000702200000, 0x0000000800000000)
  region size 2048K, 2 young (4096K), 2 survivors (4096K)
 Metaspace       used 87934K, committed 88768K, reserved 1179648K
  class space    used 11661K, committed 12032K, reserved 1048576K
}
Event: 6648.202 GC heap before
{Heap before GC invocations=35 (full 0):
 garbage-first heap   total 92160K, used 79392K [0x0000000702200000, 0x0000000800000000)
  region size 2048K, 17 young (34816K), 2 survivors (4096K)
 Metaspace       used 87797K, committed 88896K, reserved 1179648K
  class space    used 11550K, committed 12032K, reserved 1048576K
}
Event: 6648.210 GC heap after
{Heap after GC invocations=36 (full 0):
 garbage-first heap   total 92160K, used 48486K [0x0000000702200000, 0x0000000800000000)
  region size 2048K, 2 young (4096K), 2 survivors (4096K)
 Metaspace       used 87797K, committed 88896K, reserved 1179648K
  class space    used 11550K, committed 12032K, reserved 1048576K
}
Event: 7278.625 GC heap before
{Heap before GC invocations=36 (full 0):
 garbage-first heap   total 92160K, used 79206K [0x0000000702200000, 0x0000000800000000)
  region size 2048K, 17 young (34816K), 2 survivors (4096K)
 Metaspace       used 87884K, committed 88960K, reserved 1179648K
  class space    used 11550K, committed 12032K, reserved 1048576K
}
Event: 7278.641 GC heap after
{Heap after GC invocations=37 (full 0):
 garbage-first heap   total 92160K, used 44309K [0x0000000702200000, 0x0000000800000000)
  region size 2048K, 2 young (4096K), 2 survivors (4096K)
 Metaspace       used 87884K, committed 88960K, reserved 1179648K
  class space    used 11550K, committed 12032K, reserved 1048576K
}
Event: 8111.937 GC heap before
{Heap before GC invocations=37 (full 0):
 garbage-first heap   total 92160K, used 79125K [0x0000000702200000, 0x0000000800000000)
  region size 2048K, 19 young (38912K), 2 survivors (4096K)
 Metaspace       used 87929K, committed 88960K, reserved 1179648K
  class space    used 11550K, committed 12032K, reserved 1048576K
}
Event: 8111.954 GC heap after
{Heap after GC invocations=38 (full 0):
 garbage-first heap   total 92160K, used 41892K [0x0000000702200000, 0x0000000800000000)
  region size 2048K, 2 young (4096K), 2 survivors (4096K)
 Metaspace       used 87929K, committed 88960K, reserved 1179648K
  class space    used 11550K, committed 12032K, reserved 1048576K
}
Event: 8917.861 GC heap before
{Heap before GC invocations=38 (full 0):
 garbage-first heap   total 92160K, used 78756K [0x0000000702200000, 0x0000000800000000)
  region size 2048K, 20 young (40960K), 2 survivors (4096K)
 Metaspace       used 88158K, committed 89088K, reserved 1179648K
  class space    used 11551K, committed 12032K, reserved 1048576K
}
Event: 8917.867 GC heap after
{Heap after GC invocations=39 (full 0):
 garbage-first heap   total 92160K, used 41999K [0x0000000702200000, 0x0000000800000000)
  region size 2048K, 2 young (4096K), 2 survivors (4096K)
 Metaspace       used 88158K, committed 89088K, reserved 1179648K
  class space    used 11551K, committed 12032K, reserved 1048576K
}
Event: 9760.574 GC heap before
{Heap before GC invocations=40 (full 0):
 garbage-first heap   total 92160K, used 78863K [0x0000000702200000, 0x0000000800000000)
  region size 2048K, 20 young (40960K), 2 survivors (4096K)
 Metaspace       used 88170K, committed 89152K, reserved 1179648K
  class space    used 11546K, committed 12032K, reserved 1048576K
}
Event: 9760.585 GC heap after
{Heap after GC invocations=41 (full 0):
 garbage-first heap   total 92160K, used 41942K [0x0000000702200000, 0x0000000800000000)
  region size 2048K, 2 young (4096K), 2 survivors (4096K)
 Metaspace       used 88170K, committed 89152K, reserved 1179648K
  class space    used 11546K, committed 12032K, reserved 1048576K
}
Event: 9906.045 GC heap before
{Heap before GC invocations=41 (full 0):
 garbage-first heap   total 92160K, used 50134K [0x0000000702200000, 0x0000000800000000)
  region size 2048K, 7 young (14336K), 2 survivors (4096K)
 Metaspace       used 88327K, committed 89216K, reserved 1179648K
  class space    used 11585K, committed 12032K, reserved 1048576K
}

Dll operation events (14 events):
Event: 0.015 Loaded shared library C:\Program Files\Java\jdk-21\bin\java.dll
Event: 0.063 Loaded shared library C:\Program Files\Java\jdk-21\bin\jsvml.dll
Event: 0.265 Loaded shared library C:\Program Files\Java\jdk-21\bin\zip.dll
Event: 0.270 Loaded shared library C:\Program Files\Java\jdk-21\bin\instrument.dll
Event: 0.277 Loaded shared library C:\Program Files\Java\jdk-21\bin\net.dll
Event: 0.281 Loaded shared library C:\Program Files\Java\jdk-21\bin\nio.dll
Event: 0.286 Loaded shared library C:\Program Files\Java\jdk-21\bin\zip.dll
Event: 0.615 Loaded shared library C:\Users\pc\AppData\Local\JetBrains\IntelliJ IDEA Community Edition 2024.1.3\bin\breakgen64.dll
Event: 0.630 Loaded shared library C:\Program Files\Java\jdk-21\bin\extnet.dll
Event: 0.777 Loaded shared library C:\Program Files\Java\jdk-21\bin\jimage.dll
Event: 2.176 Loaded shared library C:\Program Files\Java\jdk-21\bin\management.dll
Event: 2.179 Loaded shared library C:\Program Files\Java\jdk-21\bin\management_ext.dll
Event: 6.177 Loaded shared library C:\Program Files\Java\jdk-21\bin\sunmscapi.dll
Event: 14.117 Loaded shared library C:\Program Files\Java\jdk-21\bin\verify.dll

Deoptimization events (20 events):
Event: 9905.949 Thread 0x000002a9a300f690 DEOPT PACKING pc=0x000002a94d6100cc sp=0x000000b8f7dfee30
Event: 9905.949 Thread 0x000002a9a300f690 DEOPT UNPACKING pc=0x000002a94ce946a2 sp=0x000000b8f7dfec88 mode 2
Event: 9905.949 Thread 0x000002a9a8a3a4a0 DEOPT PACKING pc=0x000002a94d7d3084 sp=0x000000b8f52fef00
Event: 9905.949 Thread 0x000002a9a8a3a4a0 DEOPT UNPACKING pc=0x000002a94ce946a2 sp=0x000000b8f52fee80 mode 2
Event: 9905.949 Thread 0x000002a9a300f690 Uncommon trap: trap_request=0xffffff45 fr.pc=0x000002a94d756fa8 relative=0x00000000000003e8
Event: 9905.949 Thread 0x000002a9a8a3a4a0 Uncommon trap: trap_request=0x0000002f fr.pc=0x000002a94d756e58 relative=0x0000000000000298
Event: 9905.950 Thread 0x000002a9a300f690 Uncommon trap: reason=unstable_if action=reinterpret pc=0x000002a94d756fa8 method=java.util.concurrent.ThreadPoolExecutor.runStateAtLeast(II)Z @ 2 c2
Event: 9905.950 Thread 0x000002a9a8a3a4a0 Uncommon trap: reason=unloaded action=reinterpret pc=0x000002a94d756e58 method=java.util.concurrent.SynchronousQueue.take()Ljava/lang/Object; @ 25 c2
Event: 9905.950 Thread 0x000002a9a300f690 DEOPT PACKING pc=0x000002a94d756fa8 sp=0x000000b8f7dfeee0
Event: 9905.950 Thread 0x000002a9a300f690 DEOPT UNPACKING pc=0x000002a94ce946a2 sp=0x000000b8f7dfedf8 mode 2
Event: 9905.951 Thread 0x000002a9a8a3a4a0 DEOPT PACKING pc=0x000002a94d756e58 sp=0x000000b8f52ff1f0
Event: 9905.951 Thread 0x000002a9a8a3a4a0 DEOPT UNPACKING pc=0x000002a94ce946a2 sp=0x000000b8f52ff118 mode 2
Event: 9906.041 Thread 0x000002a9a61980b0 Uncommon trap: trap_request=0xffffff45 fr.pc=0x000002a94d6100cc relative=0x00000000000029ac
Event: 9906.042 Thread 0x000002a9a61980b0 Uncommon trap: reason=unstable_if action=reinterpret pc=0x000002a94d6100cc method=java.lang.Thread.getAndClearInterrupt()Z @ 6 c2
Event: 9906.043 Thread 0x000002a9a61980b0 DEOPT PACKING pc=0x000002a94d6100cc sp=0x000000b8f73feed0
Event: 9906.043 Thread 0x000002a9a61980b0 DEOPT UNPACKING pc=0x000002a94ce946a2 sp=0x000000b8f73fed28 mode 2
Event: 9906.044 Thread 0x000002a9a61980b0 Uncommon trap: trap_request=0xffffff45 fr.pc=0x000002a94d756fa8 relative=0x00000000000003e8
Event: 9906.044 Thread 0x000002a9a61980b0 Uncommon trap: reason=unstable_if action=reinterpret pc=0x000002a94d756fa8 method=java.util.concurrent.ThreadPoolExecutor.runStateAtLeast(II)Z @ 2 c2
Event: 9906.045 Thread 0x000002a9a61980b0 DEOPT PACKING pc=0x000002a94d756fa8 sp=0x000000b8f73fef80
Event: 9906.045 Thread 0x000002a9a61980b0 DEOPT UNPACKING pc=0x000002a94ce946a2 sp=0x000000b8f73fee98 mode 2

Classes loaded (20 events):
Event: 141.497 Loading class java/util/stream/LongStream
Event: 141.497 Loading class java/util/stream/LongStream done
Event: 141.497 Loading class java/util/stream/DoubleStream
Event: 141.497 Loading class java/util/stream/DoubleStream done
Event: 141.533 Loading class java/text/ParsePosition
Event: 141.533 Loading class java/text/ParsePosition done
Event: 141.845 Loading class sun/net/ConnectionResetException
Event: 141.846 Loading class sun/net/ConnectionResetException done
Event: 1771.493 Loading class sun/security/ssl/Alert
Event: 1771.494 Loading class sun/security/ssl/Alert done
Event: 1771.495 Loading class sun/security/ssl/Alert$AlertConsumer
Event: 1771.495 Loading class sun/security/ssl/Alert$AlertConsumer done
Event: 1771.495 Loading class sun/security/ssl/Alert$Level
Event: 1771.495 Loading class sun/security/ssl/Alert$Level done
Event: 9902.846 Loading class java/util/concurrent/locks/AbstractQueuedSynchronizer$SharedNode
Event: 9902.846 Loading class java/util/concurrent/locks/AbstractQueuedSynchronizer$SharedNode done
Event: 9906.007 Loading class java/util/WeakHashMap$KeyIterator
Event: 9906.007 Loading class java/util/WeakHashMap$HashIterator
Event: 9906.008 Loading class java/util/WeakHashMap$HashIterator done
Event: 9906.008 Loading class java/util/WeakHashMap$KeyIterator done

Classes unloaded (20 events):
Event: 5972.626 Thread 0x000002a95c5da060 Unloading class 0x000002a95e017800 'java/lang/invoke/LambdaForm$MH+0x000002a95e017800'
Event: 5972.626 Thread 0x000002a95c5da060 Unloading class 0x000002a95e017400 'java/lang/invoke/LambdaForm$MH+0x000002a95e017400'
Event: 5972.626 Thread 0x000002a95c5da060 Unloading class 0x000002a95e016800 'java/lang/invoke/LambdaForm$MH+0x000002a95e016800'
Event: 5972.626 Thread 0x000002a95c5da060 Unloading class 0x000002a95e015800 'java/lang/invoke/LambdaForm$MH+0x000002a95e015800'
Event: 5972.626 Thread 0x000002a95c5da060 Unloading class 0x000002a95e014c00 'java/lang/invoke/LambdaForm$MH+0x000002a95e014c00'
Event: 5972.626 Thread 0x000002a95c5da060 Unloading class 0x000002a95e014400 'java/lang/invoke/LambdaForm$MH+0x000002a95e014400'
Event: 5972.626 Thread 0x000002a95c5da060 Unloading class 0x000002a95e014000 'java/lang/invoke/LambdaForm$MH+0x000002a95e014000'
Event: 5972.626 Thread 0x000002a95c5da060 Unloading class 0x000002a95e002400 'java/lang/invoke/LambdaForm$MH+0x000002a95e002400'
Event: 5972.626 Thread 0x000002a95c5da060 Unloading class 0x000002a95e002000 'java/lang/invoke/LambdaForm$MH+0x000002a95e002000'
Event: 5972.626 Thread 0x000002a95c5da060 Unloading class 0x000002a95e001c00 'java/lang/invoke/LambdaForm$MH+0x000002a95e001c00'
Event: 5972.626 Thread 0x000002a95c5da060 Unloading class 0x000002a95e001400 'java/lang/invoke/LambdaForm$MH+0x000002a95e001400'
Event: 8917.947 Thread 0x000002a95c5da060 Unloading class 0x000002a95e9f5c00 'java/lang/invoke/LambdaForm$MH+0x000002a95e9f5c00'
Event: 8917.947 Thread 0x000002a95c5da060 Unloading class 0x000002a95e3bc800 'java/lang/invoke/LambdaForm$MH+0x000002a95e3bc800'
Event: 8917.947 Thread 0x000002a95c5da060 Unloading class 0x000002a95e3b3400 'java/lang/invoke/LambdaForm$MH+0x000002a95e3b3400'
Event: 8917.947 Thread 0x000002a95c5da060 Unloading class 0x000002a95e3b3000 'java/lang/invoke/LambdaForm$MH+0x000002a95e3b3000'
Event: 8917.947 Thread 0x000002a95c5da060 Unloading class 0x000002a95e141800 'java/lang/invoke/LambdaForm$MH+0x000002a95e141800'
Event: 8917.947 Thread 0x000002a95c5da060 Unloading class 0x000002a95e01b800 'java/lang/invoke/LambdaForm$MH+0x000002a95e01b800'
Event: 8917.947 Thread 0x000002a95c5da060 Unloading class 0x000002a95e01b000 'java/lang/invoke/LambdaForm$MH+0x000002a95e01b000'
Event: 8917.947 Thread 0x000002a95c5da060 Unloading class 0x000002a95e01a800 'java/lang/invoke/LambdaForm$MH+0x000002a95e01a800'
Event: 8917.947 Thread 0x000002a95c5da060 Unloading class 0x000002a95e01a400 'java/lang/invoke/LambdaForm$MH+0x000002a95e01a400'

Classes redefined (0 events):
No events

Internal exceptions (20 events):
Event: 9902.893 Thread 0x000002a9a651fb80 Exception <a 'java/io/IOException'{0x000000070721d108}> (0x000000070721d108) 
thrown [s\open\src\hotspot\share\prims\jni.cpp, line 520]
Event: 9902.896 Thread 0x000002a9a651d420 Exception <a 'java/io/IOException'{0x000000070722ad30}> (0x000000070722ad30) 
thrown [s\open\src\hotspot\share\prims\jni.cpp, line 520]
Event: 9902.897 Thread 0x000002a9a651d420 Exception <a 'java/io/IOException'{0x000000070722cec0}> (0x000000070722cec0) 
thrown [s\open\src\hotspot\share\prims\jni.cpp, line 520]
Event: 9902.897 Thread 0x000002a9a651d420 Exception <a 'java/io/IOException'{0x000000070722dc28}> (0x000000070722dc28) 
thrown [s\open\src\hotspot\share\prims\jni.cpp, line 520]
Event: 9902.899 Thread 0x000002a9a651d420 Exception <a 'java/io/IOException'{0x0000000707230cf0}> (0x0000000707230cf0) 
thrown [s\open\src\hotspot\share\prims\jni.cpp, line 520]
Event: 9902.899 Thread 0x000002a9a651d420 Exception <a 'java/io/IOException'{0x0000000707231910}> (0x0000000707231910) 
thrown [s\open\src\hotspot\share\prims\jni.cpp, line 520]
Event: 9902.899 Thread 0x000002a9a651d420 Exception <a 'java/io/IOException'{0x0000000707233798}> (0x0000000707233798) 
thrown [s\open\src\hotspot\share\prims\jni.cpp, line 520]
Event: 9902.900 Thread 0x000002a9a651d420 Exception <a 'java/io/IOException'{0x00000007072346f8}> (0x00000007072346f8) 
thrown [s\open\src\hotspot\share\prims\jni.cpp, line 520]
Event: 9902.900 Thread 0x000002a9a651d420 Exception <a 'java/io/IOException'{0x00000007072365a8}> (0x00000007072365a8) 
thrown [s\open\src\hotspot\share\prims\jni.cpp, line 520]
Event: 9902.901 Thread 0x000002a9a651d420 Exception <a 'java/io/IOException'{0x0000000707238430}> (0x0000000707238430) 
thrown [s\open\src\hotspot\share\prims\jni.cpp, line 520]
Event: 9902.901 Thread 0x000002a9a651d420 Exception <a 'java/io/IOException'{0x0000000707239050}> (0x0000000707239050) 
thrown [s\open\src\hotspot\share\prims\jni.cpp, line 520]
Event: 9902.902 Thread 0x000002a9a651d420 Exception <a 'java/io/IOException'{0x000000070723aed8}> (0x000000070723aed8) 
thrown [s\open\src\hotspot\share\prims\jni.cpp, line 520]
Event: 9902.902 Thread 0x000002a9a651d420 Exception <a 'java/io/IOException'{0x000000070723baf8}> (0x000000070723baf8) 
thrown [s\open\src\hotspot\share\prims\jni.cpp, line 520]
Event: 9902.903 Thread 0x000002a9a651d420 Exception <a 'java/io/IOException'{0x000000070723eea0}> (0x000000070723eea0) 
thrown [s\open\src\hotspot\share\prims\jni.cpp, line 520]
Event: 9902.904 Thread 0x000002a9a651fb80 Exception <a 'java/io/IOException'{0x0000000707249330}> (0x0000000707249330) 
thrown [s\open\src\hotspot\share\prims\jni.cpp, line 520]
Event: 9902.905 Thread 0x000002a9a651fb80 Exception <a 'java/io/IOException'{0x0000000707250d38}> (0x0000000707250d38) 
thrown [s\open\src\hotspot\share\prims\jni.cpp, line 520]
Event: 9905.910 Thread 0x000002a9a651fb80 Exception <a 'java/io/IOException'{0x00000007072524d0}> (0x00000007072524d0) 
thrown [s\open\src\hotspot\share\prims\jni.cpp, line 520]
Event: 9905.947 Thread 0x000002a9a651fb80 Exception <a 'java/io/IOException'{0x00000007072664b8}> (0x00000007072664b8) 
thrown [s\open\src\hotspot\share\prims\jni.cpp, line 520]
Event: 9905.948 Thread 0x000002a9a651fb80 Exception <a 'java/io/IOException'{0x0000000707267c58}> (0x0000000707267c58) 
thrown [s\open\src\hotspot\share\prims\jni.cpp, line 520]
Event: 9906.041 Thread 0x000002a9a4f7db10 Exception <a 'java/lang/InterruptedException'{0x00000007072b3240}: sleep interrupted> (0x00000007072b3240) 
thrown [s\open\src\hotspot\share\prims\jvm.cpp, line 3074]

ZGC Phase Switch (0 events):
No events

VM Operations (20 events):
Event: 8880.853 Executing VM operation: Cleanup done
Event: 8900.019 Executing VM operation: Cleanup
Event: 8900.019 Executing VM operation: Cleanup done
Event: 8917.861 Executing VM operation: G1CollectForAllocation (G1 Evacuation Pause)
Event: 8917.868 Executing VM operation: G1CollectForAllocation (G1 Evacuation Pause) done
Event: 8917.946 Executing VM operation: G1PauseRemark
Event: 8917.999 Executing VM operation: G1PauseRemark done
Event: 8918.030 Executing VM operation: G1PauseCleanup
Event: 8918.031 Executing VM operation: G1PauseCleanup done
Event: 8919.032 Executing VM operation: Cleanup
Event: 8919.032 Executing VM operation: Cleanup done
Event: 8925.073 Executing VM operation: Cleanup
Event: 8925.073 Executing VM operation: Cleanup done
Event: 8929.094 Executing VM operation: Cleanup
Event: 8929.094 Executing VM operation: Cleanup done
Event: 9760.574 Executing VM operation: G1CollectForAllocation (G1 Evacuation Pause)
Event: 9760.585 Executing VM operation: G1CollectForAllocation (G1 Evacuation Pause) done
Event: 9903.554 Executing VM operation: Cleanup
Event: 9903.554 Executing VM operation: Cleanup done
Event: 9906.045 Executing VM operation: G1CollectFull (System.gc())

Events (20 events):
Event: 9902.864 Thread 0x000002a9a3011760 Thread exited: 0x000002a9a3011760
Event: 9902.864 Thread 0x000002a9a3013ec0 Thread exited: 0x000002a9a3013ec0
Event: 9902.865 Thread 0x000002a9a300e2e0 Thread exited: 0x000002a9a300e2e0
Event: 9902.865 Thread 0x000002a9a3010a40 Thread exited: 0x000002a9a3010a40
Event: 9902.865 Thread 0x000002a9a3012b10 Thread exited: 0x000002a9a3012b10
Event: 9902.865 Thread 0x000002a9a3011df0 Thread exited: 0x000002a9a3011df0
Event: 9902.865 Thread 0x000002a9a300cf30 Thread exited: 0x000002a9a300cf30
Event: 9902.865 Thread 0x000002a9a30110d0 Thread exited: 0x000002a9a30110d0
Event: 9902.894 Thread 0x000002a9a651d420 Thread added: 0x000002a9a651d420
Event: 9902.895 Thread 0x000002a9a4f80270 Thread exited: 0x000002a9a4f80270
Event: 9902.904 Thread 0x000002a9a651d420 Thread exited: 0x000002a9a651d420
Event: 9905.909 Thread 0x000002a9a30103b0 Thread exited: 0x000002a9a30103b0
Event: 9905.911 Thread 0x000002a9a300f000 Thread exited: 0x000002a9a300f000
Event: 9905.911 Thread 0x000002a9a300c8a0 Thread exited: 0x000002a9a300c8a0
Event: 9905.912 Thread 0x000002a9a8a3ab30 Thread exited: 0x000002a9a8a3ab30
Event: 9905.912 Thread 0x000002a9a4f7e830 Thread exited: 0x000002a9a4f7e830
Event: 9905.951 Thread 0x000002a9a300f690 Thread exited: 0x000002a9a300f690
Event: 9905.951 Thread 0x000002a9a8a3a4a0 Thread exited: 0x000002a9a8a3a4a0
Event: 9906.041 Thread 0x000002a9a5c3e2d0 Thread exited: 0x000002a9a5c3e2d0
Event: 9906.042 Thread 0x000002a9a4f7db10 Thread exited: 0x000002a9a4f7db10


Dynamic libraries:
0x00007ff6dacd0000 - 0x00007ff6dace0000 	C:\Program Files\Java\jdk-21\bin\java.exe
0x00007ffb447a0000 - 0x00007ffb44a00000 	C:\WINDOWS\SYSTEM32\ntdll.dll
0x00007ffb43960000 - 0x00007ffb43a27000 	C:\WINDOWS\System32\KERNEL32.DLL
0x00007ffb421d0000 - 0x00007ffb4259b000 	C:\WINDOWS\System32\KERNELBASE.dll
0x00007ffb41a40000 - 0x00007ffb41b8b000 	C:\WINDOWS\System32\ucrtbase.dll
0x00007ffb35510000 - 0x00007ffb35529000 	C:\Program Files\Java\jdk-21\bin\jli.dll
0x00007ffb145d0000 - 0x00007ffb145eb000 	C:\Program Files\Java\jdk-21\bin\VCRUNTIME140.dll
0x00007ffb435b0000 - 0x00007ffb43663000 	C:\WINDOWS\System32\ADVAPI32.dll
0x00007ffb43f60000 - 0x00007ffb44009000 	C:\WINDOWS\System32\msvcrt.dll
0x00007ffb42850000 - 0x00007ffb428f6000 	C:\WINDOWS\System32\sechost.dll
0x00007ffb425a0000 - 0x00007ffb426b6000 	C:\WINDOWS\System32\RPCRT4.dll
0x00007ffb43c30000 - 0x00007ffb43dfc000 	C:\WINDOWS\System32\USER32.dll
0x00007ffb33490000 - 0x00007ffb33727000 	C:\WINDOWS\WinSxS\amd64_microsoft.windows.common-controls_6595b64144ccf1df_6.0.26100.3624_none_3e086962e3345f24\COMCTL32.dll
0x00007ffb41fd0000 - 0x00007ffb41ff7000 	C:\WINDOWS\System32\win32u.dll
0x00007ffb44550000 - 0x00007ffb4457a000 	C:\WINDOWS\System32\GDI32.dll
0x00007ffb42090000 - 0x00007ffb421c1000 	C:\WINDOWS\System32\gdi32full.dll
0x00007ffb378e0000 - 0x00007ffb378eb000 	C:\WINDOWS\SYSTEM32\VERSION.dll
0x00007ffb41b90000 - 0x00007ffb41c33000 	C:\WINDOWS\System32\msvcp_win.dll
0x00007ffb44680000 - 0x00007ffb446af000 	C:\WINDOWS\System32\IMM32.DLL
0x00007ffb145c0000 - 0x00007ffb145cc000 	C:\Program Files\Java\jdk-21\bin\vcruntime140_1.dll
0x00007ffb13330000 - 0x00007ffb133be000 	C:\Program Files\Java\jdk-21\bin\msvcp140.dll
0x00007ffad5b80000 - 0x00007ffad689a000 	C:\Program Files\Java\jdk-21\bin\server\jvm.dll
0x00007ffb444d0000 - 0x00007ffb44544000 	C:\WINDOWS\System32\WS2_32.dll
0x00007ffb41820000 - 0x00007ffb4187e000 	C:\WINDOWS\SYSTEM32\POWRPROF.dll
0x00007ffb331c0000 - 0x00007ffb331f6000 	C:\WINDOWS\SYSTEM32\WINMM.dll
0x00007ffb41800000 - 0x00007ffb41814000 	C:\WINDOWS\SYSTEM32\UMPDC.dll
0x00007ffb40750000 - 0x00007ffb4076a000 	C:\WINDOWS\SYSTEM32\kernel.appcore.dll
0x00007ffb145b0000 - 0x00007ffb145ba000 	C:\Program Files\Java\jdk-21\bin\jimage.dll
0x00007ffb3ed90000 - 0x00007ffb3efd1000 	C:\WINDOWS\SYSTEM32\DBGHELP.DLL
0x00007ffb44140000 - 0x00007ffb444c3000 	C:\WINDOWS\System32\combase.dll
0x00007ffb42900000 - 0x00007ffb429d6000 	C:\WINDOWS\System32\OLEAUT32.dll
0x00007ffb2f090000 - 0x00007ffb2f0c9000 	C:\WINDOWS\SYSTEM32\dbgcore.DLL
0x00007ffb41c40000 - 0x00007ffb41cd9000 	C:\WINDOWS\System32\bcryptPrimitives.dll
0x00007ffb127b0000 - 0x00007ffb127bf000 	C:\Program Files\Java\jdk-21\bin\instrument.dll
0x00007ffb14590000 - 0x00007ffb145af000 	C:\Program Files\Java\jdk-21\bin\java.dll
0x00007ffb429e0000 - 0x00007ffb43109000 	C:\WINDOWS\System32\SHELL32.dll
0x00007ffb41e60000 - 0x00007ffb41fc8000 	C:\WINDOWS\System32\wintypes.dll
0x00007ffb3f600000 - 0x00007ffb3fe52000 	C:\WINDOWS\SYSTEM32\windows.storage.dll
0x00007ffb426d0000 - 0x00007ffb427bd000 	C:\WINDOWS\System32\SHCORE.dll
0x00007ffb44610000 - 0x00007ffb44674000 	C:\WINDOWS\System32\shlwapi.dll
0x00007ffb41890000 - 0x00007ffb418bf000 	C:\WINDOWS\SYSTEM32\profapi.dll
0x00007ffb06790000 - 0x00007ffb06867000 	C:\Program Files\Java\jdk-21\bin\jsvml.dll
0x00007ffb14540000 - 0x00007ffb14558000 	C:\Program Files\Java\jdk-21\bin\zip.dll
0x00007ffb14580000 - 0x00007ffb14590000 	C:\Program Files\Java\jdk-21\bin\net.dll
0x00007ffb36400000 - 0x00007ffb3651d000 	C:\WINDOWS\SYSTEM32\WINHTTP.dll
0x00007ffb40c50000 - 0x00007ffb40cba000 	C:\WINDOWS\system32\mswsock.dll
0x00007ffb14560000 - 0x00007ffb14576000 	C:\Program Files\Java\jdk-21\bin\nio.dll
0x00007ffb0e500000 - 0x00007ffb0e51a000 	C:\Users\pc\AppData\Local\JetBrains\IntelliJ IDEA Community Edition 2024.1.3\bin\breakgen64.dll
0x00007ffb0ebe0000 - 0x00007ffb0ebe9000 	C:\Program Files\Java\jdk-21\bin\extnet.dll
0x00007ffb12550000 - 0x00007ffb1255a000 	C:\Program Files\Java\jdk-21\bin\management.dll
0x00007ffb0ec70000 - 0x00007ffb0ec7b000 	C:\Program Files\Java\jdk-21\bin\management_ext.dll
0x00007ffb43950000 - 0x00007ffb43958000 	C:\WINDOWS\System32\PSAPI.DLL
0x00007ffb40160000 - 0x00007ffb40193000 	C:\WINDOWS\SYSTEM32\IPHLPAPI.DLL
0x00007ffb43110000 - 0x00007ffb4311a000 	C:\WINDOWS\System32\NSI.dll
0x00007ffb401a0000 - 0x00007ffb402c5000 	C:\WINDOWS\SYSTEM32\DNSAPI.dll
0x00007ffb0ec60000 - 0x00007ffb0ec6e000 	C:\Program Files\Java\jdk-21\bin\sunmscapi.dll
0x00007ffb41ce0000 - 0x00007ffb41e57000 	C:\WINDOWS\System32\CRYPT32.dll
0x00007ffb41150000 - 0x00007ffb41180000 	C:\WINDOWS\SYSTEM32\ncrypt.dll
0x00007ffb41100000 - 0x00007ffb4113f000 	C:\WINDOWS\SYSTEM32\NTASN1.dll
0x00007ffb34850000 - 0x00007ffb3485b000 	C:\Windows\System32\rasadhlp.dll
0x00007ffb35420000 - 0x00007ffb354a5000 	C:\WINDOWS\System32\fwpuclnt.dll
0x00007ffb41000000 - 0x00007ffb4101c000 	C:\WINDOWS\SYSTEM32\CRYPTSP.dll
0x00007ffb406b0000 - 0x00007ffb406ea000 	C:\WINDOWS\system32\rsaenh.dll
0x00007ffb40cf0000 - 0x00007ffb40d1b000 	C:\WINDOWS\SYSTEM32\USERENV.dll
0x00007ffb41190000 - 0x00007ffb411b6000 	C:\WINDOWS\SYSTEM32\bcrypt.dll
0x00007ffb40e80000 - 0x00007ffb40e8c000 	C:\WINDOWS\SYSTEM32\CRYPTBASE.dll
0x00007ffb0e4f0000 - 0x00007ffb0e500000 	C:\Program Files\Java\jdk-21\bin\verify.dll
0x00007ffb375b0000 - 0x00007ffb375b8000 	C:\WINDOWS\system32\wshunix.dll

dbghelp: loaded successfully - version: 4.0.5 - missing functions: none
symbol engine: initialized successfully - sym options: 0x614 - pdb path: .;C:\Program Files\Java\jdk-21\bin;C:\WINDOWS\SYSTEM32;C:\WINDOWS\WinSxS\amd64_microsoft.windows.common-controls_6595b64144ccf1df_6.0.26100.3624_none_3e086962e3345f24;C:\Program Files\Java\jdk-21\bin\server;C:\Users\pc\AppData\Local\JetBrains\IntelliJ IDEA Community Edition 2024.1.3\bin

VM Arguments:
jvm_args: -javaagent:C:\Users\pc\AppData\Local\JetBrains\IntelliJ IDEA Community Edition 2024.1.3\lib\idea_rt.jar=53230:C:\Users\pc\AppData\Local\JetBrains\IntelliJ IDEA Community Edition 2024.1.3\bin -Dfile.encoding=UTF-8 
java_command: com.blogwebsite.user.ServiceUserApplication
java_class_path (initial): C:\Users\pc\Desktop\Quillist-sem-4\final-quillist\Quillist-\serviceUser\target\classes;C:\Users\pc\.m2\repository\org\springframework\boot\spring-boot-starter-data-jpa\3.4.3\spring-boot-starter-data-jpa-3.4.3.jar;C:\Users\pc\.m2\repository\org\springframework\boot\spring-boot-starter\3.4.3\spring-boot-starter-3.4.3.jar;C:\Users\pc\.m2\repository\org\springframework\boot\spring-boot-starter-logging\3.4.3\spring-boot-starter-logging-3.4.3.jar;C:\Users\pc\.m2\repository\ch\qos\logback\logback-classic\1.5.16\logback-classic-1.5.16.jar;C:\Users\pc\.m2\repository\ch\qos\logback\logback-core\1.5.16\logback-core-1.5.16.jar;C:\Users\pc\.m2\repository\org\apache\logging\log4j\log4j-to-slf4j\2.24.3\log4j-to-slf4j-2.24.3.jar;C:\Users\pc\.m2\repository\org\apache\logging\log4j\log4j-api\2.24.3\log4j-api-2.24.3.jar;C:\Users\pc\.m2\repository\org\slf4j\jul-to-slf4j\2.0.16\jul-to-slf4j-2.0.16.jar;C:\Users\pc\.m2\repository\jakarta\annotation\jakarta.annotation-api\2.1.1\jakarta.annotation-api-2.1.1.jar;C:\Users\pc\.m2\repository\org\yaml\snakeyaml\2.3\snakeyaml-2.3.jar;C:\Users\pc\.m2\repository\org\springframework\boot\spring-boot-starter-jdbc\3.4.3\spring-boot-starter-jdbc-3.4.3.jar;C:\Users\pc\.m2\repository\com\zaxxer\HikariCP\5.1.0\HikariCP-5.1.0.jar;C:\Users\pc\.m2\repository\org\springframework\spring-jdbc\6.2.3\spring-jdbc-6.2.3.jar;C:\Users\pc\.m2\repository\org\hibernate\orm\hibernate-core\6.6.8.Final\hibernate-core-6.6.8.Final.jar;C:\Users\pc\.m2\repository\jakarta\persistence\jakarta.persistence-api\3.1.0\jakarta.persistence-api-3.1.0.jar;C:\Users\pc\.m2\repository\jakarta\transaction\jakarta.transaction-api\2.0.1\jakarta.transaction-api-2.0.1.jar;C:\Users\pc\.m2\repository\org\jboss\logging\jboss-logging\3.6.1.Final\jboss-logging-3.6.1.Final.jar;C:\Users\pc\.m2\repository\org\hibernate\common\hibernate-commons-annotations\7.0.3.Final\hibernate-commons-annotations-7.0.3.Final.jar;C:\Users\pc\.m2\repository\io\smallrye\jandex\3.2.0\jandex-3.2.0.jar;C:\Users\pc\.m2\repository\com\fasterxml\classmate\1.7.0\classmate-1.7.0.jar;C:\Users\pc\.m2\repository\net\bytebuddy\byte-buddy\1.15.11\byte-buddy-1.15.11.jar;C:\Users\pc\.m2\repository\org\glassfish\jaxb\jaxb-runtime\4.0.5\jaxb-runtime-4.0.5.jar;C:\Users\pc\.m2\repository\org\glassfish\jaxb\jaxb-core\4.0.5\jaxb-core-4.0.5.jar;C:\Users\pc\.m2\repository\org\eclipse\angus\angus-activation\2.0.2\angus-activation-2.0.2.jar;C:\Users\pc\.m2\repository\org\glassfish\jaxb\txw2\4.0.5\txw2-4.0.5.jar;C:\Users\pc\.m2\repository\com\sun\istack\istack-commons-runtime\4.1.2\istack-commons-runtime-4.1.2.jar;C:\Users\pc\.m2\repository\jakarta\inject\jakarta.inject-api\2.0.1\jakarta.inject-api-2.0.1.jar;C:\Users\pc\.m2\repository\org\antlr\antlr4-runtime\4.13.0\antlr4-runtime-4.13.0.jar;C:\Users\pc\.m2\repository\org\springframework\data\spring-data-jpa\3.4.3\spring-data-jpa-3.4.3.jar;C:\Users\pc\.m2\repository\org\springframework\data\spring-data-commons\3.4.3\spring-data-commons-3.4.3.jar;C:\Users\pc\.m2\repository\org\springframework\spring-orm\6.2.3\spring-orm-6.2.3.jar;C:\Users\pc\.m2\repository\org\springframework\spring-context\6.2.3\spring-context-6.2.3.jar;C:\Users\pc\.m2\repository\org\springframework\spring-tx\6.2.3\spring-tx-6.2.3.jar;C:\Users\pc\.m2\repository\org\springframework\spring-beans\6.2.3\spring-beans-6.2.3.jar;C:\Users\pc\.m2\repository\org\slf4j\slf4j-api\2.0.16\slf4j-api-2.0.16.jar;C:\Users\pc\.m2\repository\org\springframework\spring-aspects\6.2.3\spring-aspects-6.2.3.jar;C:\Users\pc\.m2\repository\org\aspectj\aspectjweaver\1.9.22.1\aspectjweaver-1.9.22.1.jar;C:\Users\pc\.m2\repository\org\springframework\boot\spring-boot-starter-web\3.4.3\spring-boot-starter-web-3.4.3.jar;C:\Users\pc\.m2\repository\org\springframework\boot\spring-boot-starter-json\3.4.3\spring-boot-starter-json-3.4.3.jar;C:\Users\pc\.m2\repository\com\fasterxml\jackson\datatype\jackson-datatype-jdk8\2.18.2\jackson-datatype-jdk8-2.18.2.jar;C:\Users\pc\.m2\repository\com\fasterxml\jackson\datatype\jackson-datatype-jsr310\2.18.2\jackson-datatype-jsr310-2.18.2.jar;C:\Users\pc\.m2\repository\com\fasterxml\jackson\module\jackson-module-parameter-names\2.18.2\jackson-module-parameter-names-2.18.2.jar;C:\Users\pc\.m2\repository\org\springframework\boot\spring-boot-starter-tomcat\3.4.3\spring-boot-starter-tomcat-3.4.3.jar;C:\Users\pc\.m2\repository\org\apache\tomcat\embed\tomcat-embed-core\10.1.36\tomcat-embed-core-10.1.36.jar;C:\Users\pc\.m2\repository\org\apache\tomcat\embed\tomcat-embed-el\10.1.36\tomcat-embed-el-10.1.36.jar;C:\Users\pc\.m2\repository\org\apache\tomcat\embed\tomcat-embed-websocket\10.1.36\tomcat-embed-websocket-10.1.36.jar;C:\Users\pc\.m2\repository\org\springframework\spring-web\6.2.3\spring-web-6.2.3.jar;C:\Users\pc\.m2\repository\io\micrometer\micrometer-observation\1.14.4\micrometer-observation-1.14.4.jar;C:\Users\pc\.m2\repository\io\micrometer\micrometer-commons\1.14.4\micrometer-commons-1.14.4.jar;C:\Users\pc\.m2\repository\org\springframework\spring-webmvc\6.2.3\spring-webmvc-6.2.3.jar;C:\Users\pc\.m2\repository\org\springframework\spring-expression\6.2.3\spring-expression-6.2.3.jar;C:\Users\pc\.m2\repository\org\springframework\boot\spring-boot-starter-security\3.4.3\spring-boot-starter-security-3.4.3.jar;C:\Users\pc\.m2\repository\org\springframework\spring-aop\6.2.3\spring-aop-6.2.3.jar;C:\Users\pc\.m2\repository\org\springframework\security\spring-security-config\6.4.3\spring-security-config-6.4.3.jar;C:\Users\pc\.m2\repository\org\springframework\security\spring-security-web\6.4.3\spring-security-web-6.4.3.jar;C:\Users\pc\.m2\repository\org\springframework\security\spring-security-core\6.4.3\spring-security-core-6.4.3.jar;C:\Users\pc\.m2\repository\org\springframework\security\spring-security-crypto\6.4.3\spring-security-crypto-6.4.3.jar;C:\Users\pc\.m2\repository\org\springframework\spring-core\6.2.3\spring-core-6.2.3.jar;C:\Users\pc\.m2\repository\org\springframework\spring-jcl\6.2.3\spring-jcl-6.2.3.jar;C:\Users\pc\.m2\repository\org\springframework\cloud\spring-cloud-starter-netflix-eureka-client\4.2.0\spring-cloud-starter-netflix-eureka-client-4.2.0.jar;C:\Users\pc\.m2\repository\org\springframework\cloud\spring-cloud-starter\4.2.0\spring-cloud-starter-4.2.0.jar;C:\Users\pc\.m2\repository\org\springframework\cloud\spring-cloud-context\4.2.0\spring-cloud-context-4.2.0.jar;C:\Users\pc\.m2\repository\org\bouncycastle\bcprov-jdk18on\1.78.1\bcprov-jdk18on-1.78.1.jar;C:\Users\pc\.m2\repository\org\springframework\cloud\spring-cloud-netflix-eureka-client\4.2.0\spring-cloud-netflix-eureka-client-4.2.0.jar;C:\Users\pc\.m2\repository\org\apache\httpcomponents\client5\httpclient5\5.4.2\httpclient5-5.4.2.jar;C:\Users\pc\.m2\repository\org\apache\httpcomponents\core5\httpcore5\5.3.3\httpcore5-5.3.3.jar;C:\Users\pc\.m2\repository\org\apache\httpcomponents\core5\httpcore5-h2\5.3.3\httpcore5-h2-5.3.3.jar;C:\Users\pc\.m2\repository\com\netflix\eureka\eureka-client\2.0.4\eureka-client-2.0.4.jar;C:\Users\pc\.m2\repository\com\thoughtworks\xstream\xstream\1.4.20\xstream-1.4.20.jar;C:\Users\pc\.m2\repository\io\github\x-stream\mxparser\1.2.2\mxparser-1.2.2.jar;C:\Users\pc\.m2\repository\xmlpull\xmlpull\1.1.3.1\xmlpull-1.1.3.1.jar;C:\Users\pc\.m2\repository\jakarta\ws\rs\jakarta.ws.rs-api\3.1.0\jakarta.ws.rs-api-3.1.0.jar;C:\Users\pc\.m2\repository\com\netflix\spectator\spectator-api\1.7.3\spectator-api-1.7.3.jar;C:\Users\pc\.m2\repository\org\apache\httpcomponents\httpclient\4.5.3\httpclient-4.5.3.jar;C:\Users\pc\.m2\repository\org\apache\httpcomponents\httpcore\4.4.16\httpcore-4.4.16.jar;C:\Users\pc\.m2\repository\commons-codec\commons-codec\1.17.2\commons-codec-1.17.2.jar;C:\Users\pc\.m2\repository\commons-configuration\commons-configuration\1.10\commons-configuration-1.10.jar;C:\Users\pc\.m2\repository\commons-lang\commons-lang\2.6\commons-lang-2.6.jar;C:\Users\pc\.m2\repository\com\fasterxml\jackson\core\jackson-annotations\2.18.2\jackson-annotations-2.18.2.jar;C:\Users\pc\.m2\repository\com\fasterxml\jackson\core\jackson-core\2.18.2\jackson-core-2.18.2.jar;C:\Users\pc\.m2\repository\com\netflix\netflix-commons\netflix-eventbus\0.3.0\netflix-eventbus-0.3.0.jar;C:\Users\pc\.m2\repository\com\netflix\netflix-commons\netflix-infix\0.3.0\netflix-infix-0.3.0.jar;C:\Users\pc\.m2\repository\commons-jxpath\commons-jxpath\1.3\commons-jxpath-1.3.jar;C:\Users\pc\.m2\repository\joda-time\joda-time\2.3\joda-time-2.3.jar;C:\Users\pc\.m2\repository\org\antlr\antlr-runtime\3.4\antlr-runtime-3.4.jar;C:\Users\pc\.m2\repository\org\antlr\stringtemplate\3.2.1\stringtemplate-3.2.1.jar;C:\Users\pc\.m2\repository\antlr\antlr\2.7.7\antlr-2.7.7.jar;C:\Users\pc\.m2\repository\com\google\guava\guava\14.0.1\guava-14.0.1.jar;C:\Users\pc\.m2\repository\com\google\code\gson\gson\2.11.0\gson-2.11.0.jar;C:\Users\pc\.m2\repository\com\google\errorprone\error_prone_annotations\2.27.0\error_prone_annotations-2.27.0.jar;C:\Users\pc\.m2\repository\com\netflix\servo\servo-core\0.5.3\servo-core-0.5.3.jar;C:\Users\pc\.m2\repository\org\apache\commons\commons-math\2.2\commons-math-2.2.jar;C:\Users\pc\.m2\repository\javax\annotation\javax.annotation-api\1.2\javax.annotation-api-1.2.jar;C:\Users\pc\.m2\repository\org\codehaus\jettison\jettison\1.5.4\jettison-1.5.4.jar;C:\Users\pc\.m2\repository\org\springframework\cloud\spring-cloud-starter-loadbalancer\4.2.0\spring-cloud-starter-loadbalancer-4.2.0.jar;C:\Users\pc\.m2\repository\org\springframework\cloud\spring-cloud-loadbalancer\4.2.0\spring-cloud-loadbalancer-4.2.0.jar;C:\Users\pc\.m2\repository\io\projectreactor\reactor-core\3.7.3\reactor-core-3.7.3.jar;C:\Users\pc\.m2\repository\org\reactivestreams\reactive-streams\1.0.4\reactive-streams-1.0.4.jar;C:\Users\pc\.m2\repository\io\projectreactor\addons\reactor-extra\3.5.2\reactor-extra-3.5.2.jar;C:\Users\pc\.m2\repository\org\springframework\boot\spring-boot-starter-cache\3.4.3\spring-boot-starter-cache-3.4.3.jar;C:\Users\pc\.m2\repository\org\springframework\spring-context-support\6.2.3\spring-context-support-6.2.3.jar;C:\Users\pc\.m2\repository\com\stoyanr\evictor\1.0.0\evictor-1.0.0.jar;C:\Users\pc\.m2\repository\io\jsonwebtoken\jjwt-impl\0.12.6\jjwt-impl-0.12.6.jar;C:\Users\pc\.m2\repository\io\jsonwebtoken\jjwt-jackson\0.12.6\jjwt-jackson-0.12.6.jar;C:\Users\pc\.m2\repository\com\fasterxml\jackson\core\jackson-databind\2.18.2\jackson-databind-2.18.2.jar;C:\Users\pc\.m2\repository\io\jsonwebtoken\jjwt-api\0.12.6\jjwt-api-0.12.6.jar;C:\Users\pc\.m2\repository\org\springframework\boot\spring-boot-devtools\3.4.3\spring-boot-devtools-3.4.3.jar;C:\Users\pc\.m2\repository\org\springframework\boot\spring-boot\3.4.3\spring-boot-3.4.3.jar;C:\Users\pc\.m2\repository\org\springframework\boot\spring-boot-autoconfigure\3.4.3\spring-boot-autoconfigure-3.4.3.jar;C:\Users\pc\.m2\repository\com\mysql\mysql-connector-j\9.1.0\mysql-connector-j-9.1.0.jar;C:\Users\pc\.m2\repository\jakarta\xml\bind\jakarta.xml.bind-api\4.0.2\jakarta.xml.bind-api-4.0.2.jar;C:\Users\pc\.m2\repository\jakarta\activation\jakarta.activation-api\2.1.3\jakarta.activation-api-2.1.3.jar;C:\Users\pc\.m2\repository\org\springframework\cloud\spring-cloud-starter-openfeign\4.2.0\spring-cloud-starter-openfeign-4.2.0.jar;C:\Users\pc\.m2\repository\org\springframework\cloud\spring-cloud-openfeign-core\4.2.0\spring-cloud-openfeign-core-4.2.0.jar;C:\Users\pc\.m2\repository\io\github\openfeign\feign-form-spring\13.5\feign-form-spring-13.5.jar;C:\Users\pc\.m2\repository\io\github\openfeign\feign-form\13.5\feign-form-13.5.jar;C:\Users\pc\.m2\repository\commons-fileupload\commons-fileupload\1.5\commons-fileupload-1.5.jar;C:\Users\pc\.m2\repository\commons-io\commons-io\2.11.0\commons-io-2.11.0.jar;C:\Users\pc\.m2\repository\org\springframework\cloud\spring-cloud-commons\4.2.0\spring-cloud-commons-4.2.0.jar;C:\Users\pc\.m2\repository\io\github\openfeign\feign-core\13.5\feign-core-13.5.jar;C:\Users\pc\.m2\repository\io\github\openfeign\feign-slf4j\13.5\feign-slf4j-13.5.jar
Launcher Type: SUN_STANDARD

[Global flags]
     intx CICompilerCount                          = 4                                         {product} {ergonomic}
     uint ConcGCThreads                            = 2                                         {product} {ergonomic}
     uint G1ConcRefinementThreads                  = 8                                         {product} {ergonomic}
   size_t G1HeapRegionSize                         = 2097152                                   {product} {ergonomic}
    uintx GCDrainStackTargetSize                   = 64                                        {product} {ergonomic}
   size_t InitialHeapSize                          = 266338304                                 {product} {ergonomic}
   size_t MarkStackSize                            = 4194304                                   {product} {ergonomic}
   size_t MaxHeapSize                              = 4259315712                                {product} {ergonomic}
   size_t MaxNewSize                               = 2554331136                                {product} {ergonomic}
   size_t MinHeapDeltaBytes                        = 2097152                                   {product} {ergonomic}
   size_t MinHeapSize                              = 8388608                                   {product} {ergonomic}
    uintx NonNMethodCodeHeapSize                   = 5839372                                {pd product} {ergonomic}
    uintx NonProfiledCodeHeapSize                  = 122909434                              {pd product} {ergonomic}
    uintx ProfiledCodeHeapSize                     = 122909434                              {pd product} {ergonomic}
    uintx ReservedCodeCacheSize                    = 251658240                              {pd product} {ergonomic}
     bool SegmentedCodeCache                       = true                                      {product} {ergonomic}
   size_t SoftMaxHeapSize                          = 4259315712                             {manageable} {ergonomic}
     bool UseCompressedOops                        = true                           {product lp64_product} {ergonomic}
     bool UseG1GC                                  = true                                      {product} {ergonomic}
     bool UseLargePagesIndividualAllocation        = false                                  {pd product} {ergonomic}

Logging:
Log output configuration:
 #0: stdout all=warning uptime,level,tags foldmultilines=false
 #1: stderr all=off uptime,level,tags foldmultilines=false

Environment Variables:
CLASSPATH=C:\Program Files\Java\jdk-17\bin
PATH=C:\Program Files\Common Files\Oracle\Java\javapath;C:\Program Files (x86)\Common Files\Oracle\Java\javapath;C:\Program Files (x86)\VMware\VMware Player\bin\;C:\oraclexe\app\oracle\product\11.2.0\server\bin;C:\WINDOWS\system32;C:\WINDOWS;C:\WINDOWS\System32\Wbem;C:\WINDOWS\System32\WindowsPowerShell\v1.0\;C:\WINDOWS\System32\OpenSSH\;C:\Program Files\dotnet\;C:\Program Files (x86)\Intel\Intel(R) Management Engine Components\DAL;C:\Program Files\Intel\Intel(R) Management Engine Components\DAL;C:\Program Files\Git\cmd;C:\Program Files\nodejs;C:\MinGW\bin;C:\Program Files\Java\jdk1.8.0_202\bin\;D:\software\Nodejs\;C:\Program Files\Microsoft SQL Server\130\Tools\Binn\;E:\XAMPP\mysql\bin;D:\Intelije\IntelliJ IDEA Community Edition 2024.1.3\bin;C:\Program Files\MongoDB\mongosh-2.3.2-win32-x64\bin;C:\Program Files (x86)\Microsoft SQL Server\100\Tools\Binn\;C:\Program Files\Microsoft SQL Server\100\Tools\Binn\;C:\Program Files\Microsoft SQL Server\100\DTS\Binn\;C:\Program Files\Java\jdk-21\bin;C:\Program Files\MySQL\MySQL Shell 8.0\bin\;C:\Users\pc\AppData\Local\Programs\Python\Python312\Scripts\;C:\Users\pc\AppData\Local\Programs\Python\Python312\;C:\Users\pc\AppData\Local\Programs\Python\Launcher\;C:\Users\pc\AppData\Local\Microsoft\WindowsApps;C:\Users\pc\AppData\Local\Programs\Microsoft VS Code\bin;C:\MinGW\bin;C:\Users\pc\AppData\Roaming\npm;C:\Users\pc\AppData\Local\GitHubDesktop\bin;C:\Users\pc\AppData\Local\JetBrains\IntelliJ IDEA Community Edition 2024.1.3\bin;;D:\Nmap;C:\Program Files\Java\jdk-17\bin;D:\Intelije\IntelliJ IDEA Community Edition 2024.1.3\bin;
USERNAME=pc
OS=Windows_NT
PROCESSOR_IDENTIFIER=Intel64 Family 6 Model 142 Stepping 10, GenuineIntel
TMP=C:\Users\pc\AppData\Local\Temp
TEMP=C:\Users\pc\AppData\Local\Temp




Periodic native trim disabled

---------------  S Y S T E M  ---------------

OS:
 Windows 11 , 64 bit Build 26100 (10.0.26100.3624)
OS uptime: 0 days 4:52 hours
Hyper-V role detected

CPU: total 8 (initial active 8) (4 cores per cpu, 2 threads per core) family 6 model 142 stepping 10 microcode 0xf0, cx8, cmov, fxsr, ht, mmx, 3dnowpref, sse, sse2, sse3, ssse3, sse4.1, sse4.2, popcnt, lzcnt, tsc, tscinvbit, avx, avx2, aes, erms, clmul, bmi1, bmi2, rtm, adx, fma, vzeroupper, clflush, clflushopt, hv, rdtscp, f16c
Processor Information for processor 0
  Max Mhz: 2112, Current Mhz: 1508, Mhz Limit: 1900
Processor Information for processor 1
  Max Mhz: 2112, Current Mhz: 1910, Mhz Limit: 1900
Processor Information for processor 2
  Max Mhz: 2112, Current Mhz: 1910, Mhz Limit: 1900
Processor Information for processor 3
  Max Mhz: 2112, Current Mhz: 1508, Mhz Limit: 1900
Processor Information for processor 4
  Max Mhz: 2112, Current Mhz: 1910, Mhz Limit: 1900
Processor Information for processor 5
  Max Mhz: 2112, Current Mhz: 1508, Mhz Limit: 1900
Processor Information for processor 6
  Max Mhz: 2112, Current Mhz: 1910, Mhz Limit: 1900
Processor Information for processor 7
  Max Mhz: 2112, Current Mhz: 1508, Mhz Limit: 1900

Memory: 4k page, system-wide physical 16242M (5053M free)
TotalPageFile size 16242M (AvailPageFile size 12M)
current process WorkingSet (physical memory assigned to process): 289M, peak: 329M
current process commit charge ("private bytes"): 368M, peak: 407M

vm_info: Java HotSpot(TM) 64-Bit Server VM (21.0.6+8-LTS-188) for windows-amd64 JRE (21.0.6+8-LTS-188), built on 2024-12-03T10:50:54Z by "mach5one" with MS VC++ 17.6 (VS2022)

END.
