#
# There is insufficient memory for the Java Runtime Environment to continue.
# Native memory allocation (malloc) failed to allocate 668896 bytes for Chunk::new
# Possible reasons:
#   The system is out of physical RAM or swap space
#   The process is running with CompressedOops enabled, and the Java Heap may be blocking the growth of the native heap
# Possible solutions:
#   Reduce memory load on the system
#   Increase physical memory or swap space
#   Check if swap backing store is full
#   Decrease Java heap size (-Xmx/-Xms)
#   Decrease number of Java threads
#   Decrease Java thread stack sizes (-Xss)
#   Set larger code cache with -XX:ReservedCodeCacheSize=
#   JVM is running with Zero Based Compressed Oops mode in which the Java heap is
#     placed in the first 32GB address space. The Java Heap base address is the
#     maximum limit for the native heap growth. Please use -XX:HeapBaseMinAddress
#     to set the Java Heap base and to place the Java Heap above 32GB virtual address.
# This output file may be truncated or incomplete.
#
#  Out of Memory Error (arena.cpp:168), pid=6368, tid=14316
#
# JRE version: Java(TM) SE Runtime Environment (21.0.6+8) (build 21.0.6+8-LTS-188)
# Java VM: Java HotSpot(TM) 64-Bit Server VM (21.0.6+8-LTS-188, mixed mode, sharing, tiered, compressed oops, compressed class ptrs, g1 gc, windows-amd64)
# No core dump will be written. Minidumps are not enabled by default on client versions of Windows
#

---------------  S U M M A R Y ------------

Command Line: -javaagent:C:\Users\pc\AppData\Local\JetBrains\IntelliJ IDEA Community Edition 2024.1.3\lib\idea_rt.jar=57294:C:\Users\pc\AppData\Local\JetBrains\IntelliJ IDEA Community Edition 2024.1.3\bin -Dfile.encoding=UTF-8 com.blogwebsite.user.ServiceUserApplication

Host: Intel(R) Core(TM) i7-8650U CPU @ 1.90GHz, 8 cores, 15G,  Windows 11 , 64 bit Build 26100 (10.0.26100.3624)
Time: Sun Apr 13 20:35:04 2025 India Standard Time elapsed time: 16.009722 seconds (0d 0h 0m 16s)

---------------  T H R E A D  ---------------

Current thread (0x0000025bff5bf680):  JavaThread "C2 CompilerThread2" daemon [_thread_in_native, id=14316, stack(0x0000008afba00000,0x0000008afbb00000) (1024K)]


Current CompileTask:
C2:  16010 2670       4       java.lang.invoke.MethodType::methodType (69 bytes)

Stack: [0x0000008afba00000,0x0000008afbb00000]
Native frames: (J=compiled Java code, j=interpreted, Vv=VM code, C=native code)
V  [jvm.dll+0x6ca6d9]
V  [jvm.dll+0x854f51]
V  [jvm.dll+0x85747e]
V  [jvm.dll+0x857b53]
V  [jvm.dll+0x27dcc6]
V  [jvm.dll+0xc4c2d]
V  [jvm.dll+0xc5163]
V  [jvm.dll+0x2f0fbd]
V  [jvm.dll+0x5f546a]
V  [jvm.dll+0x24f8a2]
V  [jvm.dll+0x24858f]
V  [jvm.dll+0x245df4]
V  [jvm.dll+0x1c6d2e]
V  [jvm.dll+0x2554f9]
V  [jvm.dll+0x253a8a]
V  [jvm.dll+0x3ee576]
V  [jvm.dll+0x7ff2fb]
V  [jvm.dll+0x6c8dbd]
C  [ucrtbase.dll+0x37b0]
C  [KERNEL32.DLL+0x2e8d7]
C  [ntdll.dll+0xb14fc]


---------------  P R O C E S S  ---------------

Threads class SMR info:
_java_thread_list=0x0000025bc8f69400, length=17, elements={
0x0000025be2437a50, 0x0000025bff5927e0, 0x0000025bff599ec0, 0x0000025bff59e0d0,
0x0000025bff5a0420, 0x0000025bff5a2180, 0x0000025bff5a3740, 0x0000025bff5aa350,
0x0000025bff5befb0, 0x0000025bff564310, 0x0000025bc724bcc0, 0x0000025bc716ddb0,
0x0000025bc7e9aaa0, 0x0000025bc789b710, 0x0000025bff5c2630, 0x0000025bff5bf680,
0x0000025bc83c6d90
}

Java Threads: ( => current thread )
  0x0000025be2437a50 JavaThread "main"                              [_thread_blocked, id=21372, stack(0x0000008af9b00000,0x0000008af9c00000) (1024K)]
  0x0000025bff5927e0 JavaThread "Reference Handler"          daemon [_thread_blocked, id=22280, stack(0x0000008afa300000,0x0000008afa400000) (1024K)]
  0x0000025bff599ec0 JavaThread "Finalizer"                  daemon [_thread_blocked, id=20044, stack(0x0000008afa400000,0x0000008afa500000) (1024K)]
  0x0000025bff59e0d0 JavaThread "Signal Dispatcher"          daemon [_thread_blocked, id=18292, stack(0x0000008afa500000,0x0000008afa600000) (1024K)]
  0x0000025bff5a0420 JavaThread "Attach Listener"            daemon [_thread_blocked, id=20972, stack(0x0000008afa600000,0x0000008afa700000) (1024K)]
  0x0000025bff5a2180 JavaThread "Service Thread"             daemon [_thread_blocked, id=21488, stack(0x0000008afa700000,0x0000008afa800000) (1024K)]
  0x0000025bff5a3740 JavaThread "Monitor Deflation Thread"   daemon [_thread_blocked, id=17808, stack(0x0000008afa800000,0x0000008afa900000) (1024K)]
  0x0000025bff5aa350 JavaThread "C2 CompilerThread0"         daemon [_thread_in_native, id=10208, stack(0x0000008afa900000,0x0000008afaa00000) (1024K)]
  0x0000025bff5befb0 JavaThread "C1 CompilerThread0"         daemon [_thread_blocked, id=5800, stack(0x0000008afaa00000,0x0000008afab00000) (1024K)]
  0x0000025bff564310 JavaThread "Common-Cleaner"             daemon [_thread_blocked, id=1196, stack(0x0000008afab00000,0x0000008afac00000) (1024K)]
  0x0000025bc724bcc0 JavaThread "Monitor Ctrl-Break"         daemon [_thread_in_native, id=10204, stack(0x0000008afad00000,0x0000008afae00000) (1024K)]
  0x0000025bc716ddb0 JavaThread "Notification Thread"        daemon [_thread_blocked, id=10436, stack(0x0000008afae00000,0x0000008afaf00000) (1024K)]
  0x0000025bc7e9aaa0 JavaThread "Thread-0"                          [_thread_blocked, id=16064, stack(0x0000008afb700000,0x0000008afb800000) (1024K)]
  0x0000025bc789b710 JavaThread "restartedMain"                     [_thread_in_vm, id=20772, stack(0x0000008afb800000,0x0000008afb900000) (1024K)]
  0x0000025bff5c2630 JavaThread "C2 CompilerThread1"         daemon [_thread_in_native, id=10272, stack(0x0000008afac00000,0x0000008afad00000) (1024K)]
=>0x0000025bff5bf680 JavaThread "C2 CompilerThread2"         daemon [_thread_in_native, id=14316, stack(0x0000008afba00000,0x0000008afbb00000) (1024K)]
  0x0000025bc83c6d90 JavaThread "Thread-4"                          [_thread_blocked, id=4772, stack(0x0000008afb500000,0x0000008afb600000) (1024K)]
Total: 17

Other Threads:
  0x0000025bff5756f0 VMThread "VM Thread"                           [id=19160, stack(0x0000008afa200000,0x0000008afa300000) (1024K)]
  0x0000025bff563160 WatcherThread "VM Periodic Task Thread"        [id=2108, stack(0x0000008afa100000,0x0000008afa200000) (1024K)]
  0x0000025be249fec0 WorkerThread "GC Thread#0"                     [id=16472, stack(0x0000008af9c00000,0x0000008af9d00000) (1024K)]
  0x0000025bc77b0210 WorkerThread "GC Thread#1"                     [id=15668, stack(0x0000008afaf00000,0x0000008afb000000) (1024K)]
  0x0000025bc77b05b0 WorkerThread "GC Thread#2"                     [id=18048, stack(0x0000008afb000000,0x0000008afb100000) (1024K)]
  0x0000025bc77b0950 WorkerThread "GC Thread#3"                     [id=21684, stack(0x0000008afb100000,0x0000008afb200000) (1024K)]
  0x0000025bc75a6b70 WorkerThread "GC Thread#4"                     [id=15980, stack(0x0000008afb200000,0x0000008afb300000) (1024K)]
  0x0000025bc75a7720 WorkerThread "GC Thread#5"                     [id=12728, stack(0x0000008afb300000,0x0000008afb400000) (1024K)]
  0x0000025bc7836d20 WorkerThread "GC Thread#6"                     [id=15716, stack(0x0000008afb400000,0x0000008afb500000) (1024K)]
  0x0000025bc7cc7570 WorkerThread "GC Thread#7"                     [id=15984, stack(0x0000008afb600000,0x0000008afb700000) (1024K)]
  0x0000025be24b2b00 ConcurrentGCThread "G1 Main Marker"            [id=13988, stack(0x0000008af9d00000,0x0000008af9e00000) (1024K)]
  0x0000025be24b3600 WorkerThread "G1 Conc#0"                       [id=8996, stack(0x0000008af9e00000,0x0000008af9f00000) (1024K)]
  0x0000025bff4315f0 ConcurrentGCThread "G1 Refine#0"               [id=16380, stack(0x0000008af9f00000,0x0000008afa000000) (1024K)]
  0x0000025bff433410 ConcurrentGCThread "G1 Service"                [id=8304, stack(0x0000008afa000000,0x0000008afa100000) (1024K)]
Total: 14

Threads with active compile tasks:
C2 CompilerThread0    21144 2663       4       java.lang.invoke.MethodType::makeImpl (109 bytes)
C2 CompilerThread1    21144 2681       4       org.springframework.boot.context.properties.source.ConfigurationPropertyName$ElementsParser::parse (234 bytes)
C2 CompilerThread2    21144 2670       4       java.lang.invoke.MethodType::methodType (69 bytes)
Total: 3

VM state: not at safepoint (normal execution)

VM Mutex/Monitor currently owned by a thread: None

Heap address: 0x0000000702200000, size: 4062 MB, Compressed Oops mode: Zero based, Oop shift amount: 3

CDS archive(s) mapped at: [0x0000025b82000000-0x0000025b82c90000-0x0000025b82c90000), size 13172736, SharedBaseAddress: 0x0000025b82000000, ArchiveRelocationMode: 1.
Compressed class space mapped at: 0x0000025b83000000-0x0000025bc3000000, reserved size: 1073741824
Narrow klass base: 0x0000025b82000000, Narrow klass shift: 0, Narrow klass range: 0x100000000

GC Precious Log:
 CardTable entry size: 512
 Card Set container configuration: InlinePtr #cards 4 size 8 Array Of Cards #cards 16 size 48 Howl #buckets 8 coarsen threshold 3686 Howl Bitmap #cards 512 size 80 coarsen threshold 460 Card regions per heap region 1 cards per card region 4096
 CPUs: 8 total, 8 available
 Memory: 16242M
 Large Page Support: Disabled
 NUMA Support: Disabled
 Compressed Oops: Enabled (Zero based)
 Heap Region Size: 2M
 Heap Min Capacity: 8M
 Heap Initial Capacity: 254M
 Heap Max Capacity: 4062M
 Pre-touch: Disabled
 Parallel Workers: 8
 Concurrent Workers: 2
 Concurrent Refinement Workers: 8
 Periodic GC: Disabled

Heap:
 garbage-first heap   total 260096K, used 42938K [0x0000000702200000, 0x0000000800000000)
  region size 2048K, 17 young (34816K), 2 survivors (4096K)
 Metaspace       used 20625K, committed 20992K, reserved 1114112K
  class space    used 2452K, committed 2624K, reserved 1048576K

Heap Regions: E=young(eden), S=young(survivor), O=old, HS=humongous(starts), HC=humongous(continues), CS=collection set, F=free, TAMS=top-at-mark-start, PB=parsable bottom
|   0|0x0000000702200000, 0x0000000702400000, 0x0000000702400000|100%| O|  |TAMS 0x0000000702200000| PB 0x0000000702200000| Untracked 
|   1|0x0000000702400000, 0x0000000702600000, 0x0000000702600000|100%| O|  |TAMS 0x0000000702400000| PB 0x0000000702400000| Untracked 
|   2|0x0000000702600000, 0x0000000702800000, 0x0000000702800000|100%| O|  |TAMS 0x0000000702600000| PB 0x0000000702600000| Untracked 
|   3|0x0000000702800000, 0x0000000702a00000, 0x0000000702a00000|100%| O|  |TAMS 0x0000000702800000| PB 0x0000000702800000| Untracked 
|   4|0x0000000702a00000, 0x0000000702c00000, 0x0000000702c00000|100%| O|  |TAMS 0x0000000702a00000| PB 0x0000000702a00000| Untracked 
|   5|0x0000000702c00000, 0x0000000702e00000, 0x0000000702e00000|100%| O|  |TAMS 0x0000000702c00000| PB 0x0000000702c00000| Untracked 
|   6|0x0000000702e00000, 0x0000000702f3e368, 0x0000000703000000| 62%| O|  |TAMS 0x0000000702e00000| PB 0x0000000702e00000| Untracked 
|   7|0x0000000703000000, 0x0000000703000000, 0x0000000703200000|  0%| F|  |TAMS 0x0000000703000000| PB 0x0000000703000000| Untracked 
|   8|0x0000000703200000, 0x0000000703200000, 0x0000000703400000|  0%| F|  |TAMS 0x0000000703200000| PB 0x0000000703200000| Untracked 
|   9|0x0000000703400000, 0x0000000703400000, 0x0000000703600000|  0%| F|  |TAMS 0x0000000703400000| PB 0x0000000703400000| Untracked 
|  10|0x0000000703600000, 0x0000000703600000, 0x0000000703800000|  0%| F|  |TAMS 0x0000000703600000| PB 0x0000000703600000| Untracked 
|  11|0x0000000703800000, 0x0000000703800000, 0x0000000703a00000|  0%| F|  |TAMS 0x0000000703800000| PB 0x0000000703800000| Untracked 
|  12|0x0000000703a00000, 0x0000000703a00000, 0x0000000703c00000|  0%| F|  |TAMS 0x0000000703a00000| PB 0x0000000703a00000| Untracked 
|  13|0x0000000703c00000, 0x0000000703c00000, 0x0000000703e00000|  0%| F|  |TAMS 0x0000000703c00000| PB 0x0000000703c00000| Untracked 
|  14|0x0000000703e00000, 0x0000000703e00000, 0x0000000704000000|  0%| F|  |TAMS 0x0000000703e00000| PB 0x0000000703e00000| Untracked 
|  15|0x0000000704000000, 0x0000000704000000, 0x0000000704200000|  0%| F|  |TAMS 0x0000000704000000| PB 0x0000000704000000| Untracked 
|  16|0x0000000704200000, 0x0000000704200000, 0x0000000704400000|  0%| F|  |TAMS 0x0000000704200000| PB 0x0000000704200000| Untracked 
|  17|0x0000000704400000, 0x0000000704400000, 0x0000000704600000|  0%| F|  |TAMS 0x0000000704400000| PB 0x0000000704400000| Untracked 
|  18|0x0000000704600000, 0x0000000704600000, 0x0000000704800000|  0%| F|  |TAMS 0x0000000704600000| PB 0x0000000704600000| Untracked 
|  19|0x0000000704800000, 0x0000000704800000, 0x0000000704a00000|  0%| F|  |TAMS 0x0000000704800000| PB 0x0000000704800000| Untracked 
|  20|0x0000000704a00000, 0x0000000704a00000, 0x0000000704c00000|  0%| F|  |TAMS 0x0000000704a00000| PB 0x0000000704a00000| Untracked 
|  21|0x0000000704c00000, 0x0000000704c00000, 0x0000000704e00000|  0%| F|  |TAMS 0x0000000704c00000| PB 0x0000000704c00000| Untracked 
|  22|0x0000000704e00000, 0x0000000704e00000, 0x0000000705000000|  0%| F|  |TAMS 0x0000000704e00000| PB 0x0000000704e00000| Untracked 
|  23|0x0000000705000000, 0x0000000705000000, 0x0000000705200000|  0%| F|  |TAMS 0x0000000705000000| PB 0x0000000705000000| Untracked 
|  24|0x0000000705200000, 0x0000000705200000, 0x0000000705400000|  0%| F|  |TAMS 0x0000000705200000| PB 0x0000000705200000| Untracked 
|  25|0x0000000705400000, 0x0000000705400000, 0x0000000705600000|  0%| F|  |TAMS 0x0000000705400000| PB 0x0000000705400000| Untracked 
|  26|0x0000000705600000, 0x0000000705600000, 0x0000000705800000|  0%| F|  |TAMS 0x0000000705600000| PB 0x0000000705600000| Untracked 
|  27|0x0000000705800000, 0x0000000705800000, 0x0000000705a00000|  0%| F|  |TAMS 0x0000000705800000| PB 0x0000000705800000| Untracked 
|  28|0x0000000705a00000, 0x0000000705a00000, 0x0000000705c00000|  0%| F|  |TAMS 0x0000000705a00000| PB 0x0000000705a00000| Untracked 
|  29|0x0000000705c00000, 0x0000000705c00000, 0x0000000705e00000|  0%| F|  |TAMS 0x0000000705c00000| PB 0x0000000705c00000| Untracked 
|  30|0x0000000705e00000, 0x0000000705e00000, 0x0000000706000000|  0%| F|  |TAMS 0x0000000705e00000| PB 0x0000000705e00000| Untracked 
|  31|0x0000000706000000, 0x0000000706000000, 0x0000000706200000|  0%| F|  |TAMS 0x0000000706000000| PB 0x0000000706000000| Untracked 
|  32|0x0000000706200000, 0x0000000706200000, 0x0000000706400000|  0%| F|  |TAMS 0x0000000706200000| PB 0x0000000706200000| Untracked 
|  33|0x0000000706400000, 0x0000000706400000, 0x0000000706600000|  0%| F|  |TAMS 0x0000000706400000| PB 0x0000000706400000| Untracked 
|  34|0x0000000706600000, 0x0000000706600000, 0x0000000706800000|  0%| F|  |TAMS 0x0000000706600000| PB 0x0000000706600000| Untracked 
|  35|0x0000000706800000, 0x0000000706800000, 0x0000000706a00000|  0%| F|  |TAMS 0x0000000706800000| PB 0x0000000706800000| Untracked 
|  36|0x0000000706a00000, 0x0000000706a00000, 0x0000000706c00000|  0%| F|  |TAMS 0x0000000706a00000| PB 0x0000000706a00000| Untracked 
|  37|0x0000000706c00000, 0x0000000706c00000, 0x0000000706e00000|  0%| F|  |TAMS 0x0000000706c00000| PB 0x0000000706c00000| Untracked 
|  38|0x0000000706e00000, 0x0000000706e00000, 0x0000000707000000|  0%| F|  |TAMS 0x0000000706e00000| PB 0x0000000706e00000| Untracked 
|  39|0x0000000707000000, 0x0000000707000000, 0x0000000707200000|  0%| F|  |TAMS 0x0000000707000000| PB 0x0000000707000000| Untracked 
|  40|0x0000000707200000, 0x0000000707200000, 0x0000000707400000|  0%| F|  |TAMS 0x0000000707200000| PB 0x0000000707200000| Untracked 
|  41|0x0000000707400000, 0x0000000707400000, 0x0000000707600000|  0%| F|  |TAMS 0x0000000707400000| PB 0x0000000707400000| Untracked 
|  42|0x0000000707600000, 0x0000000707600000, 0x0000000707800000|  0%| F|  |TAMS 0x0000000707600000| PB 0x0000000707600000| Untracked 
|  43|0x0000000707800000, 0x0000000707800000, 0x0000000707a00000|  0%| F|  |TAMS 0x0000000707800000| PB 0x0000000707800000| Untracked 
|  44|0x0000000707a00000, 0x0000000707a00000, 0x0000000707c00000|  0%| F|  |TAMS 0x0000000707a00000| PB 0x0000000707a00000| Untracked 
|  45|0x0000000707c00000, 0x0000000707c00000, 0x0000000707e00000|  0%| F|  |TAMS 0x0000000707c00000| PB 0x0000000707c00000| Untracked 
|  46|0x0000000707e00000, 0x0000000707e00000, 0x0000000708000000|  0%| F|  |TAMS 0x0000000707e00000| PB 0x0000000707e00000| Untracked 
|  47|0x0000000708000000, 0x0000000708000000, 0x0000000708200000|  0%| F|  |TAMS 0x0000000708000000| PB 0x0000000708000000| Untracked 
|  48|0x0000000708200000, 0x0000000708200000, 0x0000000708400000|  0%| F|  |TAMS 0x0000000708200000| PB 0x0000000708200000| Untracked 
|  49|0x0000000708400000, 0x0000000708400000, 0x0000000708600000|  0%| F|  |TAMS 0x0000000708400000| PB 0x0000000708400000| Untracked 
|  50|0x0000000708600000, 0x0000000708600000, 0x0000000708800000|  0%| F|  |TAMS 0x0000000708600000| PB 0x0000000708600000| Untracked 
|  51|0x0000000708800000, 0x0000000708800000, 0x0000000708a00000|  0%| F|  |TAMS 0x0000000708800000| PB 0x0000000708800000| Untracked 
|  52|0x0000000708a00000, 0x0000000708a00000, 0x0000000708c00000|  0%| F|  |TAMS 0x0000000708a00000| PB 0x0000000708a00000| Untracked 
|  53|0x0000000708c00000, 0x0000000708c00000, 0x0000000708e00000|  0%| F|  |TAMS 0x0000000708c00000| PB 0x0000000708c00000| Untracked 
|  54|0x0000000708e00000, 0x0000000708e00000, 0x0000000709000000|  0%| F|  |TAMS 0x0000000708e00000| PB 0x0000000708e00000| Untracked 
|  55|0x0000000709000000, 0x0000000709000000, 0x0000000709200000|  0%| F|  |TAMS 0x0000000709000000| PB 0x0000000709000000| Untracked 
|  56|0x0000000709200000, 0x0000000709200000, 0x0000000709400000|  0%| F|  |TAMS 0x0000000709200000| PB 0x0000000709200000| Untracked 
|  57|0x0000000709400000, 0x0000000709400000, 0x0000000709600000|  0%| F|  |TAMS 0x0000000709400000| PB 0x0000000709400000| Untracked 
|  58|0x0000000709600000, 0x0000000709600000, 0x0000000709800000|  0%| F|  |TAMS 0x0000000709600000| PB 0x0000000709600000| Untracked 
|  59|0x0000000709800000, 0x0000000709800000, 0x0000000709a00000|  0%| F|  |TAMS 0x0000000709800000| PB 0x0000000709800000| Untracked 
|  60|0x0000000709a00000, 0x0000000709a00000, 0x0000000709c00000|  0%| F|  |TAMS 0x0000000709a00000| PB 0x0000000709a00000| Untracked 
|  61|0x0000000709c00000, 0x0000000709c00000, 0x0000000709e00000|  0%| F|  |TAMS 0x0000000709c00000| PB 0x0000000709c00000| Untracked 
|  62|0x0000000709e00000, 0x0000000709e00000, 0x000000070a000000|  0%| F|  |TAMS 0x0000000709e00000| PB 0x0000000709e00000| Untracked 
|  63|0x000000070a000000, 0x000000070a000000, 0x000000070a200000|  0%| F|  |TAMS 0x000000070a000000| PB 0x000000070a000000| Untracked 
|  64|0x000000070a200000, 0x000000070a200000, 0x000000070a400000|  0%| F|  |TAMS 0x000000070a200000| PB 0x000000070a200000| Untracked 
|  65|0x000000070a400000, 0x000000070a400000, 0x000000070a600000|  0%| F|  |TAMS 0x000000070a400000| PB 0x000000070a400000| Untracked 
|  66|0x000000070a600000, 0x000000070a600000, 0x000000070a800000|  0%| F|  |TAMS 0x000000070a600000| PB 0x000000070a600000| Untracked 
|  67|0x000000070a800000, 0x000000070a800000, 0x000000070aa00000|  0%| F|  |TAMS 0x000000070a800000| PB 0x000000070a800000| Untracked 
|  68|0x000000070aa00000, 0x000000070aa00000, 0x000000070ac00000|  0%| F|  |TAMS 0x000000070aa00000| PB 0x000000070aa00000| Untracked 
|  69|0x000000070ac00000, 0x000000070ac00000, 0x000000070ae00000|  0%| F|  |TAMS 0x000000070ac00000| PB 0x000000070ac00000| Untracked 
|  70|0x000000070ae00000, 0x000000070ae00000, 0x000000070b000000|  0%| F|  |TAMS 0x000000070ae00000| PB 0x000000070ae00000| Untracked 
|  71|0x000000070b000000, 0x000000070b000000, 0x000000070b200000|  0%| F|  |TAMS 0x000000070b000000| PB 0x000000070b000000| Untracked 
|  72|0x000000070b200000, 0x000000070b200000, 0x000000070b400000|  0%| F|  |TAMS 0x000000070b200000| PB 0x000000070b200000| Untracked 
|  73|0x000000070b400000, 0x000000070b400000, 0x000000070b600000|  0%| F|  |TAMS 0x000000070b400000| PB 0x000000070b400000| Untracked 
|  74|0x000000070b600000, 0x000000070b600000, 0x000000070b800000|  0%| F|  |TAMS 0x000000070b600000| PB 0x000000070b600000| Untracked 
|  75|0x000000070b800000, 0x000000070b800000, 0x000000070ba00000|  0%| F|  |TAMS 0x000000070b800000| PB 0x000000070b800000| Untracked 
|  76|0x000000070ba00000, 0x000000070ba00000, 0x000000070bc00000|  0%| F|  |TAMS 0x000000070ba00000| PB 0x000000070ba00000| Untracked 
|  77|0x000000070bc00000, 0x000000070bc00000, 0x000000070be00000|  0%| F|  |TAMS 0x000000070bc00000| PB 0x000000070bc00000| Untracked 
|  78|0x000000070be00000, 0x000000070be00000, 0x000000070c000000|  0%| F|  |TAMS 0x000000070be00000| PB 0x000000070be00000| Untracked 
|  79|0x000000070c000000, 0x000000070c000000, 0x000000070c200000|  0%| F|  |TAMS 0x000000070c000000| PB 0x000000070c000000| Untracked 
|  80|0x000000070c200000, 0x000000070c200000, 0x000000070c400000|  0%| F|  |TAMS 0x000000070c200000| PB 0x000000070c200000| Untracked 
|  81|0x000000070c400000, 0x000000070c400000, 0x000000070c600000|  0%| F|  |TAMS 0x000000070c400000| PB 0x000000070c400000| Untracked 
|  82|0x000000070c600000, 0x000000070c600000, 0x000000070c800000|  0%| F|  |TAMS 0x000000070c600000| PB 0x000000070c600000| Untracked 
|  83|0x000000070c800000, 0x000000070c800000, 0x000000070ca00000|  0%| F|  |TAMS 0x000000070c800000| PB 0x000000070c800000| Untracked 
|  84|0x000000070ca00000, 0x000000070ca00000, 0x000000070cc00000|  0%| F|  |TAMS 0x000000070ca00000| PB 0x000000070ca00000| Untracked 
|  85|0x000000070cc00000, 0x000000070cc00000, 0x000000070ce00000|  0%| F|  |TAMS 0x000000070cc00000| PB 0x000000070cc00000| Untracked 
|  86|0x000000070ce00000, 0x000000070ce00000, 0x000000070d000000|  0%| F|  |TAMS 0x000000070ce00000| PB 0x000000070ce00000| Untracked 
|  87|0x000000070d000000, 0x000000070d000000, 0x000000070d200000|  0%| F|  |TAMS 0x000000070d000000| PB 0x000000070d000000| Untracked 
|  88|0x000000070d200000, 0x000000070d200000, 0x000000070d400000|  0%| F|  |TAMS 0x000000070d200000| PB 0x000000070d200000| Untracked 
|  89|0x000000070d400000, 0x000000070d400000, 0x000000070d600000|  0%| F|  |TAMS 0x000000070d400000| PB 0x000000070d400000| Untracked 
|  90|0x000000070d600000, 0x000000070d600000, 0x000000070d800000|  0%| F|  |TAMS 0x000000070d600000| PB 0x000000070d600000| Untracked 
|  91|0x000000070d800000, 0x000000070d800000, 0x000000070da00000|  0%| F|  |TAMS 0x000000070d800000| PB 0x000000070d800000| Untracked 
|  92|0x000000070da00000, 0x000000070da00000, 0x000000070dc00000|  0%| F|  |TAMS 0x000000070da00000| PB 0x000000070da00000| Untracked 
|  93|0x000000070dc00000, 0x000000070dc00000, 0x000000070de00000|  0%| F|  |TAMS 0x000000070dc00000| PB 0x000000070dc00000| Untracked 
|  94|0x000000070de00000, 0x000000070de00000, 0x000000070e000000|  0%| F|  |TAMS 0x000000070de00000| PB 0x000000070de00000| Untracked 
|  95|0x000000070e000000, 0x000000070e000000, 0x000000070e200000|  0%| F|  |TAMS 0x000000070e000000| PB 0x000000070e000000| Untracked 
|  96|0x000000070e200000, 0x000000070e200000, 0x000000070e400000|  0%| F|  |TAMS 0x000000070e200000| PB 0x000000070e200000| Untracked 
|  97|0x000000070e400000, 0x000000070e400000, 0x000000070e600000|  0%| F|  |TAMS 0x000000070e400000| PB 0x000000070e400000| Untracked 
|  98|0x000000070e600000, 0x000000070e600000, 0x000000070e800000|  0%| F|  |TAMS 0x000000070e600000| PB 0x000000070e600000| Untracked 
|  99|0x000000070e800000, 0x000000070e800000, 0x000000070ea00000|  0%| F|  |TAMS 0x000000070e800000| PB 0x000000070e800000| Untracked 
| 100|0x000000070ea00000, 0x000000070ea00000, 0x000000070ec00000|  0%| F|  |TAMS 0x000000070ea00000| PB 0x000000070ea00000| Untracked 
| 101|0x000000070ec00000, 0x000000070ec00000, 0x000000070ee00000|  0%| F|  |TAMS 0x000000070ec00000| PB 0x000000070ec00000| Untracked 
| 102|0x000000070ee00000, 0x000000070eeb0790, 0x000000070f000000| 34%| S|CS|TAMS 0x000000070ee00000| PB 0x000000070ee00000| Complete 
| 103|0x000000070f000000, 0x000000070f200000, 0x000000070f200000|100%| S|CS|TAMS 0x000000070f000000| PB 0x000000070f000000| Complete 
| 104|0x000000070f200000, 0x000000070f200000, 0x000000070f400000|  0%| F|  |TAMS 0x000000070f200000| PB 0x000000070f200000| Untracked 
| 105|0x000000070f400000, 0x000000070f400000, 0x000000070f600000|  0%| F|  |TAMS 0x000000070f400000| PB 0x000000070f400000| Untracked 
| 106|0x000000070f600000, 0x000000070f600000, 0x000000070f800000|  0%| F|  |TAMS 0x000000070f600000| PB 0x000000070f600000| Untracked 
| 107|0x000000070f800000, 0x000000070f800000, 0x000000070fa00000|  0%| F|  |TAMS 0x000000070f800000| PB 0x000000070f800000| Untracked 
| 108|0x000000070fa00000, 0x000000070fa00000, 0x000000070fc00000|  0%| F|  |TAMS 0x000000070fa00000| PB 0x000000070fa00000| Untracked 
| 109|0x000000070fc00000, 0x000000070fc00000, 0x000000070fe00000|  0%| F|  |TAMS 0x000000070fc00000| PB 0x000000070fc00000| Untracked 
| 110|0x000000070fe00000, 0x000000070fe00000, 0x0000000710000000|  0%| F|  |TAMS 0x000000070fe00000| PB 0x000000070fe00000| Untracked 
| 111|0x0000000710000000, 0x0000000710000000, 0x0000000710200000|  0%| F|  |TAMS 0x0000000710000000| PB 0x0000000710000000| Untracked 
| 112|0x0000000710200000, 0x00000007103962e0, 0x0000000710400000| 79%| E|  |TAMS 0x0000000710200000| PB 0x0000000710200000| Complete 
| 113|0x0000000710400000, 0x0000000710600000, 0x0000000710600000|100%| E|  |TAMS 0x0000000710400000| PB 0x0000000710400000| Complete 
| 114|0x0000000710600000, 0x0000000710800000, 0x0000000710800000|100%| E|CS|TAMS 0x0000000710600000| PB 0x0000000710600000| Complete 
| 115|0x0000000710800000, 0x0000000710a00000, 0x0000000710a00000|100%| E|CS|TAMS 0x0000000710800000| PB 0x0000000710800000| Complete 
| 116|0x0000000710a00000, 0x0000000710c00000, 0x0000000710c00000|100%| E|CS|TAMS 0x0000000710a00000| PB 0x0000000710a00000| Complete 
| 117|0x0000000710c00000, 0x0000000710e00000, 0x0000000710e00000|100%| E|CS|TAMS 0x0000000710c00000| PB 0x0000000710c00000| Complete 
| 118|0x0000000710e00000, 0x0000000711000000, 0x0000000711000000|100%| E|CS|TAMS 0x0000000710e00000| PB 0x0000000710e00000| Complete 
| 119|0x0000000711000000, 0x0000000711200000, 0x0000000711200000|100%| E|CS|TAMS 0x0000000711000000| PB 0x0000000711000000| Complete 
| 120|0x0000000711200000, 0x0000000711400000, 0x0000000711400000|100%| E|CS|TAMS 0x0000000711200000| PB 0x0000000711200000| Complete 
| 121|0x0000000711400000, 0x0000000711600000, 0x0000000711600000|100%| E|CS|TAMS 0x0000000711400000| PB 0x0000000711400000| Complete 
| 122|0x0000000711600000, 0x0000000711800000, 0x0000000711800000|100%| E|CS|TAMS 0x0000000711600000| PB 0x0000000711600000| Complete 
| 123|0x0000000711800000, 0x0000000711a00000, 0x0000000711a00000|100%| E|CS|TAMS 0x0000000711800000| PB 0x0000000711800000| Complete 
| 124|0x0000000711a00000, 0x0000000711c00000, 0x0000000711c00000|100%| E|CS|TAMS 0x0000000711a00000| PB 0x0000000711a00000| Complete 
| 125|0x0000000711c00000, 0x0000000711e00000, 0x0000000711e00000|100%| E|CS|TAMS 0x0000000711c00000| PB 0x0000000711c00000| Complete 
| 126|0x0000000711e00000, 0x0000000712000000, 0x0000000712000000|100%| E|CS|TAMS 0x0000000711e00000| PB 0x0000000711e00000| Complete 

Card table byte_map: [0x0000025bfa3d0000,0x0000025bfabc0000] _byte_map_base: 0x0000025bf6bbf000

Marking Bits: (CMBitMap*) 0x0000025be24a05c0
 Bits: [0x0000025bfabc0000, 0x0000025bfeb38000)

Polling page: 0x0000025be1b50000

Metaspace:

Usage:
  Non-class:     17.75 MB used.
      Class:      2.40 MB used.
       Both:     20.14 MB used.

Virtual space:
  Non-class space:       64.00 MB reserved,      17.94 MB ( 28%) committed,  1 nodes.
      Class space:        1.00 GB reserved,       2.56 MB ( <1%) committed,  1 nodes.
             Both:        1.06 GB reserved,      20.50 MB (  2%) committed. 

Chunk freelists:
   Non-Class:  13.72 MB
       Class:  13.34 MB
        Both:  27.06 MB

MaxMetaspaceSize: unlimited
CompressedClassSpaceSize: 1.00 GB
Initial GC threshold: 21.00 MB
Current GC threshold: 21.00 MB
CDS: on
 - commit_granule_bytes: 65536.
 - commit_granule_words: 8192.
 - virtual_space_node_default_size: 8388608.
 - enlarge_chunks_in_place: 1.
 - use_allocation_guard: 0.


Internal statistics:

num_allocs_failed_limit: 0.
num_arena_births: 324.
num_arena_deaths: 0.
num_vsnodes_births: 2.
num_vsnodes_deaths: 0.
num_space_committed: 328.
num_space_uncommitted: 0.
num_chunks_returned_to_freelist: 0.
num_chunks_taken_from_freelist: 983.
num_chunk_merges: 0.
num_chunk_splits: 635.
num_chunks_enlarged: 444.
num_inconsistent_stats: 0.

CodeHeap 'non-profiled nmethods': size=120000Kb used=1328Kb max_used=1328Kb free=118671Kb
 bounds [0x0000025bf2380000, 0x0000025bf25f0000, 0x0000025bf98b0000]
CodeHeap 'profiled nmethods': size=120000Kb used=5058Kb max_used=5058Kb free=114941Kb
 bounds [0x0000025bea8b0000, 0x0000025beadb0000, 0x0000025bf1de0000]
CodeHeap 'non-nmethods': size=5760Kb used=1449Kb max_used=1503Kb free=4310Kb
 bounds [0x0000025bf1de0000, 0x0000025bf2050000, 0x0000025bf2380000]
 total_blobs=3233 nmethods=2699 adapters=438
 compilation: enabled
              stopped_count=0, restarted_count=0
 full_count=0

Compilation events (20 events):
Event: 6.862 Thread 0x0000025bff5befb0 2694       3       java.lang.reflect.ReflectAccess::copyConstructor (5 bytes)
Event: 6.862 Thread 0x0000025bff5befb0 nmethod 2694 0x0000025bead98910 code [0x0000025bead98ac0, 0x0000025bead98c00]
Event: 6.873 Thread 0x0000025bff5befb0 2695       3       jdk.internal.loader.URLClassPath$1::next (59 bytes)
Event: 6.874 Thread 0x0000025bff5befb0 nmethod 2695 0x0000025bead98d10 code [0x0000025bead98f00, 0x0000025bead99330]
Event: 6.889 Thread 0x0000025bff5befb0 2700 %     3       java.util.Properties::load0 @ 29 (249 bytes)
Event: 6.893 Thread 0x0000025bff5befb0 nmethod 2700% 0x0000025bead99490 code [0x0000025bead996e0, 0x0000025bead9a278]
Event: 6.894 Thread 0x0000025bff5befb0 2701       3       java.util.Properties::load0 (249 bytes)
Event: 6.896 Thread 0x0000025bff5befb0 nmethod 2701 0x0000025bead9a610 code [0x0000025bead9a860, 0x0000025bead9b250]
Event: 6.912 Thread 0x0000025bff5befb0 2702       3       java.lang.invoke.LambdaFormEditor$TransformKey::packedBytes (37 bytes)
Event: 6.912 Thread 0x0000025bff5befb0 nmethod 2702 0x0000025bead9b590 code [0x0000025bead9b720, 0x0000025bead9b830]
Event: 6.912 Thread 0x0000025bff5befb0 2703       3       java.lang.invoke.DelegatingMethodHandle$Holder::reinvoke_L (20 bytes)
Event: 6.912 Thread 0x0000025bff5befb0 nmethod 2703 0x0000025bead9b890 code [0x0000025bead9ba60, 0x0000025bead9bec0]
Event: 6.919 Thread 0x0000025bff5befb0 2704  s    3       java.lang.Throwable::fillInStackTrace (29 bytes)
Event: 6.920 Thread 0x0000025bff5befb0 nmethod 2704 0x0000025bead9c010 code [0x0000025bead9c1c0, 0x0000025bead9c4c8]
Event: 6.922 Thread 0x0000025bff5befb0 2705       3       java.lang.invoke.BoundMethodHandle$SpeciesData::extendWith (64 bytes)
Event: 6.924 Thread 0x0000025bff5befb0 nmethod 2705 0x0000025bead9c590 code [0x0000025bead9c7e0, 0x0000025bead9d188]
Event: 6.943 Thread 0x0000025bff5befb0 2706       3       java.util.concurrent.ConcurrentHashMap::<init> (9 bytes)
Event: 6.944 Thread 0x0000025bff5befb0 nmethod 2706 0x0000025bead9d510 code [0x0000025bead9d6e0, 0x0000025bead9d828]
Event: 6.945 Thread 0x0000025bff5befb0 2708       3       java.lang.invoke.LambdaForm$MH/0x0000025b830ccc00::invoke (45 bytes)
Event: 6.945 Thread 0x0000025bff5befb0 nmethod 2708 0x0000025bead9d910 code [0x0000025bead9db00, 0x0000025bead9e1d8]

GC Heap History (6 events):
Event: 1.307 GC heap before
{Heap before GC invocations=0 (full 0):
 garbage-first heap   total 260096K, used 20480K [0x0000000702200000, 0x0000000800000000)
  region size 2048K, 11 young (22528K), 0 survivors (0K)
 Metaspace       used 3754K, committed 3968K, reserved 1114112K
  class space    used 352K, committed 448K, reserved 1048576K
}
Event: 1.329 GC heap after
{Heap after GC invocations=1 (full 0):
 garbage-first heap   total 260096K, used 10346K [0x0000000702200000, 0x0000000800000000)
  region size 2048K, 2 young (4096K), 2 survivors (4096K)
 Metaspace       used 3754K, committed 3968K, reserved 1114112K
  class space    used 352K, committed 448K, reserved 1048576K
}
Event: 1.758 GC heap before
{Heap before GC invocations=1 (full 0):
 garbage-first heap   total 260096K, used 24682K [0x0000000702200000, 0x0000000800000000)
  region size 2048K, 10 young (20480K), 2 survivors (4096K)
 Metaspace       used 5600K, committed 5824K, reserved 1114112K
  class space    used 535K, committed 640K, reserved 1048576K
}
Event: 1.762 GC heap after
{Heap after GC invocations=2 (full 0):
 garbage-first heap   total 260096K, used 13501K [0x0000000702200000, 0x0000000800000000)
  region size 2048K, 2 young (4096K), 2 survivors (4096K)
 Metaspace       used 5600K, committed 5824K, reserved 1114112K
  class space    used 535K, committed 640K, reserved 1048576K
}
Event: 5.145 GC heap before
{Heap before GC invocations=2 (full 0):
 garbage-first heap   total 260096K, used 54461K [0x0000000702200000, 0x0000000800000000)
  region size 2048K, 23 young (47104K), 2 survivors (4096K)
 Metaspace       used 14686K, committed 15040K, reserved 1114112K
  class space    used 1701K, committed 1856K, reserved 1048576K
}
Event: 5.168 GC heap after
{Heap after GC invocations=3 (full 0):
 garbage-first heap   total 260096K, used 16314K [0x0000000702200000, 0x0000000800000000)
  region size 2048K, 2 young (4096K), 2 survivors (4096K)
 Metaspace       used 14686K, committed 15040K, reserved 1114112K
  class space    used 1701K, committed 1856K, reserved 1048576K
}

Dll operation events (13 events):
Event: 0.022 Loaded shared library C:\Program Files\Java\jdk-21\bin\java.dll
Event: 0.076 Loaded shared library C:\Program Files\Java\jdk-21\bin\jsvml.dll
Event: 0.223 Loaded shared library C:\Program Files\Java\jdk-21\bin\zip.dll
Event: 0.228 Loaded shared library C:\Program Files\Java\jdk-21\bin\instrument.dll
Event: 0.235 Loaded shared library C:\Program Files\Java\jdk-21\bin\net.dll
Event: 0.238 Loaded shared library C:\Program Files\Java\jdk-21\bin\nio.dll
Event: 0.240 Loaded shared library C:\Program Files\Java\jdk-21\bin\zip.dll
Event: 0.635 Loaded shared library C:\Users\pc\AppData\Local\JetBrains\IntelliJ IDEA Community Edition 2024.1.3\bin\breakgen64.dll
Event: 0.675 Loaded shared library C:\Program Files\Java\jdk-21\bin\extnet.dll
Event: 0.856 Loaded shared library C:\Program Files\Java\jdk-21\bin\jimage.dll
Event: 1.903 Loaded shared library C:\Program Files\Java\jdk-21\bin\management.dll
Event: 1.906 Loaded shared library C:\Program Files\Java\jdk-21\bin\management_ext.dll
Event: 6.285 Loaded shared library C:\Program Files\Java\jdk-21\bin\sunmscapi.dll

Deoptimization events (20 events):
Event: 6.142 Thread 0x0000025bc8177870 Uncommon trap: trap_request=0xffffff45 fr.pc=0x0000025bf247d0c0 relative=0x0000000000000360
Event: 6.142 Thread 0x0000025bc8177870 Uncommon trap: reason=unstable_if action=reinterpret pc=0x0000025bf247d0c0 method=java.util.LinkedHashMap.get(Ljava/lang/Object;)Ljava/lang/Object; @ 16 c2
Event: 6.142 Thread 0x0000025bc8177870 DEOPT PACKING pc=0x0000025bf247d0c0 sp=0x0000008afb5fe320
Event: 6.142 Thread 0x0000025bc8177870 DEOPT UNPACKING pc=0x0000025bf1e346a2 sp=0x0000008afb5fe2d8 mode 2
Event: 6.179 Thread 0x0000025bc8177870 Uncommon trap: trap_request=0xffffff45 fr.pc=0x0000025bf24791a4 relative=0x00000000000004e4
Event: 6.179 Thread 0x0000025bc8177870 Uncommon trap: reason=unstable_if action=reinterpret pc=0x0000025bf24791a4 method=java.lang.AbstractStringBuilder.isLatin1()Z @ 10 c2
Event: 6.179 Thread 0x0000025bc8177870 DEOPT PACKING pc=0x0000025bf24791a4 sp=0x0000008afb5fdcd0
Event: 6.179 Thread 0x0000025bc8177870 DEOPT UNPACKING pc=0x0000025bf1e346a2 sp=0x0000008afb5fdc20 mode 2
Event: 6.205 Thread 0x0000025bc789b710 Uncommon trap: trap_request=0xffffff45 fr.pc=0x0000025bf24734d8 relative=0x0000000000000138
Event: 6.205 Thread 0x0000025bc789b710 Uncommon trap: reason=unstable_if action=reinterpret pc=0x0000025bf24734d8 method=java.util.Arrays.equals([Ljava/lang/Object;[Ljava/lang/Object;)Z @ 44 c2
Event: 6.206 Thread 0x0000025bc789b710 DEOPT PACKING pc=0x0000025bf24734d8 sp=0x0000008afb8fd4b0
Event: 6.206 Thread 0x0000025bc789b710 DEOPT UNPACKING pc=0x0000025bf1e346a2 sp=0x0000008afb8fd450 mode 2
Event: 6.363 Thread 0x0000025bc789b710 Uncommon trap: trap_request=0xffffff45 fr.pc=0x0000025bf243e594 relative=0x0000000000000074
Event: 6.363 Thread 0x0000025bc789b710 Uncommon trap: reason=unstable_if action=reinterpret pc=0x0000025bf243e594 method=java.lang.ref.ReferenceQueue.poll()Ljava/lang/ref/Reference; @ 4 c2
Event: 6.363 Thread 0x0000025bc789b710 DEOPT PACKING pc=0x0000025bf243e594 sp=0x0000008afb8fe290
Event: 6.363 Thread 0x0000025bc789b710 DEOPT UNPACKING pc=0x0000025bf1e346a2 sp=0x0000008afb8fe218 mode 2
Event: 6.478 Thread 0x0000025bc789b710 Uncommon trap: trap_request=0xffffff45 fr.pc=0x0000025bf24400a0 relative=0x0000000000000a60
Event: 6.478 Thread 0x0000025bc789b710 Uncommon trap: reason=unstable_if action=reinterpret pc=0x0000025bf24400a0 method=jdk.internal.org.objectweb.asm.SymbolTable.put(Ljdk/internal/org/objectweb/asm/SymbolTable$Entry;)Ljdk/internal/org/objectweb/asm/SymbolTable$Entry; @ 13 c2
Event: 6.478 Thread 0x0000025bc789b710 DEOPT PACKING pc=0x0000025bf24400a0 sp=0x0000008afb8fd780
Event: 6.478 Thread 0x0000025bc789b710 DEOPT UNPACKING pc=0x0000025bf1e346a2 sp=0x0000008afb8fd6b8 mode 2

Classes loaded (20 events):
Event: 6.223 Loading class javax/security/auth/login/FailedLoginException done
Event: 6.223 Loading class javax/security/auth/callback/CallbackHandler
Event: 6.223 Loading class javax/security/auth/callback/CallbackHandler done
Event: 6.223 Loading class javax/security/auth/Subject
Event: 6.224 Loading class javax/security/auth/Subject done
Event: 6.249 Loading class sun/security/ssl/SunJSSE
Event: 6.250 Loading class sun/security/ssl/SunJSSE done
Event: 6.254 Loading class com/sun/crypto/provider/SunJCE
Event: 6.255 Loading class com/sun/crypto/provider/SunJCE done
Event: 6.296 Loading class com/sun/security/sasl/Provider
Event: 6.296 Loading class com/sun/security/sasl/Provider done
Event: 6.297 Loading class com/sun/security/sasl/Provider$1
Event: 6.298 Loading class com/sun/security/sasl/Provider$1 done
Event: 6.299 Loading class com/sun/security/sasl/Provider$ProviderService
Event: 6.300 Loading class com/sun/security/sasl/Provider$ProviderService done
Event: 6.301 Loading class sun/security/provider/certpath/ldap/JdkLDAP
Event: 6.302 Loading class sun/security/provider/certpath/ldap/JdkLDAP done
Event: 6.303 Loading class sun/security/provider/certpath/ldap/JdkLDAP$ProviderService
Event: 6.303 Loading class sun/security/provider/certpath/ldap/JdkLDAP$ProviderService done
Event: 8.397 Loading class java/util/concurrent/ConcurrentSkipListMap$KeySet

Classes unloaded (0 events):
No events

Classes redefined (0 events):
No events

Internal exceptions (20 events):
Event: 3.150 Thread 0x0000025bc789b710 Exception <a 'java/lang/NoSuchMethodError'{0x00000007103b7c80}: 'void java.lang.invoke.DirectMethodHandle$Holder.invokeInterface(java.lang.Object, java.lang.Object, java.lang.Object)'> (0x00000007103b7c80) 
thrown [s\open\src\hotspot\share\interpreter\linkResolver.cpp, line 773]
Event: 3.253 Thread 0x0000025bc789b710 Exception <a 'java/lang/NoSuchMethodError'{0x00000007100478e8}: 'java.lang.reflect.Field[] java.lang.Class.getDeclaredFields(java.lang.Class)'> (0x00000007100478e8) 
thrown [s\open\src\hotspot\share\interpreter\linkResolver.cpp, line 773]
Event: 3.256 Thread 0x0000025bc789b710 Exception <a 'java/lang/NoSuchMethodError'{0x000000071004c248}: 'java.lang.Object java.lang.invoke.DirectMethodHandle$Holder.invokeStatic(java.lang.Object, java.lang.Object, int)'> (0x000000071004c248) 
thrown [s\open\src\hotspot\share\interpreter\linkResolver.cpp, line 773]
Event: 3.261 Thread 0x0000025bc789b710 Exception <a 'java/lang/NoSuchMethodError'{0x00000007100573f8}: 'void java.lang.invoke.DelegatingMethodHandle$Holder.delegate(java.lang.Object, java.lang.Object, int, java.lang.Object)'> (0x00000007100573f8) 
thrown [s\open\src\hotspot\share\interpreter\linkResolver.cpp, line 773]
Event: 4.512 Thread 0x0000025bc789b710 Exception <a 'java/lang/NoSuchMethodError'{0x0000000710195f28}: 'void java.lang.invoke.DirectMethodHandle$Holder.invokeStaticInit(java.lang.Object, java.lang.Object, java.lang.Object)'> (0x0000000710195f28) 
thrown [s\open\src\hotspot\share\interpreter\linkResolver.cpp, line 773]
Event: 4.536 Thread 0x0000025bc789b710 Exception <a 'java/lang/NoSuchMethodError'{0x00000007101df900}: 'java.lang.Object java.lang.invoke.DirectMethodHandle$Holder.invokeVirtual(java.lang.Object, java.lang.Object, java.lang.Object)'> (0x00000007101df900) 
thrown [s\open\src\hotspot\share\interpreter\linkResolver.cpp, line 773]
Event: 4.598 Thread 0x0000025bc789b710 Exception <a 'java/lang/NoSuchMethodError'{0x000000070fe6c728}: 'void java.lang.invoke.DirectMethodHandle$Holder.invokeVirtual(java.lang.Object, java.lang.Object, java.lang.Object, java.lang.Object)'> (0x000000070fe6c728) 
thrown [s\open\src\hotspot\share\interpreter\linkResolver.cpp, line 773]
Event: 4.727 Thread 0x0000025bc8177870 Exception <a 'java/lang/NoClassDefFoundError'{0x000000070fcbad68}: jakarta/validation/Validation> (0x000000070fcbad68) 
thrown [s\open\src\hotspot\share\classfile\systemDictionary.cpp, line 301]
Event: 4.752 Thread 0x0000025bc789b710 Exception <a 'java/lang/IncompatibleClassChangeError'{0x000000070fd2dac0}: Found class java.lang.Object, but interface was expected> (0x000000070fd2dac0) 
thrown [s\open\src\hotspot\share\interpreter\linkResolver.cpp, line 840]
Event: 4.777 Thread 0x0000025bc789b710 Exception <a 'java/lang/NoSuchMethodError'{0x000000070fda3278}: 'java.lang.Object java.lang.invoke.DirectMethodHandle$Holder.invokeStaticInit(java.lang.Object, int)'> (0x000000070fda3278) 
thrown [s\open\src\hotspot\share\interpreter\linkResolver.cpp, line 773]
Event: 4.795 Thread 0x0000025bc789b710 Exception <a 'java/lang/NoSuchMethodError'{0x000000070fdad320}: 'java.lang.Object java.lang.invoke.DirectMethodHandle$Holder.invokeStatic(java.lang.Object, int, java.lang.Object)'> (0x000000070fdad320) 
thrown [s\open\src\hotspot\share\interpreter\linkResolver.cpp, line 773]
Event: 4.802 Thread 0x0000025bc789b710 Exception <a 'java/lang/NoSuchMethodError'{0x000000070fdb0980}: 'java.lang.Object java.lang.invoke.DirectMethodHandle$Holder.invokeStaticInit(java.lang.Object, int, java.lang.Object)'> (0x000000070fdb0980) 
thrown [s\open\src\hotspot\share\interpreter\linkResolver.cpp, line 773]
Event: 5.766 Thread 0x0000025bc789b710 Exception <a 'java/lang/NoSuchMethodError'{0x000000071116f3d0}: 'int java.lang.invoke.DirectMethodHandle$Holder.invokeSpecial(java.lang.Object, java.lang.Object, java.lang.Object, java.lang.Object, java.lang.Object)'> (0x000000071116f3d0) 
thrown [s\open\src\hotspot\share\interpreter\linkResolver.cpp, line 773]
Event: 5.901 Thread 0x0000025bc8177870 Exception <a 'java/lang/NoSuchMethodError'{0x0000000710f06c18}: 'long java.lang.invoke.DirectMethodHandle$Holder.invokeSpecial(java.lang.Object, java.lang.Object)'> (0x0000000710f06c18) 
thrown [s\open\src\hotspot\share\interpreter\linkResolver.cpp, line 773]
Event: 5.919 Thread 0x0000025bc8177870 Exception <a 'java/lang/NoSuchMethodError'{0x0000000710f10538}: 'long java.lang.invoke.DirectMethodHandle$Holder.invokeStatic(java.lang.Object, java.lang.Object)'> (0x0000000710f10538) 
thrown [s\open\src\hotspot\share\interpreter\linkResolver.cpp, line 773]
Event: 5.921 Thread 0x0000025bc8177870 Exception <a 'java/lang/NoSuchMethodError'{0x0000000710f13600}: 'long java.lang.invoke.DirectMethodHandle$Holder.invokeStaticInit(java.lang.Object, java.lang.Object)'> (0x0000000710f13600) 
thrown [s\open\src\hotspot\share\interpreter\linkResolver.cpp, line 773]
Event: 5.942 Thread 0x0000025bc8177870 Exception <a 'java/lang/NoSuchMethodError'{0x0000000710f1f4e8}: 'long java.lang.invoke.DirectMethodHandle$Holder.invokeInterface(java.lang.Object, java.lang.Object)'> (0x0000000710f1f4e8) 
thrown [s\open\src\hotspot\share\interpreter\linkResolver.cpp, line 773]
Event: 5.943 Thread 0x0000025bc8177870 Exception <a 'java/lang/IncompatibleClassChangeError'{0x0000000710f224f8}: Found class java.lang.Object, but interface was expected> (0x0000000710f224f8) 
thrown [s\open\src\hotspot\share\interpreter\linkResolver.cpp, line 840]
Event: 6.002 Thread 0x0000025bc8177870 Exception <a 'java/lang/NoSuchMethodError'{0x0000000710f96260}: 'java.lang.Object java.lang.invoke.DirectMethodHandle$Holder.invokeVirtual(java.lang.Object, java.lang.Object, java.lang.Object, java.lang.Object)'> (0x0000000710f96260) 
thrown [s\open\src\hotspot\share\interpreter\linkResolver.cpp, line 773]
Event: 6.529 Thread 0x0000025bc789b710 Exception <a 'java/lang/IncompatibleClassChangeError'{0x0000000710616b10}: Found class java.lang.Object, but interface was expected> (0x0000000710616b10) 
thrown [s\open\src\hotspot\share\interpreter\linkResolver.cpp, line 840]

ZGC Phase Switch (0 events):
No events

VM Operations (20 events):
Event: 4.685 Executing VM operation: HandshakeAllThreads (Deoptimize)
Event: 4.685 Executing VM operation: HandshakeAllThreads (Deoptimize) done
Event: 4.692 Executing VM operation: HandshakeAllThreads (Deoptimize)
Event: 4.692 Executing VM operation: HandshakeAllThreads (Deoptimize) done
Event: 4.692 Executing VM operation: HandshakeAllThreads (Deoptimize)
Event: 4.692 Executing VM operation: HandshakeAllThreads (Deoptimize) done
Event: 5.145 Executing VM operation: G1CollectForAllocation (G1 Evacuation Pause)
Event: 5.168 Executing VM operation: G1CollectForAllocation (G1 Evacuation Pause) done
Event: 5.222 Executing VM operation: HandshakeAllThreads (Deoptimize)
Event: 5.236 Executing VM operation: HandshakeAllThreads (Deoptimize) done
Event: 5.591 Executing VM operation: HandshakeAllThreads (Deoptimize)
Event: 5.591 Executing VM operation: HandshakeAllThreads (Deoptimize) done
Event: 5.663 Executing VM operation: HandshakeAllThreads (Deoptimize)
Event: 5.663 Executing VM operation: HandshakeAllThreads (Deoptimize) done
Event: 5.784 Executing VM operation: HandshakeAllThreads (Deoptimize)
Event: 5.784 Executing VM operation: HandshakeAllThreads (Deoptimize) done
Event: 6.796 Executing VM operation: Cleanup
Event: 6.797 Executing VM operation: Cleanup done
Event: 7.798 Executing VM operation: Cleanup
Event: 7.798 Executing VM operation: Cleanup done

Events (20 events):
Event: 0.073 Thread 0x0000025bff5a3740 Thread added: 0x0000025bff5a3740
Event: 0.073 Thread 0x0000025bff5aa350 Thread added: 0x0000025bff5aa350
Event: 0.073 Thread 0x0000025bff5befb0 Thread added: 0x0000025bff5befb0
Event: 0.192 Thread 0x0000025bff564310 Thread added: 0x0000025bff564310
Event: 0.300 Thread 0x0000025bff5c2630 Thread added: 0x0000025bff5c2630
Event: 0.636 Thread 0x0000025bc724bcc0 Thread added: 0x0000025bc724bcc0
Event: 0.636 Thread 0x0000025bc716ddb0 Thread added: 0x0000025bc716ddb0
Event: 0.640 Thread 0x0000025bff5c2630 Thread exited: 0x0000025bff5c2630
Event: 0.980 Thread 0x0000025bff5bfd50 Thread added: 0x0000025bff5bfd50
Event: 1.374 Thread 0x0000025bff5bf680 Thread added: 0x0000025bff5bf680
Event: 2.027 Thread 0x0000025bc7e9aaa0 Thread added: 0x0000025bc7e9aaa0
Event: 2.030 Thread 0x0000025bc789b710 Thread added: 0x0000025bc789b710
Event: 3.411 Thread 0x0000025bc7c57470 Thread added: 0x0000025bc7c57470
Event: 4.425 Thread 0x0000025bff5bf680 Thread exited: 0x0000025bff5bf680
Event: 4.719 Thread 0x0000025bc8177870 Thread added: 0x0000025bc8177870
Event: 5.066 Thread 0x0000025bff5bfd50 Thread exited: 0x0000025bff5bfd50
Event: 5.141 Thread 0x0000025bff5c2630 Thread added: 0x0000025bff5c2630
Event: 6.066 Thread 0x0000025bff5bf680 Thread added: 0x0000025bff5bf680
Event: 6.311 Thread 0x0000025bc8177870 Thread exited: 0x0000025bc8177870
Event: 6.911 Thread 0x0000025bc83c6d90 Thread added: 0x0000025bc83c6d90


Dynamic libraries:
0x00007ff6dacd0000 - 0x00007ff6dace0000 	C:\Program Files\Java\jdk-21\bin\java.exe
0x00007ffb447a0000 - 0x00007ffb44a00000 	C:\WINDOWS\SYSTEM32\ntdll.dll
0x00007ffb43960000 - 0x00007ffb43a27000 	C:\WINDOWS\System32\KERNEL32.DLL
0x00007ffb421d0000 - 0x00007ffb4259b000 	C:\WINDOWS\System32\KERNELBASE.dll
0x00007ffb41a40000 - 0x00007ffb41b8b000 	C:\WINDOWS\System32\ucrtbase.dll
0x00007ffb145d0000 - 0x00007ffb145eb000 	C:\Program Files\Java\jdk-21\bin\VCRUNTIME140.dll
0x00007ffb35510000 - 0x00007ffb35529000 	C:\Program Files\Java\jdk-21\bin\jli.dll
0x00007ffb435b0000 - 0x00007ffb43663000 	C:\WINDOWS\System32\ADVAPI32.dll
0x00007ffb43f60000 - 0x00007ffb44009000 	C:\WINDOWS\System32\msvcrt.dll
0x00007ffb42850000 - 0x00007ffb428f6000 	C:\WINDOWS\System32\sechost.dll
0x00007ffb425a0000 - 0x00007ffb426b6000 	C:\WINDOWS\System32\RPCRT4.dll
0x00007ffb43c30000 - 0x00007ffb43dfc000 	C:\WINDOWS\System32\USER32.dll
0x00007ffb33490000 - 0x00007ffb33727000 	C:\WINDOWS\WinSxS\amd64_microsoft.windows.common-controls_6595b64144ccf1df_6.0.26100.3624_none_3e086962e3345f24\COMCTL32.dll
0x00007ffb41fd0000 - 0x00007ffb41ff7000 	C:\WINDOWS\System32\win32u.dll
0x00007ffb44550000 - 0x00007ffb4457a000 	C:\WINDOWS\System32\GDI32.dll
0x00007ffb42090000 - 0x00007ffb421c1000 	C:\WINDOWS\System32\gdi32full.dll
0x00007ffb41b90000 - 0x00007ffb41c33000 	C:\WINDOWS\System32\msvcp_win.dll
0x00007ffb378e0000 - 0x00007ffb378eb000 	C:\WINDOWS\SYSTEM32\VERSION.dll
0x00007ffb44680000 - 0x00007ffb446af000 	C:\WINDOWS\System32\IMM32.DLL
0x00007ffb145c0000 - 0x00007ffb145cc000 	C:\Program Files\Java\jdk-21\bin\vcruntime140_1.dll
0x00007ffb13330000 - 0x00007ffb133be000 	C:\Program Files\Java\jdk-21\bin\msvcp140.dll
0x00007ffad5b80000 - 0x00007ffad689a000 	C:\Program Files\Java\jdk-21\bin\server\jvm.dll
0x00007ffb444d0000 - 0x00007ffb44544000 	C:\WINDOWS\System32\WS2_32.dll
0x00007ffb41820000 - 0x00007ffb4187e000 	C:\WINDOWS\SYSTEM32\POWRPROF.dll
0x00007ffb331c0000 - 0x00007ffb331f6000 	C:\WINDOWS\SYSTEM32\WINMM.dll
0x00007ffb41800000 - 0x00007ffb41814000 	C:\WINDOWS\SYSTEM32\UMPDC.dll
0x00007ffb40750000 - 0x00007ffb4076a000 	C:\WINDOWS\SYSTEM32\kernel.appcore.dll
0x00007ffb145b0000 - 0x00007ffb145ba000 	C:\Program Files\Java\jdk-21\bin\jimage.dll
0x00007ffb3ed90000 - 0x00007ffb3efd1000 	C:\WINDOWS\SYSTEM32\DBGHELP.DLL
0x00007ffb44140000 - 0x00007ffb444c3000 	C:\WINDOWS\System32\combase.dll
0x00007ffb42900000 - 0x00007ffb429d6000 	C:\WINDOWS\System32\OLEAUT32.dll
0x00007ffb2f090000 - 0x00007ffb2f0c9000 	C:\WINDOWS\SYSTEM32\dbgcore.DLL
0x00007ffb41c40000 - 0x00007ffb41cd9000 	C:\WINDOWS\System32\bcryptPrimitives.dll
0x00007ffb127b0000 - 0x00007ffb127bf000 	C:\Program Files\Java\jdk-21\bin\instrument.dll
0x00007ffb14590000 - 0x00007ffb145af000 	C:\Program Files\Java\jdk-21\bin\java.dll
0x00007ffb429e0000 - 0x00007ffb43109000 	C:\WINDOWS\System32\SHELL32.dll
0x00007ffb41e60000 - 0x00007ffb41fc8000 	C:\WINDOWS\System32\wintypes.dll
0x00007ffb3f600000 - 0x00007ffb3fe52000 	C:\WINDOWS\SYSTEM32\windows.storage.dll
0x00007ffb426d0000 - 0x00007ffb427bd000 	C:\WINDOWS\System32\SHCORE.dll
0x00007ffb44610000 - 0x00007ffb44674000 	C:\WINDOWS\System32\shlwapi.dll
0x00007ffb41890000 - 0x00007ffb418bf000 	C:\WINDOWS\SYSTEM32\profapi.dll
0x00007ffb06790000 - 0x00007ffb06867000 	C:\Program Files\Java\jdk-21\bin\jsvml.dll
0x00007ffb14540000 - 0x00007ffb14558000 	C:\Program Files\Java\jdk-21\bin\zip.dll
0x00007ffb14580000 - 0x00007ffb14590000 	C:\Program Files\Java\jdk-21\bin\net.dll
0x00007ffb36400000 - 0x00007ffb3651d000 	C:\WINDOWS\SYSTEM32\WINHTTP.dll
0x00007ffb40c50000 - 0x00007ffb40cba000 	C:\WINDOWS\system32\mswsock.dll
0x00007ffb14560000 - 0x00007ffb14576000 	C:\Program Files\Java\jdk-21\bin\nio.dll
0x00007ffb0e500000 - 0x00007ffb0e51a000 	C:\Users\pc\AppData\Local\JetBrains\IntelliJ IDEA Community Edition 2024.1.3\bin\breakgen64.dll
0x00007ffb0ebe0000 - 0x00007ffb0ebe9000 	C:\Program Files\Java\jdk-21\bin\extnet.dll
0x00007ffb12550000 - 0x00007ffb1255a000 	C:\Program Files\Java\jdk-21\bin\management.dll
0x00007ffb0ec70000 - 0x00007ffb0ec7b000 	C:\Program Files\Java\jdk-21\bin\management_ext.dll
0x00007ffb43950000 - 0x00007ffb43958000 	C:\WINDOWS\System32\PSAPI.DLL
0x00007ffb40160000 - 0x00007ffb40193000 	C:\WINDOWS\SYSTEM32\IPHLPAPI.DLL
0x00007ffb43110000 - 0x00007ffb4311a000 	C:\WINDOWS\System32\NSI.dll
0x00007ffb401a0000 - 0x00007ffb402c5000 	C:\WINDOWS\SYSTEM32\DNSAPI.dll
0x00007ffb0ec60000 - 0x00007ffb0ec6e000 	C:\Program Files\Java\jdk-21\bin\sunmscapi.dll
0x00007ffb41ce0000 - 0x00007ffb41e57000 	C:\WINDOWS\System32\CRYPT32.dll
0x00007ffb41150000 - 0x00007ffb41180000 	C:\WINDOWS\SYSTEM32\ncrypt.dll
0x00007ffb41100000 - 0x00007ffb4113f000 	C:\WINDOWS\SYSTEM32\NTASN1.dll
0x00007ffb34850000 - 0x00007ffb3485b000 	C:\Windows\System32\rasadhlp.dll
0x00007ffb35420000 - 0x00007ffb354a5000 	C:\WINDOWS\System32\fwpuclnt.dll

dbghelp: loaded successfully - version: 4.0.5 - missing functions: none
symbol engine: initialized successfully - sym options: 0x614 - pdb path: .;C:\Program Files\Java\jdk-21\bin;C:\WINDOWS\SYSTEM32;C:\WINDOWS\WinSxS\amd64_microsoft.windows.common-controls_6595b64144ccf1df_6.0.26100.3624_none_3e086962e3345f24;C:\Program Files\Java\jdk-21\bin\server;C:\Users\pc\AppData\Local\JetBrains\IntelliJ IDEA Community Edition 2024.1.3\bin

VM Arguments:
jvm_args: -javaagent:C:\Users\pc\AppData\Local\JetBrains\IntelliJ IDEA Community Edition 2024.1.3\lib\idea_rt.jar=57294:C:\Users\pc\AppData\Local\JetBrains\IntelliJ IDEA Community Edition 2024.1.3\bin -Dfile.encoding=UTF-8 
java_command: com.blogwebsite.user.ServiceUserApplication
java_class_path (initial): C:\Users\pc\Desktop\Quillist-sem-4\final-quillist\Quillist-\serviceUser\target\classes;C:\Users\pc\.m2\repository\org\springframework\boot\spring-boot-starter-data-jpa\3.4.3\spring-boot-starter-data-jpa-3.4.3.jar;C:\Users\pc\.m2\repository\org\springframework\boot\spring-boot-starter\3.4.3\spring-boot-starter-3.4.3.jar;C:\Users\pc\.m2\repository\org\springframework\boot\spring-boot-starter-logging\3.4.3\spring-boot-starter-logging-3.4.3.jar;C:\Users\pc\.m2\repository\ch\qos\logback\logback-classic\1.5.16\logback-classic-1.5.16.jar;C:\Users\pc\.m2\repository\ch\qos\logback\logback-core\1.5.16\logback-core-1.5.16.jar;C:\Users\pc\.m2\repository\org\apache\logging\log4j\log4j-to-slf4j\2.24.3\log4j-to-slf4j-2.24.3.jar;C:\Users\pc\.m2\repository\org\apache\logging\log4j\log4j-api\2.24.3\log4j-api-2.24.3.jar;C:\Users\pc\.m2\repository\org\slf4j\jul-to-slf4j\2.0.16\jul-to-slf4j-2.0.16.jar;C:\Users\pc\.m2\repository\jakarta\annotation\jakarta.annotation-api\2.1.1\jakarta.annotation-api-2.1.1.jar;C:\Users\pc\.m2\repository\org\yaml\snakeyaml\2.3\snakeyaml-2.3.jar;C:\Users\pc\.m2\repository\org\springframework\boot\spring-boot-starter-jdbc\3.4.3\spring-boot-starter-jdbc-3.4.3.jar;C:\Users\pc\.m2\repository\com\zaxxer\HikariCP\5.1.0\HikariCP-5.1.0.jar;C:\Users\pc\.m2\repository\org\springframework\spring-jdbc\6.2.3\spring-jdbc-6.2.3.jar;C:\Users\pc\.m2\repository\org\hibernate\orm\hibernate-core\6.6.8.Final\hibernate-core-6.6.8.Final.jar;C:\Users\pc\.m2\repository\jakarta\persistence\jakarta.persistence-api\3.1.0\jakarta.persistence-api-3.1.0.jar;C:\Users\pc\.m2\repository\jakarta\transaction\jakarta.transaction-api\2.0.1\jakarta.transaction-api-2.0.1.jar;C:\Users\pc\.m2\repository\org\jboss\logging\jboss-logging\3.6.1.Final\jboss-logging-3.6.1.Final.jar;C:\Users\pc\.m2\repository\org\hibernate\common\hibernate-commons-annotations\7.0.3.Final\hibernate-commons-annotations-7.0.3.Final.jar;C:\Users\pc\.m2\repository\io\smallrye\jandex\3.2.0\jandex-3.2.0.jar;C:\Users\pc\.m2\repository\com\fasterxml\classmate\1.7.0\classmate-1.7.0.jar;C:\Users\pc\.m2\repository\net\bytebuddy\byte-buddy\1.15.11\byte-buddy-1.15.11.jar;C:\Users\pc\.m2\repository\org\glassfish\jaxb\jaxb-runtime\4.0.5\jaxb-runtime-4.0.5.jar;C:\Users\pc\.m2\repository\org\glassfish\jaxb\jaxb-core\4.0.5\jaxb-core-4.0.5.jar;C:\Users\pc\.m2\repository\org\glassfish\jaxb\txw2\4.0.5\txw2-4.0.5.jar;C:\Users\pc\.m2\repository\com\sun\istack\istack-commons-runtime\4.1.2\istack-commons-runtime-4.1.2.jar;C:\Users\pc\.m2\repository\jakarta\inject\jakarta.inject-api\2.0.1\jakarta.inject-api-2.0.1.jar;C:\Users\pc\.m2\repository\org\antlr\antlr4-runtime\4.13.0\antlr4-runtime-4.13.0.jar;C:\Users\pc\.m2\repository\org\springframework\data\spring-data-jpa\3.4.3\spring-data-jpa-3.4.3.jar;C:\Users\pc\.m2\repository\org\springframework\data\spring-data-commons\3.4.3\spring-data-commons-3.4.3.jar;C:\Users\pc\.m2\repository\org\springframework\spring-orm\6.2.3\spring-orm-6.2.3.jar;C:\Users\pc\.m2\repository\org\springframework\spring-context\6.2.3\spring-context-6.2.3.jar;C:\Users\pc\.m2\repository\org\springframework\spring-tx\6.2.3\spring-tx-6.2.3.jar;C:\Users\pc\.m2\repository\org\springframework\spring-beans\6.2.3\spring-beans-6.2.3.jar;C:\Users\pc\.m2\repository\org\slf4j\slf4j-api\2.0.16\slf4j-api-2.0.16.jar;C:\Users\pc\.m2\repository\org\springframework\spring-aspects\6.2.3\spring-aspects-6.2.3.jar;C:\Users\pc\.m2\repository\org\aspectj\aspectjweaver\1.9.22.1\aspectjweaver-1.9.22.1.jar;C:\Users\pc\.m2\repository\org\springframework\boot\spring-boot-starter-web\3.4.3\spring-boot-starter-web-3.4.3.jar;C:\Users\pc\.m2\repository\org\springframework\boot\spring-boot-starter-json\3.4.3\spring-boot-starter-json-3.4.3.jar;C:\Users\pc\.m2\repository\com\fasterxml\jackson\datatype\jackson-datatype-jdk8\2.18.2\jackson-datatype-jdk8-2.18.2.jar;C:\Users\pc\.m2\repository\com\fasterxml\jackson\datatype\jackson-datatype-jsr310\2.18.2\jackson-datatype-jsr310-2.18.2.jar;C:\Users\pc\.m2\repository\com\fasterxml\jackson\module\jackson-module-parameter-names\2.18.2\jackson-module-parameter-names-2.18.2.jar;C:\Users\pc\.m2\repository\org\springframework\boot\spring-boot-starter-tomcat\3.4.3\spring-boot-starter-tomcat-3.4.3.jar;C:\Users\pc\.m2\repository\org\apache\tomcat\embed\tomcat-embed-core\10.1.36\tomcat-embed-core-10.1.36.jar;C:\Users\pc\.m2\repository\org\apache\tomcat\embed\tomcat-embed-el\10.1.36\tomcat-embed-el-10.1.36.jar;C:\Users\pc\.m2\repository\org\apache\tomcat\embed\tomcat-embed-websocket\10.1.36\tomcat-embed-websocket-10.1.36.jar;C:\Users\pc\.m2\repository\org\springframework\spring-web\6.2.3\spring-web-6.2.3.jar;C:\Users\pc\.m2\repository\io\micrometer\micrometer-observation\1.14.4\micrometer-observation-1.14.4.jar;C:\Users\pc\.m2\repository\io\micrometer\micrometer-commons\1.14.4\micrometer-commons-1.14.4.jar;C:\Users\pc\.m2\repository\org\springframework\spring-webmvc\6.2.3\spring-webmvc-6.2.3.jar;C:\Users\pc\.m2\repository\org\springframework\spring-expression\6.2.3\spring-expression-6.2.3.jar;C:\Users\pc\.m2\repository\org\springframework\boot\spring-boot-starter-security\3.4.3\spring-boot-starter-security-3.4.3.jar;C:\Users\pc\.m2\repository\org\springframework\spring-aop\6.2.3\spring-aop-6.2.3.jar;C:\Users\pc\.m2\repository\org\springframework\security\spring-security-config\6.4.3\spring-security-config-6.4.3.jar;C:\Users\pc\.m2\repository\org\springframework\security\spring-security-web\6.4.3\spring-security-web-6.4.3.jar;C:\Users\pc\.m2\repository\org\springframework\security\spring-security-core\6.4.3\spring-security-core-6.4.3.jar;C:\Users\pc\.m2\repository\org\springframework\security\spring-security-crypto\6.4.3\spring-security-crypto-6.4.3.jar;C:\Users\pc\.m2\repository\org\springframework\spring-core\6.2.3\spring-core-6.2.3.jar;C:\Users\pc\.m2\repository\org\springframework\spring-jcl\6.2.3\spring-jcl-6.2.3.jar;C:\Users\pc\.m2\repository\org\springframework\cloud\spring-cloud-starter-netflix-eureka-client\4.2.0\spring-cloud-starter-netflix-eureka-client-4.2.0.jar;C:\Users\pc\.m2\repository\org\springframework\cloud\spring-cloud-starter\4.2.0\spring-cloud-starter-4.2.0.jar;C:\Users\pc\.m2\repository\org\springframework\cloud\spring-cloud-context\4.2.0\spring-cloud-context-4.2.0.jar;C:\Users\pc\.m2\repository\org\bouncycastle\bcprov-jdk18on\1.78.1\bcprov-jdk18on-1.78.1.jar;C:\Users\pc\.m2\repository\org\springframework\cloud\spring-cloud-netflix-eureka-client\4.2.0\spring-cloud-netflix-eureka-client-4.2.0.jar;C:\Users\pc\.m2\repository\org\apache\httpcomponents\client5\httpclient5\5.4.2\httpclient5-5.4.2.jar;C:\Users\pc\.m2\repository\org\apache\httpcomponents\core5\httpcore5\5.3.3\httpcore5-5.3.3.jar;C:\Users\pc\.m2\repository\org\apache\httpcomponents\core5\httpcore5-h2\5.3.3\httpcore5-h2-5.3.3.jar;C:\Users\pc\.m2\repository\com\netflix\eureka\eureka-client\2.0.4\eureka-client-2.0.4.jar;C:\Users\pc\.m2\repository\com\thoughtworks\xstream\xstream\1.4.20\xstream-1.4.20.jar;C:\Users\pc\.m2\repository\io\github\x-stream\mxparser\1.2.2\mxparser-1.2.2.jar;C:\Users\pc\.m2\repository\xmlpull\xmlpull\1.1.3.1\xmlpull-1.1.3.1.jar;C:\Users\pc\.m2\repository\jakarta\ws\rs\jakarta.ws.rs-api\3.1.0\jakarta.ws.rs-api-3.1.0.jar;C:\Users\pc\.m2\repository\com\netflix\spectator\spectator-api\1.7.3\spectator-api-1.7.3.jar;C:\Users\pc\.m2\repository\org\apache\httpcomponents\httpclient\4.5.3\httpclient-4.5.3.jar;C:\Users\pc\.m2\repository\org\apache\httpcomponents\httpcore\4.4.16\httpcore-4.4.16.jar;C:\Users\pc\.m2\repository\commons-codec\commons-codec\1.17.2\commons-codec-1.17.2.jar;C:\Users\pc\.m2\repository\commons-configuration\commons-configuration\1.10\commons-configuration-1.10.jar;C:\Users\pc\.m2\repository\commons-lang\commons-lang\2.6\commons-lang-2.6.jar;C:\Users\pc\.m2\repository\com\fasterxml\jackson\core\jackson-annotations\2.18.2\jackson-annotations-2.18.2.jar;C:\Users\pc\.m2\repository\com\fasterxml\jackson\core\jackson-core\2.18.2\jackson-core-2.18.2.jar;C:\Users\pc\.m2\repository\com\netflix\netflix-commons\netflix-eventbus\0.3.0\netflix-eventbus-0.3.0.jar;C:\Users\pc\.m2\repository\com\netflix\netflix-commons\netflix-infix\0.3.0\netflix-infix-0.3.0.jar;C:\Users\pc\.m2\repository\commons-jxpath\commons-jxpath\1.3\commons-jxpath-1.3.jar;C:\Users\pc\.m2\repository\joda-time\joda-time\2.3\joda-time-2.3.jar;C:\Users\pc\.m2\repository\org\antlr\antlr-runtime\3.4\antlr-runtime-3.4.jar;C:\Users\pc\.m2\repository\org\antlr\stringtemplate\3.2.1\stringtemplate-3.2.1.jar;C:\Users\pc\.m2\repository\antlr\antlr\2.7.7\antlr-2.7.7.jar;C:\Users\pc\.m2\repository\com\google\guava\guava\14.0.1\guava-14.0.1.jar;C:\Users\pc\.m2\repository\com\google\code\gson\gson\2.11.0\gson-2.11.0.jar;C:\Users\pc\.m2\repository\com\google\errorprone\error_prone_annotations\2.27.0\error_prone_annotations-2.27.0.jar;C:\Users\pc\.m2\repository\com\netflix\servo\servo-core\0.5.3\servo-core-0.5.3.jar;C:\Users\pc\.m2\repository\org\apache\commons\commons-math\2.2\commons-math-2.2.jar;C:\Users\pc\.m2\repository\javax\annotation\javax.annotation-api\1.2\javax.annotation-api-1.2.jar;C:\Users\pc\.m2\repository\org\codehaus\jettison\jettison\1.5.4\jettison-1.5.4.jar;C:\Users\pc\.m2\repository\org\springframework\cloud\spring-cloud-starter-loadbalancer\4.2.0\spring-cloud-starter-loadbalancer-4.2.0.jar;C:\Users\pc\.m2\repository\org\springframework\cloud\spring-cloud-loadbalancer\4.2.0\spring-cloud-loadbalancer-4.2.0.jar;C:\Users\pc\.m2\repository\io\projectreactor\reactor-core\3.7.3\reactor-core-3.7.3.jar;C:\Users\pc\.m2\repository\org\reactivestreams\reactive-streams\1.0.4\reactive-streams-1.0.4.jar;C:\Users\pc\.m2\repository\io\projectreactor\addons\reactor-extra\3.5.2\reactor-extra-3.5.2.jar;C:\Users\pc\.m2\repository\org\springframework\boot\spring-boot-starter-cache\3.4.3\spring-boot-starter-cache-3.4.3.jar;C:\Users\pc\.m2\repository\com\stoyanr\evictor\1.0.0\evictor-1.0.0.jar;C:\Users\pc\.m2\repository\org\springframework\boot\spring-boot-starter-mail\3.4.3\spring-boot-starter-mail-3.4.3.jar;C:\Users\pc\.m2\repository\org\springframework\spring-context-support\6.2.3\spring-context-support-6.2.3.jar;C:\Users\pc\.m2\repository\org\eclipse\angus\jakarta.mail\2.0.3\jakarta.mail-2.0.3.jar;C:\Users\pc\.m2\repository\jakarta\activation\jakarta.activation-api\2.1.3\jakarta.activation-api-2.1.3.jar;C:\Users\pc\.m2\repository\org\eclipse\angus\angus-activation\2.0.2\angus-activation-2.0.2.jar;C:\Users\pc\.m2\repository\io\jsonwebtoken\jjwt-impl\0.12.6\jjwt-impl-0.12.6.jar;C:\Users\pc\.m2\repository\io\jsonwebtoken\jjwt-jackson\0.12.6\jjwt-jackson-0.12.6.jar;C:\Users\pc\.m2\repository\com\fasterxml\jackson\core\jackson-databind\2.18.2\jackson-databind-2.18.2.jar;C:\Users\pc\.m2\repository\io\jsonwebtoken\jjwt-api\0.12.6\jjwt-api-0.12.6.jar;C:\Users\pc\.m2\repository\org\springframework\boot\spring-boot-devtools\3.4.3\spring-boot-devtools-3.4.3.jar;C:\Users\pc\.m2\repository\org\springframework\boot\spring-boot\3.4.3\spring-boot-3.4.3.jar;C:\Users\pc\.m2\repository\org\springframework\boot\spring-boot-autoconfigure\3.4.3\spring-boot-autoconfigure-3.4.3.jar;C:\Users\pc\.m2\repository\com\mysql\mysql-connector-j\9.1.0\mysql-connector-j-9.1.0.jar;C:\Users\pc\.m2\repository\jakarta\xml\bind\jakarta.xml.bind-api\4.0.2\jakarta.xml.bind-api-4.0.2.jar;C:\Users\pc\.m2\repository\org\springframework\cloud\spring-cloud-starter-openfeign\4.2.0\spring-cloud-starter-openfeign-4.2.0.jar;C:\Users\pc\.m2\repository\org\springframework\cloud\spring-cloud-openfeign-core\4.2.0\spring-cloud-openfeign-core-4.2.0.jar;C:\Users\pc\.m2\repository\io\github\openfeign\feign-form-spring\13.5\feign-form-spring-13.5.jar;C:\Users\pc\.m2\repository\io\github\openfeign\feign-form\13.5\feign-form-13.5.jar;C:\Users\pc\.m2\repository\commons-fileupload\commons-fileupload\1.5\commons-fileupload-1.5.jar;C:\Users\pc\.m2\repository\commons-io\commons-io\2.11.0\commons-io-2.11.0.jar;C:\Users\pc\.m2\repository\org\springframework\cloud\spring-cloud-commons\4.2.0\spring-cloud-commons-4.2.0.jar;C:\Users\pc\.m2\repository\io\github\openfeign\feign-core\13.5\feign-core-13.5.jar;C:\Users\pc\.m2\repository\io\github\openfeign\feign-slf4j\13.5\feign-slf4j-13.5.jar
Launcher Type: SUN_STANDARD

[Global flags]
     intx CICompilerCount                          = 4                                         {product} {ergonomic}
     uint ConcGCThreads                            = 2                                         {product} {ergonomic}
     uint G1ConcRefinementThreads                  = 8                                         {product} {ergonomic}
   size_t G1HeapRegionSize                         = 2097152                                   {product} {ergonomic}
    uintx GCDrainStackTargetSize                   = 64                                        {product} {ergonomic}
   size_t InitialHeapSize                          = 266338304                                 {product} {ergonomic}
   size_t MarkStackSize                            = 4194304                                   {product} {ergonomic}
   size_t MaxHeapSize                              = 4259315712                                {product} {ergonomic}
   size_t MaxNewSize                               = 2554331136                                {product} {ergonomic}
   size_t MinHeapDeltaBytes                        = 2097152                                   {product} {ergonomic}
   size_t MinHeapSize                              = 8388608                                   {product} {ergonomic}
    uintx NonNMethodCodeHeapSize                   = 5839372                                {pd product} {ergonomic}
    uintx NonProfiledCodeHeapSize                  = 122909434                              {pd product} {ergonomic}
    uintx ProfiledCodeHeapSize                     = 122909434                              {pd product} {ergonomic}
    uintx ReservedCodeCacheSize                    = 251658240                              {pd product} {ergonomic}
     bool SegmentedCodeCache                       = true                                      {product} {ergonomic}
   size_t SoftMaxHeapSize                          = 4259315712                             {manageable} {ergonomic}
     bool UseCompressedOops                        = true                           {product lp64_product} {ergonomic}
     bool UseG1GC                                  = true                                      {product} {ergonomic}
     bool UseLargePagesIndividualAllocation        = false                                  {pd product} {ergonomic}

Logging:
Log output configuration:
 #0: stdout all=warning uptime,level,tags foldmultilines=false
 #1: stderr all=off uptime,level,tags foldmultilines=false

Environment Variables:
CLASSPATH=C:\Program Files\Java\jdk-17\bin
PATH=C:\Program Files\Common Files\Oracle\Java\javapath;C:\Program Files (x86)\Common Files\Oracle\Java\javapath;C:\Program Files (x86)\VMware\VMware Player\bin\;C:\oraclexe\app\oracle\product\11.2.0\server\bin;C:\WINDOWS\system32;C:\WINDOWS;C:\WINDOWS\System32\Wbem;C:\WINDOWS\System32\WindowsPowerShell\v1.0\;C:\WINDOWS\System32\OpenSSH\;C:\Program Files\dotnet\;C:\Program Files (x86)\Intel\Intel(R) Management Engine Components\DAL;C:\Program Files\Intel\Intel(R) Management Engine Components\DAL;C:\Program Files\Git\cmd;C:\Program Files\nodejs;C:\MinGW\bin;C:\Program Files\Java\jdk1.8.0_202\bin\;D:\software\Nodejs\;C:\Program Files\Microsoft SQL Server\130\Tools\Binn\;E:\XAMPP\mysql\bin;D:\Intelije\IntelliJ IDEA Community Edition 2024.1.3\bin;C:\Program Files\MongoDB\mongosh-2.3.2-win32-x64\bin;C:\Program Files (x86)\Microsoft SQL Server\100\Tools\Binn\;C:\Program Files\Microsoft SQL Server\100\Tools\Binn\;C:\Program Files\Microsoft SQL Server\100\DTS\Binn\;C:\Program Files\Java\jdk-21\bin;C:\Program Files\MySQL\MySQL Shell 8.0\bin\;C:\Users\pc\AppData\Local\Programs\Python\Python312\Scripts\;C:\Users\pc\AppData\Local\Programs\Python\Python312\;C:\Users\pc\AppData\Local\Programs\Python\Launcher\;C:\Users\pc\AppData\Local\Microsoft\WindowsApps;C:\Users\pc\AppData\Local\Programs\Microsoft VS Code\bin;C:\MinGW\bin;C:\Users\pc\AppData\Roaming\npm;C:\Users\pc\AppData\Local\GitHubDesktop\bin;C:\Users\pc\AppData\Local\JetBrains\IntelliJ IDEA Community Edition 2024.1.3\bin;;D:\Nmap;C:\Program Files\Java\jdk-17\bin;D:\Intelije\IntelliJ IDEA Community Edition 2024.1.3\bin;
USERNAME=pc
OS=Windows_NT
PROCESSOR_IDENTIFIER=Intel64 Family 6 Model 142 Stepping 10, GenuineIntel
TMP=C:\Users\pc\AppData\Local\Temp
TEMP=C:\Users\pc\AppData\Local\Temp




Periodic native trim disabled

---------------  S Y S T E M  ---------------

OS:
 Windows 11 , 64 bit Build 26100 (10.0.26100.3624)
OS uptime: 0 days 5:15 hours
Hyper-V role detected

CPU: total 8 (initial active 8) (4 cores per cpu, 2 threads per core) family 6 model 142 stepping 10 microcode 0xf0, cx8, cmov, fxsr, ht, mmx, 3dnowpref, sse, sse2, sse3, ssse3, sse4.1, sse4.2, popcnt, lzcnt, tsc, tscinvbit, avx, avx2, aes, erms, clmul, bmi1, bmi2, rtm, adx, fma, vzeroupper, clflush, clflushopt, hv, rdtscp, f16c
Processor Information for processor 0
  Max Mhz: 2112, Current Mhz: 1910, Mhz Limit: 1900
Processor Information for processor 1
  Max Mhz: 2112, Current Mhz: 1910, Mhz Limit: 1900
Processor Information for processor 2
  Max Mhz: 2112, Current Mhz: 1910, Mhz Limit: 1900
Processor Information for processor 3
  Max Mhz: 2112, Current Mhz: 1508, Mhz Limit: 1900
Processor Information for processor 4
  Max Mhz: 2112, Current Mhz: 1508, Mhz Limit: 1900
Processor Information for processor 5
  Max Mhz: 2112, Current Mhz: 1508, Mhz Limit: 1900
Processor Information for processor 6
  Max Mhz: 2112, Current Mhz: 1910, Mhz Limit: 1900
Processor Information for processor 7
  Max Mhz: 2112, Current Mhz: 1508, Mhz Limit: 1900

Memory: 4k page, system-wide physical 16242M (4724M free)
TotalPageFile size 16242M (AvailPageFile size 4M)
current process WorkingSet (physical memory assigned to process): 164M, peak: 164M
current process commit charge ("private bytes"): 399M, peak: 399M

vm_info: Java HotSpot(TM) 64-Bit Server VM (21.0.6+8-LTS-188) for windows-amd64 JRE (21.0.6+8-LTS-188), built on 2024-12-03T10:50:54Z by "mach5one" with MS VC++ 17.6 (VS2022)

END.
