#
# There is insufficient memory for the Java Runtime Environment to continue.
# Native memory allocation (malloc) failed to allocate 1444656 bytes for Chunk::new
# Possible reasons:
#   The system is out of physical RAM or swap space
#   The process is running with CompressedOops enabled, and the Java Heap may be blocking the growth of the native heap
# Possible solutions:
#   Reduce memory load on the system
#   Increase physical memory or swap space
#   Check if swap backing store is full
#   Decrease Java heap size (-Xmx/-Xms)
#   Decrease number of Java threads
#   Decrease Java thread stack sizes (-Xss)
#   Set larger code cache with -XX:ReservedCodeCacheSize=
#   JVM is running with Zero Based Compressed Oops mode in which the Java heap is
#     placed in the first 32GB address space. The Java Heap base address is the
#     maximum limit for the native heap growth. Please use -XX:HeapBaseMinAddress
#     to set the Java Heap base and to place the Java Heap above 32GB virtual address.
# This output file may be truncated or incomplete.
#
#  Out of Memory Error (arena.cpp:168), pid=19384, tid=2864
#
# JRE version: Java(TM) SE Runtime Environment (21.0.6+8) (build 21.0.6+8-LTS-188)
# Java VM: Java HotSpot(TM) 64-Bit Server VM (21.0.6+8-LTS-188, mixed mode, sharing, tiered, compressed oops, compressed class ptrs, g1 gc, windows-amd64)
# No core dump will be written. Minidumps are not enabled by default on client versions of Windows
#

---------------  S U M M A R Y ------------

Command Line: -javaagent:C:\Users\pc\AppData\Local\JetBrains\IntelliJ IDEA Community Edition 2024.1.3\lib\idea_rt.jar=51305:C:\Users\pc\AppData\Local\JetBrains\IntelliJ IDEA Community Edition 2024.1.3\bin -Dfile.encoding=UTF-8 com.blogwebsite.user.ServiceUserApplication

Host: Intel(R) Core(TM) i7-8650U CPU @ 1.90GHz, 8 cores, 15G,  Windows 11 , 64 bit Build 26100 (10.0.26100.3323)
Time: Sun Mar 30 21:03:25 2025 India Standard Time elapsed time: 5.358598 seconds (0d 0h 0m 5s)

---------------  T H R E A D  ---------------

Current thread (0x000002106335f270):  JavaThread "C2 CompilerThread1" daemon [_thread_in_native, id=2864, stack(0x000000174eb00000,0x000000174ec00000) (1024K)]


Current CompileTask:
C2:   5358 2349       4       java.lang.invoke.MethodType::methodType (69 bytes)

Stack: [0x000000174eb00000,0x000000174ec00000]
Native frames: (J=compiled Java code, j=interpreted, Vv=VM code, C=native code)
V  [jvm.dll+0x6ca6d9]
V  [jvm.dll+0x854f51]
V  [jvm.dll+0x85747e]
V  [jvm.dll+0x857b53]
V  [jvm.dll+0x27dcc6]
V  [jvm.dll+0xc4c2d]
V  [jvm.dll+0xc5163]
V  [jvm.dll+0x3b5122]
V  [jvm.dll+0x381855]
V  [jvm.dll+0x380cca]
V  [jvm.dll+0x246920]
V  [jvm.dll+0x245eff]
V  [jvm.dll+0x1c6d2e]
V  [jvm.dll+0x2554f9]
V  [jvm.dll+0x253a8a]
V  [jvm.dll+0x3ee576]
V  [jvm.dll+0x7ff2fb]
V  [jvm.dll+0x6c8dbd]
C  [ucrtbase.dll+0x37b0]
C  [KERNEL32.DLL+0x2e8d7]
C  [ntdll.dll+0xbbf6c]


---------------  P R O C E S S  ---------------

Threads class SMR info:
_java_thread_list=0x0000021068ae26e0, length=17, elements={
0x000002104386f750, 0x0000021062cd3850, 0x0000021062cd40b0, 0x0000021062cd7730,
0x0000021062cd8220, 0x0000021063350080, 0x00000210633506e0, 0x000002106335cde0,
0x000002106335d730, 0x00000210634656c0, 0x000002106366e920, 0x00000210636cb540,
0x0000021063b2e160, 0x0000021068808200, 0x0000021068788500, 0x00000210681adcf0,
0x000002106335f270
}

Java Threads: ( => current thread )
  0x000002104386f750 JavaThread "main"                              [_thread_blocked, id=1760, stack(0x000000174cd00000,0x000000174ce00000) (1024K)]
  0x0000021062cd3850 JavaThread "Reference Handler"          daemon [_thread_blocked, id=11368, stack(0x000000174d500000,0x000000174d600000) (1024K)]
  0x0000021062cd40b0 JavaThread "Finalizer"                  daemon [_thread_blocked, id=18012, stack(0x000000174d600000,0x000000174d700000) (1024K)]
  0x0000021062cd7730 JavaThread "Signal Dispatcher"          daemon [_thread_blocked, id=21272, stack(0x000000174d700000,0x000000174d800000) (1024K)]
  0x0000021062cd8220 JavaThread "Attach Listener"            daemon [_thread_blocked, id=18008, stack(0x000000174d800000,0x000000174d900000) (1024K)]
  0x0000021063350080 JavaThread "Service Thread"             daemon [_thread_blocked, id=1168, stack(0x000000174d900000,0x000000174da00000) (1024K)]
  0x00000210633506e0 JavaThread "Monitor Deflation Thread"   daemon [_thread_blocked, id=20408, stack(0x000000174da00000,0x000000174db00000) (1024K)]
  0x000002106335cde0 JavaThread "C2 CompilerThread0"         daemon [_thread_in_native, id=18900, stack(0x000000174db00000,0x000000174dc00000) (1024K)]
  0x000002106335d730 JavaThread "C1 CompilerThread0"         daemon [_thread_blocked, id=21140, stack(0x000000174dc00000,0x000000174dd00000) (1024K)]
  0x00000210634656c0 JavaThread "Common-Cleaner"             daemon [_thread_blocked, id=14296, stack(0x000000174dd00000,0x000000174de00000) (1024K)]
  0x000002106366e920 JavaThread "Monitor Ctrl-Break"         daemon [_thread_in_native, id=1028, stack(0x000000174e000000,0x000000174e100000) (1024K)]
  0x00000210636cb540 JavaThread "Notification Thread"        daemon [_thread_blocked, id=3740, stack(0x000000174e100000,0x000000174e200000) (1024K)]
  0x0000021063b2e160 JavaThread "Thread-0"                          [_thread_blocked, id=21144, stack(0x000000174e800000,0x000000174e900000) (1024K)]
  0x0000021068808200 JavaThread "restartedMain"                     [_thread_in_native, id=5352, stack(0x000000174e900000,0x000000174ea00000) (1024K)]
  0x0000021068788500 JavaThread "spring.cloud.inetutils"     daemon [_thread_in_native, id=21296, stack(0x000000174de00000,0x000000174df00000) (1024K)]
  0x00000210681adcf0 JavaThread "background-preinit"                [_thread_in_Java, id=16820, stack(0x000000174ea00000,0x000000174eb00000) (1024K)]
=>0x000002106335f270 JavaThread "C2 CompilerThread1"         daemon [_thread_in_native, id=2864, stack(0x000000174eb00000,0x000000174ec00000) (1024K)]
Total: 17

Other Threads:
  0x0000021062cafdd0 VMThread "VM Thread"                           [id=9708, stack(0x000000174d400000,0x000000174d500000) (1024K)]
  0x0000021062c96780 WatcherThread "VM Periodic Task Thread"        [id=20680, stack(0x000000174d300000,0x000000174d400000) (1024K)]
  0x00000210438da2d0 WorkerThread "GC Thread#0"                     [id=13380, stack(0x000000174ce00000,0x000000174cf00000) (1024K)]
  0x0000021063b74d30 WorkerThread "GC Thread#1"                     [id=11684, stack(0x000000174e200000,0x000000174e300000) (1024K)]
  0x0000021068234ca0 WorkerThread "GC Thread#2"                     [id=21268, stack(0x000000174e300000,0x000000174e400000) (1024K)]
  0x0000021068235040 WorkerThread "GC Thread#3"                     [id=15124, stack(0x000000174e400000,0x000000174e500000) (1024K)]
  0x0000021063d6ae90 WorkerThread "GC Thread#4"                     [id=15472, stack(0x000000174e500000,0x000000174e600000) (1024K)]
  0x0000021063d6b630 WorkerThread "GC Thread#5"                     [id=17592, stack(0x000000174e600000,0x000000174e700000) (1024K)]
  0x000002106854a6e0 WorkerThread "GC Thread#6"                     [id=18860, stack(0x000000174df00000,0x000000174e000000) (1024K)]
  0x00000210687f29a0 WorkerThread "GC Thread#7"                     [id=9040, stack(0x000000174e700000,0x000000174e800000) (1024K)]
  0x00000210438eb1e0 ConcurrentGCThread "G1 Main Marker"            [id=19824, stack(0x000000174cf00000,0x000000174d000000) (1024K)]
  0x00000210438ee4c0 WorkerThread "G1 Conc#0"                       [id=4332, stack(0x000000174d000000,0x000000174d100000) (1024K)]
  0x000002104392e8e0 ConcurrentGCThread "G1 Refine#0"               [id=20936, stack(0x000000174d100000,0x000000174d200000) (1024K)]
  0x0000021062b680d0 ConcurrentGCThread "G1 Service"                [id=19008, stack(0x000000174d200000,0x000000174d300000) (1024K)]
Total: 14

Threads with active compile tasks:
C2 CompilerThread0     5470 2439       4       java.util.HashMap::putVal (300 bytes)
C2 CompilerThread1     5470 2349       4       java.lang.invoke.MethodType::methodType (69 bytes)
Total: 2

VM state: not at safepoint (normal execution)

VM Mutex/Monitor currently owned by a thread: None

Heap address: 0x0000000702200000, size: 4062 MB, Compressed Oops mode: Zero based, Oop shift amount: 3

CDS archive(s) mapped at: [0x0000021000000000-0x0000021000c90000-0x0000021000c90000), size 13172736, SharedBaseAddress: 0x0000021000000000, ArchiveRelocationMode: 1.
Compressed class space mapped at: 0x0000021001000000-0x0000021041000000, reserved size: 1073741824
Narrow klass base: 0x0000021000000000, Narrow klass shift: 0, Narrow klass range: 0x100000000

GC Precious Log:
 CardTable entry size: 512
 Card Set container configuration: InlinePtr #cards 4 size 8 Array Of Cards #cards 16 size 48 Howl #buckets 8 coarsen threshold 3686 Howl Bitmap #cards 512 size 80 coarsen threshold 460 Card regions per heap region 1 cards per card region 4096
 CPUs: 8 total, 8 available
 Memory: 16242M
 Large Page Support: Disabled
 NUMA Support: Disabled
 Compressed Oops: Enabled (Zero based)
 Heap Region Size: 2M
 Heap Min Capacity: 8M
 Heap Initial Capacity: 254M
 Heap Max Capacity: 4062M
 Pre-touch: Disabled
 Parallel Workers: 8
 Concurrent Workers: 2
 Concurrent Refinement Workers: 8
 Periodic GC: Disabled

Heap:
 garbage-first heap   total 260096K, used 19674K [0x0000000702200000, 0x0000000800000000)
  region size 2048K, 6 young (12288K), 4 survivors (8192K)
 Metaspace       used 18471K, committed 18816K, reserved 1114112K
  class space    used 2188K, committed 2304K, reserved 1048576K

Heap Regions: E=young(eden), S=young(survivor), O=old, HS=humongous(starts), HC=humongous(continues), CS=collection set, F=free, TAMS=top-at-mark-start, PB=parsable bottom
|   0|0x0000000702200000, 0x0000000702400000, 0x0000000702400000|100%| O|  |TAMS 0x0000000702200000| PB 0x0000000702200000| Untracked 
|   1|0x0000000702400000, 0x0000000702600000, 0x0000000702600000|100%| O|  |TAMS 0x0000000702400000| PB 0x0000000702400000| Untracked 
|   2|0x0000000702600000, 0x0000000702800000, 0x0000000702800000|100%| O|  |TAMS 0x0000000702600000| PB 0x0000000702600000| Untracked 
|   3|0x0000000702800000, 0x0000000702a00000, 0x0000000702a00000|100%| O|  |TAMS 0x0000000702800000| PB 0x0000000702800000| Untracked 
|   4|0x0000000702a00000, 0x0000000702c00000, 0x0000000702c00000|100%| O|  |TAMS 0x0000000702a00000| PB 0x0000000702a00000| Untracked 
|   5|0x0000000702c00000, 0x0000000702c1be98, 0x0000000702e00000|  5%| O|  |TAMS 0x0000000702c00000| PB 0x0000000702c00000| Untracked 
|   6|0x0000000702e00000, 0x0000000702e00000, 0x0000000703000000|  0%| F|  |TAMS 0x0000000702e00000| PB 0x0000000702e00000| Untracked 
|   7|0x0000000703000000, 0x0000000703000000, 0x0000000703200000|  0%| F|  |TAMS 0x0000000703000000| PB 0x0000000703000000| Untracked 
|   8|0x0000000703200000, 0x0000000703200000, 0x0000000703400000|  0%| F|  |TAMS 0x0000000703200000| PB 0x0000000703200000| Untracked 
|   9|0x0000000703400000, 0x0000000703400000, 0x0000000703600000|  0%| F|  |TAMS 0x0000000703400000| PB 0x0000000703400000| Untracked 
|  10|0x0000000703600000, 0x0000000703600000, 0x0000000703800000|  0%| F|  |TAMS 0x0000000703600000| PB 0x0000000703600000| Untracked 
|  11|0x0000000703800000, 0x0000000703800000, 0x0000000703a00000|  0%| F|  |TAMS 0x0000000703800000| PB 0x0000000703800000| Untracked 
|  12|0x0000000703a00000, 0x0000000703a00000, 0x0000000703c00000|  0%| F|  |TAMS 0x0000000703a00000| PB 0x0000000703a00000| Untracked 
|  13|0x0000000703c00000, 0x0000000703c00000, 0x0000000703e00000|  0%| F|  |TAMS 0x0000000703c00000| PB 0x0000000703c00000| Untracked 
|  14|0x0000000703e00000, 0x0000000703e00000, 0x0000000704000000|  0%| F|  |TAMS 0x0000000703e00000| PB 0x0000000703e00000| Untracked 
|  15|0x0000000704000000, 0x0000000704000000, 0x0000000704200000|  0%| F|  |TAMS 0x0000000704000000| PB 0x0000000704000000| Untracked 
|  16|0x0000000704200000, 0x0000000704200000, 0x0000000704400000|  0%| F|  |TAMS 0x0000000704200000| PB 0x0000000704200000| Untracked 
|  17|0x0000000704400000, 0x0000000704400000, 0x0000000704600000|  0%| F|  |TAMS 0x0000000704400000| PB 0x0000000704400000| Untracked 
|  18|0x0000000704600000, 0x0000000704600000, 0x0000000704800000|  0%| F|  |TAMS 0x0000000704600000| PB 0x0000000704600000| Untracked 
|  19|0x0000000704800000, 0x0000000704800000, 0x0000000704a00000|  0%| F|  |TAMS 0x0000000704800000| PB 0x0000000704800000| Untracked 
|  20|0x0000000704a00000, 0x0000000704a00000, 0x0000000704c00000|  0%| F|  |TAMS 0x0000000704a00000| PB 0x0000000704a00000| Untracked 
|  21|0x0000000704c00000, 0x0000000704c00000, 0x0000000704e00000|  0%| F|  |TAMS 0x0000000704c00000| PB 0x0000000704c00000| Untracked 
|  22|0x0000000704e00000, 0x0000000704e00000, 0x0000000705000000|  0%| F|  |TAMS 0x0000000704e00000| PB 0x0000000704e00000| Untracked 
|  23|0x0000000705000000, 0x0000000705000000, 0x0000000705200000|  0%| F|  |TAMS 0x0000000705000000| PB 0x0000000705000000| Untracked 
|  24|0x0000000705200000, 0x0000000705200000, 0x0000000705400000|  0%| F|  |TAMS 0x0000000705200000| PB 0x0000000705200000| Untracked 
|  25|0x0000000705400000, 0x0000000705400000, 0x0000000705600000|  0%| F|  |TAMS 0x0000000705400000| PB 0x0000000705400000| Untracked 
|  26|0x0000000705600000, 0x0000000705600000, 0x0000000705800000|  0%| F|  |TAMS 0x0000000705600000| PB 0x0000000705600000| Untracked 
|  27|0x0000000705800000, 0x0000000705800000, 0x0000000705a00000|  0%| F|  |TAMS 0x0000000705800000| PB 0x0000000705800000| Untracked 
|  28|0x0000000705a00000, 0x0000000705a00000, 0x0000000705c00000|  0%| F|  |TAMS 0x0000000705a00000| PB 0x0000000705a00000| Untracked 
|  29|0x0000000705c00000, 0x0000000705c00000, 0x0000000705e00000|  0%| F|  |TAMS 0x0000000705c00000| PB 0x0000000705c00000| Untracked 
|  30|0x0000000705e00000, 0x0000000705e00000, 0x0000000706000000|  0%| F|  |TAMS 0x0000000705e00000| PB 0x0000000705e00000| Untracked 
|  31|0x0000000706000000, 0x0000000706000000, 0x0000000706200000|  0%| F|  |TAMS 0x0000000706000000| PB 0x0000000706000000| Untracked 
|  32|0x0000000706200000, 0x0000000706200000, 0x0000000706400000|  0%| F|  |TAMS 0x0000000706200000| PB 0x0000000706200000| Untracked 
|  33|0x0000000706400000, 0x0000000706400000, 0x0000000706600000|  0%| F|  |TAMS 0x0000000706400000| PB 0x0000000706400000| Untracked 
|  34|0x0000000706600000, 0x0000000706600000, 0x0000000706800000|  0%| F|  |TAMS 0x0000000706600000| PB 0x0000000706600000| Untracked 
|  35|0x0000000706800000, 0x0000000706800000, 0x0000000706a00000|  0%| F|  |TAMS 0x0000000706800000| PB 0x0000000706800000| Untracked 
|  36|0x0000000706a00000, 0x0000000706a00000, 0x0000000706c00000|  0%| F|  |TAMS 0x0000000706a00000| PB 0x0000000706a00000| Untracked 
|  37|0x0000000706c00000, 0x0000000706c00000, 0x0000000706e00000|  0%| F|  |TAMS 0x0000000706c00000| PB 0x0000000706c00000| Untracked 
|  38|0x0000000706e00000, 0x0000000706e00000, 0x0000000707000000|  0%| F|  |TAMS 0x0000000706e00000| PB 0x0000000706e00000| Untracked 
|  39|0x0000000707000000, 0x0000000707000000, 0x0000000707200000|  0%| F|  |TAMS 0x0000000707000000| PB 0x0000000707000000| Untracked 
|  40|0x0000000707200000, 0x0000000707200000, 0x0000000707400000|  0%| F|  |TAMS 0x0000000707200000| PB 0x0000000707200000| Untracked 
|  41|0x0000000707400000, 0x0000000707400000, 0x0000000707600000|  0%| F|  |TAMS 0x0000000707400000| PB 0x0000000707400000| Untracked 
|  42|0x0000000707600000, 0x0000000707600000, 0x0000000707800000|  0%| F|  |TAMS 0x0000000707600000| PB 0x0000000707600000| Untracked 
|  43|0x0000000707800000, 0x0000000707800000, 0x0000000707a00000|  0%| F|  |TAMS 0x0000000707800000| PB 0x0000000707800000| Untracked 
|  44|0x0000000707a00000, 0x0000000707a00000, 0x0000000707c00000|  0%| F|  |TAMS 0x0000000707a00000| PB 0x0000000707a00000| Untracked 
|  45|0x0000000707c00000, 0x0000000707c00000, 0x0000000707e00000|  0%| F|  |TAMS 0x0000000707c00000| PB 0x0000000707c00000| Untracked 
|  46|0x0000000707e00000, 0x0000000707e00000, 0x0000000708000000|  0%| F|  |TAMS 0x0000000707e00000| PB 0x0000000707e00000| Untracked 
|  47|0x0000000708000000, 0x0000000708000000, 0x0000000708200000|  0%| F|  |TAMS 0x0000000708000000| PB 0x0000000708000000| Untracked 
|  48|0x0000000708200000, 0x0000000708200000, 0x0000000708400000|  0%| F|  |TAMS 0x0000000708200000| PB 0x0000000708200000| Untracked 
|  49|0x0000000708400000, 0x0000000708400000, 0x0000000708600000|  0%| F|  |TAMS 0x0000000708400000| PB 0x0000000708400000| Untracked 
|  50|0x0000000708600000, 0x0000000708600000, 0x0000000708800000|  0%| F|  |TAMS 0x0000000708600000| PB 0x0000000708600000| Untracked 
|  51|0x0000000708800000, 0x0000000708800000, 0x0000000708a00000|  0%| F|  |TAMS 0x0000000708800000| PB 0x0000000708800000| Untracked 
|  52|0x0000000708a00000, 0x0000000708a00000, 0x0000000708c00000|  0%| F|  |TAMS 0x0000000708a00000| PB 0x0000000708a00000| Untracked 
|  53|0x0000000708c00000, 0x0000000708c00000, 0x0000000708e00000|  0%| F|  |TAMS 0x0000000708c00000| PB 0x0000000708c00000| Untracked 
|  54|0x0000000708e00000, 0x0000000708e00000, 0x0000000709000000|  0%| F|  |TAMS 0x0000000708e00000| PB 0x0000000708e00000| Untracked 
|  55|0x0000000709000000, 0x0000000709000000, 0x0000000709200000|  0%| F|  |TAMS 0x0000000709000000| PB 0x0000000709000000| Untracked 
|  56|0x0000000709200000, 0x0000000709200000, 0x0000000709400000|  0%| F|  |TAMS 0x0000000709200000| PB 0x0000000709200000| Untracked 
|  57|0x0000000709400000, 0x0000000709400000, 0x0000000709600000|  0%| F|  |TAMS 0x0000000709400000| PB 0x0000000709400000| Untracked 
|  58|0x0000000709600000, 0x0000000709600000, 0x0000000709800000|  0%| F|  |TAMS 0x0000000709600000| PB 0x0000000709600000| Untracked 
|  59|0x0000000709800000, 0x0000000709800000, 0x0000000709a00000|  0%| F|  |TAMS 0x0000000709800000| PB 0x0000000709800000| Untracked 
|  60|0x0000000709a00000, 0x0000000709a00000, 0x0000000709c00000|  0%| F|  |TAMS 0x0000000709a00000| PB 0x0000000709a00000| Untracked 
|  61|0x0000000709c00000, 0x0000000709c00000, 0x0000000709e00000|  0%| F|  |TAMS 0x0000000709c00000| PB 0x0000000709c00000| Untracked 
|  62|0x0000000709e00000, 0x0000000709e00000, 0x000000070a000000|  0%| F|  |TAMS 0x0000000709e00000| PB 0x0000000709e00000| Untracked 
|  63|0x000000070a000000, 0x000000070a000000, 0x000000070a200000|  0%| F|  |TAMS 0x000000070a000000| PB 0x000000070a000000| Untracked 
|  64|0x000000070a200000, 0x000000070a200000, 0x000000070a400000|  0%| F|  |TAMS 0x000000070a200000| PB 0x000000070a200000| Untracked 
|  65|0x000000070a400000, 0x000000070a400000, 0x000000070a600000|  0%| F|  |TAMS 0x000000070a400000| PB 0x000000070a400000| Untracked 
|  66|0x000000070a600000, 0x000000070a600000, 0x000000070a800000|  0%| F|  |TAMS 0x000000070a600000| PB 0x000000070a600000| Untracked 
|  67|0x000000070a800000, 0x000000070a800000, 0x000000070aa00000|  0%| F|  |TAMS 0x000000070a800000| PB 0x000000070a800000| Untracked 
|  68|0x000000070aa00000, 0x000000070aa00000, 0x000000070ac00000|  0%| F|  |TAMS 0x000000070aa00000| PB 0x000000070aa00000| Untracked 
|  69|0x000000070ac00000, 0x000000070ac00000, 0x000000070ae00000|  0%| F|  |TAMS 0x000000070ac00000| PB 0x000000070ac00000| Untracked 
|  70|0x000000070ae00000, 0x000000070ae00000, 0x000000070b000000|  0%| F|  |TAMS 0x000000070ae00000| PB 0x000000070ae00000| Untracked 
|  71|0x000000070b000000, 0x000000070b000000, 0x000000070b200000|  0%| F|  |TAMS 0x000000070b000000| PB 0x000000070b000000| Untracked 
|  72|0x000000070b200000, 0x000000070b200000, 0x000000070b400000|  0%| F|  |TAMS 0x000000070b200000| PB 0x000000070b200000| Untracked 
|  73|0x000000070b400000, 0x000000070b400000, 0x000000070b600000|  0%| F|  |TAMS 0x000000070b400000| PB 0x000000070b400000| Untracked 
|  74|0x000000070b600000, 0x000000070b600000, 0x000000070b800000|  0%| F|  |TAMS 0x000000070b600000| PB 0x000000070b600000| Untracked 
|  75|0x000000070b800000, 0x000000070b800000, 0x000000070ba00000|  0%| F|  |TAMS 0x000000070b800000| PB 0x000000070b800000| Untracked 
|  76|0x000000070ba00000, 0x000000070ba00000, 0x000000070bc00000|  0%| F|  |TAMS 0x000000070ba00000| PB 0x000000070ba00000| Untracked 
|  77|0x000000070bc00000, 0x000000070bc00000, 0x000000070be00000|  0%| F|  |TAMS 0x000000070bc00000| PB 0x000000070bc00000| Untracked 
|  78|0x000000070be00000, 0x000000070be00000, 0x000000070c000000|  0%| F|  |TAMS 0x000000070be00000| PB 0x000000070be00000| Untracked 
|  79|0x000000070c000000, 0x000000070c000000, 0x000000070c200000|  0%| F|  |TAMS 0x000000070c000000| PB 0x000000070c000000| Untracked 
|  80|0x000000070c200000, 0x000000070c200000, 0x000000070c400000|  0%| F|  |TAMS 0x000000070c200000| PB 0x000000070c200000| Untracked 
|  81|0x000000070c400000, 0x000000070c400000, 0x000000070c600000|  0%| F|  |TAMS 0x000000070c400000| PB 0x000000070c400000| Untracked 
|  82|0x000000070c600000, 0x000000070c600000, 0x000000070c800000|  0%| F|  |TAMS 0x000000070c600000| PB 0x000000070c600000| Untracked 
|  83|0x000000070c800000, 0x000000070c800000, 0x000000070ca00000|  0%| F|  |TAMS 0x000000070c800000| PB 0x000000070c800000| Untracked 
|  84|0x000000070ca00000, 0x000000070ca00000, 0x000000070cc00000|  0%| F|  |TAMS 0x000000070ca00000| PB 0x000000070ca00000| Untracked 
|  85|0x000000070cc00000, 0x000000070cc00000, 0x000000070ce00000|  0%| F|  |TAMS 0x000000070cc00000| PB 0x000000070cc00000| Untracked 
|  86|0x000000070ce00000, 0x000000070ce00000, 0x000000070d000000|  0%| F|  |TAMS 0x000000070ce00000| PB 0x000000070ce00000| Untracked 
|  87|0x000000070d000000, 0x000000070d000000, 0x000000070d200000|  0%| F|  |TAMS 0x000000070d000000| PB 0x000000070d000000| Untracked 
|  88|0x000000070d200000, 0x000000070d200000, 0x000000070d400000|  0%| F|  |TAMS 0x000000070d200000| PB 0x000000070d200000| Untracked 
|  89|0x000000070d400000, 0x000000070d400000, 0x000000070d600000|  0%| F|  |TAMS 0x000000070d400000| PB 0x000000070d400000| Untracked 
|  90|0x000000070d600000, 0x000000070d600000, 0x000000070d800000|  0%| F|  |TAMS 0x000000070d600000| PB 0x000000070d600000| Untracked 
|  91|0x000000070d800000, 0x000000070d800000, 0x000000070da00000|  0%| F|  |TAMS 0x000000070d800000| PB 0x000000070d800000| Untracked 
|  92|0x000000070da00000, 0x000000070da00000, 0x000000070dc00000|  0%| F|  |TAMS 0x000000070da00000| PB 0x000000070da00000| Untracked 
|  93|0x000000070dc00000, 0x000000070dc00000, 0x000000070de00000|  0%| F|  |TAMS 0x000000070dc00000| PB 0x000000070dc00000| Untracked 
|  94|0x000000070de00000, 0x000000070de00000, 0x000000070e000000|  0%| F|  |TAMS 0x000000070de00000| PB 0x000000070de00000| Untracked 
|  95|0x000000070e000000, 0x000000070e000000, 0x000000070e200000|  0%| F|  |TAMS 0x000000070e000000| PB 0x000000070e000000| Untracked 
|  96|0x000000070e200000, 0x000000070e200000, 0x000000070e400000|  0%| F|  |TAMS 0x000000070e200000| PB 0x000000070e200000| Untracked 
|  97|0x000000070e400000, 0x000000070e400000, 0x000000070e600000|  0%| F|  |TAMS 0x000000070e400000| PB 0x000000070e400000| Untracked 
|  98|0x000000070e600000, 0x000000070e71aa88, 0x000000070e800000| 55%| S|CS|TAMS 0x000000070e600000| PB 0x000000070e600000| Complete 
|  99|0x000000070e800000, 0x000000070ea00000, 0x000000070ea00000|100%| S|CS|TAMS 0x000000070e800000| PB 0x000000070e800000| Complete 
| 100|0x000000070ea00000, 0x000000070ec00000, 0x000000070ec00000|100%| S|CS|TAMS 0x000000070ea00000| PB 0x000000070ea00000| Complete 
| 101|0x000000070ec00000, 0x000000070ee00000, 0x000000070ee00000|100%| S|CS|TAMS 0x000000070ec00000| PB 0x000000070ec00000| Complete 
| 102|0x000000070ee00000, 0x000000070ee00000, 0x000000070f000000|  0%| F|  |TAMS 0x000000070ee00000| PB 0x000000070ee00000| Untracked 
| 103|0x000000070f000000, 0x000000070f000000, 0x000000070f200000|  0%| F|  |TAMS 0x000000070f000000| PB 0x000000070f000000| Untracked 
| 104|0x000000070f200000, 0x000000070f200000, 0x000000070f400000|  0%| F|  |TAMS 0x000000070f200000| PB 0x000000070f200000| Untracked 
| 105|0x000000070f400000, 0x000000070f400000, 0x000000070f600000|  0%| F|  |TAMS 0x000000070f400000| PB 0x000000070f400000| Untracked 
| 106|0x000000070f600000, 0x000000070f600000, 0x000000070f800000|  0%| F|  |TAMS 0x000000070f600000| PB 0x000000070f600000| Untracked 
| 107|0x000000070f800000, 0x000000070f800000, 0x000000070fa00000|  0%| F|  |TAMS 0x000000070f800000| PB 0x000000070f800000| Untracked 
| 108|0x000000070fa00000, 0x000000070fa00000, 0x000000070fc00000|  0%| F|  |TAMS 0x000000070fa00000| PB 0x000000070fa00000| Untracked 
| 109|0x000000070fc00000, 0x000000070fc00000, 0x000000070fe00000|  0%| F|  |TAMS 0x000000070fc00000| PB 0x000000070fc00000| Untracked 
| 110|0x000000070fe00000, 0x000000070fe00000, 0x0000000710000000|  0%| F|  |TAMS 0x000000070fe00000| PB 0x000000070fe00000| Untracked 
| 111|0x0000000710000000, 0x0000000710000000, 0x0000000710200000|  0%| F|  |TAMS 0x0000000710000000| PB 0x0000000710000000| Untracked 
| 112|0x0000000710200000, 0x0000000710200000, 0x0000000710400000|  0%| F|  |TAMS 0x0000000710200000| PB 0x0000000710200000| Untracked 
| 113|0x0000000710400000, 0x0000000710400000, 0x0000000710600000|  0%| F|  |TAMS 0x0000000710400000| PB 0x0000000710400000| Untracked 
| 114|0x0000000710600000, 0x0000000710600000, 0x0000000710800000|  0%| F|  |TAMS 0x0000000710600000| PB 0x0000000710600000| Untracked 
| 115|0x0000000710800000, 0x0000000710800000, 0x0000000710a00000|  0%| F|  |TAMS 0x0000000710800000| PB 0x0000000710800000| Untracked 
| 116|0x0000000710a00000, 0x0000000710a00000, 0x0000000710c00000|  0%| F|  |TAMS 0x0000000710a00000| PB 0x0000000710a00000| Untracked 
| 117|0x0000000710c00000, 0x0000000710c00000, 0x0000000710e00000|  0%| F|  |TAMS 0x0000000710c00000| PB 0x0000000710c00000| Untracked 
| 118|0x0000000710e00000, 0x0000000710e00000, 0x0000000711000000|  0%| F|  |TAMS 0x0000000710e00000| PB 0x0000000710e00000| Untracked 
| 119|0x0000000711000000, 0x0000000711000000, 0x0000000711200000|  0%| F|  |TAMS 0x0000000711000000| PB 0x0000000711000000| Untracked 
| 120|0x0000000711200000, 0x0000000711200000, 0x0000000711400000|  0%| F|  |TAMS 0x0000000711200000| PB 0x0000000711200000| Untracked 
| 121|0x0000000711400000, 0x0000000711400000, 0x0000000711600000|  0%| F|  |TAMS 0x0000000711400000| PB 0x0000000711400000| Untracked 
| 122|0x0000000711600000, 0x0000000711600000, 0x0000000711800000|  0%| F|  |TAMS 0x0000000711600000| PB 0x0000000711600000| Untracked 
| 123|0x0000000711800000, 0x0000000711800000, 0x0000000711a00000|  0%| F|  |TAMS 0x0000000711800000| PB 0x0000000711800000| Untracked 
| 124|0x0000000711a00000, 0x0000000711a00000, 0x0000000711c00000|  0%| F|  |TAMS 0x0000000711a00000| PB 0x0000000711a00000| Untracked 
| 125|0x0000000711c00000, 0x0000000711ce9008, 0x0000000711e00000| 45%| E|  |TAMS 0x0000000711c00000| PB 0x0000000711c00000| Complete 
| 126|0x0000000711e00000, 0x0000000712000000, 0x0000000712000000|100%| E|CS|TAMS 0x0000000711e00000| PB 0x0000000711e00000| Complete 

Card table byte_map: [0x000002105bfb0000,0x000002105c7a0000] _byte_map_base: 0x000002105879f000

Marking Bits: (CMBitMap*) 0x00000210438da9d0
 Bits: [0x000002105c7a0000, 0x0000021060718000)

Polling page: 0x0000021043930000

Metaspace:

Usage:
  Non-class:     15.97 MB used.
      Class:      2.16 MB used.
       Both:     18.13 MB used.

Virtual space:
  Non-class space:       64.00 MB reserved,      16.19 MB ( 25%) committed,  1 nodes.
      Class space:        1.00 GB reserved,       2.31 MB ( <1%) committed,  1 nodes.
             Both:        1.06 GB reserved,      18.50 MB (  2%) committed. 

Chunk freelists:
   Non-Class:  15.36 MB
       Class:  13.55 MB
        Both:  28.91 MB

MaxMetaspaceSize: unlimited
CompressedClassSpaceSize: 1.00 GB
Initial GC threshold: 21.00 MB
Current GC threshold: 21.00 MB
CDS: on
 - commit_granule_bytes: 65536.
 - commit_granule_words: 8192.
 - virtual_space_node_default_size: 8388608.
 - enlarge_chunks_in_place: 1.
 - use_allocation_guard: 0.


Internal statistics:

num_allocs_failed_limit: 0.
num_arena_births: 314.
num_arena_deaths: 0.
num_vsnodes_births: 2.
num_vsnodes_deaths: 0.
num_space_committed: 296.
num_space_uncommitted: 0.
num_chunks_returned_to_freelist: 0.
num_chunks_taken_from_freelist: 895.
num_chunk_merges: 0.
num_chunk_splits: 577.
num_chunks_enlarged: 387.
num_inconsistent_stats: 0.

CodeHeap 'non-profiled nmethods': size=120000Kb used=1133Kb max_used=1133Kb free=118867Kb
 bounds [0x00000210537f0000, 0x0000021053a60000, 0x000002105ad20000]
CodeHeap 'profiled nmethods': size=120000Kb used=4547Kb max_used=4547Kb free=115453Kb
 bounds [0x000002104bd20000, 0x000002104c1a0000, 0x0000021053250000]
CodeHeap 'non-nmethods': size=5760Kb used=1442Kb max_used=1496Kb free=4317Kb
 bounds [0x0000021053250000, 0x00000210534c0000, 0x00000210537f0000]
 total_blobs=2963 nmethods=2435 adapters=432
 compilation: enabled
              stopped_count=0, restarted_count=0
 full_count=0

Compilation events (20 events):
Event: 5.211 Thread 0x000002106335d730 2384       3       java.util.concurrent.ConcurrentMap::computeIfAbsent (51 bytes)
Event: 5.211 Thread 0x000002106335d730 nmethod 2384 0x000002104c16db10 code [0x000002104c16dd20, 0x000002104c16e2f8]
Event: 5.212 Thread 0x000002106335d730 2385       3       java.util.ArrayDeque::poll (5 bytes)
Event: 5.212 Thread 0x000002106335d730 nmethod 2385 0x000002104c16e490 code [0x000002104c16e640, 0x000002104c16e800]
Event: 5.214 Thread 0x000002106335d730 2386       3       java.util.ArrayDeque::add (7 bytes)
Event: 5.215 Thread 0x000002106335d730 nmethod 2386 0x000002104c16e890 code [0x000002104c16ea40, 0x000002104c16ec08]
Event: 5.215 Thread 0x000002106335d730 2387       3       org.springframework.core.annotation.AnnotationTypeMappings::get (14 bytes)
Event: 5.216 Thread 0x000002106335d730 nmethod 2387 0x000002104c16ec90 code [0x000002104c16ee40, 0x000002104c16f110]
Event: 5.216 Thread 0x000002106335d730 2388       3       java.lang.ClassLoader::createOrGetClassLoaderValueMap (37 bytes)
Event: 5.216 Thread 0x000002106335d730 nmethod 2388 0x000002104c16f210 code [0x000002104c16f3e0, 0x000002104c16f758]
Event: 5.217 Thread 0x000002106335d730 2389       3       org.springframework.core.annotation.TypeMappedAnnotations::isMappingForType (41 bytes)
Event: 5.217 Thread 0x000002106335d730 nmethod 2389 0x000002104c16f890 code [0x000002104c16fa80, 0x000002104c16fe98]
Event: 5.217 Thread 0x000002106335d730 2390       3       java.nio.Buffer::limit (65 bytes)
Event: 5.217 Thread 0x000002106335d730 nmethod 2390 0x000002104c170090 code [0x000002104c170240, 0x000002104c1704e8]
Event: 5.217 Thread 0x000002106335d730 2391       3       jdk.internal.loader.AbstractClassLoaderValue::extractValue (17 bytes)
Event: 5.218 Thread 0x000002106335d730 nmethod 2391 0x000002104c170590 code [0x000002104c170760, 0x000002104c170af0]
Event: 5.218 Thread 0x000002106335d730 2392   !   3       jdk.internal.loader.AbstractClassLoaderValue::get (21 bytes)
Event: 5.218 Thread 0x000002106335d730 nmethod 2392 0x000002104c170c10 code [0x000002104c170e20, 0x000002104c1714e0]
Event: 5.218 Thread 0x000002106335d730 2393       1       org.springframework.core.annotation.AnnotationTypeMapping::getMirrorSets (5 bytes)
Event: 5.218 Thread 0x000002106335d730 nmethod 2393 0x0000021053907e90 code [0x0000021053908020, 0x00000210539080f0]

GC Heap History (4 events):
Event: 0.976 GC heap before
{Heap before GC invocations=0 (full 0):
 garbage-first heap   total 260096K, used 20480K [0x0000000702200000, 0x0000000800000000)
  region size 2048K, 11 young (22528K), 0 survivors (0K)
 Metaspace       used 3487K, committed 3712K, reserved 1114112K
  class space    used 338K, committed 448K, reserved 1048576K
}
Event: 0.981 GC heap after
{Heap after GC invocations=1 (full 0):
 garbage-first heap   total 260096K, used 10132K [0x0000000702200000, 0x0000000800000000)
  region size 2048K, 2 young (4096K), 2 survivors (4096K)
 Metaspace       used 3487K, committed 3712K, reserved 1114112K
  class space    used 338K, committed 448K, reserved 1048576K
}
Event: 1.632 GC heap before
{Heap before GC invocations=1 (full 0):
 garbage-first heap   total 260096K, used 28564K [0x0000000702200000, 0x0000000800000000)
  region size 2048K, 12 young (24576K), 2 survivors (4096K)
 Metaspace       used 7158K, committed 7424K, reserved 1114112K
  class space    used 749K, committed 896K, reserved 1048576K
}
Event: 1.636 GC heap after
{Heap after GC invocations=2 (full 0):
 garbage-first heap   total 260096K, used 14447K [0x0000000702200000, 0x0000000800000000)
  region size 2048K, 2 young (4096K), 2 survivors (4096K)
 Metaspace       used 7158K, committed 7424K, reserved 1114112K
  class space    used 749K, committed 896K, reserved 1048576K
}

Dll operation events (12 events):
Event: 0.024 Loaded shared library C:\Program Files\Java\jdk-21\bin\java.dll
Event: 0.071 Loaded shared library C:\Program Files\Java\jdk-21\bin\jsvml.dll
Event: 0.207 Loaded shared library C:\Program Files\Java\jdk-21\bin\zip.dll
Event: 0.212 Loaded shared library C:\Program Files\Java\jdk-21\bin\instrument.dll
Event: 0.219 Loaded shared library C:\Program Files\Java\jdk-21\bin\net.dll
Event: 0.222 Loaded shared library C:\Program Files\Java\jdk-21\bin\nio.dll
Event: 0.226 Loaded shared library C:\Program Files\Java\jdk-21\bin\zip.dll
Event: 0.407 Loaded shared library C:\Users\pc\AppData\Local\JetBrains\IntelliJ IDEA Community Edition 2024.1.3\bin\breakgen64.dll
Event: 0.420 Loaded shared library C:\Program Files\Java\jdk-21\bin\extnet.dll
Event: 0.526 Loaded shared library C:\Program Files\Java\jdk-21\bin\jimage.dll
Event: 1.593 Loaded shared library C:\Program Files\Java\jdk-21\bin\management.dll
Event: 1.595 Loaded shared library C:\Program Files\Java\jdk-21\bin\management_ext.dll

Deoptimization events (20 events):
Event: 4.816 Thread 0x00000210681adcf0 Uncommon trap: trap_request=0xffffff45 fr.pc=0x0000021053818d8c relative=0x000000000000006c
Event: 4.816 Thread 0x00000210681adcf0 Uncommon trap: reason=unstable_if action=reinterpret pc=0x0000021053818d8c method=java.lang.AbstractStringBuilder.isLatin1()Z @ 10 c2
Event: 4.817 Thread 0x00000210681adcf0 DEOPT PACKING pc=0x0000021053818d8c sp=0x000000174eafdd60
Event: 4.817 Thread 0x00000210681adcf0 DEOPT UNPACKING pc=0x00000210532a46a2 sp=0x000000174eafdcf0 mode 2
Event: 4.823 Thread 0x00000210681adcf0 Uncommon trap: trap_request=0xffffff45 fr.pc=0x000002105385dd74 relative=0x0000000000000054
Event: 4.824 Thread 0x00000210681adcf0 Uncommon trap: reason=unstable_if action=reinterpret pc=0x000002105385dd74 method=java.lang.CharacterData.of(I)Ljava/lang/CharacterData; @ 4 c2
Event: 4.824 Thread 0x00000210681adcf0 DEOPT PACKING pc=0x000002105385dd74 sp=0x000000174eafd4e0
Event: 4.824 Thread 0x00000210681adcf0 DEOPT UNPACKING pc=0x00000210532a46a2 sp=0x000000174eafd478 mode 2
Event: 4.898 Thread 0x0000021068808200 Uncommon trap: trap_request=0xffffff45 fr.pc=0x000002105389a900 relative=0x0000000000000340
Event: 4.898 Thread 0x0000021068808200 Uncommon trap: reason=unstable_if action=reinterpret pc=0x000002105389a900 method=jdk.internal.org.objectweb.asm.SymbolTable.put(Ljdk/internal/org/objectweb/asm/SymbolTable$Entry;)Ljdk/internal/org/objectweb/asm/SymbolTable$Entry; @ 13 c2
Event: 4.898 Thread 0x0000021068808200 DEOPT PACKING pc=0x000002105389a900 sp=0x000000174e9fd410
Event: 4.898 Thread 0x0000021068808200 DEOPT UNPACKING pc=0x00000210532a46a2 sp=0x000000174e9fd390 mode 2
Event: 4.972 Thread 0x0000021068808200 Uncommon trap: trap_request=0xffffffde fr.pc=0x00000210538632b8 relative=0x0000000000000558
Event: 4.972 Thread 0x0000021068808200 Uncommon trap: reason=class_check action=maybe_recompile pc=0x00000210538632b8 method=java.util.ImmutableCollections$MapN.probe(Ljava/lang/Object;)I @ 1 c2
Event: 4.972 Thread 0x0000021068808200 DEOPT PACKING pc=0x00000210538632b8 sp=0x000000174e9fe940
Event: 4.973 Thread 0x0000021068808200 DEOPT UNPACKING pc=0x00000210532a46a2 sp=0x000000174e9fe880 mode 2
Event: 5.100 Thread 0x0000021068808200 Uncommon trap: trap_request=0xffffff45 fr.pc=0x0000021053882e0c relative=0x00000000000007ac
Event: 5.100 Thread 0x0000021068808200 Uncommon trap: reason=unstable_if action=reinterpret pc=0x0000021053882e0c method=java.util.ArrayList.grow(I)[Ljava/lang/Object; @ 17 c2
Event: 5.100 Thread 0x0000021068808200 DEOPT PACKING pc=0x0000021053882e0c sp=0x000000174e9febc0
Event: 5.100 Thread 0x0000021068808200 DEOPT UNPACKING pc=0x00000210532a46a2 sp=0x000000174e9fea58 mode 2

Classes loaded (20 events):
Event: 5.175 Loading class com/sun/beans/TypeResolver
Event: 5.175 Loading class com/sun/beans/TypeResolver done
Event: 5.175 Loading class com/sun/beans/WeakCache
Event: 5.175 Loading class com/sun/beans/WeakCache done
Event: 5.176 Loading class com/sun/beans/WildcardTypeImpl
Event: 5.176 Loading class com/sun/beans/WildcardTypeImpl done
Event: 5.213 Loading class java/util/Collections$ReverseComparator
Event: 5.214 Loading class java/util/Collections$ReverseComparator done
Event: 5.214 Loading class java/util/Comparators$NaturalOrderComparator
Event: 5.214 Loading class java/util/Comparators$NaturalOrderComparator done
Event: 5.214 Loading class java/util/Collections$ReverseComparator2
Event: 5.214 Loading class java/util/Collections$ReverseComparator2 done
Event: 5.214 Loading class java/util/stream/SortedOps
Event: 5.214 Loading class java/util/stream/SortedOps done
Event: 5.214 Loading class java/util/stream/SortedOps$OfRef
Event: 5.214 Loading class java/util/stream/SortedOps$OfRef done
Event: 5.215 Loading class java/util/stream/SortedOps$RefSortingSink
Event: 5.215 Loading class java/util/stream/SortedOps$AbstractRefSortingSink
Event: 5.215 Loading class java/util/stream/SortedOps$AbstractRefSortingSink done
Event: 5.215 Loading class java/util/stream/SortedOps$RefSortingSink done

Classes unloaded (0 events):
No events

Classes redefined (0 events):
No events

Internal exceptions (20 events):
Event: 2.754 Thread 0x0000021068808200 Exception <a 'java/lang/NoSuchMethodError'{0x0000000711109a38}: 'int java.lang.invoke.DirectMethodHandle$Holder.invokeInterface(java.lang.Object, java.lang.Object)'> (0x0000000711109a38) 
thrown [s\open\src\hotspot\share\interpreter\linkResolver.cpp, line 773]
Event: 2.766 Thread 0x0000021068808200 Exception <a 'java/lang/NoSuchMethodError'{0x000000071112b2c8}: 'void java.lang.invoke.DirectMethodHandle$Holder.invokeSpecial(java.lang.Object, java.lang.Object, java.lang.Object, java.lang.Object, java.lang.Object)'> (0x000000071112b2c8) 
thrown [s\open\src\hotspot\share\interpreter\linkResolver.cpp, line 773]
Event: 2.787 Thread 0x0000021068808200 Exception <a 'java/lang/NoSuchMethodError'{0x0000000711170e58}: 'int java.lang.invoke.DirectMethodHandle$Holder.invokeVirtual(java.lang.Object, java.lang.Object)'> (0x0000000711170e58) 
thrown [s\open\src\hotspot\share\interpreter\linkResolver.cpp, line 773]
Event: 2.819 Thread 0x0000021068808200 Exception <a 'java/lang/NoSuchMethodError'{0x0000000710e096f0}: 'java.lang.Object java.lang.invoke.DirectMethodHandle$Holder.invokeSpecial(java.lang.Object, java.lang.Object, java.lang.Object, int, java.lang.Object)'> (0x0000000710e096f0) 
thrown [s\open\src\hotspot\share\interpreter\linkResolver.cpp, line 773]
Event: 2.820 Thread 0x0000021068808200 Exception <a 'java/lang/NoSuchMethodError'{0x0000000710e11000}: 'java.lang.Object java.lang.invoke.DirectMethodHandle$Holder.newInvokeSpecial(java.lang.Object, java.lang.Object, java.lang.Object, int, java.lang.Object)'> (0x0000000710e11000) 
thrown [s\open\src\hotspot\share\interpreter\linkResolver.cpp, line 773]
Event: 2.820 Thread 0x0000021068808200 Exception <a 'java/lang/NoSuchMethodError'{0x0000000710e184d8}: 'java.lang.Object java.lang.invoke.Invokers$Holder.linkToTargetMethod(java.lang.Object, java.lang.Object, int, java.lang.Object, java.lang.Object)'> (0x0000000710e184d8) 
thrown [s\open\src\hotspot\share\interpreter\linkResolver.cpp, line 773]
Event: 2.822 Thread 0x0000021068808200 Exception <a 'java/lang/NoSuchMethodError'{0x0000000710e26470}: 'java.lang.Object java.lang.invoke.DirectMethodHandle$Holder.newInvokeSpecial(java.lang.Object, int, java.lang.Object)'> (0x0000000710e26470) 
thrown [s\open\src\hotspot\share\interpreter\linkResolver.cpp, line 773]
Event: 2.822 Thread 0x0000021068808200 Exception <a 'java/lang/NoSuchMethodError'{0x0000000710e2ae30}: 'int java.lang.invoke.DirectMethodHandle$Holder.invokeSpecialIFC(java.lang.Object, java.lang.Object, java.lang.Object, java.lang.Object)'> (0x0000000710e2ae30) 
thrown [s\open\src\hotspot\share\interpreter\linkResolver.cpp, line 773]
Event: 2.846 Thread 0x0000021068808200 Exception <a 'java/lang/NoSuchMethodError'{0x0000000710f00df0}: 'void java.lang.invoke.DirectMethodHandle$Holder.invokeInterface(java.lang.Object, java.lang.Object, java.lang.Object)'> (0x0000000710f00df0) 
thrown [s\open\src\hotspot\share\interpreter\linkResolver.cpp, line 773]
Event: 2.865 Thread 0x0000021068808200 Exception <a 'java/lang/NoSuchMethodError'{0x0000000710f8c268}: 'java.lang.reflect.Field[] java.lang.Class.getDeclaredFields(java.lang.Class)'> (0x0000000710f8c268) 
thrown [s\open\src\hotspot\share\interpreter\linkResolver.cpp, line 773]
Event: 2.866 Thread 0x0000021068808200 Exception <a 'java/lang/NoSuchMethodError'{0x0000000710f90bc8}: 'java.lang.Object java.lang.invoke.DirectMethodHandle$Holder.invokeStatic(java.lang.Object, java.lang.Object, int)'> (0x0000000710f90bc8) 
thrown [s\open\src\hotspot\share\interpreter\linkResolver.cpp, line 773]
Event: 2.867 Thread 0x0000021068808200 Exception <a 'java/lang/NoSuchMethodError'{0x0000000710f9bd78}: 'void java.lang.invoke.DelegatingMethodHandle$Holder.delegate(java.lang.Object, java.lang.Object, int, java.lang.Object)'> (0x0000000710f9bd78) 
thrown [s\open\src\hotspot\share\interpreter\linkResolver.cpp, line 773]
Event: 3.950 Thread 0x0000021068808200 Exception <a 'java/lang/NoSuchMethodError'{0x0000000710ce24a8}: 'void java.lang.invoke.DirectMethodHandle$Holder.invokeStaticInit(java.lang.Object, java.lang.Object, java.lang.Object)'> (0x0000000710ce24a8) 
thrown [s\open\src\hotspot\share\interpreter\linkResolver.cpp, line 773]
Event: 3.961 Thread 0x0000021068808200 Exception <a 'java/lang/NoSuchMethodError'{0x0000000710d2b2e8}: 'java.lang.Object java.lang.invoke.DirectMethodHandle$Holder.invokeVirtual(java.lang.Object, java.lang.Object, java.lang.Object)'> (0x0000000710d2b2e8) 
thrown [s\open\src\hotspot\share\interpreter\linkResolver.cpp, line 773]
Event: 4.019 Thread 0x0000021068808200 Exception <a 'java/lang/NoSuchMethodError'{0x0000000710819c20}: 'void java.lang.invoke.DirectMethodHandle$Holder.invokeVirtual(java.lang.Object, java.lang.Object, java.lang.Object, java.lang.Object)'> (0x0000000710819c20) 
thrown [s\open\src\hotspot\share\interpreter\linkResolver.cpp, line 773]
Event: 4.288 Thread 0x00000210681adcf0 Exception <a 'java/lang/NoClassDefFoundError'{0x000000071068dd20}: jakarta/validation/Validation> (0x000000071068dd20) 
thrown [s\open\src\hotspot\share\classfile\systemDictionary.cpp, line 301]
Event: 4.290 Thread 0x0000021068808200 Exception <a 'java/lang/IncompatibleClassChangeError'{0x00000007106deb98}: Found class java.lang.Object, but interface was expected> (0x00000007106deb98) 
thrown [s\open\src\hotspot\share\interpreter\linkResolver.cpp, line 840]
Event: 4.307 Thread 0x0000021068808200 Exception <a 'java/lang/NoSuchMethodError'{0x00000007106f5aa0}: 'java.lang.Object java.lang.invoke.DirectMethodHandle$Holder.invokeStaticInit(java.lang.Object, int)'> (0x00000007106f5aa0) 
thrown [s\open\src\hotspot\share\interpreter\linkResolver.cpp, line 773]
Event: 4.308 Thread 0x0000021068808200 Exception <a 'java/lang/NoSuchMethodError'{0x00000007106ffb48}: 'java.lang.Object java.lang.invoke.DirectMethodHandle$Holder.invokeStatic(java.lang.Object, int, java.lang.Object)'> (0x00000007106ffb48) 
thrown [s\open\src\hotspot\share\interpreter\linkResolver.cpp, line 773]
Event: 4.309 Thread 0x0000021068808200 Exception <a 'java/lang/NoSuchMethodError'{0x00000007107031a8}: 'java.lang.Object java.lang.invoke.DirectMethodHandle$Holder.invokeStaticInit(java.lang.Object, int, java.lang.Object)'> (0x00000007107031a8) 
thrown [s\open\src\hotspot\share\interpreter\linkResolver.cpp, line 773]

ZGC Phase Switch (0 events):
No events

VM Operations (20 events):
Event: 2.783 Executing VM operation: Cleanup
Event: 2.783 Executing VM operation: Cleanup done
Event: 2.866 Executing VM operation: HandshakeAllThreads (Deoptimize)
Event: 2.866 Executing VM operation: HandshakeAllThreads (Deoptimize) done
Event: 3.867 Executing VM operation: Cleanup
Event: 3.867 Executing VM operation: Cleanup done
Event: 4.253 Executing VM operation: HandshakeAllThreads (Deoptimize)
Event: 4.253 Executing VM operation: HandshakeAllThreads (Deoptimize) done
Event: 4.259 Executing VM operation: HandshakeAllThreads (Deoptimize)
Event: 4.259 Executing VM operation: HandshakeAllThreads (Deoptimize) done
Event: 4.260 Executing VM operation: HandshakeAllThreads (Deoptimize)
Event: 4.260 Executing VM operation: HandshakeAllThreads (Deoptimize) done
Event: 4.825 Executing VM operation: HandshakeAllThreads (Deoptimize)
Event: 4.832 Executing VM operation: HandshakeAllThreads (Deoptimize) done
Event: 5.105 Executing VM operation: HandshakeAllThreads (Deoptimize)
Event: 5.105 Executing VM operation: HandshakeAllThreads (Deoptimize) done
Event: 5.105 Executing VM operation: Cleanup
Event: 5.105 Executing VM operation: Cleanup done
Event: 5.200 Executing VM operation: HandshakeAllThreads (Deoptimize)
Event: 5.201 Executing VM operation: HandshakeAllThreads (Deoptimize) done

Events (20 events):
Event: 0.068 Thread 0x0000021062cd7730 Thread added: 0x0000021062cd7730
Event: 0.068 Thread 0x0000021062cd8220 Thread added: 0x0000021062cd8220
Event: 0.068 Thread 0x0000021063350080 Thread added: 0x0000021063350080
Event: 0.068 Thread 0x00000210633506e0 Thread added: 0x00000210633506e0
Event: 0.068 Thread 0x000002106335cde0 Thread added: 0x000002106335cde0
Event: 0.068 Thread 0x000002106335d730 Thread added: 0x000002106335d730
Event: 0.177 Thread 0x00000210634656c0 Thread added: 0x00000210634656c0
Event: 0.257 Thread 0x0000021063360010 Thread added: 0x0000021063360010
Event: 0.257 Thread 0x000002106335eba0 Thread added: 0x000002106335eba0
Event: 0.407 Thread 0x000002106366e920 Thread added: 0x000002106366e920
Event: 0.407 Thread 0x00000210636cb540 Thread added: 0x00000210636cb540
Event: 1.542 Thread 0x000002106335eba0 Thread exited: 0x000002106335eba0
Event: 1.589 Thread 0x0000021063360010 Thread exited: 0x0000021063360010
Event: 1.610 Thread 0x000002106335de00 Thread added: 0x000002106335de00
Event: 1.662 Thread 0x0000021063b2e160 Thread added: 0x0000021063b2e160
Event: 1.664 Thread 0x0000021068808200 Thread added: 0x0000021068808200
Event: 2.007 Thread 0x000002106335de00 Thread exited: 0x000002106335de00
Event: 2.901 Thread 0x0000021068788500 Thread added: 0x0000021068788500
Event: 4.278 Thread 0x00000210681adcf0 Thread added: 0x00000210681adcf0
Event: 4.671 Thread 0x000002106335f270 Thread added: 0x000002106335f270


Dynamic libraries:
0x00007ff7fd2d0000 - 0x00007ff7fd2e0000 	C:\Program Files\Java\jdk-21\bin\java.exe
0x00007ff9018c0000 - 0x00007ff901b23000 	C:\WINDOWS\SYSTEM32\ntdll.dll
0x00007ff9010d0000 - 0x00007ff901197000 	C:\WINDOWS\System32\KERNEL32.DLL
0x00007ff8fed90000 - 0x00007ff8ff159000 	C:\WINDOWS\System32\KERNELBASE.dll
0x00007ff8feac0000 - 0x00007ff8fec0c000 	C:\WINDOWS\System32\ucrtbase.dll
0x00007ff8f6550000 - 0x00007ff8f6569000 	C:\Program Files\Java\jdk-21\bin\jli.dll
0x00007ff8f6530000 - 0x00007ff8f654b000 	C:\Program Files\Java\jdk-21\bin\VCRUNTIME140.dll
0x00007ff900350000 - 0x00007ff900402000 	C:\WINDOWS\System32\ADVAPI32.dll
0x00007ff900ec0000 - 0x00007ff900f69000 	C:\WINDOWS\System32\msvcrt.dll
0x00007ff901390000 - 0x00007ff901436000 	C:\WINDOWS\System32\sechost.dll
0x00007ff9016d0000 - 0x00007ff9017e6000 	C:\WINDOWS\System32\RPCRT4.dll
0x00007ff9011c0000 - 0x00007ff90138a000 	C:\WINDOWS\System32\USER32.dll
0x00007ff8e8300000 - 0x00007ff8e8590000 	C:\WINDOWS\WinSxS\amd64_microsoft.windows.common-controls_6595b64144ccf1df_6.0.26100.3323_none_3e088096e3344490\COMCTL32.dll
0x00007ff8ff370000 - 0x00007ff8ff397000 	C:\WINDOWS\System32\win32u.dll
0x00007ff8ff6e0000 - 0x00007ff8ff70a000 	C:\WINDOWS\System32\GDI32.dll
0x00007ff8ff460000 - 0x00007ff8ff591000 	C:\WINDOWS\System32\gdi32full.dll
0x00007ff8ff630000 - 0x00007ff8ff6d3000 	C:\WINDOWS\System32\msvcp_win.dll
0x00007ff8f4190000 - 0x00007ff8f419b000 	C:\WINDOWS\SYSTEM32\VERSION.dll
0x00007ff901800000 - 0x00007ff90182f000 	C:\WINDOWS\System32\IMM32.DLL
0x00007ff8f7c80000 - 0x00007ff8f7c8c000 	C:\Program Files\Java\jdk-21\bin\vcruntime140_1.dll
0x00007ff8f38f0000 - 0x00007ff8f397e000 	C:\Program Files\Java\jdk-21\bin\msvcp140.dll
0x00007ff8694e0000 - 0x00007ff86a1fa000 	C:\Program Files\Java\jdk-21\bin\server\jvm.dll
0x00007ff8ff710000 - 0x00007ff8ff784000 	C:\WINDOWS\System32\WS2_32.dll
0x00007ff8fe970000 - 0x00007ff8fe9be000 	C:\WINDOWS\SYSTEM32\POWRPROF.dll
0x00007ff8e9e60000 - 0x00007ff8e9e96000 	C:\WINDOWS\SYSTEM32\WINMM.dll
0x00007ff8fe950000 - 0x00007ff8fe964000 	C:\WINDOWS\SYSTEM32\UMPDC.dll
0x00007ff8fd8a0000 - 0x00007ff8fd8ba000 	C:\WINDOWS\SYSTEM32\kernel.appcore.dll
0x00007ff8f64f0000 - 0x00007ff8f64fa000 	C:\Program Files\Java\jdk-21\bin\jimage.dll
0x00007ff8fbec0000 - 0x00007ff8fc101000 	C:\WINDOWS\SYSTEM32\DBGHELP.DLL
0x00007ff8ff790000 - 0x00007ff8ffb12000 	C:\WINDOWS\System32\combase.dll
0x00007ff901440000 - 0x00007ff901516000 	C:\WINDOWS\System32\OLEAUT32.dll
0x00007ff8e1240000 - 0x00007ff8e1279000 	C:\WINDOWS\SYSTEM32\dbgcore.DLL
0x00007ff8ff2d0000 - 0x00007ff8ff369000 	C:\WINDOWS\System32\bcryptPrimitives.dll
0x00007ff8f4df0000 - 0x00007ff8f4dff000 	C:\Program Files\Java\jdk-21\bin\instrument.dll
0x00007ff8f51d0000 - 0x00007ff8f51ef000 	C:\Program Files\Java\jdk-21\bin\java.dll
0x00007ff900410000 - 0x00007ff900b25000 	C:\WINDOWS\System32\SHELL32.dll
0x00007ff8ff160000 - 0x00007ff8ff2c8000 	C:\WINDOWS\System32\wintypes.dll
0x00007ff8fc780000 - 0x00007ff8fcfc5000 	C:\WINDOWS\SYSTEM32\windows.storage.dll
0x00007ff8ffba0000 - 0x00007ff8ffc8b000 	C:\WINDOWS\System32\SHCORE.dll
0x00007ff900c30000 - 0x00007ff900c8d000 	C:\WINDOWS\System32\shlwapi.dll
0x00007ff8fe9d0000 - 0x00007ff8fe9ff000 	C:\WINDOWS\SYSTEM32\profapi.dll
0x00007ff8debf0000 - 0x00007ff8decc7000 	C:\Program Files\Java\jdk-21\bin\jsvml.dll
0x00007ff8f48f0000 - 0x00007ff8f4908000 	C:\Program Files\Java\jdk-21\bin\zip.dll
0x00007ff8f4e00000 - 0x00007ff8f4e10000 	C:\Program Files\Java\jdk-21\bin\net.dll
0x00007ff8f21d0000 - 0x00007ff8f22ee000 	C:\WINDOWS\SYSTEM32\WINHTTP.dll
0x00007ff8fdda0000 - 0x00007ff8fde0a000 	C:\WINDOWS\system32\mswsock.dll
0x00007ff8f4910000 - 0x00007ff8f4926000 	C:\Program Files\Java\jdk-21\bin\nio.dll
0x00007ff8ecda0000 - 0x00007ff8ecdba000 	C:\Users\pc\AppData\Local\JetBrains\IntelliJ IDEA Community Edition 2024.1.3\bin\breakgen64.dll
0x00007ff8f2f70000 - 0x00007ff8f2f79000 	C:\Program Files\Java\jdk-21\bin\extnet.dll
0x00007ff8ecd90000 - 0x00007ff8ecd9a000 	C:\Program Files\Java\jdk-21\bin\management.dll
0x00007ff8e65c0000 - 0x00007ff8e65cb000 	C:\Program Files\Java\jdk-21\bin\management_ext.dll
0x00007ff9011b0000 - 0x00007ff9011b8000 	C:\WINDOWS\System32\PSAPI.DLL
0x00007ff8fd2c0000 - 0x00007ff8fd2f3000 	C:\WINDOWS\SYSTEM32\IPHLPAPI.DLL
0x00007ff9011a0000 - 0x00007ff9011aa000 	C:\WINDOWS\System32\NSI.dll
0x00007ff8fd300000 - 0x00007ff8fd425000 	C:\WINDOWS\SYSTEM32\DNSAPI.dll

dbghelp: loaded successfully - version: 4.0.5 - missing functions: none
symbol engine: initialized successfully - sym options: 0x614 - pdb path: .;C:\Program Files\Java\jdk-21\bin;C:\WINDOWS\SYSTEM32;C:\WINDOWS\WinSxS\amd64_microsoft.windows.common-controls_6595b64144ccf1df_6.0.26100.3323_none_3e088096e3344490;C:\Program Files\Java\jdk-21\bin\server;C:\Users\pc\AppData\Local\JetBrains\IntelliJ IDEA Community Edition 2024.1.3\bin

VM Arguments:
jvm_args: -javaagent:C:\Users\pc\AppData\Local\JetBrains\IntelliJ IDEA Community Edition 2024.1.3\lib\idea_rt.jar=51305:C:\Users\pc\AppData\Local\JetBrains\IntelliJ IDEA Community Edition 2024.1.3\bin -Dfile.encoding=UTF-8 
java_command: com.blogwebsite.user.ServiceUserApplication
java_class_path (initial): C:\Users\pc\Desktop\Quillist-sem-4\final-quillist\Quillist-\serviceUser\target\classes;C:\Users\pc\.m2\repository\org\springframework\boot\spring-boot-starter-data-jpa\3.4.3\spring-boot-starter-data-jpa-3.4.3.jar;C:\Users\pc\.m2\repository\org\springframework\boot\spring-boot-starter\3.4.3\spring-boot-starter-3.4.3.jar;C:\Users\pc\.m2\repository\org\springframework\boot\spring-boot-starter-logging\3.4.3\spring-boot-starter-logging-3.4.3.jar;C:\Users\pc\.m2\repository\ch\qos\logback\logback-classic\1.5.16\logback-classic-1.5.16.jar;C:\Users\pc\.m2\repository\ch\qos\logback\logback-core\1.5.16\logback-core-1.5.16.jar;C:\Users\pc\.m2\repository\org\apache\logging\log4j\log4j-to-slf4j\2.24.3\log4j-to-slf4j-2.24.3.jar;C:\Users\pc\.m2\repository\org\apache\logging\log4j\log4j-api\2.24.3\log4j-api-2.24.3.jar;C:\Users\pc\.m2\repository\org\slf4j\jul-to-slf4j\2.0.16\jul-to-slf4j-2.0.16.jar;C:\Users\pc\.m2\repository\jakarta\annotation\jakarta.annotation-api\2.1.1\jakarta.annotation-api-2.1.1.jar;C:\Users\pc\.m2\repository\org\yaml\snakeyaml\2.3\snakeyaml-2.3.jar;C:\Users\pc\.m2\repository\org\springframework\boot\spring-boot-starter-jdbc\3.4.3\spring-boot-starter-jdbc-3.4.3.jar;C:\Users\pc\.m2\repository\com\zaxxer\HikariCP\5.1.0\HikariCP-5.1.0.jar;C:\Users\pc\.m2\repository\org\springframework\spring-jdbc\6.2.3\spring-jdbc-6.2.3.jar;C:\Users\pc\.m2\repository\org\hibernate\orm\hibernate-core\6.6.8.Final\hibernate-core-6.6.8.Final.jar;C:\Users\pc\.m2\repository\jakarta\persistence\jakarta.persistence-api\3.1.0\jakarta.persistence-api-3.1.0.jar;C:\Users\pc\.m2\repository\jakarta\transaction\jakarta.transaction-api\2.0.1\jakarta.transaction-api-2.0.1.jar;C:\Users\pc\.m2\repository\org\jboss\logging\jboss-logging\3.6.1.Final\jboss-logging-3.6.1.Final.jar;C:\Users\pc\.m2\repository\org\hibernate\common\hibernate-commons-annotations\7.0.3.Final\hibernate-commons-annotations-7.0.3.Final.jar;C:\Users\pc\.m2\repository\io\smallrye\jandex\3.2.0\jandex-3.2.0.jar;C:\Users\pc\.m2\repository\com\fasterxml\classmate\1.7.0\classmate-1.7.0.jar;C:\Users\pc\.m2\repository\net\bytebuddy\byte-buddy\1.15.11\byte-buddy-1.15.11.jar;C:\Users\pc\.m2\repository\org\glassfish\jaxb\jaxb-runtime\4.0.5\jaxb-runtime-4.0.5.jar;C:\Users\pc\.m2\repository\org\glassfish\jaxb\jaxb-core\4.0.5\jaxb-core-4.0.5.jar;C:\Users\pc\.m2\repository\org\eclipse\angus\angus-activation\2.0.2\angus-activation-2.0.2.jar;C:\Users\pc\.m2\repository\org\glassfish\jaxb\txw2\4.0.5\txw2-4.0.5.jar;C:\Users\pc\.m2\repository\com\sun\istack\istack-commons-runtime\4.1.2\istack-commons-runtime-4.1.2.jar;C:\Users\pc\.m2\repository\jakarta\inject\jakarta.inject-api\2.0.1\jakarta.inject-api-2.0.1.jar;C:\Users\pc\.m2\repository\org\antlr\antlr4-runtime\4.13.0\antlr4-runtime-4.13.0.jar;C:\Users\pc\.m2\repository\org\springframework\data\spring-data-jpa\3.4.3\spring-data-jpa-3.4.3.jar;C:\Users\pc\.m2\repository\org\springframework\data\spring-data-commons\3.4.3\spring-data-commons-3.4.3.jar;C:\Users\pc\.m2\repository\org\springframework\spring-orm\6.2.3\spring-orm-6.2.3.jar;C:\Users\pc\.m2\repository\org\springframework\spring-context\6.2.3\spring-context-6.2.3.jar;C:\Users\pc\.m2\repository\org\springframework\spring-aop\6.2.3\spring-aop-6.2.3.jar;C:\Users\pc\.m2\repository\org\springframework\spring-tx\6.2.3\spring-tx-6.2.3.jar;C:\Users\pc\.m2\repository\org\springframework\spring-beans\6.2.3\spring-beans-6.2.3.jar;C:\Users\pc\.m2\repository\org\slf4j\slf4j-api\2.0.16\slf4j-api-2.0.16.jar;C:\Users\pc\.m2\repository\org\springframework\spring-aspects\6.2.3\spring-aspects-6.2.3.jar;C:\Users\pc\.m2\repository\org\aspectj\aspectjweaver\1.9.22.1\aspectjweaver-1.9.22.1.jar;C:\Users\pc\.m2\repository\org\springframework\boot\spring-boot-starter-web\3.4.3\spring-boot-starter-web-3.4.3.jar;C:\Users\pc\.m2\repository\org\springframework\boot\spring-boot-starter-json\3.4.3\spring-boot-starter-json-3.4.3.jar;C:\Users\pc\.m2\repository\com\fasterxml\jackson\core\jackson-databind\2.18.2\jackson-databind-2.18.2.jar;C:\Users\pc\.m2\repository\com\fasterxml\jackson\core\jackson-annotations\2.18.2\jackson-annotations-2.18.2.jar;C:\Users\pc\.m2\repository\com\fasterxml\jackson\core\jackson-core\2.18.2\jackson-core-2.18.2.jar;C:\Users\pc\.m2\repository\com\fasterxml\jackson\datatype\jackson-datatype-jdk8\2.18.2\jackson-datatype-jdk8-2.18.2.jar;C:\Users\pc\.m2\repository\com\fasterxml\jackson\datatype\jackson-datatype-jsr310\2.18.2\jackson-datatype-jsr310-2.18.2.jar;C:\Users\pc\.m2\repository\com\fasterxml\jackson\module\jackson-module-parameter-names\2.18.2\jackson-module-parameter-names-2.18.2.jar;C:\Users\pc\.m2\repository\org\springframework\boot\spring-boot-starter-tomcat\3.4.3\spring-boot-starter-tomcat-3.4.3.jar;C:\Users\pc\.m2\repository\org\apache\tomcat\embed\tomcat-embed-core\10.1.36\tomcat-embed-core-10.1.36.jar;C:\Users\pc\.m2\repository\org\apache\tomcat\embed\tomcat-embed-el\10.1.36\tomcat-embed-el-10.1.36.jar;C:\Users\pc\.m2\repository\org\apache\tomcat\embed\tomcat-embed-websocket\10.1.36\tomcat-embed-websocket-10.1.36.jar;C:\Users\pc\.m2\repository\org\springframework\spring-web\6.2.3\spring-web-6.2.3.jar;C:\Users\pc\.m2\repository\io\micrometer\micrometer-observation\1.14.4\micrometer-observation-1.14.4.jar;C:\Users\pc\.m2\repository\io\micrometer\micrometer-commons\1.14.4\micrometer-commons-1.14.4.jar;C:\Users\pc\.m2\repository\org\springframework\spring-webmvc\6.2.3\spring-webmvc-6.2.3.jar;C:\Users\pc\.m2\repository\org\springframework\spring-expression\6.2.3\spring-expression-6.2.3.jar;C:\Users\pc\.m2\repository\org\springframework\boot\spring-boot-devtools\3.4.3\spring-boot-devtools-3.4.3.jar;C:\Users\pc\.m2\repository\org\springframework\boot\spring-boot\3.4.3\spring-boot-3.4.3.jar;C:\Users\pc\.m2\repository\org\springframework\boot\spring-boot-autoconfigure\3.4.3\spring-boot-autoconfigure-3.4.3.jar;C:\Users\pc\.m2\repository\com\mysql\mysql-connector-j\9.1.0\mysql-connector-j-9.1.0.jar;C:\Users\pc\.m2\repository\jakarta\xml\bind\jakarta.xml.bind-api\4.0.2\jakarta.xml.bind-api-4.0.2.jar;C:\Users\pc\.m2\repository\jakarta\activation\jakarta.activation-api\2.1.3\jakarta.activation-api-2.1.3.jar;C:\Users\pc\.m2\repository\org\springframework\spring-core\6.2.3\spring-core-6.2.3.jar;C:\Users\pc\.m2\repository\org\springframework\spring-jcl\6.2.3\spring-jcl-6.2.3.jar;C:\Users\pc\.m2\repository\org\springframework\cloud\spring-cloud-starter-openfeign\4.2.0\spring-cloud-starter-openfeign-4.2.0.jar;C:\Users\pc\.m2\repository\org\springframework\cloud\spring-cloud-starter\4.2.0\spring-cloud-starter-4.2.0.jar;C:\Users\pc\.m2\repository\org\springframework\cloud\spring-cloud-context\4.2.0\spring-cloud-context-4.2.0.jar;C:\Users\pc\.m2\repository\org\bouncycastle\bcprov-jdk18on\1.78.1\bcprov-jdk18on-1.78.1.jar;C:\Users\pc\.m2\repository\org\springframework\cloud\spring-cloud-openfeign-core\4.2.0\spring-cloud-openfeign-core-4.2.0.jar;C:\Users\pc\.m2\repository\io\github\openfeign\feign-form-spring\13.5\feign-form-spring-13.5.jar;C:\Users\pc\.m2\repository\io\github\openfeign\feign-form\13.5\feign-form-13.5.jar;C:\Users\pc\.m2\repository\commons-fileupload\commons-fileupload\1.5\commons-fileupload-1.5.jar;C:\Users\pc\.m2\repository\commons-io\commons-io\2.11.0\commons-io-2.11.0.jar;C:\Users\pc\.m2\repository\org\springframework\cloud\spring-cloud-commons\4.2.0\spring-cloud-commons-4.2.0.jar;C:\Users\pc\.m2\repository\org\springframework\security\spring-security-crypto\6.4.3\spring-security-crypto-6.4.3.jar;C:\Users\pc\.m2\repository\io\github\openfeign\feign-core\13.5\feign-core-13.5.jar;C:\Users\pc\.m2\repository\io\github\openfeign\feign-slf4j\13.5\feign-slf4j-13.5.jar
Launcher Type: SUN_STANDARD

[Global flags]
     intx CICompilerCount                          = 4                                         {product} {ergonomic}
     uint ConcGCThreads                            = 2                                         {product} {ergonomic}
     uint G1ConcRefinementThreads                  = 8                                         {product} {ergonomic}
   size_t G1HeapRegionSize                         = 2097152                                   {product} {ergonomic}
    uintx GCDrainStackTargetSize                   = 64                                        {product} {ergonomic}
   size_t InitialHeapSize                          = 266338304                                 {product} {ergonomic}
   size_t MarkStackSize                            = 4194304                                   {product} {ergonomic}
   size_t MaxHeapSize                              = 4259315712                                {product} {ergonomic}
   size_t MaxNewSize                               = 2554331136                                {product} {ergonomic}
   size_t MinHeapDeltaBytes                        = 2097152                                   {product} {ergonomic}
   size_t MinHeapSize                              = 8388608                                   {product} {ergonomic}
    uintx NonNMethodCodeHeapSize                   = 5839372                                {pd product} {ergonomic}
    uintx NonProfiledCodeHeapSize                  = 122909434                              {pd product} {ergonomic}
    uintx ProfiledCodeHeapSize                     = 122909434                              {pd product} {ergonomic}
    uintx ReservedCodeCacheSize                    = 251658240                              {pd product} {ergonomic}
     bool SegmentedCodeCache                       = true                                      {product} {ergonomic}
   size_t SoftMaxHeapSize                          = 4259315712                             {manageable} {ergonomic}
     bool UseCompressedOops                        = true                           {product lp64_product} {ergonomic}
     bool UseG1GC                                  = true                                      {product} {ergonomic}
     bool UseLargePagesIndividualAllocation        = false                                  {pd product} {ergonomic}

Logging:
Log output configuration:
 #0: stdout all=warning uptime,level,tags foldmultilines=false
 #1: stderr all=off uptime,level,tags foldmultilines=false

Environment Variables:
CLASSPATH=C:\Program Files\Java\jdk-17\bin
PATH=C:\Program Files\Common Files\Oracle\Java\javapath;C:\Program Files (x86)\Common Files\Oracle\Java\javapath;C:\Program Files (x86)\VMware\VMware Player\bin\;C:\oraclexe\app\oracle\product\11.2.0\server\bin;C:\WINDOWS\system32;C:\WINDOWS;C:\WINDOWS\System32\Wbem;C:\WINDOWS\System32\WindowsPowerShell\v1.0\;C:\WINDOWS\System32\OpenSSH\;C:\Program Files\dotnet\;C:\Program Files (x86)\Intel\Intel(R) Management Engine Components\DAL;C:\Program Files\Intel\Intel(R) Management Engine Components\DAL;C:\Program Files\Git\cmd;C:\Program Files\nodejs;C:\MinGW\bin;C:\Program Files\Java\jdk1.8.0_202\bin\;D:\software\Nodejs\;C:\Program Files\Microsoft SQL Server\130\Tools\Binn\;E:\XAMPP\mysql\bin;D:\Intelije\IntelliJ IDEA Community Edition 2024.1.3\bin;C:\Program Files\MongoDB\mongosh-2.3.2-win32-x64\bin;C:\Program Files (x86)\Microsoft SQL Server\100\Tools\Binn\;C:\Program Files\Microsoft SQL Server\100\Tools\Binn\;C:\Program Files\Microsoft SQL Server\100\DTS\Binn\;C:\Program Files\Java\jdk-21\bin;C:\Program Files\MySQL\MySQL Shell 8.0\bin\;C:\Users\pc\AppData\Local\Programs\Python\Python312\Scripts\;C:\Users\pc\AppData\Local\Programs\Python\Python312\;C:\Users\pc\AppData\Local\Programs\Python\Launcher\;C:\Users\pc\AppData\Local\Microsoft\WindowsApps;C:\Users\pc\AppData\Local\Programs\Microsoft VS Code\bin;C:\MinGW\bin;C:\Users\pc\AppData\Roaming\npm;C:\Users\pc\AppData\Local\GitHubDesktop\bin;C:\Users\pc\AppData\Local\JetBrains\IntelliJ IDEA Community Edition 2024.1.3\bin;;D:\Nmap;C:\Program Files\Java\jdk-17\bin;D:\Intelije\IntelliJ IDEA Community Edition 2024.1.3\bin;
USERNAME=pc
OS=Windows_NT
PROCESSOR_IDENTIFIER=Intel64 Family 6 Model 142 Stepping 10, GenuineIntel
TMP=C:\Users\pc\AppData\Local\Temp
TEMP=C:\Users\pc\AppData\Local\Temp




Periodic native trim disabled

---------------  S Y S T E M  ---------------

OS:
 Windows 11 , 64 bit Build 26100 (10.0.26100.3323)
OS uptime: 0 days 2:38 hours
Hyper-V role detected

CPU: total 8 (initial active 8) (4 cores per cpu, 2 threads per core) family 6 model 142 stepping 10 microcode 0xf0, cx8, cmov, fxsr, ht, mmx, 3dnowpref, sse, sse2, sse3, ssse3, sse4.1, sse4.2, popcnt, lzcnt, tsc, tscinvbit, avx, avx2, aes, erms, clmul, bmi1, bmi2, rtm, adx, fma, vzeroupper, clflush, clflushopt, hv, rdtscp, f16c
Processor Information for processor 0
  Max Mhz: 2112, Current Mhz: 1508, Mhz Limit: 1900
Processor Information for processor 1
  Max Mhz: 2112, Current Mhz: 1508, Mhz Limit: 1900
Processor Information for processor 2
  Max Mhz: 2112, Current Mhz: 1910, Mhz Limit: 1900
Processor Information for processor 3
  Max Mhz: 2112, Current Mhz: 1508, Mhz Limit: 1900
Processor Information for processor 4
  Max Mhz: 2112, Current Mhz: 1508, Mhz Limit: 1900
Processor Information for processor 5
  Max Mhz: 2112, Current Mhz: 1910, Mhz Limit: 1900
Processor Information for processor 6
  Max Mhz: 2112, Current Mhz: 1910, Mhz Limit: 1900
Processor Information for processor 7
  Max Mhz: 2112, Current Mhz: 1508, Mhz Limit: 1900

Memory: 4k page, system-wide physical 16242M (4470M free)
TotalPageFile size 16242M (AvailPageFile size 5M)
current process WorkingSet (physical memory assigned to process): 157M, peak: 157M
current process commit charge ("private bytes"): 386M, peak: 386M

vm_info: Java HotSpot(TM) 64-Bit Server VM (21.0.6+8-LTS-188) for windows-amd64 JRE (21.0.6+8-LTS-188), built on 2024-12-03T10:50:54Z by "mach5one" with MS VC++ 17.6 (VS2022)

END.
